nohup: ignoring input
solve start time is: 2022/07/13/22:10:46:04
c Bosphorus SHA revision 47edb6b2cd98c6fbc3bffcc35dbf2569bc29f58e
c Executed with command line: /home/user/anonymous/bosphorus/build/bosphorus --anfread /home/user/anonymous/bosphorus/ascon/6rhash/6rhash5.anf --anfwrite /home/user/anonymous/bosphorus/ascon/6rhash/6rhash5_out.anf --cnfwrite /home/user/anonymous/bosphorus/ascon/6rhash/6rhash5.cnf --solvewrite /home/user/anonymous/bosphorus/ascon/6rhash/6rhash5_solution -t 1
c Compilation env CMAKE_CXX_COMPILER = /usr/bin/c++ | CMAKE_CXX_FLAGS =  -Wall -Wextra -Wunused -pedantic -Wsign-compare -fno-omit-frame-pointer -Wtype-limits -Wuninitialized -Wno-deprecated -Wstrict-aliasing -Wpointer-arith -mtune=native -Wall -Wextra -Wunused -Wsign-compare -fno-omit-frame-pointer -Wtype-limits -Wuninitialized -Wno-deprecated -Wstrict-aliasing -Wpointer-arith -Wpointer-arith -Wformat-nonliteral -Winit-self -Wparentheses -Wunreachable-code -ggdb3 | COMPILE_DEFINES =  | STATICCOMPILE = OFF | ONLY_SIMPLE =  | Boost_FOUND = 1 | STATS =  | SQLITE3_FOUND =  | ZLIB_FOUND = TRUE | VALGRIND_FOUND =  | ENABLE_TESTING =  | M4RI_FOUND = TRUE | SLOW_DEBUG =  | ENABLE_ASSERTIONS = ON | PYTHON_EXECUTABLE =  | PYTHON_LIBRARY =  | PYTHON_INCLUDE_DIRS =  | MY_TARGETS =  | LARGEMEM =  | LIMITMEM =  | compilation date time = Jun 29 2022 21:11:00
c --- Configuration --
c maxTime = 1.00e+20
c XL simp (deg = 1; s = 30.00+4.00): 1
c EL simp (s = 30.00): 1
c SAT simp (10000:100000): 1
 using 1 threads
c Cut num: 5
c Brickenstein cutoff: 10
c --------------------
c [ANF Input] read in T: 0.36
c ---- ANF stats -----
c Num total vars: 2880
c Num free vars: 2880
c Num equations: 3265
c Num monoms in eqs: 153957
c Max deg in eqs: 2
c Simple XORs: 320
c Num vars set: 0
c Num vars replaced: 0
c --------------------
c [ANF hash] Calculating ANF hash...
c [ANF hash] Done. T: 0.00
c Simplifying....
c [boshp] Running iterative simplification...
c [ANF prop] Running ANF propagation...
c [ANF prop] Left eqs: 1696 T: 0.25
c [iter-simp] ------ Iteration 0
c [XL] Running XL... ring size: 2880
c [XL] Done. Learnt: 79 T: 0.37
c [XL] learnt 47 new facts in 0.37 seconds.
c [ANF prop] Running ANF propagation...
c [ANF prop] Left eqs: 1721 T: 0.01
c [iter-simp] ------ Iteration 0
c [ElimLin] Running ElimLin... ring size: 2880
c [ElimLin] Done. Learnt: 102 T: 1.20
c [ElimLin] learnt 32 new facts in 1.20 seconds.
c [ANF prop] Running ANF propagation...
c [ANF prop] Left eqs: 1746 T: 0.04
c [iter-simp] ------ Iteration 0
c [CNF-gen] Number of value assignments = 985
c Number of equiv assigments = 39
c [SAT] learnt 0 new facts in 0.78 seconds.
c [iter-simp] ------ Iteration 1
c [XL] Running XL... ring size: 2880
c [XL] Done. Learnt: 99 T: 0.34
c [XL] learnt 13 new facts in 0.34 seconds.
c [ANF prop] Running ANF propagation...
c [ANF prop] Left eqs: 1759 T: 0.02
c [iter-simp] ------ Iteration 1
c [ElimLin] Running ElimLin... ring size: 2880
c [ElimLin] Done. Learnt: 99 T: 0.75
c [ElimLin] learnt 0 new facts in 0.75 seconds.
c [iter-simp] ------ Iteration 1
c [CNF-gen] Number of value assignments = 985
c Number of equiv assigments = 39
c [SAT] learnt 0 new facts in 0.74 seconds.
c [iter-simp] ------ Iteration 2
c [XL] Running XL... ring size: 2880
c [XL] Done. Learnt: 99 T: 0.36
c [XL] learnt 0 new facts in 0.36 seconds.
c [iter-simp] ------ Iteration 2
c [ElimLin] Running ElimLin... ring size: 2880
c [ElimLin] Done. Learnt: 99 T: 0.76
c [ElimLin] learnt 0 new facts in 0.76 seconds.
c [iter-simp] ------ Iteration 2
c [SAT] waiting for 1 iteration(s).
c [ after 3.0 iteration(s) in 5.64 seconds.]
c Simplifying finished.
c ---- ANF stats -----
c Num total vars: 2880
c Num free vars: 1875
c Num equations: 1759
c Num monoms in eqs: 43282
c Max deg in eqs: 2
c Simple XORs: 143
c Num vars set: 985
c Num vars replaced: 39
c --------------------
c [CNF-gen] Number of value assignments = 985
c Number of equiv assigments = 39
c [CNF conversion] in 0.47 seconds.
c ---- CNF stats -----
c Map sizes            : 20489/29050
c Clause Sets          : 20392
c Added as CNF         : 416
c Added as simple ANF  : 1167
c Added as complex  ANF: 1200
c --------------------
s ANF-SATISFIABLE
v x(0) 1+x(1) x(2) 1+x(3) 1+x(4) x(5) x(6) x(7) x(8) x(9) 1+x(10) x(11) 1+x(12) 1+x(13) x(14) 1+x(15) 1+x(16) x(17) x(18) 1+x(19) x(20) 1+x(21) x(22) x(23) x(24) x(25) x(26) 1+x(27) x(28) 1+x(29) x(30) 1+x(31) x(32) 1+x(33) 1+x(34) 1+x(35) 1+x(36) x(37) 1+x(38) 1+x(39) 1+x(40) x(41) x(42) 1+x(43) x(44) 1+x(45) 1+x(46) 1+x(47) 1+x(48) x(49) x(50) 1+x(51) x(52) 1+x(53) 1+x(54) x(55) x(56) 1+x(57) 1+x(58) 1+x(59) 1+x(60) 1+x(61) x(62) 1+x(63) 1+x(64) x(65) x(66) 1+x(67) x(68) 1+x(69) 1+x(70) 1+x(71) x(72) x(73) x(74) x(75) x(76) x(77) x(78) x(79) 1+x(80) 1+x(81) x(82) x(83) 1+x(84) 1+x(85) 1+x(86) x(87) 1+x(88) x(89) 1+x(90) x(91) 1+x(92) 1+x(93) x(94) 1+x(95) 1+x(96) x(97) x(98) 1+x(99) x(100) x(101) x(102) 1+x(103) x(104) x(105) 1+x(106) x(107) x(108) 1+x(109) 1+x(110) 1+x(111) x(112) x(113) 1+x(114) 1+x(115) x(116) x(117) x(118) x(119) x(120) x(121) x(122) x(123) 1+x(124) x(125) x(126) 1+x(127) x(128) 1+x(129) x(130) x(131) 1+x(132) 1+x(133) 1+x(134) 1+x(135) 1+x(136) 1+x(137) x(138) 1+x(139) 1+x(140) 1+x(141) x(142) x(143) x(144) x(145) x(146) x(147) 1+x(148) 1+x(149) x(150) 1+x(151) 1+x(152) 1+x(153) x(154) 1+x(155) 1+x(156) x(157) x(158) 1+x(159) 1+x(160) 1+x(161) x(162) x(163) x(164) 1+x(165) 1+x(166) 1+x(167) x(168) x(169) 1+x(170) 1+x(171) 1+x(172) x(173) 1+x(174) 1+x(175) 1+x(176) x(177) x(178) x(179) x(180) x(181) x(182) 1+x(183) 1+x(184) 1+x(185) 1+x(186) x(187) x(188) x(189) 1+x(190) x(191) 1+x(192) x(193) 1+x(194) x(195) 1+x(196) x(197) x(198) x(199) x(200) x(201) 1+x(202) x(203) 1+x(204) x(205) 1+x(206) 1+x(207) 1+x(208) x(209) x(210) x(211) x(212) x(213) 1+x(214) x(215) 1+x(216) x(217) 1+x(218) x(219) x(220) 1+x(221) 1+x(222) 1+x(223) x(224) 1+x(225) 1+x(226) 1+x(227) 1+x(228) 1+x(229) x(230) x(231) x(232) 1+x(233) 1+x(234) 1+x(235) x(236) 1+x(237) x(238) 1+x(239) 1+x(240) 1+x(241) x(242) 1+x(243) x(244) 1+x(245) 1+x(246) 1+x(247) 1+x(248) x(249) x(250) 1+x(251) x(252) x(253) 1+x(254) 1+x(255) x(256) 1+x(257) x(258) x(259) 1+x(260) x(261) 1+x(262) 1+x(263) 1+x(264) 1+x(265) 1+x(266) 1+x(267) 1+x(268) 1+x(269) x(270) x(271) 1+x(272) x(273) x(274) 1+x(275) x(276) 1+x(277) x(278) x(279) x(280) x(281) x(282) 1+x(283) 1+x(284) x(285) x(286) x(287) x(288) x(289) x(290) x(291) x(292) 1+x(293) x(294) 1+x(295) x(296) x(297) x(298) 1+x(299) 1+x(300) x(301) 1+x(302) 1+x(303) 1+x(304) 1+x(305) 1+x(306) 1+x(307) 1+x(308) 1+x(309) 1+x(310) x(311) 1+x(312) x(313) 1+x(314) x(315) 1+x(316) x(317) 1+x(318) x(319) x(320) x(321) x(322) x(323) x(324) x(325) x(326) x(327) x(328) x(329) x(330) x(331) x(332) x(333) x(334) x(335) x(336) x(337) x(338) x(339) x(340) x(341) x(342) x(343) x(344) x(345) x(346) x(347) x(348) x(349) x(350) x(351) x(352) x(353) x(354) x(355) x(356) x(357) x(358) x(359) x(360) x(361) x(362) x(363) x(364) x(365) x(366) x(367) x(368) x(369) x(370) x(371) x(372) x(373) x(374) x(375) x(376) x(377) x(378) x(379) x(380) x(381) x(382) x(383) 1+x(384) x(385) x(386) x(387) x(388) x(389) x(390) x(391) x(392) x(393) x(394) x(395) x(396) x(397) x(398) x(399) x(400) x(401) x(402) x(403) x(404) x(405) x(406) x(407) x(408) x(409) x(410) x(411) x(412) x(413) x(414) x(415) x(416) x(417) x(418) x(419) x(420) x(421) x(422) x(423) x(424) x(425) x(426) x(427) x(428) x(429) x(430) x(431) x(432) x(433) x(434) x(435) x(436) x(437) x(438) x(439) x(440) x(441) x(442) x(443) x(444) x(445) x(446) x(447) x(448) x(449) x(450) x(451) x(452) x(453) x(454) x(455) x(456) x(457) x(458) x(459) x(460) x(461) x(462) x(463) x(464) x(465) x(466) x(467) x(468) x(469) x(470) x(471) x(472) x(473) x(474) x(475) x(476) x(477) x(478) x(479) x(480) x(481) x(482) x(483) x(484) x(485) x(486) x(487) x(488) x(489) x(490) x(491) x(492) x(493) x(494) x(495) x(496) x(497) x(498) x(499) x(500) x(501) x(502) x(503) x(504) x(505) x(506) x(507) x(508) x(509) x(510) x(511) x(512) x(513) x(514) x(515) x(516) x(517) x(518) x(519) x(520) x(521) x(522) x(523) x(524) x(525) x(526) x(527) x(528) x(529) x(530) x(531) x(532) x(533) x(534) x(535) x(536) x(537) x(538) x(539) x(540) x(541) x(542) x(543) x(544) x(545) x(546) x(547) x(548) x(549) x(550) x(551) x(552) x(553) x(554) x(555) x(556) x(557) x(558) x(559) x(560) x(561) x(562) x(563) x(564) x(565) x(566) x(567) x(568) x(569) x(570) x(571) x(572) x(573) x(574) x(575) 1+x(576) x(577) x(578) x(579) x(580) x(581) x(582) x(583) x(584) x(585) x(586) x(587) x(588) x(589) x(590) x(591) x(592) x(593) x(594) x(595) x(596) x(597) x(598) x(599) x(600) x(601) x(602) x(603) x(604) x(605) x(606) x(607) x(608) x(609) x(610) x(611) x(612) x(613) x(614) x(615) x(616) x(617) x(618) x(619) x(620) x(621) x(622) x(623) x(624) x(625) x(626) x(627) x(628) x(629) x(630) x(631) x(632) x(633) x(634) x(635) x(636) x(637) x(638) x(639) x(640) x(641) 1+x(642) 1+x(643) 1+x(644) 1+x(645) x(646) x(647) 1+x(648) 1+x(649) x(650) 1+x(651) 1+x(652) x(653) 1+x(654) x(655) 1+x(656) 1+x(657) x(658) 1+x(659) 1+x(660) x(661) x(662) 1+x(663) x(664) 1+x(665) x(666) x(667) x(668) x(669) 1+x(670) x(671) 1+x(672) 1+x(673) x(674) x(675) x(676) x(677) x(678) x(679) 1+x(680) 1+x(681) x(682) 1+x(683) 1+x(684) x(685) x(686) 1+x(687) 1+x(688) 1+x(689) x(690) 1+x(691) x(692) x(693) x(694) x(695) 1+x(696) 1+x(697) 1+x(698) 1+x(699) x(700) 1+x(701) x(702) x(703) 1+x(704) 1+x(705) 1+x(706) x(707) 1+x(708) 1+x(709) x(710) x(711) x(712) x(713) 1+x(714) x(715) 1+x(716) 1+x(717) 1+x(718) x(719) 1+x(720) 1+x(721) x(722) x(723) 1+x(724) 1+x(725) 1+x(726) 1+x(727) x(728) 1+x(729) 1+x(730) 1+x(731) x(732) x(733) 1+x(734) 1+x(735) 1+x(736) x(737) x(738) x(739) x(740) x(741) x(742) 1+x(743) 1+x(744) 1+x(745) x(746) 1+x(747) x(748) x(749) 1+x(750) x(751) 1+x(752) x(753) x(754) 1+x(755) 1+x(756) 1+x(757) 1+x(758) 1+x(759) x(760) 1+x(761) x(762) x(763) 1+x(764) 1+x(765) x(766) x(767) x(768) 1+x(769) 1+x(770) x(771) x(772) 1+x(773) x(774) x(775) 1+x(776) 1+x(777) 1+x(778) 1+x(779) x(780) 1+x(781) 1+x(782) 1+x(783) x(784) x(785) 1+x(786) x(787) 1+x(788) x(789) x(790) x(791) 1+x(792) x(793) x(794) 1+x(795) x(796) x(797) 1+x(798) 1+x(799) 1+x(800) x(801) 1+x(802) x(803) 1+x(804) x(805) x(806) x(807) 1+x(808) 1+x(809) 1+x(810) x(811) 1+x(812) x(813) x(814) 1+x(815) x(816) 1+x(817) 1+x(818) x(819) x(820) 1+x(821) 1+x(822) x(823) 1+x(824) 1+x(825) x(826) x(827) 1+x(828) 1+x(829) x(830) x(831) x(832) x(833) 1+x(834) x(835) x(836) x(837) 1+x(838) 1+x(839) x(840) x(841) 1+x(842) x(843) x(844) x(845) 1+x(846) 1+x(847) x(848) 1+x(849) x(850) 1+x(851) x(852) 1+x(853) x(854) 1+x(855) 1+x(856) 1+x(857) x(858) x(859) 1+x(860) x(861) 1+x(862) 1+x(863) x(864) x(865) 1+x(866) x(867) 1+x(868) 1+x(869) x(870) 1+x(871) 1+x(872) 1+x(873) 1+x(874) x(875) x(876) x(877) 1+x(878) 1+x(879) x(880) x(881) x(882) x(883) 1+x(884) 1+x(885) 1+x(886) x(887) x(888) 1+x(889) 1+x(890) x(891) x(892) 1+x(893) 1+x(894) x(895) x(896) 1+x(897) 1+x(898) x(899) x(900) 1+x(901) 1+x(902) 1+x(903) 1+x(904) 1+x(905) x(906) 1+x(907) x(908) 1+x(909) 1+x(910) 1+x(911) 1+x(912) 1+x(913) x(914) 1+x(915) 1+x(916) x(917) x(918) x(919) x(920) x(921) x(922) 1+x(923) 1+x(924) 1+x(925) 1+x(926) 1+x(927) 1+x(928) 1+x(929) 1+x(930) 1+x(931) 1+x(932) x(933) x(934) x(935) x(936) 1+x(937) x(938) x(939) 1+x(940) 1+x(941) x(942) 1+x(943) x(944) x(945) 1+x(946) 1+x(947) 1+x(948) x(949) x(950) 1+x(951) x(952) x(953) 1+x(954) 1+x(955) x(956) x(957) x(958) 1+x(959) x(960) x(961) x(962) x(963) x(964) x(965) x(966) x(967) x(968) x(969) x(970) x(971) x(972) x(973) x(974) x(975) x(976) x(977) x(978) x(979) x(980) x(981) x(982) x(983) x(984) x(985) x(986) x(987) x(988) x(989) x(990) x(991) x(992) x(993) x(994) x(995) x(996) x(997) x(998) x(999) x(1000) x(1001) x(1002) x(1003) x(1004) x(1005) x(1006) x(1007) x(1008) x(1009) x(1010) x(1011) x(1012) x(1013) x(1014) x(1015) x(1016) x(1017) x(1018) x(1019) x(1020) x(1021) x(1022) x(1023) x(1024) x(1025) x(1026) x(1027) x(1028) x(1029) x(1030) 1+x(1031) x(1032) x(1033) x(1034) x(1035) x(1036) x(1037) x(1038) x(1039) x(1040) x(1041) x(1042) x(1043) x(1044) x(1045) x(1046) x(1047) x(1048) x(1049) x(1050) x(1051) x(1052) x(1053) x(1054) x(1055) x(1056) x(1057) x(1058) x(1059) x(1060) x(1061) x(1062) x(1063) x(1064) 1+x(1065) x(1066) x(1067) x(1068) x(1069) x(1070) x(1071) x(1072) x(1073) x(1074) x(1075) x(1076) x(1077) x(1078) x(1079) x(1080) x(1081) x(1082) x(1083) x(1084) x(1085) x(1086) x(1087) x(1088) x(1089) x(1090) x(1091) x(1092) x(1093) x(1094) x(1095) x(1096) x(1097) x(1098) x(1099) x(1100) x(1101) x(1102) x(1103) x(1104) x(1105) x(1106) x(1107) x(1108) x(1109) x(1110) x(1111) x(1112) x(1113) x(1114) x(1115) x(1116) x(1117) x(1118) x(1119) x(1120) x(1121) x(1122) x(1123) x(1124) x(1125) x(1126) 1+x(1127) x(1128) x(1129) x(1130) x(1131) x(1132) x(1133) x(1134) x(1135) x(1136) x(1137) x(1138) x(1139) x(1140) x(1141) x(1142) x(1143) x(1144) x(1145) x(1146) x(1147) x(1148) 1+x(1149) x(1150) x(1151) x(1152) x(1153) x(1154) x(1155) x(1156) x(1157) x(1158) x(1159) x(1160) x(1161) x(1162) x(1163) x(1164) x(1165) x(1166) x(1167) x(1168) x(1169) x(1170) x(1171) x(1172) x(1173) x(1174) x(1175) x(1176) x(1177) x(1178) x(1179) x(1180) x(1181) x(1182) x(1183) x(1184) x(1185) x(1186) x(1187) x(1188) x(1189) x(1190) 1+x(1191) x(1192) x(1193) x(1194) x(1195) x(1196) x(1197) x(1198) x(1199) x(1200) x(1201) x(1202) x(1203) x(1204) x(1205) x(1206) x(1207) x(1208) x(1209) x(1210) x(1211) x(1212) 1+x(1213) x(1214) x(1215) 1+x(1216) x(1217) x(1218) x(1219) x(1220) x(1221) x(1222) 1+x(1223) x(1224) x(1225) x(1226) x(1227) x(1228) x(1229) x(1230) x(1231) x(1232) x(1233) x(1234) x(1235) x(1236) x(1237) x(1238) x(1239) x(1240) x(1241) x(1242) x(1243) x(1244) x(1245) x(1246) x(1247) x(1248) x(1249) x(1250) x(1251) x(1252) x(1253) x(1254) x(1255) x(1256) 1+x(1257) x(1258) x(1259) x(1260) x(1261) x(1262) x(1263) x(1264) x(1265) x(1266) x(1267) x(1268) x(1269) x(1270) x(1271) x(1272) x(1273) x(1274) x(1275) x(1276) x(1277) x(1278) x(1279) x(1280) 1+x(1281) x(1282) 1+x(1283) 1+x(1284) x(1285) x(1286) 1+x(1287) 1+x(1288) x(1289) x(1290) x(1291) x(1292) 1+x(1293) 1+x(1294) 1+x(1295) 1+x(1296) x(1297) 1+x(1298) x(1299) 1+x(1300) 1+x(1301) x(1302) x(1303) x(1304) 1+x(1305) 1+x(1306) x(1307) 1+x(1308) 1+x(1309) x(1310) 1+x(1311) 1+x(1312) x(1313) x(1314) 1+x(1315) x(1316) 1+x(1317) x(1318) 1+x(1319) x(1320) x(1321) 1+x(1322) 1+x(1323) 1+x(1324) 1+x(1325) x(1326) 1+x(1327) 1+x(1328) x(1329) x(1330) 1+x(1331) x(1332) 1+x(1333) x(1334) x(1335) x(1336) 1+x(1337) x(1338) x(1339) x(1340) 1+x(1341) 1+x(1342) x(1343) x(1344) 1+x(1345) x(1346) 1+x(1347) 1+x(1348) 1+x(1349) 1+x(1350) x(1351) x(1352) 1+x(1353) 1+x(1354) 1+x(1355) 1+x(1356) x(1357) 1+x(1358) x(1359) 1+x(1360) 1+x(1361) 1+x(1362) 1+x(1363) 1+x(1364) 1+x(1365) x(1366) 1+x(1367) x(1368) 1+x(1369) x(1370) 1+x(1371) x(1372) 1+x(1373) 1+x(1374) x(1375) 1+x(1376) 1+x(1377) 1+x(1378) x(1379) 1+x(1380) 1+x(1381) 1+x(1382) x(1383) 1+x(1384) x(1385) 1+x(1386) x(1387) x(1388) x(1389) x(1390) 1+x(1391) 1+x(1392) x(1393) x(1394) x(1395) 1+x(1396) 1+x(1397) x(1398) x(1399) 1+x(1400) x(1401) x(1402) x(1403) 1+x(1404) x(1405) x(1406) 1+x(1407) 1+x(1408) 1+x(1409) 1+x(1410) 1+x(1411) x(1412) x(1413) x(1414) x(1415) 1+x(1416) 1+x(1417) x(1418) 1+x(1419) 1+x(1420) 1+x(1421) 1+x(1422) 1+x(1423) 1+x(1424) 1+x(1425) x(1426) 1+x(1427) 1+x(1428) 1+x(1429) 1+x(1430) 1+x(1431) x(1432) 1+x(1433) 1+x(1434) x(1435) x(1436) 1+x(1437) 1+x(1438) x(1439) 1+x(1440) 1+x(1441) x(1442) 1+x(1443) x(1444) x(1445) x(1446) 1+x(1447) x(1448) 1+x(1449) x(1450) 1+x(1451) 1+x(1452) 1+x(1453) x(1454) 1+x(1455) 1+x(1456) x(1457) 1+x(1458) 1+x(1459) 1+x(1460) 1+x(1461) 1+x(1462) 1+x(1463) x(1464) x(1465) 1+x(1466) 1+x(1467) x(1468) x(1469) x(1470) 1+x(1471) x(1472) x(1473) 1+x(1474) 1+x(1475) x(1476) x(1477) 1+x(1478) x(1479) x(1480) x(1481) 1+x(1482) 1+x(1483) 1+x(1484) x(1485) x(1486) 1+x(1487) 1+x(1488) x(1489) 1+x(1490) x(1491) 1+x(1492) 1+x(1493) x(1494) x(1495) x(1496) x(1497) x(1498) 1+x(1499) x(1500) 1+x(1501) 1+x(1502) 1+x(1503) 1+x(1504) 1+x(1505) x(1506) 1+x(1507) 1+x(1508) x(1509) 1+x(1510) x(1511) x(1512) 1+x(1513) 1+x(1514) 1+x(1515) 1+x(1516) 1+x(1517) 1+x(1518) 1+x(1519) 1+x(1520) 1+x(1521) 1+x(1522) 1+x(1523) x(1524) 1+x(1525) x(1526) x(1527) 1+x(1528) x(1529) x(1530) 1+x(1531) 1+x(1532) 1+x(1533) 1+x(1534) x(1535) x(1536) 1+x(1537) x(1538) 1+x(1539) 1+x(1540) 1+x(1541) x(1542) 1+x(1543) x(1544) x(1545) 1+x(1546) 1+x(1547) 1+x(1548) 1+x(1549) 1+x(1550) x(1551) 1+x(1552) 1+x(1553) x(1554) x(1555) 1+x(1556) 1+x(1557) x(1558) x(1559) 1+x(1560) 1+x(1561) 1+x(1562) x(1563) 1+x(1564) 1+x(1565) x(1566) x(1567) 1+x(1568) x(1569) 1+x(1570) 1+x(1571) 1+x(1572) 1+x(1573) x(1574) x(1575) x(1576) 1+x(1577) x(1578) x(1579) 1+x(1580) 1+x(1581) 1+x(1582) 1+x(1583) 1+x(1584) x(1585) x(1586) x(1587) x(1588) x(1589) x(1590) x(1591) x(1592) 1+x(1593) 1+x(1594) x(1595) 1+x(1596) x(1597) 1+x(1598) x(1599) x(1600) x(1601) x(1602) 1+x(1603) x(1604) x(1605) x(1606) x(1607) x(1608) x(1609) x(1610) x(1611) x(1612) x(1613) 1+x(1614) x(1615) x(1616) x(1617) x(1618) x(1619) x(1620) x(1621) x(1622) x(1623) x(1624) x(1625) x(1626) x(1627) x(1628) x(1629) x(1630) x(1631) x(1632) x(1633) x(1634) x(1635) x(1636) x(1637) x(1638) 1+x(1639) 1+x(1640) x(1641) x(1642) x(1643) x(1644) 1+x(1645) 1+x(1646) x(1647) x(1648) 1+x(1649) x(1650) x(1651) x(1652) x(1653) x(1654) x(1655) 1+x(1656) x(1657) x(1658) x(1659) x(1660) x(1661) 1+x(1662) x(1663) 1+x(1664) x(1665) x(1666) 1+x(1667) 1+x(1668) x(1669) x(1670) x(1671) x(1672) x(1673) x(1674) x(1675) x(1676) x(1677) 1+x(1678) x(1679) 1+x(1680) x(1681) 1+x(1682) x(1683) x(1684) x(1685) x(1686) x(1687) x(1688) x(1689) x(1690) x(1691) x(1692) x(1693) x(1694) x(1695) x(1696) x(1697) x(1698) x(1699) x(1700) x(1701) x(1702) x(1703) x(1704) 1+x(1705) x(1706) x(1707) x(1708) 1+x(1709) 1+x(1710) x(1711) x(1712) 1+x(1713) x(1714) x(1715) x(1716) x(1717) x(1718) x(1719) x(1720) x(1721) x(1722) x(1723) x(1724) 1+x(1725) 1+x(1726) x(1727) x(1728) x(1729) x(1730) 1+x(1731) 1+x(1732) x(1733) x(1734) x(1735) x(1736) x(1737) x(1738) x(1739) x(1740) x(1741) x(1742) x(1743) 1+x(1744) x(1745) x(1746) x(1747) x(1748) x(1749) x(1750) x(1751) x(1752) x(1753) x(1754) x(1755) x(1756) x(1757) x(1758) x(1759) x(1760) x(1761) x(1762) x(1763) x(1764) x(1765) 1+x(1766) 1+x(1767) 1+x(1768) 1+x(1769) x(1770) x(1771) x(1772) 1+x(1773) 1+x(1774) x(1775) x(1776) x(1777) x(1778) x(1779) x(1780) x(1781) x(1782) x(1783) x(1784) x(1785) x(1786) x(1787) x(1788) x(1789) 1+x(1790) x(1791) x(1792) x(1793) x(1794) 1+x(1795) 1+x(1796) x(1797) x(1798) x(1799) x(1800) x(1801) x(1802) x(1803) x(1804) x(1805) x(1806) x(1807) 1+x(1808) x(1809) x(1810) x(1811) x(1812) x(1813) x(1814) x(1815) x(1816) x(1817) x(1818) x(1819) x(1820) x(1821) x(1822) x(1823) x(1824) x(1825) x(1826) x(1827) x(1828) x(1829) 1+x(1830) x(1831) 1+x(1832) 1+x(1833) x(1834) x(1835) x(1836) 1+x(1837) 1+x(1838) x(1839) x(1840) x(1841) x(1842) x(1843) x(1844) x(1845) x(1846) x(1847) 1+x(1848) x(1849) x(1850) x(1851) x(1852) x(1853) 1+x(1854) x(1855) 1+x(1856) x(1857) x(1858) x(1859) 1+x(1860) x(1861) x(1862) 1+x(1863) x(1864) x(1865) x(1866) x(1867) x(1868) x(1869) x(1870) x(1871) x(1872) x(1873) 1+x(1874) x(1875) x(1876) x(1877) x(1878) x(1879) x(1880) x(1881) x(1882) x(1883) x(1884) x(1885) x(1886) x(1887) x(1888) x(1889) x(1890) x(1891) x(1892) x(1893) 1+x(1894) 1+x(1895) x(1896) x(1897) x(1898) x(1899) x(1900) x(1901) x(1902) x(1903) x(1904) 1+x(1905) x(1906) x(1907) x(1908) x(1909) x(1910) x(1911) 1+x(1912) x(1913) x(1914) x(1915) x(1916) 1+x(1917) x(1918) x(1919) 1+x(1920) x(1921) x(1922) 1+x(1923) 1+x(1924) x(1925) x(1926) x(1927) x(1928) 1+x(1929) x(1930) 1+x(1931) 1+x(1932) 1+x(1933) 1+x(1934) 1+x(1935) x(1936) 1+x(1937) x(1938) 1+x(1939) x(1940) x(1941) 1+x(1942) 1+x(1943) x(1944) x(1945) 1+x(1946) x(1947) 1+x(1948) x(1949) x(1950) x(1951) 1+x(1952) 1+x(1953) x(1954) 1+x(1955) x(1956) x(1957) 1+x(1958) x(1959) 1+x(1960) 1+x(1961) 1+x(1962) x(1963) 1+x(1964) 1+x(1965) 1+x(1966) x(1967) x(1968) 1+x(1969) 1+x(1970) 1+x(1971) 1+x(1972) x(1973) x(1974) 1+x(1975) 1+x(1976) 1+x(1977) 1+x(1978) x(1979) 1+x(1980) x(1981) 1+x(1982) 1+x(1983) 1+x(1984) x(1985) 1+x(1986) x(1987) 1+x(1988) x(1989) x(1990) x(1991) 1+x(1992) x(1993) x(1994) x(1995) x(1996) 1+x(1997) 1+x(1998) 1+x(1999) 1+x(2000) 1+x(2001) x(2002) x(2003) 1+x(2004) x(2005) 1+x(2006) x(2007) x(2008) 1+x(2009) x(2010) 1+x(2011) x(2012) 1+x(2013) x(2014) 1+x(2015) x(2016) x(2017) x(2018) x(2019) x(2020) x(2021) 1+x(2022) 1+x(2023) x(2024) 1+x(2025) 1+x(2026) x(2027) x(2028) 1+x(2029) x(2030) x(2031) 1+x(2032) 1+x(2033) 1+x(2034) 1+x(2035) 1+x(2036) x(2037) 1+x(2038) 1+x(2039) 1+x(2040) 1+x(2041) x(2042) x(2043) 1+x(2044) x(2045) 1+x(2046) 1+x(2047) x(2048) x(2049) 1+x(2050) x(2051) x(2052) x(2053) x(2054) x(2055) 1+x(2056) 1+x(2057) 1+x(2058) 1+x(2059) 1+x(2060) 1+x(2061) x(2062) x(2063) x(2064) 1+x(2065) 1+x(2066) x(2067) x(2068) x(2069) x(2070) x(2071) x(2072) x(2073) 1+x(2074) 1+x(2075) 1+x(2076) x(2077) 1+x(2078) x(2079) x(2080) x(2081) x(2082) x(2083) x(2084) 1+x(2085) x(2086) x(2087) x(2088) 1+x(2089) x(2090) x(2091) x(2092) x(2093) x(2094) 1+x(2095) 1+x(2096) 1+x(2097) 1+x(2098) 1+x(2099) x(2100) 1+x(2101) x(2102) x(2103) x(2104) 1+x(2105) x(2106) x(2107) x(2108) x(2109) x(2110) 1+x(2111) x(2112) 1+x(2113) 1+x(2114) 1+x(2115) x(2116) 1+x(2117) 1+x(2118) 1+x(2119) 1+x(2120) 1+x(2121) 1+x(2122) 1+x(2123) x(2124) 1+x(2125) x(2126) 1+x(2127) 1+x(2128) x(2129) 1+x(2130) 1+x(2131) x(2132) 1+x(2133) x(2134) x(2135) 1+x(2136) x(2137) 1+x(2138) x(2139) 1+x(2140) 1+x(2141) x(2142) 1+x(2143) x(2144) 1+x(2145) x(2146) 1+x(2147) x(2148) x(2149) 1+x(2150) x(2151) x(2152) 1+x(2153) 1+x(2154) 1+x(2155) 1+x(2156) 1+x(2157) x(2158) x(2159) 1+x(2160) 1+x(2161) 1+x(2162) x(2163) 1+x(2164) 1+x(2165) x(2166) 1+x(2167) 1+x(2168) 1+x(2169) x(2170) x(2171) x(2172) 1+x(2173) 1+x(2174) x(2175) x(2176) x(2177) x(2178) 1+x(2179) x(2180) x(2181) x(2182) x(2183) x(2184) 1+x(2185) x(2186) 1+x(2187) x(2188) x(2189) x(2190) x(2191) 1+x(2192) 1+x(2193) 1+x(2194) x(2195) 1+x(2196) 1+x(2197) x(2198) 1+x(2199) 1+x(2200) x(2201) 1+x(2202) x(2203) x(2204) 1+x(2205) x(2206) 1+x(2207) x(2208) 1+x(2209) x(2210) 1+x(2211) 1+x(2212) x(2213) x(2214) x(2215) 1+x(2216) x(2217) x(2218) 1+x(2219) 1+x(2220) x(2221) 1+x(2222) 1+x(2223) x(2224) x(2225) x(2226) 1+x(2227) 1+x(2228) x(2229) 1+x(2230) 1+x(2231) x(2232) 1+x(2233) x(2234) 1+x(2235) 1+x(2236) x(2237) x(2238) 1+x(2239) 1+x(2240) x(2241) 1+x(2242) 1+x(2243) 1+x(2244) x(2245) x(2246) x(2247) 1+x(2248) 1+x(2249) x(2250) 1+x(2251) x(2252) 1+x(2253) 1+x(2254) x(2255) x(2256) x(2257) x(2258) x(2259) 1+x(2260) 1+x(2261) x(2262) x(2263) x(2264) x(2265) x(2266) x(2267) x(2268) x(2269) x(2270) 1+x(2271) x(2272) x(2273) x(2274) x(2275) x(2276) x(2277) 1+x(2278) 1+x(2279) x(2280) 1+x(2281) x(2282) x(2283) 1+x(2284) 1+x(2285) x(2286) x(2287) 1+x(2288) 1+x(2289) 1+x(2290) x(2291) x(2292) x(2293) x(2294) x(2295) 1+x(2296) 1+x(2297) x(2298) 1+x(2299) x(2300) x(2301) 1+x(2302) x(2303) x(2304) 1+x(2305) x(2306) x(2307) x(2308) x(2309) x(2310) x(2311) x(2312) x(2313) 1+x(2314) 1+x(2315) x(2316) 1+x(2317) 1+x(2318) x(2319) 1+x(2320) x(2321) x(2322) x(2323) x(2324) 1+x(2325) 1+x(2326) x(2327) x(2328) 1+x(2329) x(2330) x(2331) x(2332) x(2333) x(2334) 1+x(2335) x(2336) x(2337) x(2338) x(2339) x(2340) x(2341) x(2342) x(2343) x(2344) 1+x(2345) 1+x(2346) x(2347) x(2348) 1+x(2349) x(2350) x(2351) x(2352) x(2353) x(2354) x(2355) 1+x(2356) 1+x(2357) x(2358) 1+x(2359) 1+x(2360) x(2361) x(2362) x(2363) x(2364) 1+x(2365) x(2366) x(2367) 1+x(2368) 1+x(2369) 1+x(2370) 1+x(2371) x(2372) 1+x(2373) x(2374) x(2375) 1+x(2376) x(2377) 1+x(2378) x(2379) x(2380) x(2381) x(2382) x(2383) 1+x(2384) 1+x(2385) 1+x(2386) x(2387) 1+x(2388) 1+x(2389) 1+x(2390) x(2391) 1+x(2392) 1+x(2393) x(2394) x(2395) x(2396) x(2397) x(2398) x(2399) x(2400) x(2401) x(2402) x(2403) 1+x(2404) 1+x(2405) 1+x(2406) 1+x(2407) 1+x(2408) x(2409) 1+x(2410) x(2411) 1+x(2412) 1+x(2413) 1+x(2414) x(2415) 1+x(2416) 1+x(2417) x(2418) 1+x(2419) 1+x(2420) 1+x(2421) x(2422) 1+x(2423) x(2424) 1+x(2425) 1+x(2426) x(2427) x(2428) 1+x(2429) x(2430) 1+x(2431) 1+x(2432) x(2433) x(2434) x(2435) x(2436) 1+x(2437) x(2438) x(2439) x(2440) 1+x(2441) x(2442) 1+x(2443) x(2444) x(2445) 1+x(2446) 1+x(2447) 1+x(2448) 1+x(2449) 1+x(2450) x(2451) 1+x(2452) 1+x(2453) 1+x(2454) x(2455) 1+x(2456) 1+x(2457) 1+x(2458) x(2459) x(2460) x(2461) x(2462) x(2463) x(2464) 1+x(2465) x(2466) x(2467) 1+x(2468) 1+x(2469) 1+x(2470) x(2471) x(2472) 1+x(2473) x(2474) x(2475) 1+x(2476) x(2477) x(2478) x(2479) x(2480) x(2481) 1+x(2482) 1+x(2483) 1+x(2484) 1+x(2485) x(2486) 1+x(2487) x(2488) x(2489) 1+x(2490) x(2491) x(2492) 1+x(2493) x(2494) 1+x(2495) 1+x(2496) 1+x(2497) 1+x(2498) x(2499) 1+x(2500) x(2501) x(2502) x(2503) 1+x(2504) 1+x(2505) 1+x(2506) 1+x(2507) x(2508) x(2509) 1+x(2510) x(2511) x(2512) 1+x(2513) x(2514) x(2515) x(2516) 1+x(2517) x(2518) x(2519) 1+x(2520) 1+x(2521) x(2522) x(2523) x(2524) x(2525) x(2526) x(2527) x(2528) x(2529) x(2530) x(2531) 1+x(2532) 1+x(2533) 1+x(2534) 1+x(2535) 1+x(2536) 1+x(2537) x(2538) x(2539) x(2540) x(2541) x(2542) x(2543) x(2544) 1+x(2545) 1+x(2546) 1+x(2547) x(2548) x(2549) x(2550) 1+x(2551) x(2552) x(2553) x(2554) x(2555) x(2556) 1+x(2557) x(2558) x(2559) 1+x(2560) 1+x(2561) 1+x(2562) 1+x(2563) 1+x(2564) 1+x(2565) 1+x(2566) 1+x(2567) 1+x(2568) x(2569) 1+x(2570) x(2571) 1+x(2572) x(2573) x(2574) x(2575) x(2576) x(2577) 1+x(2578) x(2579) 1+x(2580) 1+x(2581) x(2582) x(2583) x(2584) x(2585) x(2586) x(2587) x(2588) 1+x(2589) 1+x(2590) 1+x(2591) 1+x(2592) 1+x(2593) 1+x(2594) 1+x(2595) x(2596) x(2597) 1+x(2598) x(2599) x(2600) 1+x(2601) 1+x(2602) x(2603) x(2604) x(2605) 1+x(2606) x(2607) 1+x(2608) x(2609) 1+x(2610) x(2611) x(2612) x(2613) x(2614) 1+x(2615) 1+x(2616) x(2617) x(2618) x(2619) 1+x(2620) x(2621) x(2622) 1+x(2623) 1+x(2624) 1+x(2625) 1+x(2626) 1+x(2627) 1+x(2628) 1+x(2629) 1+x(2630) 1+x(2631) 1+x(2632) 1+x(2633) 1+x(2634) x(2635) x(2636) 1+x(2637) 1+x(2638) 1+x(2639) x(2640) 1+x(2641) x(2642) x(2643) 1+x(2644) 1+x(2645) x(2646) x(2647) 1+x(2648) 1+x(2649) x(2650) 1+x(2651) x(2652) 1+x(2653) x(2654) x(2655) x(2656) 1+x(2657) 1+x(2658) x(2659) 1+x(2660) 1+x(2661) 1+x(2662) x(2663) 1+x(2664) x(2665) 1+x(2666) 1+x(2667) x(2668) x(2669) 1+x(2670) x(2671) 1+x(2672) x(2673) 1+x(2674) x(2675) x(2676) 1+x(2677) 1+x(2678) 1+x(2679) 1+x(2680) 1+x(2681) x(2682) 1+x(2683) x(2684) x(2685) 1+x(2686) 1+x(2687) x(2688) x(2689) x(2690) x(2691) 1+x(2692) 1+x(2693) x(2694) 1+x(2695) x(2696) x(2697) x(2698) 1+x(2699) x(2700) 1+x(2701) x(2702) 1+x(2703) x(2704) x(2705) x(2706) x(2707) 1+x(2708) 1+x(2709) 1+x(2710) x(2711) 1+x(2712) x(2713) x(2714) 1+x(2715) x(2716) x(2717) 1+x(2718) 1+x(2719) 1+x(2720) x(2721) x(2722) x(2723) x(2724) x(2725) 1+x(2726) x(2727) x(2728) x(2729) x(2730) 1+x(2731) 1+x(2732) 1+x(2733) x(2734) 1+x(2735) 1+x(2736) 1+x(2737) x(2738) 1+x(2739) 1+x(2740) x(2741) x(2742) x(2743) 1+x(2744) x(2745) x(2746) 1+x(2747) x(2748) 1+x(2749) 1+x(2750) x(2751) 1+x(2752) x(2753) x(2754) x(2755) 1+x(2756) x(2757) 1+x(2758) 1+x(2759) x(2760) 1+x(2761) 1+x(2762) x(2763) 1+x(2764) x(2765) x(2766) 1+x(2767) x(2768) x(2769) x(2770) x(2771) 1+x(2772) 1+x(2773) 1+x(2774) 1+x(2775) x(2776) 1+x(2777) 1+x(2778) 1+x(2779) x(2780) 1+x(2781) 1+x(2782) x(2783) 1+x(2784) 1+x(2785) x(2786) 1+x(2787) 1+x(2788) 1+x(2789) x(2790) x(2791) 1+x(2792) x(2793) x(2794) 1+x(2795) 1+x(2796) 1+x(2797) x(2798) x(2799) 1+x(2800) 1+x(2801) 1+x(2802) 1+x(2803) 1+x(2804) 1+x(2805) x(2806) x(2807) 1+x(2808) x(2809) x(2810) x(2811) 1+x(2812) x(2813) 1+x(2814) x(2815) x(2816) 1+x(2817) x(2818) x(2819) x(2820) 1+x(2821) 1+x(2822) x(2823) 1+x(2824) 1+x(2825) 1+x(2826) 1+x(2827) x(2828) x(2829) x(2830) 1+x(2831) x(2832) x(2833) 1+x(2834) 1+x(2835) x(2836) x(2837) 1+x(2838) 1+x(2839) 1+x(2840) 1+x(2841) x(2842) x(2843) 1+x(2844) x(2845) 1+x(2846) 1+x(2847) 1+x(2848) x(2849) x(2850) 1+x(2851) x(2852) x(2853) x(2854) 1+x(2855) 1+x(2856) 1+x(2857) x(2858) 1+x(2859) 1+x(2860) 1+x(2861) 1+x(2862) x(2863) 1+x(2864) 1+x(2865) 1+x(2866) 1+x(2867) x(2868) 1+x(2869) x(2870) x(2871) 1+x(2872) 1+x(2873) x(2874) 1+x(2875) 1+x(2876) x(2877) 1+x(2878) x(2879) 
c Solution found is correct.
c Learnt 806 fact(s) in 10083.18 seconds using 332.13MB.
solve end time is: 2022/07/13/22:13:34:39
solve exec time is: 10114.518933s
