nohup: ignoring input
2022-07-11 19:16:37,007 - 6rasconhash - INFO - [1, 1, 1, 1, 1, 0, 0, 1, 0, 1, 0, 0, 0, 0, 1, 1, 0, 1, 0, 0, 1, 1, 1, 0, 0, 0, 0, 1, 0, 0, 1, 0, 0, 0, 1, 1, 0, 1, 0, 0, 1, 1, 1, 1, 0, 1, 1, 1, 1, 1, 0, 1, 1, 0, 0, 1, 0, 1, 1, 1, 1, 1, 1, 0, 1, 0, 1, 0, 1, 1, 0, 0, 1, 0, 1, 0, 1, 1, 1, 0, 1, 0, 1, 1, 1, 1, 0, 0, 0, 0, 0, 0, 1, 1, 0, 0, 0, 1, 0, 0, 0, 1, 0, 0, 0, 1, 0, 1, 1, 1, 0, 1, 1, 0, 0, 1, 1, 0, 0, 0, 1, 0, 0, 0, 1, 0, 1, 0, 1, 1, 1, 1, 0, 1, 0, 1, 1, 1, 1, 0, 0, 1, 0, 1, 1, 0, 1, 1, 0, 1, 1, 0, 1, 1, 0, 0, 1, 1, 0, 0, 0, 1, 1, 0, 0, 0, 1, 1, 1, 1, 0, 0, 0, 1, 0, 0, 0, 1, 0, 0, 1, 0, 0, 1, 0, 0, 1, 1, 0, 1, 0, 0, 1, 1, 0, 1, 0, 1, 1, 1, 1, 1, 0, 0, 0, 1, 1, 0, 1, 1, 0, 0, 0, 0, 1, 0, 1, 0, 0, 0, 0, 0, 0, 1, 1, 1, 0, 0, 0, 1, 0, 0, 1, 1, 0, 1, 1, 0, 1, 0, 1, 1, 0, 1, 1, 1, 1, 1, 1, 1, 0, 1, 0, 0, 1, 1, 0, 1, 0, 0, 1, 0, 0, 1, 1, 0, 0, 1, 1, 1, 0, 1, 0, 1, 1, 1, 0, 1, 1, 0, 0, 0, 0, 1, 0, 0, 1, 1, 1, 0, 1, 1, 0, 1, 1, 0, 0, 1, 0, 1, 1, 1, 1, 1, 0, 1, 0, 1, 1, 0, 0, 1, 1, 0, 1, 1, 1, 1, 1, 0]
2022-07-11 19:16:37,009 - 6rasconhash - INFO - ##############################################
2022-07-11 19:16:37,009 - 6rasconhash - INFO - difference state at round 0: 
8000000000000000

0000000000000000

0000000000000000

0000000000000000

0000000000000000

2022-07-11 19:16:37,010 - 6rasconhash - INFO - ##############################################
2022-07-11 19:16:37,010 - 6rasconhash - INFO - input X state at round 0: 
f9434e1234f7d97e

acaebc0c445d988a

f5e5b6cc63c44934

d7c6c281c4dadfd3

499d7613b65f59be

2022-07-11 19:16:37,011 - 6rasconhash - INFO - ##############################################
2022-07-11 19:16:37,011 - 6rasconhash - INFO - input Y state at round 0: 
79434e1234f7d97e

acaebc0c445d988a

f5e5b6cc63c44934

d7c6c281c4dadfd3

499d7613b65f59be

2022-07-11 19:16:37,012 - 6rasconhash - INFO - start round function
2022-07-11 19:16:37,013 - 6rasconhash - INFO - ##############################################
2022-07-11 19:16:37,013 - 6rasconhash - INFO - difference state at round 1: 
0000000000000000

8000000000000000

0000000000000000

0000000000000000

8000000000000000

2022-07-11 19:16:37,014 - 6rasconhash - INFO - ##############################################
2022-07-11 19:16:37,014 - 6rasconhash - INFO - input X state at round 1: 
73e40a5f97f85fe3

cbb546cc2537579f

aeadc12dea632e9d

a610f452516e0e31

927b309e36d09e67

2022-07-11 19:16:37,015 - 6rasconhash - INFO - ##############################################
2022-07-11 19:16:37,015 - 6rasconhash - INFO - input Y state at round 1: 
73e40a5f97f85fe3

4bb546cc2537579f

aeadc12dea632e9d

a610f452516e0e31

127b309e36d09e67

2022-07-11 19:16:37,018 - 6rasconhash - INFO - ##############################################
2022-07-11 19:16:37,018 - 6rasconhash - INFO - difference state at round 2: 
0000000000000000

0100000000400000

0000000001000004

0000000001000004

8100000000400000

2022-07-11 19:16:37,019 - 6rasconhash - INFO - ##############################################
2022-07-11 19:16:37,019 - 6rasconhash - INFO - input X state at round 2: 
21f8b3ccbdd9c028

36ed89598e6ef6cb

ecef7bd2643a4959

3ea9176ab516cb83

352107d524bffe0e

2022-07-11 19:16:37,020 - 6rasconhash - INFO - ##############################################
2022-07-11 19:16:37,020 - 6rasconhash - INFO - input Y state at round 2: 
21f8b3ccbdd9c028

37ed89598e2ef6cb

ecef7bd2653a495d

3ea9176ab416cb87

b42107d524fffe0e

2022-07-11 19:16:37,023 - 6rasconhash - INFO - ##############################################
2022-07-11 19:16:37,023 - 6rasconhash - INFO - difference state at round 3: 
0002000001824082

9802a00000c64004

1802800002c60006

1800800002c60082

8900200003004084

2022-07-11 19:16:37,024 - 6rasconhash - INFO - ##############################################
2022-07-11 19:16:37,024 - 6rasconhash - INFO - input X state at round 3: 
02e1e6a606963a60

c806d2fbc23c2593

f011825782dce13c

b3c9d8d38928f059

487b28762fd2444b

2022-07-11 19:16:37,025 - 6rasconhash - INFO - ##############################################
2022-07-11 19:16:37,025 - 6rasconhash - INFO - input Y state at round 3: 
02e3e6a607147ae2

500472fbc2fa6597

e8130257801ae13a

abc958d38beef0db

c17b08762cd204cf

2022-07-11 19:16:37,028 - 6rasconhash - INFO - ##############################################
2022-07-11 19:16:37,028 - 6rasconhash - INFO - difference state at round 4: 
2884024003c2a856

a4a4e8e000e0c182

74a062800e68cd21

1473caa04e4a3d61

a8f024000e847094

2022-07-11 19:16:37,028 - 6rasconhash - INFO - ##############################################
2022-07-11 19:16:37,028 - 6rasconhash - INFO - input X state at round 4: 
478abbaa48470c4e

ef4f89c11f8bb3d8

dbe6c3e0b00398b4

b892fce45e2a55bb

0ef1cc45b382a38e

2022-07-11 19:16:37,029 - 6rasconhash - INFO - ##############################################
2022-07-11 19:16:37,029 - 6rasconhash - INFO - input Y state at round 4: 
6f0eb9ea4b85a418

4beb61211f6b725a

af46a160be6b5595

ace13644106068da

a601e845bd06d31a

2022-07-11 19:16:37,032 - 6rasconhash - INFO - ##############################################
2022-07-11 19:16:37,032 - 6rasconhash - INFO - difference state at round 5: 
5a82d45841828c2a

c302ce434f290881

1b2476214c4304cf

9ba0b61b010c84c9

d2a2781b054708e6

2022-07-11 19:16:37,033 - 6rasconhash - INFO - ##############################################
2022-07-11 19:16:37,033 - 6rasconhash - INFO - input X state at round 5: 
bba81a301414d5e9

e9b9a48ee3b4cbfa

8d9dfcc2219519cf

9c81160edf7717c2

c99c6a12a4adbc14

2022-07-11 19:16:37,034 - 6rasconhash - INFO - ##############################################
2022-07-11 19:16:37,034 - 6rasconhash - INFO - input Y state at round 5: 
e12ace68559659c3

2abb6acdac9dc37b

96b98ae36dd61d00

0721a015de7b930b

1b3e1209a1eab4f2

