nohup: ignoring input
2022-07-29 02:45:29,667 - simple_example - INFO - ##############################################
2022-07-29 02:45:29,667 - simple_example - INFO - difference state at round 0: 
2022-07-29 02:45:29,667 - simple_example - INFO - 0x00000002 
2022-07-29 02:45:29,667 - simple_example - INFO - 0x00000000 
2022-07-29 02:45:29,667 - simple_example - INFO - 0x00000000 
2022-07-29 02:45:29,667 - simple_example - INFO - 0x00000000 
2022-07-29 02:45:29,667 - simple_example - INFO - 0x00000001 
2022-07-29 02:45:29,667 - simple_example - INFO - 0x00000000 
2022-07-29 02:45:29,667 - simple_example - INFO - 0x00000000 
2022-07-29 02:45:29,667 - simple_example - INFO - 0x00000000 
2022-07-29 02:45:29,667 - simple_example - INFO - 0x00000000 
2022-07-29 02:45:29,668 - simple_example - INFO - 0x00000000 
2022-07-29 02:45:29,668 - simple_example - INFO - 0x00000000 
2022-07-29 02:45:29,668 - simple_example - INFO - 0x00000000 
2022-07-29 02:45:29,668 - simple_example - INFO - ##############################################
2022-07-29 02:45:29,668 - simple_example - INFO - input X state at round 0: 
2022-07-29 02:45:29,668 - simple_example - INFO - 0xda809d9d 
2022-07-29 02:45:29,668 - simple_example - INFO - 0x3c7886f7 
2022-07-29 02:45:29,668 - simple_example - INFO - 0x2eda462a 
2022-07-29 02:45:29,668 - simple_example - INFO - 0xd60e0b26 
2022-07-29 02:45:29,668 - simple_example - INFO - 0x210da578 
2022-07-29 02:45:29,668 - simple_example - INFO - 0xa33b2733 
2022-07-29 02:45:29,669 - simple_example - INFO - 0xc476e74e 
2022-07-29 02:45:29,669 - simple_example - INFO - 0x1ce39c19 
2022-07-29 02:45:29,669 - simple_example - INFO - 0x080e8bee 
2022-07-29 02:45:29,669 - simple_example - INFO - 0x78a93341 
2022-07-29 02:45:29,669 - simple_example - INFO - 0xf523e2b0 
2022-07-29 02:45:29,669 - simple_example - INFO - 0xff95b517 
2022-07-29 02:45:29,669 - simple_example - INFO - ##############################################
2022-07-29 02:45:29,669 - simple_example - INFO - input Y state at round 0: 
2022-07-29 02:45:29,669 - simple_example - INFO - 0xda809d9f 
2022-07-29 02:45:29,669 - simple_example - INFO - 0x3c7886f7 
2022-07-29 02:45:29,669 - simple_example - INFO - 0x2eda462a 
2022-07-29 02:45:29,670 - simple_example - INFO - 0xd60e0b26 
2022-07-29 02:45:29,670 - simple_example - INFO - 0x210da579 
2022-07-29 02:45:29,670 - simple_example - INFO - 0xa33b2733 
2022-07-29 02:45:29,670 - simple_example - INFO - 0xc476e74e 
2022-07-29 02:45:29,670 - simple_example - INFO - 0x1ce39c19 
2022-07-29 02:45:29,670 - simple_example - INFO - 0x080e8bee 
2022-07-29 02:45:29,670 - simple_example - INFO - 0x78a93341 
2022-07-29 02:45:29,670 - simple_example - INFO - 0xf523e2b0 
2022-07-29 02:45:29,670 - simple_example - INFO - 0xff95b517 
2022-07-29 02:45:29,670 - simple_example - INFO - start round function
2022-07-29 02:45:29,672 - simple_example - INFO - ##############################################
2022-07-29 02:45:29,672 - simple_example - INFO - difference state at round 1: 
2022-07-29 02:45:29,672 - simple_example - INFO - 0x00000002 
2022-07-29 02:45:29,672 - simple_example - INFO - 0x00000000 
2022-07-29 02:45:29,672 - simple_example - INFO - 0x00000000 
2022-07-29 02:45:29,672 - simple_example - INFO - 0x00000000 
2022-07-29 02:45:29,673 - simple_example - INFO - 0x00000001 
2022-07-29 02:45:29,673 - simple_example - INFO - 0x00000000 
2022-07-29 02:45:29,673 - simple_example - INFO - 0x00000000 
2022-07-29 02:45:29,673 - simple_example - INFO - 0x00000000 
2022-07-29 02:45:29,673 - simple_example - INFO - 0x00000000 
2022-07-29 02:45:29,673 - simple_example - INFO - 0x00000000 
2022-07-29 02:45:29,673 - simple_example - INFO - 0x00000000 
2022-07-29 02:45:29,673 - simple_example - INFO - 0x00000000 
2022-07-29 02:45:29,673 - simple_example - INFO - ##############################################
2022-07-29 02:45:29,673 - simple_example - INFO - input X state at round 1: 
2022-07-29 02:45:29,673 - simple_example - INFO - 0xd282971b 
2022-07-29 02:45:29,674 - simple_example - INFO - 0x64f896b7 
2022-07-29 02:45:29,674 - simple_example - INFO - 0x1fdb469a 
2022-07-29 02:45:29,674 - simple_example - INFO - 0x351a2a20 
2022-07-29 02:45:29,674 - simple_example - INFO - 0xf38db169 
2022-07-29 02:45:29,674 - simple_example - INFO - 0xa76ba385 
2022-07-29 02:45:29,674 - simple_example - INFO - 0xceaee344 
2022-07-29 02:45:29,674 - simple_example - INFO - 0x1ce99639 
2022-07-29 02:45:29,674 - simple_example - INFO - 0x2903ab8e 
2022-07-29 02:45:29,674 - simple_example - INFO - 0xfbaa1241 
2022-07-29 02:45:29,674 - simple_example - INFO - 0x350743f4 
2022-07-29 02:45:29,675 - simple_example - INFO - 0xf774210e 
2022-07-29 02:45:29,675 - simple_example - INFO - ##############################################
2022-07-29 02:45:29,675 - simple_example - INFO - input Y state at round 1: 
2022-07-29 02:45:29,675 - simple_example - INFO - 0xd2829719 
2022-07-29 02:45:29,675 - simple_example - INFO - 0x64f896b7 
2022-07-29 02:45:29,675 - simple_example - INFO - 0x1fdb469a 
2022-07-29 02:45:29,675 - simple_example - INFO - 0x351a2a20 
2022-07-29 02:45:29,675 - simple_example - INFO - 0xf38db168 
2022-07-29 02:45:29,675 - simple_example - INFO - 0xa76ba385 
2022-07-29 02:45:29,675 - simple_example - INFO - 0xceaee344 
2022-07-29 02:45:29,675 - simple_example - INFO - 0x1ce99639 
2022-07-29 02:45:29,676 - simple_example - INFO - 0x2903ab8e 
2022-07-29 02:45:29,676 - simple_example - INFO - 0xfbaa1241 
2022-07-29 02:45:29,676 - simple_example - INFO - 0x350743f4 
2022-07-29 02:45:29,676 - simple_example - INFO - 0xf774210e 
2022-07-29 02:45:29,679 - simple_example - INFO - ##############################################
2022-07-29 02:45:29,679 - simple_example - INFO - difference state at round 2: 
2022-07-29 02:45:29,679 - simple_example - INFO - 0x00000002 
2022-07-29 02:45:29,679 - simple_example - INFO - 0x00000000 
2022-07-29 02:45:29,679 - simple_example - INFO - 0x00000000 
2022-07-29 02:45:29,679 - simple_example - INFO - 0x00000000 
2022-07-29 02:45:29,680 - simple_example - INFO - 0x00000000 
2022-07-29 02:45:29,680 - simple_example - INFO - 0x00000002 
2022-07-29 02:45:29,680 - simple_example - INFO - 0x00000000 
2022-07-29 02:45:29,680 - simple_example - INFO - 0x00000000 
2022-07-29 02:45:29,680 - simple_example - INFO - 0x00000000 
2022-07-29 02:45:29,680 - simple_example - INFO - 0x00000000 
2022-07-29 02:45:29,680 - simple_example - INFO - 0x00000000 
2022-07-29 02:45:29,680 - simple_example - INFO - 0x00000000 
2022-07-29 02:45:29,680 - simple_example - INFO - ##############################################
2022-07-29 02:45:29,680 - simple_example - INFO - input X state at round 2: 
2022-07-29 02:45:29,680 - simple_example - INFO - 0xd801bba7 
2022-07-29 02:45:29,680 - simple_example - INFO - 0xada1e48f 
2022-07-29 02:45:29,681 - simple_example - INFO - 0x69d473d6 
2022-07-29 02:45:29,681 - simple_example - INFO - 0x53164b3b 
2022-07-29 02:45:29,681 - simple_example - INFO - 0x8ffc48e8 
2022-07-29 02:45:29,681 - simple_example - INFO - 0xe1993ed6 
2022-07-29 02:45:29,681 - simple_example - INFO - 0xfdb84449 
2022-07-29 02:45:29,681 - simple_example - INFO - 0xf954b17b 
2022-07-29 02:45:29,681 - simple_example - INFO - 0x0cb9f826 
2022-07-29 02:45:29,681 - simple_example - INFO - 0xb3f72728 
2022-07-29 02:45:29,681 - simple_example - INFO - 0x81ae0fa4 
2022-07-29 02:45:29,681 - simple_example - INFO - 0x4177b621 
2022-07-29 02:45:29,681 - simple_example - INFO - ##############################################
2022-07-29 02:45:29,681 - simple_example - INFO - input Y state at round 2: 
2022-07-29 02:45:29,682 - simple_example - INFO - 0xd801bba5 
2022-07-29 02:45:29,682 - simple_example - INFO - 0xada1e48f 
2022-07-29 02:45:29,682 - simple_example - INFO - 0x69d473d6 
2022-07-29 02:45:29,682 - simple_example - INFO - 0x53164b3b 
2022-07-29 02:45:29,682 - simple_example - INFO - 0x8ffc48e8 
2022-07-29 02:45:29,682 - simple_example - INFO - 0xe1993ed4 
2022-07-29 02:45:29,682 - simple_example - INFO - 0xfdb84449 
2022-07-29 02:45:29,682 - simple_example - INFO - 0xf954b17b 
2022-07-29 02:45:29,682 - simple_example - INFO - 0x0cb9f826 
2022-07-29 02:45:29,682 - simple_example - INFO - 0xb3f72728 
2022-07-29 02:45:29,683 - simple_example - INFO - 0x81ae0fa4 
2022-07-29 02:45:29,683 - simple_example - INFO - 0x4177b621 
2022-07-29 02:45:29,686 - simple_example - INFO - ##############################################
2022-07-29 02:45:29,686 - simple_example - INFO - difference state at round 3: 
2022-07-29 02:45:29,686 - simple_example - INFO - 0x00000002 
2022-07-29 02:45:29,686 - simple_example - INFO - 0x00008040 
2022-07-29 02:45:29,686 - simple_example - INFO - 0x00010080 
2022-07-29 02:45:29,686 - simple_example - INFO - 0x00000000 
2022-07-29 02:45:29,686 - simple_example - INFO - 0x00000000 
2022-07-29 02:45:29,686 - simple_example - INFO - 0x00000000 
2022-07-29 02:45:29,686 - simple_example - INFO - 0x00008044 
2022-07-29 02:45:29,687 - simple_example - INFO - 0x00010080 
2022-07-29 02:45:29,687 - simple_example - INFO - 0x00000000 
2022-07-29 02:45:29,687 - simple_example - INFO - 0x04020000 
2022-07-29 02:45:29,687 - simple_example - INFO - 0x08040000 
2022-07-29 02:45:29,687 - simple_example - INFO - 0x00000000 
2022-07-29 02:45:29,687 - simple_example - INFO - ##############################################
2022-07-29 02:45:29,687 - simple_example - INFO - input X state at round 3: 
2022-07-29 02:45:29,687 - simple_example - INFO - 0x0bc828c1 
2022-07-29 02:45:29,687 - simple_example - INFO - 0x21c5645d 
2022-07-29 02:45:29,687 - simple_example - INFO - 0x825abf7e 
2022-07-29 02:45:29,687 - simple_example - INFO - 0x49dfa58f 
2022-07-29 02:45:29,687 - simple_example - INFO - 0xa7688104 
2022-07-29 02:45:29,688 - simple_example - INFO - 0xec660b94 
2022-07-29 02:45:29,688 - simple_example - INFO - 0x5e44f159 
2022-07-29 02:45:29,688 - simple_example - INFO - 0xb85ae239 
2022-07-29 02:45:29,688 - simple_example - INFO - 0x26d6eaee 
2022-07-29 02:45:29,688 - simple_example - INFO - 0x1d0c84d6 
2022-07-29 02:45:29,688 - simple_example - INFO - 0xe365779b 
2022-07-29 02:45:29,688 - simple_example - INFO - 0xc65a4f6f 
2022-07-29 02:45:29,688 - simple_example - INFO - ##############################################
2022-07-29 02:45:29,688 - simple_example - INFO - input Y state at round 3: 
2022-07-29 02:45:29,688 - simple_example - INFO - 0x0bc828c3 
2022-07-29 02:45:29,688 - simple_example - INFO - 0x21c5e41d 
2022-07-29 02:45:29,688 - simple_example - INFO - 0x825bbffe 
2022-07-29 02:45:29,689 - simple_example - INFO - 0x49dfa58f 
2022-07-29 02:45:29,689 - simple_example - INFO - 0xa7688104 
2022-07-29 02:45:29,689 - simple_example - INFO - 0xec660b94 
2022-07-29 02:45:29,689 - simple_example - INFO - 0x5e44711d 
2022-07-29 02:45:29,689 - simple_example - INFO - 0xb85be2b9 
2022-07-29 02:45:29,689 - simple_example - INFO - 0x26d6eaee 
2022-07-29 02:45:29,689 - simple_example - INFO - 0x190e84d6 
2022-07-29 02:45:29,689 - simple_example - INFO - 0xeb61779b 
2022-07-29 02:45:29,689 - simple_example - INFO - 0xc65a4f6f 
2022-07-29 02:45:29,690 - simple_example - INFO - check over
