nohup: ignoring input
2022-07-29 02:52:58,327 - simple_example - INFO - ##############################################
2022-07-29 02:52:58,327 - simple_example - INFO - difference state at round 0: 
2022-07-29 02:52:58,327 - simple_example - INFO - 0x00000000 
2022-07-29 02:52:58,327 - simple_example - INFO - 0x00000000 
2022-07-29 02:52:58,327 - simple_example - INFO - 0x00000100 
2022-07-29 02:52:58,327 - simple_example - INFO - 0x00000000 
2022-07-29 02:52:58,328 - simple_example - INFO - 0x00000000 
2022-07-29 02:52:58,328 - simple_example - INFO - 0x00000000 
2022-07-29 02:52:58,328 - simple_example - INFO - 0x00000000 
2022-07-29 02:52:58,328 - simple_example - INFO - 0x00000000 
2022-07-29 02:52:58,328 - simple_example - INFO - 0x00000001 
2022-07-29 02:52:58,328 - simple_example - INFO - 0x00000000 
2022-07-29 02:52:58,328 - simple_example - INFO - 0x00000000 
2022-07-29 02:52:58,328 - simple_example - INFO - 0x00000000 
2022-07-29 02:52:58,328 - simple_example - INFO - ##############################################
2022-07-29 02:52:58,328 - simple_example - INFO - input X state at round 0: 
2022-07-29 02:52:58,328 - simple_example - INFO - 0x563794c2 
2022-07-29 02:52:58,328 - simple_example - INFO - 0x088415d9 
2022-07-29 02:52:58,328 - simple_example - INFO - 0x29a33b86 
2022-07-29 02:52:58,328 - simple_example - INFO - 0x40abecb4 
2022-07-29 02:52:58,329 - simple_example - INFO - 0xd37ced1f 
2022-07-29 02:52:58,329 - simple_example - INFO - 0xead842d6 
2022-07-29 02:52:58,329 - simple_example - INFO - 0xb6782c9e 
2022-07-29 02:52:58,329 - simple_example - INFO - 0x5473208f 
2022-07-29 02:52:58,329 - simple_example - INFO - 0x98dfd793 
2022-07-29 02:52:58,329 - simple_example - INFO - 0x087c4616 
2022-07-29 02:52:58,329 - simple_example - INFO - 0x950b8157 
2022-07-29 02:52:58,329 - simple_example - INFO - 0xc0f590d1 
2022-07-29 02:52:58,329 - simple_example - INFO - ##############################################
2022-07-29 02:52:58,329 - simple_example - INFO - input Y state at round 0: 
2022-07-29 02:52:58,329 - simple_example - INFO - 0x563794c2 
2022-07-29 02:52:58,329 - simple_example - INFO - 0x088415d9 
2022-07-29 02:52:58,329 - simple_example - INFO - 0x29a33a86 
2022-07-29 02:52:58,330 - simple_example - INFO - 0x40abecb4 
2022-07-29 02:52:58,330 - simple_example - INFO - 0xd37ced1f 
2022-07-29 02:52:58,330 - simple_example - INFO - 0xead842d6 
2022-07-29 02:52:58,330 - simple_example - INFO - 0xb6782c9e 
2022-07-29 02:52:58,330 - simple_example - INFO - 0x5473208f 
2022-07-29 02:52:58,330 - simple_example - INFO - 0x98dfd792 
2022-07-29 02:52:58,330 - simple_example - INFO - 0x087c4616 
2022-07-29 02:52:58,330 - simple_example - INFO - 0x950b8157 
2022-07-29 02:52:58,330 - simple_example - INFO - 0xc0f590d1 
2022-07-29 02:52:58,330 - simple_example - INFO - start round function
2022-07-29 02:52:58,332 - simple_example - INFO - ##############################################
2022-07-29 02:52:58,332 - simple_example - INFO - difference state at round 1: 
2022-07-29 02:52:58,332 - simple_example - INFO - 0x00000000 
2022-07-29 02:52:58,332 - simple_example - INFO - 0x00000000 
2022-07-29 02:52:58,332 - simple_example - INFO - 0x00000100 
2022-07-29 02:52:58,332 - simple_example - INFO - 0x00000000 
2022-07-29 02:52:58,332 - simple_example - INFO - 0x00000000 
2022-07-29 02:52:58,333 - simple_example - INFO - 0x00000000 
2022-07-29 02:52:58,333 - simple_example - INFO - 0x00000000 
2022-07-29 02:52:58,333 - simple_example - INFO - 0x00000000 
2022-07-29 02:52:58,333 - simple_example - INFO - 0x00000001 
2022-07-29 02:52:58,333 - simple_example - INFO - 0x00000000 
2022-07-29 02:52:58,333 - simple_example - INFO - 0x00000000 
2022-07-29 02:52:58,333 - simple_example - INFO - 0x00000000 
2022-07-29 02:52:58,333 - simple_example - INFO - ##############################################
2022-07-29 02:52:58,333 - simple_example - INFO - input X state at round 1: 
2022-07-29 02:52:58,333 - simple_example - INFO - 0x5eb48642 
2022-07-29 02:52:58,333 - simple_example - INFO - 0x08a011d9 
2022-07-29 02:52:58,333 - simple_example - INFO - 0x28a0bac7 
2022-07-29 02:52:58,333 - simple_example - INFO - 0xc02f7ce4 
2022-07-29 02:52:58,334 - simple_example - INFO - 0x955ced5f 
2022-07-29 02:52:58,334 - simple_example - INFO - 0xea58531f 
2022-07-29 02:52:58,334 - simple_example - INFO - 0x9ed8161e 
2022-07-29 02:52:58,334 - simple_example - INFO - 0x54794cab 
2022-07-29 02:52:58,334 - simple_example - INFO - 0x1997be8e 
2022-07-29 02:52:58,334 - simple_example - INFO - 0xea240410 
2022-07-29 02:52:58,334 - simple_example - INFO - 0x0353854f 
2022-07-29 02:52:58,334 - simple_example - INFO - 0xd4a590da 
2022-07-29 02:52:58,334 - simple_example - INFO - ##############################################
2022-07-29 02:52:58,334 - simple_example - INFO - input Y state at round 1: 
2022-07-29 02:52:58,334 - simple_example - INFO - 0x5eb48642 
2022-07-29 02:52:58,334 - simple_example - INFO - 0x08a011d9 
2022-07-29 02:52:58,335 - simple_example - INFO - 0x28a0bbc7 
2022-07-29 02:52:58,335 - simple_example - INFO - 0xc02f7ce4 
2022-07-29 02:52:58,335 - simple_example - INFO - 0x955ced5f 
2022-07-29 02:52:58,335 - simple_example - INFO - 0xea58531f 
2022-07-29 02:52:58,335 - simple_example - INFO - 0x9ed8161e 
2022-07-29 02:52:58,335 - simple_example - INFO - 0x54794cab 
2022-07-29 02:52:58,335 - simple_example - INFO - 0x1997be8f 
2022-07-29 02:52:58,335 - simple_example - INFO - 0xea240410 
2022-07-29 02:52:58,335 - simple_example - INFO - 0x0353854f 
2022-07-29 02:52:58,335 - simple_example - INFO - 0xd4a590da 
2022-07-29 02:52:58,338 - simple_example - INFO - ##############################################
2022-07-29 02:52:58,338 - simple_example - INFO - difference state at round 2: 
2022-07-29 02:52:58,339 - simple_example - INFO - 0x00000000 
2022-07-29 02:52:58,339 - simple_example - INFO - 0x00000000 
2022-07-29 02:52:58,339 - simple_example - INFO - 0x00000100 
2022-07-29 02:52:58,339 - simple_example - INFO - 0x00000000 
2022-07-29 02:52:58,339 - simple_example - INFO - 0x00000000 
2022-07-29 02:52:58,339 - simple_example - INFO - 0x00000000 
2022-07-29 02:52:58,339 - simple_example - INFO - 0x00000000 
2022-07-29 02:52:58,339 - simple_example - INFO - 0x00000000 
2022-07-29 02:52:58,339 - simple_example - INFO - 0x00000000 
2022-07-29 02:52:58,339 - simple_example - INFO - 0x00000000 
2022-07-29 02:52:58,339 - simple_example - INFO - 0x00080000 
2022-07-29 02:52:58,340 - simple_example - INFO - 0x00000000 
2022-07-29 02:52:58,340 - simple_example - INFO - ##############################################
2022-07-29 02:52:58,340 - simple_example - INFO - input X state at round 2: 
2022-07-29 02:52:58,340 - simple_example - INFO - 0xbc6cbe67 
2022-07-29 02:52:58,340 - simple_example - INFO - 0xdc7b77fc 
2022-07-29 02:52:58,340 - simple_example - INFO - 0xdf51270e 
2022-07-29 02:52:58,340 - simple_example - INFO - 0xfad40b92 
2022-07-29 02:52:58,340 - simple_example - INFO - 0xeb4d7fcd 
2022-07-29 02:52:58,340 - simple_example - INFO - 0x58c907fc 
2022-07-29 02:52:58,340 - simple_example - INFO - 0x230d5211 
2022-07-29 02:52:58,340 - simple_example - INFO - 0x16651412 
2022-07-29 02:52:58,340 - simple_example - INFO - 0x2cb8a427 
2022-07-29 02:52:58,340 - simple_example - INFO - 0x69e79283 
2022-07-29 02:52:58,341 - simple_example - INFO - 0xddbde5f6 
2022-07-29 02:52:58,341 - simple_example - INFO - 0xfb409bbf 
2022-07-29 02:52:58,341 - simple_example - INFO - ##############################################
2022-07-29 02:52:58,341 - simple_example - INFO - input Y state at round 2: 
2022-07-29 02:52:58,341 - simple_example - INFO - 0xbc6cbe67 
2022-07-29 02:52:58,341 - simple_example - INFO - 0xdc7b77fc 
2022-07-29 02:52:58,341 - simple_example - INFO - 0xdf51260e 
2022-07-29 02:52:58,341 - simple_example - INFO - 0xfad40b92 
2022-07-29 02:52:58,341 - simple_example - INFO - 0xeb4d7fcd 
2022-07-29 02:52:58,341 - simple_example - INFO - 0x58c907fc 
2022-07-29 02:52:58,341 - simple_example - INFO - 0x230d5211 
2022-07-29 02:52:58,341 - simple_example - INFO - 0x16651412 
2022-07-29 02:52:58,342 - simple_example - INFO - 0x2cb8a427 
2022-07-29 02:52:58,342 - simple_example - INFO - 0x69e79283 
2022-07-29 02:52:58,342 - simple_example - INFO - 0xddb5e5f6 
2022-07-29 02:52:58,342 - simple_example - INFO - 0xfb409bbf 
2022-07-29 02:52:58,345 - simple_example - INFO - ##############################################
2022-07-29 02:52:58,345 - simple_example - INFO - difference state at round 3: 
2022-07-29 02:52:58,345 - simple_example - INFO - 0x00000000 
2022-07-29 02:52:58,345 - simple_example - INFO - 0x00000201 
2022-07-29 02:52:58,345 - simple_example - INFO - 0x00000100 
2022-07-29 02:52:58,345 - simple_example - INFO - 0x00402000 
2022-07-29 02:52:58,345 - simple_example - INFO - 0x00402000 
2022-07-29 02:52:58,345 - simple_example - INFO - 0x00000000 
2022-07-29 02:52:58,345 - simple_example - INFO - 0x00000201 
2022-07-29 02:52:58,346 - simple_example - INFO - 0x00000000 
2022-07-29 02:52:58,346 - simple_example - INFO - 0x00000040 
2022-07-29 02:52:58,346 - simple_example - INFO - 0x00100800 
2022-07-29 02:52:58,346 - simple_example - INFO - 0x00000000 
2022-07-29 02:52:58,346 - simple_example - INFO - 0x01000002 
2022-07-29 02:52:58,346 - simple_example - INFO - ##############################################
2022-07-29 02:52:58,346 - simple_example - INFO - input X state at round 3: 
2022-07-29 02:52:58,346 - simple_example - INFO - 0xa4cf2f02 
2022-07-29 02:52:58,346 - simple_example - INFO - 0xf385e463 
2022-07-29 02:52:58,346 - simple_example - INFO - 0xc066328f 
2022-07-29 02:52:58,346 - simple_example - INFO - 0x0e60a2ed 
2022-07-29 02:52:58,346 - simple_example - INFO - 0x7cfb8a5b 
2022-07-29 02:52:58,347 - simple_example - INFO - 0x1dbcec1c 
2022-07-29 02:52:58,347 - simple_example - INFO - 0x7e4e8c81 
2022-07-29 02:52:58,347 - simple_example - INFO - 0x579d92ff 
2022-07-29 02:52:58,347 - simple_example - INFO - 0x693a457b 
2022-07-29 02:52:58,347 - simple_example - INFO - 0x25482265 
2022-07-29 02:52:58,347 - simple_example - INFO - 0x26942138 
2022-07-29 02:52:58,347 - simple_example - INFO - 0x61c5a189 
2022-07-29 02:52:58,347 - simple_example - INFO - ##############################################
2022-07-29 02:52:58,347 - simple_example - INFO - input Y state at round 3: 
2022-07-29 02:52:58,347 - simple_example - INFO - 0xa4cf2f02 
2022-07-29 02:52:58,347 - simple_example - INFO - 0xf385e662 
2022-07-29 02:52:58,347 - simple_example - INFO - 0xc066338f 
2022-07-29 02:52:58,347 - simple_example - INFO - 0x0e2082ed 
2022-07-29 02:52:58,348 - simple_example - INFO - 0x7cbbaa5b 
2022-07-29 02:52:58,348 - simple_example - INFO - 0x1dbcec1c 
2022-07-29 02:52:58,348 - simple_example - INFO - 0x7e4e8e80 
2022-07-29 02:52:58,348 - simple_example - INFO - 0x579d92ff 
2022-07-29 02:52:58,348 - simple_example - INFO - 0x693a453b 
2022-07-29 02:52:58,348 - simple_example - INFO - 0x25582a65 
2022-07-29 02:52:58,348 - simple_example - INFO - 0x26942138 
2022-07-29 02:52:58,348 - simple_example - INFO - 0x60c5a18b 
2022-07-29 02:52:58,349 - simple_example - INFO - check over
