nohup: ignoring input
2022-07-29 02:49:41,638 - simple_example - INFO - ##############################################
2022-07-29 02:49:41,638 - simple_example - INFO - difference state at round 0: 
2022-07-29 02:49:41,638 - simple_example - INFO - 0x00000000 
2022-07-29 02:49:41,638 - simple_example - INFO - 0x00000000 
2022-07-29 02:49:41,638 - simple_example - INFO - 0x00000000 
2022-07-29 02:49:41,638 - simple_example - INFO - 0x00000000 
2022-07-29 02:49:41,638 - simple_example - INFO - 0x00000000 
2022-07-29 02:49:41,638 - simple_example - INFO - 0x00000000 
2022-07-29 02:49:41,639 - simple_example - INFO - 0x00000080 
2022-07-29 02:49:41,639 - simple_example - INFO - 0x00000000 
2022-07-29 02:49:41,639 - simple_example - INFO - 0x00000001 
2022-07-29 02:49:41,639 - simple_example - INFO - 0x00000000 
2022-07-29 02:49:41,639 - simple_example - INFO - 0x00000000 
2022-07-29 02:49:41,639 - simple_example - INFO - 0x00000000 
2022-07-29 02:49:41,639 - simple_example - INFO - ##############################################
2022-07-29 02:49:41,639 - simple_example - INFO - input X state at round 0: 
2022-07-29 02:49:41,639 - simple_example - INFO - 0xfe518252 
2022-07-29 02:49:41,639 - simple_example - INFO - 0xbd8ce600 
2022-07-29 02:49:41,639 - simple_example - INFO - 0xff7524d7 
2022-07-29 02:49:41,639 - simple_example - INFO - 0x0a250b5e 
2022-07-29 02:49:41,639 - simple_example - INFO - 0xee299823 
2022-07-29 02:49:41,639 - simple_example - INFO - 0xb23e3283 
2022-07-29 02:49:41,639 - simple_example - INFO - 0xecd1ba1d 
2022-07-29 02:49:41,639 - simple_example - INFO - 0x6db528a5 
2022-07-29 02:49:41,640 - simple_example - INFO - 0xcd66b57e 
2022-07-29 02:49:41,640 - simple_example - INFO - 0x5c846c0a 
2022-07-29 02:49:41,640 - simple_example - INFO - 0x11017b10 
2022-07-29 02:49:41,640 - simple_example - INFO - 0xfa114ef8 
2022-07-29 02:49:41,640 - simple_example - INFO - ##############################################
2022-07-29 02:49:41,640 - simple_example - INFO - input Y state at round 0: 
2022-07-29 02:49:41,640 - simple_example - INFO - 0xfe518252 
2022-07-29 02:49:41,640 - simple_example - INFO - 0xbd8ce600 
2022-07-29 02:49:41,640 - simple_example - INFO - 0xff7524d7 
2022-07-29 02:49:41,640 - simple_example - INFO - 0x0a250b5e 
2022-07-29 02:49:41,640 - simple_example - INFO - 0xee299823 
2022-07-29 02:49:41,640 - simple_example - INFO - 0xb23e3283 
2022-07-29 02:49:41,640 - simple_example - INFO - 0xecd1ba9d 
2022-07-29 02:49:41,640 - simple_example - INFO - 0x6db528a5 
2022-07-29 02:49:41,641 - simple_example - INFO - 0xcd66b57f 
2022-07-29 02:49:41,641 - simple_example - INFO - 0x5c846c0a 
2022-07-29 02:49:41,641 - simple_example - INFO - 0x11017b10 
2022-07-29 02:49:41,641 - simple_example - INFO - 0xfa114ef8 
2022-07-29 02:49:41,641 - simple_example - INFO - start round function
2022-07-29 02:49:41,642 - simple_example - INFO - ##############################################
2022-07-29 02:49:41,642 - simple_example - INFO - difference state at round 1: 
2022-07-29 02:49:41,642 - simple_example - INFO - 0x00000000 
2022-07-29 02:49:41,642 - simple_example - INFO - 0x00000000 
2022-07-29 02:49:41,642 - simple_example - INFO - 0x00000000 
2022-07-29 02:49:41,642 - simple_example - INFO - 0x00000000 
2022-07-29 02:49:41,643 - simple_example - INFO - 0x00000000 
2022-07-29 02:49:41,643 - simple_example - INFO - 0x00000000 
2022-07-29 02:49:41,643 - simple_example - INFO - 0x00000080 
2022-07-29 02:49:41,643 - simple_example - INFO - 0x00000000 
2022-07-29 02:49:41,643 - simple_example - INFO - 0x00000001 
2022-07-29 02:49:41,643 - simple_example - INFO - 0x00000000 
2022-07-29 02:49:41,643 - simple_example - INFO - 0x00000000 
2022-07-29 02:49:41,643 - simple_example - INFO - 0x00000000 
2022-07-29 02:49:41,643 - simple_example - INFO - ##############################################
2022-07-29 02:49:41,643 - simple_example - INFO - input X state at round 1: 
2022-07-29 02:49:41,643 - simple_example - INFO - 0xff17a70e 
2022-07-29 02:49:41,643 - simple_example - INFO - 0xf10caa08 
2022-07-29 02:49:41,643 - simple_example - INFO - 0xee7565d7 
2022-07-29 02:49:41,643 - simple_example - INFO - 0x98254d06 
2022-07-29 02:49:41,643 - simple_example - INFO - 0xdc389a23 
2022-07-29 02:49:41,644 - simple_example - INFO - 0x1336b083 
2022-07-29 02:49:41,644 - simple_example - INFO - 0x02a5beda 
2022-07-29 02:49:41,644 - simple_example - INFO - 0x6d9129a3 
2022-07-29 02:49:41,644 - simple_example - INFO - 0xcd4ead5f 
2022-07-29 02:49:41,644 - simple_example - INFO - 0x5eb67c89 
2022-07-29 02:49:41,644 - simple_example - INFO - 0x1181e118 
2022-07-29 02:49:41,644 - simple_example - INFO - 0x9f816e59 
2022-07-29 02:49:41,644 - simple_example - INFO - ##############################################
2022-07-29 02:49:41,644 - simple_example - INFO - input Y state at round 1: 
2022-07-29 02:49:41,644 - simple_example - INFO - 0xff17a70e 
2022-07-29 02:49:41,644 - simple_example - INFO - 0xf10caa08 
2022-07-29 02:49:41,644 - simple_example - INFO - 0xee7565d7 
2022-07-29 02:49:41,644 - simple_example - INFO - 0x98254d06 
2022-07-29 02:49:41,644 - simple_example - INFO - 0xdc389a23 
2022-07-29 02:49:41,644 - simple_example - INFO - 0x1336b083 
2022-07-29 02:49:41,645 - simple_example - INFO - 0x02a5be5a 
2022-07-29 02:49:41,645 - simple_example - INFO - 0x6d9129a3 
2022-07-29 02:49:41,645 - simple_example - INFO - 0xcd4ead5e 
2022-07-29 02:49:41,645 - simple_example - INFO - 0x5eb67c89 
2022-07-29 02:49:41,645 - simple_example - INFO - 0x1181e118 
2022-07-29 02:49:41,645 - simple_example - INFO - 0x9f816e59 
2022-07-29 02:49:41,648 - simple_example - INFO - ##############################################
2022-07-29 02:49:41,648 - simple_example - INFO - difference state at round 2: 
2022-07-29 02:49:41,648 - simple_example - INFO - 0x00000000 
2022-07-29 02:49:41,648 - simple_example - INFO - 0x00000000 
2022-07-29 02:49:41,648 - simple_example - INFO - 0x00000000 
2022-07-29 02:49:41,648 - simple_example - INFO - 0x00000000 
2022-07-29 02:49:41,648 - simple_example - INFO - 0x00000000 
2022-07-29 02:49:41,648 - simple_example - INFO - 0x00000000 
2022-07-29 02:49:41,648 - simple_example - INFO - 0x00000000 
2022-07-29 02:49:41,648 - simple_example - INFO - 0x00000100 
2022-07-29 02:49:41,648 - simple_example - INFO - 0x00000000 
2022-07-29 02:49:41,648 - simple_example - INFO - 0x00000000 
2022-07-29 02:49:41,648 - simple_example - INFO - 0x00080000 
2022-07-29 02:49:41,649 - simple_example - INFO - 0x00000000 
2022-07-29 02:49:41,649 - simple_example - INFO - ##############################################
2022-07-29 02:49:41,649 - simple_example - INFO - input X state at round 2: 
2022-07-29 02:49:41,649 - simple_example - INFO - 0xb7b679be 
2022-07-29 02:49:41,649 - simple_example - INFO - 0xcb32e5a9 
2022-07-29 02:49:41,649 - simple_example - INFO - 0x01a2623e 
2022-07-29 02:49:41,649 - simple_example - INFO - 0x25041514 
2022-07-29 02:49:41,649 - simple_example - INFO - 0xad237e52 
2022-07-29 02:49:41,649 - simple_example - INFO - 0x71e6aae6 
2022-07-29 02:49:41,649 - simple_example - INFO - 0x156a7b9f 
2022-07-29 02:49:41,649 - simple_example - INFO - 0x211d7b0d 
2022-07-29 02:49:41,649 - simple_example - INFO - 0xaa35881a 
2022-07-29 02:49:41,649 - simple_example - INFO - 0x78dd3fdc 
2022-07-29 02:49:41,649 - simple_example - INFO - 0xce8b3ade 
2022-07-29 02:49:41,649 - simple_example - INFO - 0xfeb61ca6 
2022-07-29 02:49:41,649 - simple_example - INFO - ##############################################
2022-07-29 02:49:41,650 - simple_example - INFO - input Y state at round 2: 
2022-07-29 02:49:41,650 - simple_example - INFO - 0xb7b679be 
2022-07-29 02:49:41,650 - simple_example - INFO - 0xcb32e5a9 
2022-07-29 02:49:41,650 - simple_example - INFO - 0x01a2623e 
2022-07-29 02:49:41,650 - simple_example - INFO - 0x25041514 
2022-07-29 02:49:41,650 - simple_example - INFO - 0xad237e52 
2022-07-29 02:49:41,650 - simple_example - INFO - 0x71e6aae6 
2022-07-29 02:49:41,650 - simple_example - INFO - 0x156a7b9f 
2022-07-29 02:49:41,650 - simple_example - INFO - 0x211d7a0d 
2022-07-29 02:49:41,650 - simple_example - INFO - 0xaa35881a 
2022-07-29 02:49:41,650 - simple_example - INFO - 0x78dd3fdc 
2022-07-29 02:49:41,650 - simple_example - INFO - 0xce833ade 
2022-07-29 02:49:41,650 - simple_example - INFO - 0xfeb61ca6 
2022-07-29 02:49:41,653 - simple_example - INFO - ##############################################
2022-07-29 02:49:41,653 - simple_example - INFO - difference state at round 3: 
2022-07-29 02:49:41,653 - simple_example - INFO - 0x00804000 
2022-07-29 02:49:41,653 - simple_example - INFO - 0x00000201 
2022-07-29 02:49:41,653 - simple_example - INFO - 0x00000000 
2022-07-29 02:49:41,653 - simple_example - INFO - 0x00000000 
2022-07-29 02:49:41,653 - simple_example - INFO - 0x00000200 
2022-07-29 02:49:41,654 - simple_example - INFO - 0x00804000 
2022-07-29 02:49:41,654 - simple_example - INFO - 0x00000201 
2022-07-29 02:49:41,654 - simple_example - INFO - 0x00000000 
2022-07-29 02:49:41,654 - simple_example - INFO - 0x02000044 
2022-07-29 02:49:41,654 - simple_example - INFO - 0x00100800 
2022-07-29 02:49:41,654 - simple_example - INFO - 0x00000000 
2022-07-29 02:49:41,654 - simple_example - INFO - 0x00000000 
2022-07-29 02:49:41,654 - simple_example - INFO - ##############################################
2022-07-29 02:49:41,654 - simple_example - INFO - input X state at round 3: 
2022-07-29 02:49:41,654 - simple_example - INFO - 0xb8b87229 
2022-07-29 02:49:41,654 - simple_example - INFO - 0x848fc5ba 
2022-07-29 02:49:41,654 - simple_example - INFO - 0x59665fd5 
2022-07-29 02:49:41,654 - simple_example - INFO - 0x5d5b43e0 
2022-07-29 02:49:41,654 - simple_example - INFO - 0x8609b6ef 
2022-07-29 02:49:41,654 - simple_example - INFO - 0xd53c7cc0 
2022-07-29 02:49:41,655 - simple_example - INFO - 0xb4772047 
2022-07-29 02:49:41,655 - simple_example - INFO - 0x6b1b8115 
2022-07-29 02:49:41,655 - simple_example - INFO - 0x02f548e0 
2022-07-29 02:49:41,655 - simple_example - INFO - 0x451f3f8d 
2022-07-29 02:49:41,655 - simple_example - INFO - 0xc5622960 
2022-07-29 02:49:41,655 - simple_example - INFO - 0x0774a51d 
2022-07-29 02:49:41,655 - simple_example - INFO - ##############################################
2022-07-29 02:49:41,655 - simple_example - INFO - input Y state at round 3: 
2022-07-29 02:49:41,655 - simple_example - INFO - 0xb8383229 
2022-07-29 02:49:41,655 - simple_example - INFO - 0x848fc7bb 
2022-07-29 02:49:41,655 - simple_example - INFO - 0x59665fd5 
2022-07-29 02:49:41,655 - simple_example - INFO - 0x5d5b43e0 
2022-07-29 02:49:41,655 - simple_example - INFO - 0x8609b4ef 
2022-07-29 02:49:41,655 - simple_example - INFO - 0xd5bc3cc0 
2022-07-29 02:49:41,656 - simple_example - INFO - 0xb4772246 
2022-07-29 02:49:41,656 - simple_example - INFO - 0x6b1b8115 
2022-07-29 02:49:41,656 - simple_example - INFO - 0x00f548a4 
2022-07-29 02:49:41,656 - simple_example - INFO - 0x450f378d 
2022-07-29 02:49:41,656 - simple_example - INFO - 0xc5622960 
2022-07-29 02:49:41,656 - simple_example - INFO - 0x0774a51d 
2022-07-29 02:49:41,657 - simple_example - INFO - check over
