nohup: ignoring input
2022-07-29 02:55:59,603 - simple_example - INFO - ##############################################
2022-07-29 02:55:59,603 - simple_example - INFO - difference state at round 0: 
2022-07-29 02:55:59,603 - simple_example - INFO - 0x04000000 
2022-07-29 02:55:59,603 - simple_example - INFO - 0x00000000 
2022-07-29 02:55:59,603 - simple_example - INFO - 0x00000000 
2022-07-29 02:55:59,603 - simple_example - INFO - 0x00000100 
2022-07-29 02:55:59,603 - simple_example - INFO - 0x02000000 
2022-07-29 02:55:59,603 - simple_example - INFO - 0x00000000 
2022-07-29 02:55:59,603 - simple_example - INFO - 0x00000040 
2022-07-29 02:55:59,603 - simple_example - INFO - 0x00000000 
2022-07-29 02:55:59,603 - simple_example - INFO - 0x80000000 
2022-07-29 02:55:59,603 - simple_example - INFO - 0x00000001 
2022-07-29 02:55:59,604 - simple_example - INFO - 0x00000000 
2022-07-29 02:55:59,604 - simple_example - INFO - 0x00000000 
2022-07-29 02:55:59,604 - simple_example - INFO - ##############################################
2022-07-29 02:55:59,604 - simple_example - INFO - input X state at round 0: 
2022-07-29 02:55:59,604 - simple_example - INFO - 0x02003012 
2022-07-29 02:55:59,604 - simple_example - INFO - 0xc70546a6 
2022-07-29 02:55:59,604 - simple_example - INFO - 0x93480448 
2022-07-29 02:55:59,604 - simple_example - INFO - 0x143ac404 
2022-07-29 02:55:59,604 - simple_example - INFO - 0x80001012 
2022-07-29 02:55:59,604 - simple_example - INFO - 0x00420009 
2022-07-29 02:55:59,604 - simple_example - INFO - 0x41080000 
2022-07-29 02:55:59,604 - simple_example - INFO - 0x20050401 
2022-07-29 02:55:59,604 - simple_example - INFO - 0x04102000 
2022-07-29 02:55:59,604 - simple_example - INFO - 0xc74546a6 
2022-07-29 02:55:59,604 - simple_example - INFO - 0xd2401408 
2022-07-29 02:55:59,605 - simple_example - INFO - 0x143fc107 
2022-07-29 02:55:59,605 - simple_example - INFO - ##############################################
2022-07-29 02:55:59,605 - simple_example - INFO - input Y state at round 0: 
2022-07-29 02:55:59,605 - simple_example - INFO - 0x06003012 
2022-07-29 02:55:59,605 - simple_example - INFO - 0xc70546a6 
2022-07-29 02:55:59,605 - simple_example - INFO - 0x93480448 
2022-07-29 02:55:59,605 - simple_example - INFO - 0x143ac504 
2022-07-29 02:55:59,605 - simple_example - INFO - 0x82001012 
2022-07-29 02:55:59,605 - simple_example - INFO - 0x00420009 
2022-07-29 02:55:59,605 - simple_example - INFO - 0x41080040 
2022-07-29 02:55:59,605 - simple_example - INFO - 0x20050401 
2022-07-29 02:55:59,605 - simple_example - INFO - 0x84102000 
2022-07-29 02:55:59,605 - simple_example - INFO - 0xc74546a7 
2022-07-29 02:55:59,605 - simple_example - INFO - 0xd2401408 
2022-07-29 02:55:59,606 - simple_example - INFO - 0x143fc107 
2022-07-29 02:55:59,606 - simple_example - INFO - start round function
2022-07-29 02:55:59,607 - simple_example - INFO - ##############################################
2022-07-29 02:55:59,607 - simple_example - INFO - difference state at round 1: 
2022-07-29 02:55:59,607 - simple_example - INFO - 0x04000000 
2022-07-29 02:55:59,607 - simple_example - INFO - 0x00000000 
2022-07-29 02:55:59,607 - simple_example - INFO - 0x00000000 
2022-07-29 02:55:59,607 - simple_example - INFO - 0x00000100 
2022-07-29 02:55:59,607 - simple_example - INFO - 0x02000000 
2022-07-29 02:55:59,607 - simple_example - INFO - 0x00000000 
2022-07-29 02:55:59,608 - simple_example - INFO - 0x00000040 
2022-07-29 02:55:59,608 - simple_example - INFO - 0x00000000 
2022-07-29 02:55:59,608 - simple_example - INFO - 0x80000000 
2022-07-29 02:55:59,608 - simple_example - INFO - 0x00000001 
2022-07-29 02:55:59,608 - simple_example - INFO - 0x00000000 
2022-07-29 02:55:59,608 - simple_example - INFO - 0x00000000 
2022-07-29 02:55:59,608 - simple_example - INFO - ##############################################
2022-07-29 02:55:59,608 - simple_example - INFO - input X state at round 1: 
2022-07-29 02:55:59,608 - simple_example - INFO - 0x06101012 
2022-07-29 02:55:59,608 - simple_example - INFO - 0x00000000 
2022-07-29 02:55:59,608 - simple_example - INFO - 0x01081040 
2022-07-29 02:55:59,608 - simple_example - INFO - 0x00000502 
2022-07-29 02:55:59,608 - simple_example - INFO - 0x82000000 
2022-07-29 02:55:59,608 - simple_example - INFO - 0x00420009 
2022-07-29 02:55:59,608 - simple_example - INFO - 0x40000040 
2022-07-29 02:55:59,609 - simple_example - INFO - 0x20050001 
2022-07-29 02:55:59,609 - simple_example - INFO - 0x84102000 
2022-07-29 02:55:59,609 - simple_example - INFO - 0xc70746af 
2022-07-29 02:55:59,609 - simple_example - INFO - 0x92401408 
2022-07-29 02:55:59,609 - simple_example - INFO - 0x343ac106 
2022-07-29 02:55:59,609 - simple_example - INFO - ##############################################
2022-07-29 02:55:59,609 - simple_example - INFO - input Y state at round 1: 
2022-07-29 02:55:59,609 - simple_example - INFO - 0x02101012 
2022-07-29 02:55:59,609 - simple_example - INFO - 0x00000000 
2022-07-29 02:55:59,609 - simple_example - INFO - 0x01081040 
2022-07-29 02:55:59,609 - simple_example - INFO - 0x00000402 
2022-07-29 02:55:59,609 - simple_example - INFO - 0x80000000 
2022-07-29 02:55:59,609 - simple_example - INFO - 0x00420009 
2022-07-29 02:55:59,609 - simple_example - INFO - 0x40000000 
2022-07-29 02:55:59,609 - simple_example - INFO - 0x20050001 
2022-07-29 02:55:59,610 - simple_example - INFO - 0x04102000 
2022-07-29 02:55:59,610 - simple_example - INFO - 0xc70746ae 
2022-07-29 02:55:59,610 - simple_example - INFO - 0x92401408 
2022-07-29 02:55:59,610 - simple_example - INFO - 0x343ac106 
2022-07-29 02:55:59,612 - simple_example - INFO - ##############################################
2022-07-29 02:55:59,612 - simple_example - INFO - difference state at round 2: 
2022-07-29 02:55:59,613 - simple_example - INFO - 0x04000000 
2022-07-29 02:55:59,613 - simple_example - INFO - 0x00000000 
2022-07-29 02:55:59,613 - simple_example - INFO - 0x00000000 
2022-07-29 02:55:59,613 - simple_example - INFO - 0x00000100 
2022-07-29 02:55:59,613 - simple_example - INFO - 0x00000000 
2022-07-29 02:55:59,613 - simple_example - INFO - 0x04000000 
2022-07-29 02:55:59,613 - simple_example - INFO - 0x00000000 
2022-07-29 02:55:59,613 - simple_example - INFO - 0x00000080 
2022-07-29 02:55:59,613 - simple_example - INFO - 0x00000000 
2022-07-29 02:55:59,613 - simple_example - INFO - 0x00000000 
2022-07-29 02:55:59,613 - simple_example - INFO - 0x00040000 
2022-07-29 02:55:59,613 - simple_example - INFO - 0x00080000 
2022-07-29 02:55:59,613 - simple_example - INFO - ##############################################
2022-07-29 02:55:59,613 - simple_example - INFO - input X state at round 2: 
2022-07-29 02:55:59,613 - simple_example - INFO - 0x4130d910 
2022-07-29 02:55:59,614 - simple_example - INFO - 0x56b32268 
2022-07-29 02:55:59,614 - simple_example - INFO - 0x0071ca56 
2022-07-29 02:55:59,614 - simple_example - INFO - 0x050398fa 
2022-07-29 02:55:59,614 - simple_example - INFO - 0x2029bdda 
2022-07-29 02:55:59,614 - simple_example - INFO - 0x83a78932 
2022-07-29 02:55:59,614 - simple_example - INFO - 0x46060aad 
2022-07-29 02:55:59,614 - simple_example - INFO - 0x882a4a1e 
2022-07-29 02:55:59,614 - simple_example - INFO - 0xa40468d3 
2022-07-29 02:55:59,614 - simple_example - INFO - 0x933062f1 
2022-07-29 02:55:59,614 - simple_example - INFO - 0x0c509061 
2022-07-29 02:55:59,614 - simple_example - INFO - 0x2430bb36 
2022-07-29 02:55:59,614 - simple_example - INFO - ##############################################
2022-07-29 02:55:59,614 - simple_example - INFO - input Y state at round 2: 
2022-07-29 02:55:59,614 - simple_example - INFO - 0x4530d910 
2022-07-29 02:55:59,615 - simple_example - INFO - 0x56b32268 
2022-07-29 02:55:59,615 - simple_example - INFO - 0x0071ca56 
2022-07-29 02:55:59,615 - simple_example - INFO - 0x050399fa 
2022-07-29 02:55:59,615 - simple_example - INFO - 0x2029bdda 
2022-07-29 02:55:59,615 - simple_example - INFO - 0x87a78932 
2022-07-29 02:55:59,615 - simple_example - INFO - 0x46060aad 
2022-07-29 02:55:59,615 - simple_example - INFO - 0x882a4a9e 
2022-07-29 02:55:59,615 - simple_example - INFO - 0xa40468d3 
2022-07-29 02:55:59,615 - simple_example - INFO - 0x933062f1 
2022-07-29 02:55:59,615 - simple_example - INFO - 0x0c549061 
2022-07-29 02:55:59,615 - simple_example - INFO - 0x2438bb36 
2022-07-29 02:55:59,618 - simple_example - INFO - ##############################################
2022-07-29 02:55:59,618 - simple_example - INFO - difference state at round 3: 
2022-07-29 02:55:59,618 - simple_example - INFO - 0x04000000 
2022-07-29 02:55:59,618 - simple_example - INFO - 0x00000000 
2022-07-29 02:55:59,618 - simple_example - INFO - 0x00000000 
2022-07-29 02:55:59,618 - simple_example - INFO - 0x00000100 
2022-07-29 02:55:59,618 - simple_example - INFO - 0x00000100 
2022-07-29 02:55:59,618 - simple_example - INFO - 0x00000000 
2022-07-29 02:55:59,618 - simple_example - INFO - 0x08000000 
2022-07-29 02:55:59,618 - simple_example - INFO - 0x00000000 
2022-07-29 02:55:59,619 - simple_example - INFO - 0x00000020 
2022-07-29 02:55:59,619 - simple_example - INFO - 0x00000040 
2022-07-29 02:55:59,619 - simple_example - INFO - 0x00000000 
2022-07-29 02:55:59,619 - simple_example - INFO - 0x00000000 
2022-07-29 02:55:59,619 - simple_example - INFO - ##############################################
2022-07-29 02:55:59,619 - simple_example - INFO - input X state at round 3: 
2022-07-29 02:55:59,619 - simple_example - INFO - 0x1eda755b 
2022-07-29 02:55:59,619 - simple_example - INFO - 0xda23449e 
2022-07-29 02:55:59,619 - simple_example - INFO - 0xfb39db43 
2022-07-29 02:55:59,619 - simple_example - INFO - 0x4e981c66 
2022-07-29 02:55:59,619 - simple_example - INFO - 0x59177239 
2022-07-29 02:55:59,619 - simple_example - INFO - 0x09b89873 
2022-07-29 02:55:59,619 - simple_example - INFO - 0x20d46310 
2022-07-29 02:55:59,619 - simple_example - INFO - 0x61ee8c47 
2022-07-29 02:55:59,619 - simple_example - INFO - 0x97132e6b 
2022-07-29 02:55:59,620 - simple_example - INFO - 0x4b220f90 
2022-07-29 02:55:59,620 - simple_example - INFO - 0x12b2ef78 
2022-07-29 02:55:59,620 - simple_example - INFO - 0x6b52bb8e 
2022-07-29 02:55:59,620 - simple_example - INFO - ##############################################
2022-07-29 02:55:59,620 - simple_example - INFO - input Y state at round 3: 
2022-07-29 02:55:59,620 - simple_example - INFO - 0x1ada755b 
2022-07-29 02:55:59,620 - simple_example - INFO - 0xda23449e 
2022-07-29 02:55:59,620 - simple_example - INFO - 0xfb39db43 
2022-07-29 02:55:59,620 - simple_example - INFO - 0x4e981d66 
2022-07-29 02:55:59,620 - simple_example - INFO - 0x59177339 
2022-07-29 02:55:59,620 - simple_example - INFO - 0x09b89873 
2022-07-29 02:55:59,620 - simple_example - INFO - 0x28d46310 
2022-07-29 02:55:59,620 - simple_example - INFO - 0x61ee8c47 
2022-07-29 02:55:59,620 - simple_example - INFO - 0x97132e4b 
2022-07-29 02:55:59,621 - simple_example - INFO - 0x4b220fd0 
2022-07-29 02:55:59,621 - simple_example - INFO - 0x12b2ef78 
2022-07-29 02:55:59,621 - simple_example - INFO - 0x6b52bb8e 
2022-07-29 02:55:59,622 - simple_example - INFO - check over
