nohup: ignoring input
c: 2022-07-11 23:18:29,785 - 4rkeccak_w133 - INFO - ##############################################
c: 2022-07-11 23:18:29,785 - 4rkeccak_w133 - INFO - difference state at round 0: 
c: 2022-07-11 23:18:29,785 - 4rkeccak_w133 - INFO - 0x0000000000000004 
c: 2022-07-11 23:18:29,785 - 4rkeccak_w133 - INFO - 0x0000000000000000 
c: 2022-07-11 23:18:29,785 - 4rkeccak_w133 - INFO - 0x0000000000000000 
c: 2022-07-11 23:18:29,786 - 4rkeccak_w133 - INFO - 0x0000000000000002 
c: 2022-07-11 23:18:29,786 - 4rkeccak_w133 - INFO - 0x0000000000000008 
c: 2022-07-11 23:18:29,786 - 4rkeccak_w133 - INFO - 0x0000000000000004 
c: 2022-07-11 23:18:29,786 - 4rkeccak_w133 - INFO - 0x0000000000000000 
c: 2022-07-11 23:18:29,786 - 4rkeccak_w133 - INFO - 0x0000000000000000 
c: 2022-07-11 23:18:29,786 - 4rkeccak_w133 - INFO - 0x0000000000000002 
c: 2022-07-11 23:18:29,786 - 4rkeccak_w133 - INFO - 0x0000000000000008 
c: 2022-07-11 23:18:29,786 - 4rkeccak_w133 - INFO - 0x0000000000000004 
c: 2022-07-11 23:18:29,786 - 4rkeccak_w133 - INFO - 0x0000000000000000 
c: 2022-07-11 23:18:29,786 - 4rkeccak_w133 - INFO - 0x0000000000000000 
c: 2022-07-11 23:18:29,787 - 4rkeccak_w133 - INFO - 0x0000000000000002 
c: 2022-07-11 23:18:29,787 - 4rkeccak_w133 - INFO - 0x0000000000000008 
c: 2022-07-11 23:18:29,787 - 4rkeccak_w133 - INFO - 0x0000000000000004 
c: 2022-07-11 23:18:29,787 - 4rkeccak_w133 - INFO - 0x0000000000000000 
c: 2022-07-11 23:18:29,787 - 4rkeccak_w133 - INFO - 0x1000000000000000 
c: 2022-07-11 23:18:29,787 - 4rkeccak_w133 - INFO - 0x0000000000000002 
c: 2022-07-11 23:18:29,787 - 4rkeccak_w133 - INFO - 0x0000000000000000 
c: 2022-07-11 23:18:29,787 - 4rkeccak_w133 - INFO - 0x0000000000000004 
c: 2022-07-11 23:18:29,787 - 4rkeccak_w133 - INFO - 0x0000000000000000 
c: 2022-07-11 23:18:29,787 - 4rkeccak_w133 - INFO - 0x1000000000000002 
c: 2022-07-11 23:18:29,788 - 4rkeccak_w133 - INFO - 0x0000000000000000 
c: 2022-07-11 23:18:29,788 - 4rkeccak_w133 - INFO - 0x0000000000000008 
c: 2022-07-11 23:18:29,788 - 4rkeccak_w133 - INFO - ##############################################
c: 2022-07-11 23:18:29,788 - 4rkeccak_w133 - INFO - input X state at round 0: 
c: 2022-07-11 23:18:29,788 - 4rkeccak_w133 - INFO - 0x315671d0d0071602 
c: 2022-07-11 23:18:29,788 - 4rkeccak_w133 - INFO - 0x42fd1c41f82b838b 
c: 2022-07-11 23:18:29,788 - 4rkeccak_w133 - INFO - 0x889cdc68f9955a8a 
c: 2022-07-11 23:18:29,788 - 4rkeccak_w133 - INFO - 0x09687aad0335ab19 
c: 2022-07-11 23:18:29,788 - 4rkeccak_w133 - INFO - 0x22c4588ab8ff3e66 
c: 2022-07-11 23:18:29,788 - 4rkeccak_w133 - INFO - 0x3b9e4c0062cdcfc0 
c: 2022-07-11 23:18:29,789 - 4rkeccak_w133 - INFO - 0x5cf91c118a6b9d29 
c: 2022-07-11 23:18:29,789 - 4rkeccak_w133 - INFO - 0x6a02da273a3c06eb 
c: 2022-07-11 23:18:29,789 - 4rkeccak_w133 - INFO - 0xf4a05ed9a49cae3a 
c: 2022-07-11 23:18:29,789 - 4rkeccak_w133 - INFO - 0xaec18c639c6f7a8e 
c: 2022-07-11 23:18:29,789 - 4rkeccak_w133 - INFO - 0x0aec05b00e3d51c0 
c: 2022-07-11 23:18:29,789 - 4rkeccak_w133 - INFO - 0x5e6993b7cab8dc03 
c: 2022-07-11 23:18:29,789 - 4rkeccak_w133 - INFO - 0x98fea95e6a2fb529 
c: 2022-07-11 23:18:29,789 - 4rkeccak_w133 - INFO - 0x05058568b40ea8cf 
c: 2022-07-11 23:18:29,789 - 4rkeccak_w133 - INFO - 0xcd8777e845686eae 
c: 2022-07-11 23:18:29,789 - 4rkeccak_w133 - INFO - 0x9b85ebd1b9ab6716 
c: 2022-07-11 23:18:29,790 - 4rkeccak_w133 - INFO - 0xfd65f99a6f278aa0 
c: 2022-07-11 23:18:29,790 - 4rkeccak_w133 - INFO - 0x3c55b89a8c46af0f 
c: 2022-07-11 23:18:29,790 - 4rkeccak_w133 - INFO - 0x050fad93c11d356c 
c: 2022-07-11 23:18:29,790 - 4rkeccak_w133 - INFO - 0x2baf07920fdec3af 
c: 2022-07-11 23:18:29,790 - 4rkeccak_w133 - INFO - 0xdfe99de2b880f360 
c: 2022-07-11 23:18:29,790 - 4rkeccak_w133 - INFO - 0x55e35833d55f5c2a 
c: 2022-07-11 23:18:29,790 - 4rkeccak_w133 - INFO - 0xf5b1745d702e2291 
c: 2022-07-11 23:18:29,790 - 4rkeccak_w133 - INFO - 0x2db565d2c98140cd 
c: 2022-07-11 23:18:29,790 - 4rkeccak_w133 - INFO - 0x29e6612766e261d6 
c: 2022-07-11 23:18:29,791 - 4rkeccak_w133 - INFO - ##############################################
c: 2022-07-11 23:18:29,791 - 4rkeccak_w133 - INFO - input Y state at round 0: 
c: 2022-07-11 23:18:29,791 - 4rkeccak_w133 - INFO - 0x315671d0d0071606 
c: 2022-07-11 23:18:29,791 - 4rkeccak_w133 - INFO - 0x42fd1c41f82b838b 
c: 2022-07-11 23:18:29,791 - 4rkeccak_w133 - INFO - 0x889cdc68f9955a8a 
c: 2022-07-11 23:18:29,791 - 4rkeccak_w133 - INFO - 0x09687aad0335ab1b 
c: 2022-07-11 23:18:29,791 - 4rkeccak_w133 - INFO - 0x22c4588ab8ff3e6e 
c: 2022-07-11 23:18:29,791 - 4rkeccak_w133 - INFO - 0x3b9e4c0062cdcfc4 
c: 2022-07-11 23:18:29,791 - 4rkeccak_w133 - INFO - 0x5cf91c118a6b9d29 
c: 2022-07-11 23:18:29,791 - 4rkeccak_w133 - INFO - 0x6a02da273a3c06eb 
c: 2022-07-11 23:18:29,792 - 4rkeccak_w133 - INFO - 0xf4a05ed9a49cae38 
c: 2022-07-11 23:18:29,792 - 4rkeccak_w133 - INFO - 0xaec18c639c6f7a86 
c: 2022-07-11 23:18:29,792 - 4rkeccak_w133 - INFO - 0x0aec05b00e3d51c4 
c: 2022-07-11 23:18:29,792 - 4rkeccak_w133 - INFO - 0x5e6993b7cab8dc03 
c: 2022-07-11 23:18:29,792 - 4rkeccak_w133 - INFO - 0x98fea95e6a2fb529 
c: 2022-07-11 23:18:29,792 - 4rkeccak_w133 - INFO - 0x05058568b40ea8cd 
c: 2022-07-11 23:18:29,792 - 4rkeccak_w133 - INFO - 0xcd8777e845686ea6 
c: 2022-07-11 23:18:29,792 - 4rkeccak_w133 - INFO - 0x9b85ebd1b9ab6712 
c: 2022-07-11 23:18:29,792 - 4rkeccak_w133 - INFO - 0xfd65f99a6f278aa0 
c: 2022-07-11 23:18:29,793 - 4rkeccak_w133 - INFO - 0x2c55b89a8c46af0f 
c: 2022-07-11 23:18:29,793 - 4rkeccak_w133 - INFO - 0x050fad93c11d356e 
c: 2022-07-11 23:18:29,793 - 4rkeccak_w133 - INFO - 0x2baf07920fdec3af 
c: 2022-07-11 23:18:29,793 - 4rkeccak_w133 - INFO - 0xdfe99de2b880f364 
c: 2022-07-11 23:18:29,793 - 4rkeccak_w133 - INFO - 0x55e35833d55f5c2a 
c: 2022-07-11 23:18:29,793 - 4rkeccak_w133 - INFO - 0xe5b1745d702e2293 
c: 2022-07-11 23:18:29,793 - 4rkeccak_w133 - INFO - 0x2db565d2c98140cd 
c: 2022-07-11 23:18:29,793 - 4rkeccak_w133 - INFO - 0x29e6612766e261de 
c: 2022-07-11 23:18:29,793 - 4rkeccak_w133 - INFO - start round function
c: 2022-07-11 23:18:29,808 - 4rkeccak_w133 - INFO - ##############################################
c: 2022-07-11 23:18:29,808 - 4rkeccak_w133 - INFO - difference state at round 1: 
c: 2022-07-11 23:18:29,809 - 4rkeccak_w133 - INFO - 0x0000000000000000 
c: 2022-07-11 23:18:29,809 - 4rkeccak_w133 - INFO - 0x0000000000000000 
c: 2022-07-11 23:18:29,809 - 4rkeccak_w133 - INFO - 0x0000000000000000 
c: 2022-07-11 23:18:29,809 - 4rkeccak_w133 - INFO - 0x0000000000000000 
c: 2022-07-11 23:18:29,809 - 4rkeccak_w133 - INFO - 0x0000000000000000 
c: 2022-07-11 23:18:29,809 - 4rkeccak_w133 - INFO - 0x0000000000000000 
c: 2022-07-11 23:18:29,809 - 4rkeccak_w133 - INFO - 0x0000000000000000 
c: 2022-07-11 23:18:29,809 - 4rkeccak_w133 - INFO - 0x0000000000000000 
c: 2022-07-11 23:18:29,809 - 4rkeccak_w133 - INFO - 0x0000000000000000 
c: 2022-07-11 23:18:29,810 - 4rkeccak_w133 - INFO - 0x0200000000000000 
c: 2022-07-11 23:18:29,810 - 4rkeccak_w133 - INFO - 0x0000000000000000 
c: 2022-07-11 23:18:29,810 - 4rkeccak_w133 - INFO - 0x0000000000000000 
c: 2022-07-11 23:18:29,810 - 4rkeccak_w133 - INFO - 0x0000000000000000 
c: 2022-07-11 23:18:29,810 - 4rkeccak_w133 - INFO - 0x0000000000000800 
c: 2022-07-11 23:18:29,810 - 4rkeccak_w133 - INFO - 0x0000000000000000 
c: 2022-07-11 23:18:29,810 - 4rkeccak_w133 - INFO - 0x0000000000000000 
c: 2022-07-11 23:18:29,810 - 4rkeccak_w133 - INFO - 0x0000000000000000 
c: 2022-07-11 23:18:29,810 - 4rkeccak_w133 - INFO - 0x0000000000000800 
c: 2022-07-11 23:18:29,810 - 4rkeccak_w133 - INFO - 0x0000000000000800 
c: 2022-07-11 23:18:29,811 - 4rkeccak_w133 - INFO - 0x0200000000000000 
c: 2022-07-11 23:18:29,811 - 4rkeccak_w133 - INFO - 0x0000000000000000 
c: 2022-07-11 23:18:29,811 - 4rkeccak_w133 - INFO - 0x0000000000000000 
c: 2022-07-11 23:18:29,811 - 4rkeccak_w133 - INFO - 0x0000000000000000 
c: 2022-07-11 23:18:29,811 - 4rkeccak_w133 - INFO - 0x0000000000000000 
c: 2022-07-11 23:18:29,811 - 4rkeccak_w133 - INFO - 0x0000000000000000 
c: 2022-07-11 23:18:29,811 - 4rkeccak_w133 - INFO - ##############################################
c: 2022-07-11 23:18:29,811 - 4rkeccak_w133 - INFO - input X state at round 1: 
c: 2022-07-11 23:18:29,811 - 4rkeccak_w133 - INFO - 0x2e7e83210bf65436 
c: 2022-07-11 23:18:29,811 - 4rkeccak_w133 - INFO - 0xfdeb1f4c67e373bd 
c: 2022-07-11 23:18:29,811 - 4rkeccak_w133 - INFO - 0x4211904b61b2b627 
c: 2022-07-11 23:18:29,812 - 4rkeccak_w133 - INFO - 0x3e277236d2a0dddc 
c: 2022-07-11 23:18:29,812 - 4rkeccak_w133 - INFO - 0xb746081155a90811 
c: 2022-07-11 23:18:29,812 - 4rkeccak_w133 - INFO - 0xe09980cf08b9bffd 
c: 2022-07-11 23:18:29,812 - 4rkeccak_w133 - INFO - 0x05c17b551dfe3026 
c: 2022-07-11 23:18:29,812 - 4rkeccak_w133 - INFO - 0xea90f90fa2ff52f0 
c: 2022-07-11 23:18:29,812 - 4rkeccak_w133 - INFO - 0x4e29181e134ca361 
c: 2022-07-11 23:18:29,812 - 4rkeccak_w133 - INFO - 0x159c733e173d7657 
c: 2022-07-11 23:18:29,812 - 4rkeccak_w133 - INFO - 0xfe04b0759e7f9224 
c: 2022-07-11 23:18:29,812 - 4rkeccak_w133 - INFO - 0x54ede3737e39d50e 
c: 2022-07-11 23:18:29,812 - 4rkeccak_w133 - INFO - 0xb7e96c3ccd291842 
c: 2022-07-11 23:18:29,813 - 4rkeccak_w133 - INFO - 0x6debb64a22707746 
c: 2022-07-11 23:18:29,813 - 4rkeccak_w133 - INFO - 0x2ddd0b152d1fa346 
c: 2022-07-11 23:18:29,813 - 4rkeccak_w133 - INFO - 0x2c997c24bb4e7d45 
c: 2022-07-11 23:18:29,813 - 4rkeccak_w133 - INFO - 0x8bc57b48eb4bcff8 
c: 2022-07-11 23:18:29,813 - 4rkeccak_w133 - INFO - 0xdfc5a5ae30fd359f 
c: 2022-07-11 23:18:29,813 - 4rkeccak_w133 - INFO - 0xab893691ee5ba7f2 
c: 2022-07-11 23:18:29,813 - 4rkeccak_w133 - INFO - 0x04685d5d311b2c75 
c: 2022-07-11 23:18:29,813 - 4rkeccak_w133 - INFO - 0xfcc20c78abbe3ff5 
c: 2022-07-11 23:18:29,813 - 4rkeccak_w133 - INFO - 0x49bb2fdd7d4658c6 
c: 2022-07-11 23:18:29,813 - 4rkeccak_w133 - INFO - 0x086ceac8120ce0c3 
c: 2022-07-11 23:18:29,814 - 4rkeccak_w133 - INFO - 0x1db15e197bb211c7 
c: 2022-07-11 23:18:29,814 - 4rkeccak_w133 - INFO - 0x85e0fd3da7abdfb9 
c: 2022-07-11 23:18:29,814 - 4rkeccak_w133 - INFO - ##############################################
c: 2022-07-11 23:18:29,814 - 4rkeccak_w133 - INFO - input Y state at round 1: 
c: 2022-07-11 23:18:29,814 - 4rkeccak_w133 - INFO - 0x2e7e83210bf65436 
c: 2022-07-11 23:18:29,814 - 4rkeccak_w133 - INFO - 0xfdeb1f4c67e373bd 
c: 2022-07-11 23:18:29,814 - 4rkeccak_w133 - INFO - 0x4211904b61b2b627 
c: 2022-07-11 23:18:29,814 - 4rkeccak_w133 - INFO - 0x3e277236d2a0dddc 
c: 2022-07-11 23:18:29,814 - 4rkeccak_w133 - INFO - 0xb746081155a90811 
c: 2022-07-11 23:18:29,814 - 4rkeccak_w133 - INFO - 0xe09980cf08b9bffd 
c: 2022-07-11 23:18:29,814 - 4rkeccak_w133 - INFO - 0x05c17b551dfe3026 
c: 2022-07-11 23:18:29,815 - 4rkeccak_w133 - INFO - 0xea90f90fa2ff52f0 
c: 2022-07-11 23:18:29,815 - 4rkeccak_w133 - INFO - 0x4e29181e134ca361 
c: 2022-07-11 23:18:29,815 - 4rkeccak_w133 - INFO - 0x179c733e173d7657 
c: 2022-07-11 23:18:29,815 - 4rkeccak_w133 - INFO - 0xfe04b0759e7f9224 
c: 2022-07-11 23:18:29,815 - 4rkeccak_w133 - INFO - 0x54ede3737e39d50e 
c: 2022-07-11 23:18:29,815 - 4rkeccak_w133 - INFO - 0xb7e96c3ccd291842 
c: 2022-07-11 23:18:29,815 - 4rkeccak_w133 - INFO - 0x6debb64a22707f46 
c: 2022-07-11 23:18:29,815 - 4rkeccak_w133 - INFO - 0x2ddd0b152d1fa346 
c: 2022-07-11 23:18:29,815 - 4rkeccak_w133 - INFO - 0x2c997c24bb4e7d45 
c: 2022-07-11 23:18:29,816 - 4rkeccak_w133 - INFO - 0x8bc57b48eb4bcff8 
c: 2022-07-11 23:18:29,816 - 4rkeccak_w133 - INFO - 0xdfc5a5ae30fd3d9f 
c: 2022-07-11 23:18:29,816 - 4rkeccak_w133 - INFO - 0xab893691ee5baff2 
c: 2022-07-11 23:18:29,816 - 4rkeccak_w133 - INFO - 0x06685d5d311b2c75 
c: 2022-07-11 23:18:29,816 - 4rkeccak_w133 - INFO - 0xfcc20c78abbe3ff5 
c: 2022-07-11 23:18:29,816 - 4rkeccak_w133 - INFO - 0x49bb2fdd7d4658c6 
c: 2022-07-11 23:18:29,816 - 4rkeccak_w133 - INFO - 0x086ceac8120ce0c3 
c: 2022-07-11 23:18:29,816 - 4rkeccak_w133 - INFO - 0x1db15e197bb211c7 
c: 2022-07-11 23:18:29,816 - 4rkeccak_w133 - INFO - 0x85e0fd3da7abdfb9 
c: 2022-07-11 23:18:29,831 - 4rkeccak_w133 - INFO - ##############################################
c: 2022-07-11 23:18:29,831 - 4rkeccak_w133 - INFO - difference state at round 2: 
c: 2022-07-11 23:18:29,831 - 4rkeccak_w133 - INFO - 0x0000000000000000 
c: 2022-07-11 23:18:29,831 - 4rkeccak_w133 - INFO - 0x0000000000000000 
c: 2022-07-11 23:18:29,831 - 4rkeccak_w133 - INFO - 0x0000000000000000 
c: 2022-07-11 23:18:29,832 - 4rkeccak_w133 - INFO - 0x0000000100000000 
c: 2022-07-11 23:18:29,832 - 4rkeccak_w133 - INFO - 0x0000000000000000 
c: 2022-07-11 23:18:29,832 - 4rkeccak_w133 - INFO - 0x0000000000000000 
c: 2022-07-11 23:18:29,832 - 4rkeccak_w133 - INFO - 0x0000000000002000 
c: 2022-07-11 23:18:29,832 - 4rkeccak_w133 - INFO - 0x0000000000000000 
c: 2022-07-11 23:18:29,832 - 4rkeccak_w133 - INFO - 0x0000000000000000 
c: 2022-07-11 23:18:29,832 - 4rkeccak_w133 - INFO - 0x0000000000000000 
c: 2022-07-11 23:18:29,832 - 4rkeccak_w133 - INFO - 0x0000000000000000 
c: 2022-07-11 23:18:29,832 - 4rkeccak_w133 - INFO - 0x0000000000000000 
c: 2022-07-11 23:18:29,832 - 4rkeccak_w133 - INFO - 0x0000001000000000 
c: 2022-07-11 23:18:29,833 - 4rkeccak_w133 - INFO - 0x0000000000000002 
c: 2022-07-11 23:18:29,833 - 4rkeccak_w133 - INFO - 0x0000000000000000 
c: 2022-07-11 23:18:29,833 - 4rkeccak_w133 - INFO - 0x0000000000000000 
c: 2022-07-11 23:18:29,833 - 4rkeccak_w133 - INFO - 0x0000000000000000 
c: 2022-07-11 23:18:29,833 - 4rkeccak_w133 - INFO - 0x0000000000000000 
c: 2022-07-11 23:18:29,833 - 4rkeccak_w133 - INFO - 0x0000000000000000 
c: 2022-07-11 23:18:29,833 - 4rkeccak_w133 - INFO - 0x0000000000000000 
c: 2022-07-11 23:18:29,833 - 4rkeccak_w133 - INFO - 0x0000000000000000 
c: 2022-07-11 23:18:29,833 - 4rkeccak_w133 - INFO - 0x0000000000000000 
c: 2022-07-11 23:18:29,833 - 4rkeccak_w133 - INFO - 0x0000000000000000 
c: 2022-07-11 23:18:29,834 - 4rkeccak_w133 - INFO - 0x0000000000000000 
c: 2022-07-11 23:18:29,834 - 4rkeccak_w133 - INFO - 0x0000000000000000 
c: 2022-07-11 23:18:29,834 - 4rkeccak_w133 - INFO - ##############################################
c: 2022-07-11 23:18:29,834 - 4rkeccak_w133 - INFO - input X state at round 2: 
c: 2022-07-11 23:18:29,834 - 4rkeccak_w133 - INFO - 0xa2ee9cd8de49e06d 
c: 2022-07-11 23:18:29,834 - 4rkeccak_w133 - INFO - 0x503a1c65770a4dbc 
c: 2022-07-11 23:18:29,834 - 4rkeccak_w133 - INFO - 0x4c18c8f1f07534ee 
c: 2022-07-11 23:18:29,834 - 4rkeccak_w133 - INFO - 0xec0539fb1ffdd18f 
c: 2022-07-11 23:18:29,834 - 4rkeccak_w133 - INFO - 0xfbdebbe8d5876e95 
c: 2022-07-11 23:18:29,834 - 4rkeccak_w133 - INFO - 0x79526a7f75b8b98c 
c: 2022-07-11 23:18:29,834 - 4rkeccak_w133 - INFO - 0x9ec1e33bff32e523 
c: 2022-07-11 23:18:29,835 - 4rkeccak_w133 - INFO - 0x9c211c1e568155ba 
c: 2022-07-11 23:18:29,835 - 4rkeccak_w133 - INFO - 0x5be3cd8e4c571e4e 
c: 2022-07-11 23:18:29,835 - 4rkeccak_w133 - INFO - 0x043de40c797d46b4 
c: 2022-07-11 23:18:29,835 - 4rkeccak_w133 - INFO - 0x0ce4ed3245b151c6 
c: 2022-07-11 23:18:29,835 - 4rkeccak_w133 - INFO - 0xb1fc683ec8476f54 
c: 2022-07-11 23:18:29,835 - 4rkeccak_w133 - INFO - 0xf7fb8092d7a4fedf 
c: 2022-07-11 23:18:29,835 - 4rkeccak_w133 - INFO - 0xa26fd76d52676bb9 
c: 2022-07-11 23:18:29,835 - 4rkeccak_w133 - INFO - 0x4e09f064bc9fc819 
c: 2022-07-11 23:18:29,835 - 4rkeccak_w133 - INFO - 0xf96f0711f2c2492c 
c: 2022-07-11 23:18:29,836 - 4rkeccak_w133 - INFO - 0xf174dfe04099f3f7 
c: 2022-07-11 23:18:29,836 - 4rkeccak_w133 - INFO - 0x41eb422d4882336d 
c: 2022-07-11 23:18:29,836 - 4rkeccak_w133 - INFO - 0x43b6be091360b933 
c: 2022-07-11 23:18:29,836 - 4rkeccak_w133 - INFO - 0x8e082737883e761f 
c: 2022-07-11 23:18:29,836 - 4rkeccak_w133 - INFO - 0x5aa4bcf14e552b5f 
c: 2022-07-11 23:18:29,836 - 4rkeccak_w133 - INFO - 0x6261de78872b0e02 
c: 2022-07-11 23:18:29,836 - 4rkeccak_w133 - INFO - 0xab97f509dd3ceaa8 
c: 2022-07-11 23:18:29,836 - 4rkeccak_w133 - INFO - 0xabfb22ec32cef0fc 
c: 2022-07-11 23:18:29,836 - 4rkeccak_w133 - INFO - 0x6e54c0b70f3f6d12 
c: 2022-07-11 23:18:29,836 - 4rkeccak_w133 - INFO - ##############################################
c: 2022-07-11 23:18:29,836 - 4rkeccak_w133 - INFO - input Y state at round 2: 
c: 2022-07-11 23:18:29,837 - 4rkeccak_w133 - INFO - 0xa2ee9cd8de49e06d 
c: 2022-07-11 23:18:29,837 - 4rkeccak_w133 - INFO - 0x503a1c65770a4dbc 
c: 2022-07-11 23:18:29,837 - 4rkeccak_w133 - INFO - 0x4c18c8f1f07534ee 
c: 2022-07-11 23:18:29,837 - 4rkeccak_w133 - INFO - 0xec0539fa1ffdd18f 
c: 2022-07-11 23:18:29,837 - 4rkeccak_w133 - INFO - 0xfbdebbe8d5876e95 
c: 2022-07-11 23:18:29,837 - 4rkeccak_w133 - INFO - 0x79526a7f75b8b98c 
c: 2022-07-11 23:18:29,837 - 4rkeccak_w133 - INFO - 0x9ec1e33bff32c523 
c: 2022-07-11 23:18:29,837 - 4rkeccak_w133 - INFO - 0x9c211c1e568155ba 
c: 2022-07-11 23:18:29,837 - 4rkeccak_w133 - INFO - 0x5be3cd8e4c571e4e 
c: 2022-07-11 23:18:29,837 - 4rkeccak_w133 - INFO - 0x043de40c797d46b4 
c: 2022-07-11 23:18:29,838 - 4rkeccak_w133 - INFO - 0x0ce4ed3245b151c6 
c: 2022-07-11 23:18:29,838 - 4rkeccak_w133 - INFO - 0xb1fc683ec8476f54 
c: 2022-07-11 23:18:29,838 - 4rkeccak_w133 - INFO - 0xf7fb8082d7a4fedf 
c: 2022-07-11 23:18:29,838 - 4rkeccak_w133 - INFO - 0xa26fd76d52676bbb 
c: 2022-07-11 23:18:29,838 - 4rkeccak_w133 - INFO - 0x4e09f064bc9fc819 
c: 2022-07-11 23:18:29,838 - 4rkeccak_w133 - INFO - 0xf96f0711f2c2492c 
c: 2022-07-11 23:18:29,838 - 4rkeccak_w133 - INFO - 0xf174dfe04099f3f7 
c: 2022-07-11 23:18:29,838 - 4rkeccak_w133 - INFO - 0x41eb422d4882336d 
c: 2022-07-11 23:18:29,838 - 4rkeccak_w133 - INFO - 0x43b6be091360b933 
c: 2022-07-11 23:18:29,839 - 4rkeccak_w133 - INFO - 0x8e082737883e761f 
c: 2022-07-11 23:18:29,839 - 4rkeccak_w133 - INFO - 0x5aa4bcf14e552b5f 
c: 2022-07-11 23:18:29,839 - 4rkeccak_w133 - INFO - 0x6261de78872b0e02 
c: 2022-07-11 23:18:29,839 - 4rkeccak_w133 - INFO - 0xab97f509dd3ceaa8 
c: 2022-07-11 23:18:29,839 - 4rkeccak_w133 - INFO - 0xabfb22ec32cef0fc 
c: 2022-07-11 23:18:29,839 - 4rkeccak_w133 - INFO - 0x6e54c0b70f3f6d12 
c: 2022-07-11 23:18:29,854 - 4rkeccak_w133 - INFO - ##############################################
c: 2022-07-11 23:18:29,854 - 4rkeccak_w133 - INFO - difference state at round 3: 
c: 2022-07-11 23:18:29,854 - 4rkeccak_w133 - INFO - 0x0000000000004000 
c: 2022-07-11 23:18:29,854 - 4rkeccak_w133 - INFO - 0x0200000000020000 
c: 2022-07-11 23:18:29,854 - 4rkeccak_w133 - INFO - 0x0100200000009000 
c: 2022-07-11 23:18:29,854 - 4rkeccak_w133 - INFO - 0x0200000000000000 
c: 2022-07-11 23:18:29,855 - 4rkeccak_w133 - INFO - 0x0000400000008000 
c: 2022-07-11 23:18:29,855 - 4rkeccak_w133 - INFO - 0x1000000000000001 
c: 2022-07-11 23:18:29,855 - 4rkeccak_w133 - INFO - 0x0010000000200000 
c: 2022-07-11 23:18:29,855 - 4rkeccak_w133 - INFO - 0x0000000000020000 
c: 2022-07-11 23:18:29,855 - 4rkeccak_w133 - INFO - 0x0000000000040000 
c: 2022-07-11 23:18:29,855 - 4rkeccak_w133 - INFO - 0x8000000040000400 
c: 2022-07-11 23:18:29,855 - 4rkeccak_w133 - INFO - 0x0000004000000000 
c: 2022-07-11 23:18:29,855 - 4rkeccak_w133 - INFO - 0x0000008000080100 
c: 2022-07-11 23:18:29,855 - 4rkeccak_w133 - INFO - 0x2000000004000000 
c: 2022-07-11 23:18:29,855 - 4rkeccak_w133 - INFO - 0x0000010000000200 
c: 2022-07-11 23:18:29,856 - 4rkeccak_w133 - INFO - 0x0000000100000000 
c: 2022-07-11 23:18:29,856 - 4rkeccak_w133 - INFO - 0x0800000010000000 
c: 2022-07-11 23:18:29,856 - 4rkeccak_w133 - INFO - 0x0004000000000000 
c: 2022-07-11 23:18:29,856 - 4rkeccak_w133 - INFO - 0x0000800000000000 
c: 2022-07-11 23:18:29,856 - 4rkeccak_w133 - INFO - 0x0001000010020000 
c: 2022-07-11 23:18:29,856 - 4rkeccak_w133 - INFO - 0x0000000010000000 
c: 2022-07-11 23:18:29,856 - 4rkeccak_w133 - INFO - 0x0000000080000801 
c: 2022-07-11 23:18:29,856 - 4rkeccak_w133 - INFO - 0x0000000008000000 
c: 2022-07-11 23:18:29,856 - 4rkeccak_w133 - INFO - 0x0000010000000080 
c: 2022-07-11 23:18:29,856 - 4rkeccak_w133 - INFO - 0x0080000000000000 
c: 2022-07-11 23:18:29,857 - 4rkeccak_w133 - INFO - 0x0000008000000000 
c: 2022-07-11 23:18:29,857 - 4rkeccak_w133 - INFO - ##############################################
c: 2022-07-11 23:18:29,857 - 4rkeccak_w133 - INFO - input X state at round 3: 
c: 2022-07-11 23:18:29,857 - 4rkeccak_w133 - INFO - 0x23db107e88c9aa50 
c: 2022-07-11 23:18:29,857 - 4rkeccak_w133 - INFO - 0x692025647bf2e9a1 
c: 2022-07-11 23:18:29,857 - 4rkeccak_w133 - INFO - 0xcc51dbeae9778b86 
c: 2022-07-11 23:18:29,857 - 4rkeccak_w133 - INFO - 0x3ee6fe20ef280f37 
c: 2022-07-11 23:18:29,857 - 4rkeccak_w133 - INFO - 0xee2a7e0d74893132 
c: 2022-07-11 23:18:29,857 - 4rkeccak_w133 - INFO - 0x543e4e68d9e8d3a1 
c: 2022-07-11 23:18:29,857 - 4rkeccak_w133 - INFO - 0xf1a855fb9a108625 
c: 2022-07-11 23:18:29,857 - 4rkeccak_w133 - INFO - 0x3e910c202721d992 
c: 2022-07-11 23:18:29,858 - 4rkeccak_w133 - INFO - 0x60d00f049fcea7d1 
c: 2022-07-11 23:18:29,858 - 4rkeccak_w133 - INFO - 0xc526b76f3b7d0269 
c: 2022-07-11 23:18:29,858 - 4rkeccak_w133 - INFO - 0xf6f761f42be1e3b0 
c: 2022-07-11 23:18:29,858 - 4rkeccak_w133 - INFO - 0xa6ec9f5b13387b97 
c: 2022-07-11 23:18:29,858 - 4rkeccak_w133 - INFO - 0x028a2d9a2ba047bb 
c: 2022-07-11 23:18:29,858 - 4rkeccak_w133 - INFO - 0xc6c5c1fe077ffa04 
c: 2022-07-11 23:18:29,858 - 4rkeccak_w133 - INFO - 0x471902d0c623781f 
c: 2022-07-11 23:18:29,858 - 4rkeccak_w133 - INFO - 0xdc152ec19908840e 
c: 2022-07-11 23:18:29,858 - 4rkeccak_w133 - INFO - 0x3cc536b74473a4d2 
c: 2022-07-11 23:18:29,859 - 4rkeccak_w133 - INFO - 0xf28b1a95d84c44ea 
c: 2022-07-11 23:18:29,859 - 4rkeccak_w133 - INFO - 0xe6bc65bcc0c285a2 
c: 2022-07-11 23:18:29,859 - 4rkeccak_w133 - INFO - 0xdbc9f3195224df45 
c: 2022-07-11 23:18:29,859 - 4rkeccak_w133 - INFO - 0xa65931248ee4bb86 
c: 2022-07-11 23:18:29,859 - 4rkeccak_w133 - INFO - 0x162804e0018f4308 
c: 2022-07-11 23:18:29,859 - 4rkeccak_w133 - INFO - 0x7cae9fbae7e53f21 
c: 2022-07-11 23:18:29,859 - 4rkeccak_w133 - INFO - 0x6b66b7e9a2965558 
c: 2022-07-11 23:18:29,859 - 4rkeccak_w133 - INFO - 0xa5350427226d8ccf 
c: 2022-07-11 23:18:29,859 - 4rkeccak_w133 - INFO - ##############################################
c: 2022-07-11 23:18:29,859 - 4rkeccak_w133 - INFO - input Y state at round 3: 
c: 2022-07-11 23:18:29,859 - 4rkeccak_w133 - INFO - 0x23db107e88c9ea50 
c: 2022-07-11 23:18:29,860 - 4rkeccak_w133 - INFO - 0x6b2025647bf0e9a1 
c: 2022-07-11 23:18:29,860 - 4rkeccak_w133 - INFO - 0xcd51fbeae9771b86 
c: 2022-07-11 23:18:29,860 - 4rkeccak_w133 - INFO - 0x3ce6fe20ef280f37 
c: 2022-07-11 23:18:29,860 - 4rkeccak_w133 - INFO - 0xee2a3e0d7489b132 
c: 2022-07-11 23:18:29,860 - 4rkeccak_w133 - INFO - 0x443e4e68d9e8d3a0 
c: 2022-07-11 23:18:29,860 - 4rkeccak_w133 - INFO - 0xf1b855fb9a308625 
c: 2022-07-11 23:18:29,860 - 4rkeccak_w133 - INFO - 0x3e910c202723d992 
c: 2022-07-11 23:18:29,860 - 4rkeccak_w133 - INFO - 0x60d00f049fcaa7d1 
c: 2022-07-11 23:18:29,860 - 4rkeccak_w133 - INFO - 0x4526b76f7b7d0669 
c: 2022-07-11 23:18:29,860 - 4rkeccak_w133 - INFO - 0xf6f761b42be1e3b0 
c: 2022-07-11 23:18:29,861 - 4rkeccak_w133 - INFO - 0xa6ec9fdb13307a97 
c: 2022-07-11 23:18:29,861 - 4rkeccak_w133 - INFO - 0x228a2d9a2fa047bb 
c: 2022-07-11 23:18:29,861 - 4rkeccak_w133 - INFO - 0xc6c5c0fe077ff804 
c: 2022-07-11 23:18:29,861 - 4rkeccak_w133 - INFO - 0x471902d1c623781f 
c: 2022-07-11 23:18:29,861 - 4rkeccak_w133 - INFO - 0xd4152ec18908840e 
c: 2022-07-11 23:18:29,861 - 4rkeccak_w133 - INFO - 0x3cc136b74473a4d2 
c: 2022-07-11 23:18:29,861 - 4rkeccak_w133 - INFO - 0xf28b9a95d84c44ea 
c: 2022-07-11 23:18:29,861 - 4rkeccak_w133 - INFO - 0xe6bd65bcd0c085a2 
c: 2022-07-11 23:18:29,861 - 4rkeccak_w133 - INFO - 0xdbc9f3194224df45 
c: 2022-07-11 23:18:29,861 - 4rkeccak_w133 - INFO - 0xa65931240ee4b387 
c: 2022-07-11 23:18:29,862 - 4rkeccak_w133 - INFO - 0x162804e0098f4308 
c: 2022-07-11 23:18:29,862 - 4rkeccak_w133 - INFO - 0x7cae9ebae7e53fa1 
c: 2022-07-11 23:18:29,862 - 4rkeccak_w133 - INFO - 0x6be6b7e9a2965558 
c: 2022-07-11 23:18:29,862 - 4rkeccak_w133 - INFO - 0xa53504a7226d8ccf 
c: 2022-07-11 23:18:29,865 - 4rkeccak_w133 - INFO - check over
