nohup: ignoring input
c: 2022-07-11 23:11:28,422 - 4rkeccak_w133 - INFO - ##############################################
c: 2022-07-11 23:11:28,422 - 4rkeccak_w133 - INFO - difference state at round 0: 
c: 2022-07-11 23:11:28,422 - 4rkeccak_w133 - INFO - 0x40000000 
c: 2022-07-11 23:11:28,422 - 4rkeccak_w133 - INFO - 0x24000000 
c: 2022-07-11 23:11:28,422 - 4rkeccak_w133 - INFO - 0x00000000 
c: 2022-07-11 23:11:28,422 - 4rkeccak_w133 - INFO - 0x00000000 
c: 2022-07-11 23:11:28,423 - 4rkeccak_w133 - INFO - 0x00000000 
c: 2022-07-11 23:11:28,423 - 4rkeccak_w133 - INFO - 0x40000000 
c: 2022-07-11 23:11:28,423 - 4rkeccak_w133 - INFO - 0x00000000 
c: 2022-07-11 23:11:28,423 - 4rkeccak_w133 - INFO - 0x20000000 
c: 2022-07-11 23:11:28,423 - 4rkeccak_w133 - INFO - 0x40000000 
c: 2022-07-11 23:11:28,423 - 4rkeccak_w133 - INFO - 0x00000000 
c: 2022-07-11 23:11:28,423 - 4rkeccak_w133 - INFO - 0x40000000 
c: 2022-07-11 23:11:28,423 - 4rkeccak_w133 - INFO - 0x00000000 
c: 2022-07-11 23:11:28,423 - 4rkeccak_w133 - INFO - 0x20000000 
c: 2022-07-11 23:11:28,423 - 4rkeccak_w133 - INFO - 0x00000000 
c: 2022-07-11 23:11:28,423 - 4rkeccak_w133 - INFO - 0x00000000 
c: 2022-07-11 23:11:28,423 - 4rkeccak_w133 - INFO - 0x00000000 
c: 2022-07-11 23:11:28,424 - 4rkeccak_w133 - INFO - 0x04000000 
c: 2022-07-11 23:11:28,424 - 4rkeccak_w133 - INFO - 0x20000000 
c: 2022-07-11 23:11:28,424 - 4rkeccak_w133 - INFO - 0x00000000 
c: 2022-07-11 23:11:28,424 - 4rkeccak_w133 - INFO - 0x00000000 
c: 2022-07-11 23:11:28,424 - 4rkeccak_w133 - INFO - 0x40000000 
c: 2022-07-11 23:11:28,424 - 4rkeccak_w133 - INFO - 0x00000000 
c: 2022-07-11 23:11:28,424 - 4rkeccak_w133 - INFO - 0x20000000 
c: 2022-07-11 23:11:28,424 - 4rkeccak_w133 - INFO - 0x00000000 
c: 2022-07-11 23:11:28,424 - 4rkeccak_w133 - INFO - 0x00000000 
c: 2022-07-11 23:11:28,424 - 4rkeccak_w133 - INFO - ##############################################
c: 2022-07-11 23:11:28,424 - 4rkeccak_w133 - INFO - input X state at round 0: 
c: 2022-07-11 23:11:28,424 - 4rkeccak_w133 - INFO - 0x6e0afffe 
c: 2022-07-11 23:11:28,424 - 4rkeccak_w133 - INFO - 0xfd800d8a 
c: 2022-07-11 23:11:28,424 - 4rkeccak_w133 - INFO - 0x4022d287 
c: 2022-07-11 23:11:28,425 - 4rkeccak_w133 - INFO - 0xb3537a30 
c: 2022-07-11 23:11:28,425 - 4rkeccak_w133 - INFO - 0xd6b65c78 
c: 2022-07-11 23:11:28,425 - 4rkeccak_w133 - INFO - 0xbe9ede92 
c: 2022-07-11 23:11:28,425 - 4rkeccak_w133 - INFO - 0xf5464b9a 
c: 2022-07-11 23:11:28,425 - 4rkeccak_w133 - INFO - 0x6cedf67b 
c: 2022-07-11 23:11:28,425 - 4rkeccak_w133 - INFO - 0x38a53a33 
c: 2022-07-11 23:11:28,425 - 4rkeccak_w133 - INFO - 0x0ed777f9 
c: 2022-07-11 23:11:28,425 - 4rkeccak_w133 - INFO - 0x7b0a0f76 
c: 2022-07-11 23:11:28,425 - 4rkeccak_w133 - INFO - 0x680cd690 
c: 2022-07-11 23:11:28,425 - 4rkeccak_w133 - INFO - 0xbba798b6 
c: 2022-07-11 23:11:28,425 - 4rkeccak_w133 - INFO - 0x349ffde5 
c: 2022-07-11 23:11:28,425 - 4rkeccak_w133 - INFO - 0x7e57d84a 
c: 2022-07-11 23:11:28,425 - 4rkeccak_w133 - INFO - 0xf45f264a 
c: 2022-07-11 23:11:28,426 - 4rkeccak_w133 - INFO - 0x41a1e30f 
c: 2022-07-11 23:11:28,426 - 4rkeccak_w133 - INFO - 0xc9101439 
c: 2022-07-11 23:11:28,426 - 4rkeccak_w133 - INFO - 0xa10a3fb2 
c: 2022-07-11 23:11:28,426 - 4rkeccak_w133 - INFO - 0x07e3ba49 
c: 2022-07-11 23:11:28,426 - 4rkeccak_w133 - INFO - 0xa532921a 
c: 2022-07-11 23:11:28,426 - 4rkeccak_w133 - INFO - 0x611a224e 
c: 2022-07-11 23:11:28,426 - 4rkeccak_w133 - INFO - 0xe027aa10 
c: 2022-07-11 23:11:28,426 - 4rkeccak_w133 - INFO - 0x36804867 
c: 2022-07-11 23:11:28,426 - 4rkeccak_w133 - INFO - 0xfc42e2e6 
c: 2022-07-11 23:11:28,426 - 4rkeccak_w133 - INFO - ##############################################
c: 2022-07-11 23:11:28,426 - 4rkeccak_w133 - INFO - input Y state at round 0: 
c: 2022-07-11 23:11:28,426 - 4rkeccak_w133 - INFO - 0x2e0afffe 
c: 2022-07-11 23:11:28,426 - 4rkeccak_w133 - INFO - 0xd9800d8a 
c: 2022-07-11 23:11:28,426 - 4rkeccak_w133 - INFO - 0x4022d287 
c: 2022-07-11 23:11:28,427 - 4rkeccak_w133 - INFO - 0xb3537a30 
c: 2022-07-11 23:11:28,427 - 4rkeccak_w133 - INFO - 0xd6b65c78 
c: 2022-07-11 23:11:28,427 - 4rkeccak_w133 - INFO - 0xfe9ede92 
c: 2022-07-11 23:11:28,427 - 4rkeccak_w133 - INFO - 0xf5464b9a 
c: 2022-07-11 23:11:28,427 - 4rkeccak_w133 - INFO - 0x4cedf67b 
c: 2022-07-11 23:11:28,427 - 4rkeccak_w133 - INFO - 0x78a53a33 
c: 2022-07-11 23:11:28,427 - 4rkeccak_w133 - INFO - 0x0ed777f9 
c: 2022-07-11 23:11:28,427 - 4rkeccak_w133 - INFO - 0x3b0a0f76 
c: 2022-07-11 23:11:28,427 - 4rkeccak_w133 - INFO - 0x680cd690 
c: 2022-07-11 23:11:28,427 - 4rkeccak_w133 - INFO - 0x9ba798b6 
c: 2022-07-11 23:11:28,427 - 4rkeccak_w133 - INFO - 0x349ffde5 
c: 2022-07-11 23:11:28,427 - 4rkeccak_w133 - INFO - 0x7e57d84a 
c: 2022-07-11 23:11:28,427 - 4rkeccak_w133 - INFO - 0xf45f264a 
c: 2022-07-11 23:11:28,428 - 4rkeccak_w133 - INFO - 0x45a1e30f 
c: 2022-07-11 23:11:28,428 - 4rkeccak_w133 - INFO - 0xe9101439 
c: 2022-07-11 23:11:28,428 - 4rkeccak_w133 - INFO - 0xa10a3fb2 
c: 2022-07-11 23:11:28,428 - 4rkeccak_w133 - INFO - 0x07e3ba49 
c: 2022-07-11 23:11:28,428 - 4rkeccak_w133 - INFO - 0xe532921a 
c: 2022-07-11 23:11:28,428 - 4rkeccak_w133 - INFO - 0x611a224e 
c: 2022-07-11 23:11:28,428 - 4rkeccak_w133 - INFO - 0xc027aa10 
c: 2022-07-11 23:11:28,428 - 4rkeccak_w133 - INFO - 0x36804867 
c: 2022-07-11 23:11:28,428 - 4rkeccak_w133 - INFO - 0xfc42e2e6 
c: 2022-07-11 23:11:28,428 - 4rkeccak_w133 - INFO - start round function
c: 2022-07-11 23:11:28,435 - 4rkeccak_w133 - INFO - ##############################################
c: 2022-07-11 23:11:28,435 - 4rkeccak_w133 - INFO - difference state at round 1: 
c: 2022-07-11 23:11:28,435 - 4rkeccak_w133 - INFO - 0x00000000 
c: 2022-07-11 23:11:28,435 - 4rkeccak_w133 - INFO - 0x00000000 
c: 2022-07-11 23:11:28,435 - 4rkeccak_w133 - INFO - 0x00000000 
c: 2022-07-11 23:11:28,435 - 4rkeccak_w133 - INFO - 0x00000000 
c: 2022-07-11 23:11:28,435 - 4rkeccak_w133 - INFO - 0x00000000 
c: 2022-07-11 23:11:28,435 - 4rkeccak_w133 - INFO - 0x00000000 
c: 2022-07-11 23:11:28,435 - 4rkeccak_w133 - INFO - 0x00000000 
c: 2022-07-11 23:11:28,436 - 4rkeccak_w133 - INFO - 0x00000000 
c: 2022-07-11 23:11:28,436 - 4rkeccak_w133 - INFO - 0x00000080 
c: 2022-07-11 23:11:28,436 - 4rkeccak_w133 - INFO - 0x00000000 
c: 2022-07-11 23:11:28,436 - 4rkeccak_w133 - INFO - 0x08000000 
c: 2022-07-11 23:11:28,436 - 4rkeccak_w133 - INFO - 0x00000000 
c: 2022-07-11 23:11:28,436 - 4rkeccak_w133 - INFO - 0x00000000 
c: 2022-07-11 23:11:28,436 - 4rkeccak_w133 - INFO - 0x00000040 
c: 2022-07-11 23:11:28,436 - 4rkeccak_w133 - INFO - 0x00000000 
c: 2022-07-11 23:11:28,436 - 4rkeccak_w133 - INFO - 0x00000000 
c: 2022-07-11 23:11:28,436 - 4rkeccak_w133 - INFO - 0x00000000 
c: 2022-07-11 23:11:28,436 - 4rkeccak_w133 - INFO - 0x00000000 
c: 2022-07-11 23:11:28,436 - 4rkeccak_w133 - INFO - 0x00000000 
c: 2022-07-11 23:11:28,436 - 4rkeccak_w133 - INFO - 0x00000000 
c: 2022-07-11 23:11:28,437 - 4rkeccak_w133 - INFO - 0x08000000 
c: 2022-07-11 23:11:28,437 - 4rkeccak_w133 - INFO - 0x00000000 
c: 2022-07-11 23:11:28,437 - 4rkeccak_w133 - INFO - 0x00000000 
c: 2022-07-11 23:11:28,437 - 4rkeccak_w133 - INFO - 0x000000c0 
c: 2022-07-11 23:11:28,437 - 4rkeccak_w133 - INFO - 0x00000000 
c: 2022-07-11 23:11:28,437 - 4rkeccak_w133 - INFO - ##############################################
c: 2022-07-11 23:11:28,437 - 4rkeccak_w133 - INFO - input X state at round 1: 
c: 2022-07-11 23:11:28,437 - 4rkeccak_w133 - INFO - 0x01b7c87f 
c: 2022-07-11 23:11:28,437 - 4rkeccak_w133 - INFO - 0xc69707c3 
c: 2022-07-11 23:11:28,437 - 4rkeccak_w133 - INFO - 0xd016dd0e 
c: 2022-07-11 23:11:28,437 - 4rkeccak_w133 - INFO - 0xb976156d 
c: 2022-07-11 23:11:28,437 - 4rkeccak_w133 - INFO - 0x385bcbd4 
c: 2022-07-11 23:11:28,437 - 4rkeccak_w133 - INFO - 0xd7ae68fc 
c: 2022-07-11 23:11:28,437 - 4rkeccak_w133 - INFO - 0x53cdc8d5 
c: 2022-07-11 23:11:28,437 - 4rkeccak_w133 - INFO - 0x39b312b4 
c: 2022-07-11 23:11:28,438 - 4rkeccak_w133 - INFO - 0x3c4cff1a 
c: 2022-07-11 23:11:28,438 - 4rkeccak_w133 - INFO - 0xef0b125e 
c: 2022-07-11 23:11:28,438 - 4rkeccak_w133 - INFO - 0xaf561ea1 
c: 2022-07-11 23:11:28,438 - 4rkeccak_w133 - INFO - 0xa08a750e 
c: 2022-07-11 23:11:28,438 - 4rkeccak_w133 - INFO - 0x55a85559 
c: 2022-07-11 23:11:28,438 - 4rkeccak_w133 - INFO - 0x59588195 
c: 2022-07-11 23:11:28,438 - 4rkeccak_w133 - INFO - 0xfc312a21 
c: 2022-07-11 23:11:28,438 - 4rkeccak_w133 - INFO - 0xaea163fd 
c: 2022-07-11 23:11:28,438 - 4rkeccak_w133 - INFO - 0x9a80ff5d 
c: 2022-07-11 23:11:28,438 - 4rkeccak_w133 - INFO - 0xba64efd5 
c: 2022-07-11 23:11:28,438 - 4rkeccak_w133 - INFO - 0x070bcfe6 
c: 2022-07-11 23:11:28,438 - 4rkeccak_w133 - INFO - 0x04d60d0e 
c: 2022-07-11 23:11:28,439 - 4rkeccak_w133 - INFO - 0x152ed32a 
c: 2022-07-11 23:11:28,439 - 4rkeccak_w133 - INFO - 0x25348872 
c: 2022-07-11 23:11:28,439 - 4rkeccak_w133 - INFO - 0xa49583f6 
c: 2022-07-11 23:11:28,439 - 4rkeccak_w133 - INFO - 0xa0aef827 
c: 2022-07-11 23:11:28,439 - 4rkeccak_w133 - INFO - 0xbb81230f 
c: 2022-07-11 23:11:28,439 - 4rkeccak_w133 - INFO - ##############################################
c: 2022-07-11 23:11:28,439 - 4rkeccak_w133 - INFO - input Y state at round 1: 
c: 2022-07-11 23:11:28,439 - 4rkeccak_w133 - INFO - 0x01b7c87f 
c: 2022-07-11 23:11:28,439 - 4rkeccak_w133 - INFO - 0xc69707c3 
c: 2022-07-11 23:11:28,439 - 4rkeccak_w133 - INFO - 0xd016dd0e 
c: 2022-07-11 23:11:28,439 - 4rkeccak_w133 - INFO - 0xb976156d 
c: 2022-07-11 23:11:28,439 - 4rkeccak_w133 - INFO - 0x385bcbd4 
c: 2022-07-11 23:11:28,439 - 4rkeccak_w133 - INFO - 0xd7ae68fc 
c: 2022-07-11 23:11:28,439 - 4rkeccak_w133 - INFO - 0x53cdc8d5 
c: 2022-07-11 23:11:28,439 - 4rkeccak_w133 - INFO - 0x39b312b4 
c: 2022-07-11 23:11:28,440 - 4rkeccak_w133 - INFO - 0x3c4cff9a 
c: 2022-07-11 23:11:28,440 - 4rkeccak_w133 - INFO - 0xef0b125e 
c: 2022-07-11 23:11:28,440 - 4rkeccak_w133 - INFO - 0xa7561ea1 
c: 2022-07-11 23:11:28,440 - 4rkeccak_w133 - INFO - 0xa08a750e 
c: 2022-07-11 23:11:28,440 - 4rkeccak_w133 - INFO - 0x55a85559 
c: 2022-07-11 23:11:28,440 - 4rkeccak_w133 - INFO - 0x595881d5 
c: 2022-07-11 23:11:28,440 - 4rkeccak_w133 - INFO - 0xfc312a21 
c: 2022-07-11 23:11:28,440 - 4rkeccak_w133 - INFO - 0xaea163fd 
c: 2022-07-11 23:11:28,440 - 4rkeccak_w133 - INFO - 0x9a80ff5d 
c: 2022-07-11 23:11:28,440 - 4rkeccak_w133 - INFO - 0xba64efd5 
c: 2022-07-11 23:11:28,440 - 4rkeccak_w133 - INFO - 0x070bcfe6 
c: 2022-07-11 23:11:28,440 - 4rkeccak_w133 - INFO - 0x04d60d0e 
c: 2022-07-11 23:11:28,440 - 4rkeccak_w133 - INFO - 0x1d2ed32a 
c: 2022-07-11 23:11:28,441 - 4rkeccak_w133 - INFO - 0x25348872 
c: 2022-07-11 23:11:28,441 - 4rkeccak_w133 - INFO - 0xa49583f6 
c: 2022-07-11 23:11:28,441 - 4rkeccak_w133 - INFO - 0xa0aef8e7 
c: 2022-07-11 23:11:28,441 - 4rkeccak_w133 - INFO - 0xbb81230f 
c: 2022-07-11 23:11:28,448 - 4rkeccak_w133 - INFO - ##############################################
c: 2022-07-11 23:11:28,448 - 4rkeccak_w133 - INFO - difference state at round 2: 
c: 2022-07-11 23:11:28,448 - 4rkeccak_w133 - INFO - 0x00000000 
c: 2022-07-11 23:11:28,448 - 4rkeccak_w133 - INFO - 0x00000000 
c: 2022-07-11 23:11:28,448 - 4rkeccak_w133 - INFO - 0x00000000 
c: 2022-07-11 23:11:28,448 - 4rkeccak_w133 - INFO - 0x00000000 
c: 2022-07-11 23:11:28,448 - 4rkeccak_w133 - INFO - 0x00000000 
c: 2022-07-11 23:11:28,448 - 4rkeccak_w133 - INFO - 0x00000000 
c: 2022-07-11 23:11:28,448 - 4rkeccak_w133 - INFO - 0x00000000 
c: 2022-07-11 23:11:28,448 - 4rkeccak_w133 - INFO - 0x40000000 
c: 2022-07-11 23:11:28,448 - 4rkeccak_w133 - INFO - 0x00000000 
c: 2022-07-11 23:11:28,449 - 4rkeccak_w133 - INFO - 0x00000000 
c: 2022-07-11 23:11:28,449 - 4rkeccak_w133 - INFO - 0x00000000 
c: 2022-07-11 23:11:28,449 - 4rkeccak_w133 - INFO - 0x00000000 
c: 2022-07-11 23:11:28,449 - 4rkeccak_w133 - INFO - 0x80000000 
c: 2022-07-11 23:11:28,449 - 4rkeccak_w133 - INFO - 0x00000000 
c: 2022-07-11 23:11:28,449 - 4rkeccak_w133 - INFO - 0x00002000 
c: 2022-07-11 23:11:28,449 - 4rkeccak_w133 - INFO - 0x00000000 
c: 2022-07-11 23:11:28,449 - 4rkeccak_w133 - INFO - 0x00000000 
c: 2022-07-11 23:11:28,449 - 4rkeccak_w133 - INFO - 0x00000000 
c: 2022-07-11 23:11:28,449 - 4rkeccak_w133 - INFO - 0x00000000 
c: 2022-07-11 23:11:28,449 - 4rkeccak_w133 - INFO - 0xc0000000 
c: 2022-07-11 23:11:28,449 - 4rkeccak_w133 - INFO - 0x00000000 
c: 2022-07-11 23:11:28,449 - 4rkeccak_w133 - INFO - 0x40000000 
c: 2022-07-11 23:11:28,449 - 4rkeccak_w133 - INFO - 0x00000000 
c: 2022-07-11 23:11:28,450 - 4rkeccak_w133 - INFO - 0x00000000 
c: 2022-07-11 23:11:28,450 - 4rkeccak_w133 - INFO - 0x00000000 
c: 2022-07-11 23:11:28,450 - 4rkeccak_w133 - INFO - ##############################################
c: 2022-07-11 23:11:28,450 - 4rkeccak_w133 - INFO - input X state at round 2: 
c: 2022-07-11 23:11:28,450 - 4rkeccak_w133 - INFO - 0x272b8e7b 
c: 2022-07-11 23:11:28,450 - 4rkeccak_w133 - INFO - 0x248b0e4b 
c: 2022-07-11 23:11:28,450 - 4rkeccak_w133 - INFO - 0x6c138ea5 
c: 2022-07-11 23:11:28,450 - 4rkeccak_w133 - INFO - 0xd936defc 
c: 2022-07-11 23:11:28,450 - 4rkeccak_w133 - INFO - 0x4dea909c 
c: 2022-07-11 23:11:28,450 - 4rkeccak_w133 - INFO - 0x8a30f5e9 
c: 2022-07-11 23:11:28,450 - 4rkeccak_w133 - INFO - 0xeaa36aa8 
c: 2022-07-11 23:11:28,450 - 4rkeccak_w133 - INFO - 0x67500396 
c: 2022-07-11 23:11:28,451 - 4rkeccak_w133 - INFO - 0x12420597 
c: 2022-07-11 23:11:28,451 - 4rkeccak_w133 - INFO - 0xd3560fbe 
c: 2022-07-11 23:11:28,451 - 4rkeccak_w133 - INFO - 0xb988d59a 
c: 2022-07-11 23:11:28,451 - 4rkeccak_w133 - INFO - 0xe53bfe37 
c: 2022-07-11 23:11:28,451 - 4rkeccak_w133 - INFO - 0x968387bd 
c: 2022-07-11 23:11:28,451 - 4rkeccak_w133 - INFO - 0x368dfbcd 
c: 2022-07-11 23:11:28,451 - 4rkeccak_w133 - INFO - 0x38b28ccf 
c: 2022-07-11 23:11:28,451 - 4rkeccak_w133 - INFO - 0x093dde85 
c: 2022-07-11 23:11:28,451 - 4rkeccak_w133 - INFO - 0x900645ec 
c: 2022-07-11 23:11:28,451 - 4rkeccak_w133 - INFO - 0xa663946f 
c: 2022-07-11 23:11:28,451 - 4rkeccak_w133 - INFO - 0x096acfca 
c: 2022-07-11 23:11:28,451 - 4rkeccak_w133 - INFO - 0xd9bf5d63 
c: 2022-07-11 23:11:28,451 - 4rkeccak_w133 - INFO - 0xbd4efaa5 
c: 2022-07-11 23:11:28,451 - 4rkeccak_w133 - INFO - 0x321b9aee 
c: 2022-07-11 23:11:28,452 - 4rkeccak_w133 - INFO - 0xacabed12 
c: 2022-07-11 23:11:28,452 - 4rkeccak_w133 - INFO - 0xb2fbff70 
c: 2022-07-11 23:11:28,452 - 4rkeccak_w133 - INFO - 0x58b67472 
c: 2022-07-11 23:11:28,452 - 4rkeccak_w133 - INFO - ##############################################
c: 2022-07-11 23:11:28,452 - 4rkeccak_w133 - INFO - input Y state at round 2: 
c: 2022-07-11 23:11:28,452 - 4rkeccak_w133 - INFO - 0x272b8e7b 
c: 2022-07-11 23:11:28,452 - 4rkeccak_w133 - INFO - 0x248b0e4b 
c: 2022-07-11 23:11:28,452 - 4rkeccak_w133 - INFO - 0x6c138ea5 
c: 2022-07-11 23:11:28,452 - 4rkeccak_w133 - INFO - 0xd936defc 
c: 2022-07-11 23:11:28,452 - 4rkeccak_w133 - INFO - 0x4dea909c 
c: 2022-07-11 23:11:28,452 - 4rkeccak_w133 - INFO - 0x8a30f5e9 
c: 2022-07-11 23:11:28,452 - 4rkeccak_w133 - INFO - 0xeaa36aa8 
c: 2022-07-11 23:11:28,452 - 4rkeccak_w133 - INFO - 0x27500396 
c: 2022-07-11 23:11:28,452 - 4rkeccak_w133 - INFO - 0x12420597 
c: 2022-07-11 23:11:28,452 - 4rkeccak_w133 - INFO - 0xd3560fbe 
c: 2022-07-11 23:11:28,453 - 4rkeccak_w133 - INFO - 0xb988d59a 
c: 2022-07-11 23:11:28,453 - 4rkeccak_w133 - INFO - 0xe53bfe37 
c: 2022-07-11 23:11:28,453 - 4rkeccak_w133 - INFO - 0x168387bd 
c: 2022-07-11 23:11:28,453 - 4rkeccak_w133 - INFO - 0x368dfbcd 
c: 2022-07-11 23:11:28,453 - 4rkeccak_w133 - INFO - 0x38b2accf 
c: 2022-07-11 23:11:28,453 - 4rkeccak_w133 - INFO - 0x093dde85 
c: 2022-07-11 23:11:28,453 - 4rkeccak_w133 - INFO - 0x900645ec 
c: 2022-07-11 23:11:28,453 - 4rkeccak_w133 - INFO - 0xa663946f 
c: 2022-07-11 23:11:28,453 - 4rkeccak_w133 - INFO - 0x096acfca 
c: 2022-07-11 23:11:28,453 - 4rkeccak_w133 - INFO - 0x19bf5d63 
c: 2022-07-11 23:11:28,453 - 4rkeccak_w133 - INFO - 0xbd4efaa5 
c: 2022-07-11 23:11:28,453 - 4rkeccak_w133 - INFO - 0x721b9aee 
c: 2022-07-11 23:11:28,454 - 4rkeccak_w133 - INFO - 0xacabed12 
c: 2022-07-11 23:11:28,454 - 4rkeccak_w133 - INFO - 0xb2fbff70 
c: 2022-07-11 23:11:28,454 - 4rkeccak_w133 - INFO - 0x58b67472 
c: 2022-07-11 23:11:28,460 - 4rkeccak_w133 - INFO - ##############################################
c: 2022-07-11 23:11:28,460 - 4rkeccak_w133 - INFO - difference state at round 3: 
c: 2022-07-11 23:11:28,460 - 4rkeccak_w133 - INFO - 0x00002000 
c: 2022-07-11 23:11:28,460 - 4rkeccak_w133 - INFO - 0x00000000 
c: 2022-07-11 23:11:28,461 - 4rkeccak_w133 - INFO - 0x00000600 
c: 2022-07-11 23:11:28,461 - 4rkeccak_w133 - INFO - 0x00200008 
c: 2022-07-11 23:11:28,461 - 4rkeccak_w133 - INFO - 0x00001000 
c: 2022-07-11 23:11:28,461 - 4rkeccak_w133 - INFO - 0x10000400 
c: 2022-07-11 23:11:28,461 - 4rkeccak_w133 - INFO - 0x00000000 
c: 2022-07-11 23:11:28,461 - 4rkeccak_w133 - INFO - 0x00010000 
c: 2022-07-11 23:11:28,461 - 4rkeccak_w133 - INFO - 0x00000000 
c: 2022-07-11 23:11:28,461 - 4rkeccak_w133 - INFO - 0x08000000 
c: 2022-07-11 23:11:28,461 - 4rkeccak_w133 - INFO - 0x00000000 
c: 2022-07-11 23:11:28,461 - 4rkeccak_w133 - INFO - 0x00000000 
c: 2022-07-11 23:11:28,461 - 4rkeccak_w133 - INFO - 0x02000080 
c: 2022-07-11 23:11:28,462 - 4rkeccak_w133 - INFO - 0x000000c0 
c: 2022-07-11 23:11:28,462 - 4rkeccak_w133 - INFO - 0x80000000 
c: 2022-07-11 23:11:28,462 - 4rkeccak_w133 - INFO - 0x00000000 
c: 2022-07-11 23:11:28,462 - 4rkeccak_w133 - INFO - 0x00020000 
c: 2022-07-11 23:11:28,462 - 4rkeccak_w133 - INFO - 0x00000000 
c: 2022-07-11 23:11:28,462 - 4rkeccak_w133 - INFO - 0x00004000 
c: 2022-07-11 23:11:28,462 - 4rkeccak_w133 - INFO - 0x01000040 
c: 2022-07-11 23:11:28,462 - 4rkeccak_w133 - INFO - 0x10000000 
c: 2022-07-11 23:11:28,462 - 4rkeccak_w133 - INFO - 0x00800020 
c: 2022-07-11 23:11:28,462 - 4rkeccak_w133 - INFO - 0x00100000 
c: 2022-07-11 23:11:28,462 - 4rkeccak_w133 - INFO - 0x00400000 
c: 2022-07-11 23:11:28,462 - 4rkeccak_w133 - INFO - 0x00000001 
c: 2022-07-11 23:11:28,462 - 4rkeccak_w133 - INFO - ##############################################
c: 2022-07-11 23:11:28,462 - 4rkeccak_w133 - INFO - input X state at round 3: 
c: 2022-07-11 23:11:28,462 - 4rkeccak_w133 - INFO - 0x18e7f57a 
c: 2022-07-11 23:11:28,463 - 4rkeccak_w133 - INFO - 0xeca5daba 
c: 2022-07-11 23:11:28,463 - 4rkeccak_w133 - INFO - 0xf6ee71ee 
c: 2022-07-11 23:11:28,463 - 4rkeccak_w133 - INFO - 0xe87d2aa2 
c: 2022-07-11 23:11:28,463 - 4rkeccak_w133 - INFO - 0x0f452e5b 
c: 2022-07-11 23:11:28,463 - 4rkeccak_w133 - INFO - 0x21b088a9 
c: 2022-07-11 23:11:28,463 - 4rkeccak_w133 - INFO - 0xc92501e4 
c: 2022-07-11 23:11:28,463 - 4rkeccak_w133 - INFO - 0xe6a57dba 
c: 2022-07-11 23:11:28,463 - 4rkeccak_w133 - INFO - 0x35531900 
c: 2022-07-11 23:11:28,463 - 4rkeccak_w133 - INFO - 0x28f8166c 
c: 2022-07-11 23:11:28,463 - 4rkeccak_w133 - INFO - 0xc941f5cf 
c: 2022-07-11 23:11:28,463 - 4rkeccak_w133 - INFO - 0x4ad5f3c1 
c: 2022-07-11 23:11:28,463 - 4rkeccak_w133 - INFO - 0xa0af75e1 
c: 2022-07-11 23:11:28,464 - 4rkeccak_w133 - INFO - 0x761527aa 
c: 2022-07-11 23:11:28,464 - 4rkeccak_w133 - INFO - 0x904318cb 
c: 2022-07-11 23:11:28,464 - 4rkeccak_w133 - INFO - 0x85750ecd 
c: 2022-07-11 23:11:28,464 - 4rkeccak_w133 - INFO - 0x8bc8f5a7 
c: 2022-07-11 23:11:28,464 - 4rkeccak_w133 - INFO - 0xe08a0e50 
c: 2022-07-11 23:11:28,464 - 4rkeccak_w133 - INFO - 0xed1feacc 
c: 2022-07-11 23:11:28,464 - 4rkeccak_w133 - INFO - 0xf8f78c2f 
c: 2022-07-11 23:11:28,464 - 4rkeccak_w133 - INFO - 0x32ed3435 
c: 2022-07-11 23:11:28,464 - 4rkeccak_w133 - INFO - 0xedfd2ed7 
c: 2022-07-11 23:11:28,464 - 4rkeccak_w133 - INFO - 0xa577e34f 
c: 2022-07-11 23:11:28,464 - 4rkeccak_w133 - INFO - 0x006a47b1 
c: 2022-07-11 23:11:28,464 - 4rkeccak_w133 - INFO - 0xc510b1e9 
c: 2022-07-11 23:11:28,464 - 4rkeccak_w133 - INFO - ##############################################
c: 2022-07-11 23:11:28,464 - 4rkeccak_w133 - INFO - input Y state at round 3: 
c: 2022-07-11 23:11:28,465 - 4rkeccak_w133 - INFO - 0x18e7d57a 
c: 2022-07-11 23:11:28,465 - 4rkeccak_w133 - INFO - 0xeca5daba 
c: 2022-07-11 23:11:28,465 - 4rkeccak_w133 - INFO - 0xf6ee77ee 
c: 2022-07-11 23:11:28,465 - 4rkeccak_w133 - INFO - 0xe85d2aaa 
c: 2022-07-11 23:11:28,465 - 4rkeccak_w133 - INFO - 0x0f453e5b 
c: 2022-07-11 23:11:28,465 - 4rkeccak_w133 - INFO - 0x31b08ca9 
c: 2022-07-11 23:11:28,465 - 4rkeccak_w133 - INFO - 0xc92501e4 
c: 2022-07-11 23:11:28,465 - 4rkeccak_w133 - INFO - 0xe6a47dba 
c: 2022-07-11 23:11:28,465 - 4rkeccak_w133 - INFO - 0x35531900 
c: 2022-07-11 23:11:28,465 - 4rkeccak_w133 - INFO - 0x20f8166c 
c: 2022-07-11 23:11:28,465 - 4rkeccak_w133 - INFO - 0xc941f5cf 
c: 2022-07-11 23:11:28,465 - 4rkeccak_w133 - INFO - 0x4ad5f3c1 
c: 2022-07-11 23:11:28,465 - 4rkeccak_w133 - INFO - 0xa2af7561 
c: 2022-07-11 23:11:28,466 - 4rkeccak_w133 - INFO - 0x7615276a 
c: 2022-07-11 23:11:28,466 - 4rkeccak_w133 - INFO - 0x104318cb 
c: 2022-07-11 23:11:28,466 - 4rkeccak_w133 - INFO - 0x85750ecd 
c: 2022-07-11 23:11:28,466 - 4rkeccak_w133 - INFO - 0x8bcaf5a7 
c: 2022-07-11 23:11:28,466 - 4rkeccak_w133 - INFO - 0xe08a0e50 
c: 2022-07-11 23:11:28,466 - 4rkeccak_w133 - INFO - 0xed1faacc 
c: 2022-07-11 23:11:28,466 - 4rkeccak_w133 - INFO - 0xf9f78c6f 
c: 2022-07-11 23:11:28,466 - 4rkeccak_w133 - INFO - 0x22ed3435 
c: 2022-07-11 23:11:28,466 - 4rkeccak_w133 - INFO - 0xed7d2ef7 
c: 2022-07-11 23:11:28,466 - 4rkeccak_w133 - INFO - 0xa567e34f 
c: 2022-07-11 23:11:28,466 - 4rkeccak_w133 - INFO - 0x002a47b1 
c: 2022-07-11 23:11:28,466 - 4rkeccak_w133 - INFO - 0xc510b1e8 
c: 2022-07-11 23:11:28,468 - 4rkeccak_w133 - INFO - check over
