c --- [ banner ] -------------------------------------------------------------
c 
c CaDiCaL Radically Simplified CDCL SAT Solver
c Copyright (c) 2016-2021 A. Biere, M. Fleury, N. Froleyks
c 
c Version 1.5.2 ca9bff05c11bde5eae4912f9932871d1527e61d8
c g++-9.4.0 -fvisibility-inlines-hidden -std=c++17 -fmessage-length=0 -march=nocona -mtune=haswell -ftree-vectorize -fPIC -fstack-protector-strong -fno-plt -O2 -ffunction-sections -pipe -isystem /home/user/miniconda3/envs/algsat/include -W -O -DNDEBUG
c Wed Jul 13 11:27:14 CST 2022 Linux user-S2600WTTR 4.15.0-109-generic x86_64
c 
c --- [ parsing input ] ------------------------------------------------------
c 
c reading DIMACS file from '/home/user/lhn/bosphorus/gimli/8r/8rgimli.cnf'
c opening file to read '/home/user/lhn/bosphorus/gimli/8r/8rgimli.cnf'
c found 'p cnf 6559 49757' header
c parsed 49757 clauses in 0.05 seconds process time
c closing file '/home/user/lhn/bosphorus/gimli/8r/8rgimli.cnf'
c after reading 1270140 bytes 1.2 MB
c 
c --- [ options ] ------------------------------------------------------------
c 
c all options are set to their default value
c 
c --- [ solving ] ------------------------------------------------------------
c 
c time measured in process time since initialization
c 
c  seconds  reductions  redundant  irredundant
c         MB    restarts       trail     variables
c          level   conflicts       glue       remaining
c 
c *  0.05  9  0 0   0    0    0  0% 0 47220 4042 62%
c {  0.08 11  0 0   0    0    0  0% 0 47220 4042 62%
c -  0.12 11 333 1   1  301  270 61% 24 47220 4042 62%
c -  0.19 13 232 2  67  901  707 55% 21 47220 4042 62%
c }  0.20 13 217 2  82 1001  800 54% 21 47220 4042 62%
c [  0.20 13  0 2  82 1001  800  0% 0 47220 4042 62%
c O  0.20 13 387 2  82 1002  801 93% 29 47220 4042 62%
c -  0.28 13 377 3  82 1804 1200 69% 36 47220 4042 62%
c ]  0.40 13 235 3  83 3001 2379 11% 40 47220 4042 62%
c {  0.40 13 217 3  83 3001 2379 88% 21 47220 4042 62%
c F  0.40 13 217 3  84 3003 2381 88% 21 47220 4042 62%
c -  0.41 13 216 4  84 3005 1627 88% 21 47220 4042 62%
c -  0.54 13 135 5 276 4505 1951 42% 23 47220 4042 62%
c d  0.58 13 126 5 310 5000 2420 37% 24 46990 3927 60%
c #  0.67 13 115 5 370 6004 3375 30% 24 46990 3927 60%
c -  0.70 13 112 6 386 6307 2505 29% 24 46990 3927 60%
c }  0.76 13 106 6 430 7001 3177 26% 24 46990 3927 60%
c [  0.76 13 235 6 430 7001 3177 11% 40 46990 3927 60%
c s  0.80 15 227 6 431 7094 3265 11% 39 46985 3927 60%
c v  0.86 15 227 6 431 7094 3265 11% 39 46759 3927 60%
c 
c  seconds   reductions  redundant   irredundant
c         MB     restarts       trail      variables
c           level   conflicts       glue        remaining
c 
c w  0.88 15 227 6 431 7094 3265 11% 39 46759 3927 60%
c e  0.97 15 227 6 431 7094 3218 11% 39 25118 2112 32%
c s  0.99 15 227 6 431 7094 3216 11% 39 25113 2112 32%
c -  1.12 14 166 7 431 8408 3133 23% 36 25113 2112 32%
c I  1.26 14 134 7 432 10007 4683 23% 35 25113 2112 32%
c -  1.32 16 127 8 433 10808 3614 23% 35 25113 2112 32%
c -  1.51 16 141 9 435 13508 4059 33% 38 25113 2112 32%
c ]  1.62 16 140 9 435 15001 5529 33% 36 25113 2112 32%
c {  1.62 16 106 9 435 15001 5529 51% 24 25113 2112 32%
c B  1.63 16 106 9 435 15008 5537 51% 24 25113 2112 32%
c -  1.74 16 100 10 538 16508 4536 43% 24 25113 2112 32%
c -  2.01 16 93 11 836 19810 5190 35% 25 25113 2112 32%
c W  2.13 16 91 11 887 21009 6345 34% 25 25113 2112 32%
c -  2.34 16 89 12 1127 23410 5916 31% 25 25113 2112 32%
c -  2.66 17 86 13 1411 27312 6637 29% 25 25113 2112 32%
c F  2.72 17 86 13 1476 28013 7310 28% 25 25113 2112 32%
c }  3.02 17 85 13 1813 31002 10163 27% 26 25113 2112 32%
c [  3.02 17 140 13 1813 31002 10163 33% 36 25113 2112 32%
c -  3.07 17 138 14 1813 31513 7400 33% 36 25113 2112 32%
c -  3.47 17 118 15 1816 36013 7932 29% 36 25113 2112 32%
c 
c  seconds   reductions     redundant   irredundant
c         MB      restarts         trail      variables
c           level      conflicts       glue        remaining
c 
c B  3.47 17 118 15 1816 36014 7933 29% 36 25113 2112 32%
c -  3.90 14 106 16 1819 40814 8065 27% 37 25113 2112 32%
c W  4.35 14 100 16 1820 45017 12174 26% 37 25113 2112 32%
c -  4.45 14 99 17 1821 45915 8620 26% 37 25113 2112 32%
c -  5.05 14 93 18 1821 51315 9191 25% 37 25113 2112 32%
c O  5.41 14 90 18 1822 55019 12809 25% 37 25113 2112 32%
c -  5.61 14 89 19 1824 57015 9570 25% 38 25113 2112 32%
c ]  6.21 14 86 19 1828 63003 15385 24% 38 25113 2112 32%
c {  6.21 14 85 19 1828 63003 15385 27% 26 25113 2112 32%
c -  6.22 14 85 20 1830 63015 9993 27% 26 25113 2112 32%
c B  6.52 14 84 20 2061 66020 12899 26% 26 25113 2112 32%
c -  6.89 17 83 21 2372 69315 10779 25% 26 25113 2112 32%
c -  7.61 17 82 22 2953 75915 11893 24% 26 25113 2112 32%
c W  7.86 17 82 22 3164 78022 13920 24% 27 25113 2112 32%
c -  8.36 17 82 23 3575 82819 12945 23% 27 25113 2112 32%
c s  8.40 17 82 23 3575 82819 12888 23% 27 25106 2112 32%
c v  8.46 17 82 23 3575 82819 12888 23% 27 25080 2112 32%
c w  8.48 17 82 23 3575 82819 12881 23% 27 25080 2112 32%
c e  8.50 17 82 23 3575 82819 12817 23% 27 19716 1584 24%
c s  8.53 17 82 23 3575 82819 12815 23% 27 19716 1584 24%
c 
c  seconds  reductions      redundant   irredundant
c         MB     restarts          trail      variables
c          level      conflicts        glue        remaining
c 
c ^  8.53 17 82 23 3575 82819 12815 23% 27 19716 1584 24%
c -  9.29 17 81 24 4233 90021 13942 28% 27 19716 1584 24%
c #  9.39 17 81 24 4328 91023 14905 28% 27 19716 1584 24%
c - 10.12 19 81 25 4941 97522 14883 27% 27 19716 1584 24%
c s 10.91 19 80 25 5495 104646 21750 28% 28 19716 1584 24%
c w 10.97 19 80 25 5495 104646 21750 28% 28 19716 1584 24%
c s 11.04 19 80 25 5495 104646 21747 28% 28 19716 1584 24%
c ^ 11.05 19 80 25 5495 104646 21747 28% 28 19716 1584 24%
c B 11.12 19 80 25 5544 105026 22104 28% 28 19716 1584 24%
c - 11.17 19 80 26 5568 105325 15845 28% 28 19716 1584 24%
c - 12.05 20 80 27 6165 113426 16719 28% 28 19716 1584 24%
c W 12.87 20 79 27 6766 120029 23101 28% 28 19716 1584 24%
c - 13.09 15 79 28 6905 121826 17702 28% 28 19716 1584 24%
c } 13.72 15 79 28 7446 127004 22716 28% 28 19716 1584 24%
c [ 13.72 15 86 28 7446 127004 22716 32% 38 19716 1584 24%
c - 14.07 16 85 29 7447 130527 18586 32% 38 19716 1584 24%
c s 14.45 16 84 29 7449 133748 21683 32% 37 19716 1584 24%
c w 14.52 16 84 29 7449 133748 21682 32% 37 19716 1584 24%
c s 14.59 16 84 29 7449 133748 21677 32% 37 19716 1584 24%
c ^ 14.59 16 84 29 7449 133748 21677 32% 37 19716 1584 24%
c 
c  seconds  reductions       redundant   irredundant
c         MB     restarts           trail      variables
c          level      conflicts         glue        remaining
c 
c B 14.84 16 84 29 7451 136030 23905 32% 37 19716 1584 24%
c - 15.21 17 83 30 7453 139527 18645 31% 37 19716 1584 24%
c - 16.27 17 81 31 7454 148828 18027 31% 38 19716 1584 24%
c W 16.80 17 79 31 7455 153034 22162 31% 38 19716 1584 24%
c - 17.38 17 78 32 7455 158428 17995 31% 37 19716 1584 24%
c - 18.47 17 76 33 7456 168328 18375 31% 37 19716 1584 24%
c s 18.69 17 76 33 7458 170127 20135 31% 37 19716 1584 24%
c w 18.76 17 76 33 7458 170127 20134 31% 37 19716 1584 24%
c e 18.80 17 76 33 7458 170127 20134 31% 37 19740 1578 24%
c s 18.80 17 76 33 7458 170127 20133 31% 37 19740 1578 24%
c ^ 18.81 17 76 33 7458 170127 20133 31% 37 19740 1578 24%
c I 18.91 17 76 33 7458 171035 21022 31% 37 19740 1578 24%
c - 19.52 17 80 34 7462 178528 18840 33% 37 19740 1578 24%
c - 20.54 18 80 35 7469 189028 19345 32% 37 19740 1578 24%
c B 20.59 18 82 35 7469 190036 20341 33% 37 19740 1578 24%
c - 21.59 18 83 36 7470 199828 19462 34% 36 19740 1578 24%
c W 22.69 18 83 36 7477 210037 29527 34% 37 19740 1578 24%
c - 22.79 18 83 37 7477 210929 20253 34% 37 19740 1578 24%
c s 23.09 19 83 37 7478 213868 23118 33% 37 19740 1578 24%
c w 23.15 19 83 37 7478 213868 23118 33% 37 19740 1578 24%
c 
c  seconds  reductions       redundant   irredundant
c         MB     restarts           trail      variables
c          level      conflicts         glue        remaining
c 
c e 23.20 19 83 37 7478 213868 21350 33% 37 19828 1567 24%
c s 23.20 19 83 37 7478 213868 21348 33% 37 19828 1567 24%
c ^ 23.21 19 83 37 7478 213868 21348 33% 37 19828 1567 24%
c - 24.01 18 87 38 7484 222330 19962 35% 37 19828 1567 24%
c O 24.90 18 90 38 7485 231038 28517 35% 38 19828 1567 24%
c - 25.23 22 90 39 7486 234030 21380 35% 38 19828 1567 24%
c - 26.74 27 88 40 7486 246032 21970 34% 38 19828 1567 24%
c B 27.71 27 87 40 7487 253039 28890 34% 38 19828 1567 24%
c ] 27.89 27 90 40 7487 255005 30820 35% 38 19828 1567 24%
c { 27.89 27 79 40 7487 255005 30820 28% 28 19828 1567 24%
c - 28.14 27 80 41 7597 258334 22843 28% 28 19828 1567 24%
c s 28.69 27 79 41 7793 265129 29352 28% 28 19828 1567 24%
c w 28.78 27 79 41 7793 265129 29350 28% 28 19828 1567 24%
c e 28.82 27 79 41 7793 265129 27169 28% 28 19962 1558 24%
c s 28.85 27 79 41 7793 265129 27157 28% 28 19953 1558 24%
c - 29.34 27 79 42 7974 270934 21873 27% 28 19953 1558 24%
c F 29.81 27 79 42 8181 276040 26779 27% 28 19953 1558 24%
c - 30.65 27 79 43 8590 283834 23757 27% 28 19953 1558 24%
c - 32.05 27 79 44 9245 297036 25457 27% 28 19953 1558 24%
c B 32.34 27 79 44 9414 300045 28368 27% 28 19953 1558 24%
c 
c  seconds  reductions        redundant   irredundant
c         MB      restarts           trail      variables
c          level       conflicts         glue        remaining
c 
c - 33.65 28 79 45 10086 310538 27009 27% 28 19953 1558 24%
c - 35.23 32 78 46 10901 324338 28577 27% 28 19953 1558 24%
c W 35.43 32 78 46 10948 325047 29256 27% 28 19953 1558 24%
c - 37.19 32 78 47 12000 338441 29935 26% 28 19953 1558 24%
c # 38.84 32 78 47 12840 351048 42145 26% 28 19953 1558 24%
c - 39.16 32 78 48 13026 352841 31323 26% 29 19953 1558 24%
c - 41.33 33 78 49 14325 367541 32645 26% 29 19953 1558 24%
c B 42.85 33 78 49 15162 378049 42807 26% 29 19953 1558 24%
c - 43.53 33 78 50 15431 382541 33944 26% 29 19953 1558 24%
c - 45.50 33 80 51 16290 397841 35061 27% 29 19953 1558 24%
c W 46.86 33 79 51 16968 406051 42985 27% 29 19953 1558 24%
c - 48.08 24 79 52 17690 413442 36385 27% 29 19953 1558 24%
c - 50.14 25 82 53 17698 429342 36355 31% 28 19953 1558 24%
c F 50.92 25 83 53 17698 435052 41944 32% 28 19953 1558 24%
c - 53.03 26 82 54 18872 445543 36974 31% 28 19953 1558 24%
c - 56.26 25 81 55 20628 462045 38074 30% 28 19953 1558 24%
c B 56.74 25 81 55 20899 465053 40991 30% 28 19953 1558 24%
c - 59.43 31 82 56 22483 478846 39491 30% 29 19953 1558 24%
c - 62.56 37 81 57 24096 495947 40995 29% 29 19953 1558 24%
c W 62.78 37 81 57 24096 496055 41102 29% 29 19953 1558 24%
c 
c  seconds  reductions        redundant   irredundant
c         MB      restarts           trail      variables
c          level       conflicts         glue        remaining
c 
c } 65.53 37 81 57 25553 511005 55568 29% 29 19953 1558 24%
c [ 65.53 37 90 57 25553 511005 55568 35% 38 19953 1558 24%
c - 65.81 37 90 58 25553 513348 42171 35% 38 19953 1558 24%
c W 67.26 37 98 58 25553 528057 56588 37% 36 19953 1558 24%
c - 67.64 37 97 59 25553 531048 42332 37% 36 19953 1558 24%
c - 69.80 27 92 60 25560 549049 40173 36% 36 19953 1558 24%
c I 71.21 27 89 60 25567 561059 51936 35% 36 19953 1558 24%
c - 71.87 27 89 61 25568 567350 39654 36% 35 19953 1558 24%
c s 71.95 27 89 61 25568 567350 39433 36% 35 19948 1558 24%
c w 72.12 27 89 61 25568 567350 39404 36% 35 19948 1558 24%
c s 72.19 27 89 61 25568 567350 39393 36% 35 19948 1558 24%
c - 74.67 28 86 62 25577 585951 39608 35% 37 19948 1558 24%
c B 75.83 28 85 62 25582 595061 48519 34% 37 19948 1558 24%
c - 77.17 28 84 63 25583 604852 39514 34% 38 19948 1558 24%
c - 79.48 28 89 64 25586 624053 40305 36% 38 19948 1558 24%
c W 80.42 28 88 64 25590 630066 46239 36% 38 19948 1558 24%
c - 82.16 36 85 65 25598 643554 40547 35% 38 19948 1558 24%
c - 84.99 37 82 66 25605 663354 40632 35% 39 19948 1558 24%
c O 85.39 37 82 66 25606 666067 43297 34% 40 19948 1558 24%
c - 87.66 28 81 67 25614 683456 41709 34% 39 19948 1558 24%
c 
c  seconds  reductions        redundant   irredundant
c         MB      restarts           trail      variables
c          level       conflicts         glue        remaining
c 
c B 90.34 28 80 67 25615 703068 60939 33% 40 19948 1558 24%
c - 90.47 36 80 68 25615 703857 42416 33% 40 19948 1558 24%
c - 93.36 45 79 69 25616 724557 41969 33% 41 19948 1558 24%
c W 96.61 45 79 69 25617 741070 57785 33% 42 19948 1558 24%
c - 97.44 45 79 70 25617 745560 44508 33% 42 19948 1558 24%
c - 100.55 45 78 71 25617 766861 44263 32% 42 19948 1558 24%
c I 102.43 45 78 71 25617 780073 57132 32% 42 19948 1558 24%
c - 103.39 45 79 72 25617 788462 44781 35% 40 19948 1558 24%
c - 106.20 45 79 73 25623 810362 45380 39% 37 19948 1558 24%
c B 107.25 45 81 73 25627 820075 54895 39% 37 19948 1558 24%
c - 108.36 45 84 74 25632 832562 45940 40% 35 19948 1558 24%
c - 111.49 45 82 75 25644 855062 46975 37% 36 19948 1558 24%
c W 112.70 45 81 75 25646 861077 52818 37% 36 19948 1558 24%
c - 115.16 45 79 76 25648 877863 46908 36% 37 19948 1558 24%
c - 118.59 45 76 77 25658 900963 48140 35% 37 19948 1558 24%
c s 118.70 45 76 77 25658 900963 48076 35% 37 19948 1558 24%
c w 118.94 45 76 77 25658 900963 48070 35% 37 19948 1558 24%
c O 119.28 45 76 77 25659 903080 50133 35% 38 19948 1558 24%
c - 122.51 45 75 78 25667 924364 48190 34% 38 19948 1558 24%
c B 126.29 45 74 78 25678 946082 69263 33% 38 19948 1558 24%
c 
c  seconds   reductions        redundant   irredundant
c          MB      restarts           trail      variables
c           level       conflicts         glue        remaining
c 
c - 126.60 45 74 79 25678 948067 49101 33% 38 19948 1558 24%
c - 130.33 45 73 80 25680 972068 48981 32% 39 19948 1558 24%
c W 133.83 45 73 80 25680 990083 66500 32% 39 19948 1558 24%
c - 134.90 31 72 81 25680 996369 50273 32% 39 19948 1558 24%
c - 138.84 31 71 82 25693 1020969 51556 32% 38 19948 1558 24%
c ] 139.15 31 71 82 25694 1023008 53517 32% 38 19948 1558 24%
c { 139.15 31 81 82 25694 1023008 53517 29% 29 19948 1558 24%
c # 141.80 31 80 82 26596 1035088 65160 29% 29 19948 1558 24%
c - 144.52 34 80 83 27412 1045870 52450 29% 29 19948 1558 24%
c - 150.36 42 79 84 29202 1071071 53948 28% 30 19948 1558 24%
c B 152.41 42 79 84 29991 1081089 63617 28% 30 19948 1558 24%
c - 156.26 51 79 85 31234 1096572 55918 28% 30 19948 1558 24%
c - 162.33 60 78 86 33203 1122372 57973 28% 30 19948 1558 24%
c W 163.86 60 78 86 33494 1128093 63529 28% 30 19948 1558 24%
c - 168.48 60 78 87 34762 1148472 59750 28% 30 19948 1558 24%
c - 174.95 60 77 88 36603 1174875 61495 28% 31 19948 1558 24%
c F 175.22 60 77 88 36698 1176098 62684 28% 31 19948 1558 24%
c - 181.73 36 77 89 38597 1201575 63077 28% 31 19948 1558 24%
c B 187.56 36 77 89 40282 1225100 85909 28% 31 19948 1558 24%
c - 188.59 46 77 90 40529 1228575 64676 28% 31 19948 1558 24%
c 
c  seconds   reductions         redundant   irredundant
c          MB      restarts            trail      variables
c           level        conflicts         glue        remaining
c 
c - 195.21 55 77 91 42423 1255876 66205 28% 31 19948 1558 24%
c W 199.66 55 76 91 43447 1275101 84946 28% 31 19948 1558 24%
c - 201.66 65 76 92 43918 1283476 67574 28% 31 19948 1558 24%
c s 201.84 65 76 92 43918 1283476 67252 28% 31 19948 1558 24%
c w 202.15 65 76 92 43918 1283476 67228 28% 31 19948 1558 24%
c - 208.73 65 76 93 45759 1311376 68809 28% 32 19948 1558 24%
c # 212.10 65 76 93 46685 1326103 83140 28% 32 19948 1558 24%
c - 215.29 65 76 94 47434 1339577 69990 28% 32 19948 1558 24%
c - 222.03 46 75 95 49262 1368077 71220 28% 32 19948 1558 24%
c B 224.20 46 75 95 49799 1378106 80967 28% 32 19948 1558 24%
c - 228.92 46 75 96 50767 1396879 72464 28% 32 19948 1558 24%
c - 236.71 46 75 97 52936 1425980 73835 28% 32 19948 1558 24%
c W 238.42 46 75 97 53261 1431107 78825 28% 32 19948 1558 24%
c - 244.66 46 75 98 54685 1455383 75283 28% 32 19948 1558 24%
c - 252.09 47 75 99 56536 1485084 76572 28% 32 19948 1558 24%
c F 252.10 47 76 99 56536 1485108 76596 28% 32 19948 1558 24%
c - 259.60 47 75 100 58307 1515084 77670 28% 32 19948 1558 24%
c B 265.45 47 75 100 59588 1540109 102048 29% 32 19948 1558 24%
c - 267.28 47 75 101 59984 1545386 78656 29% 33 19948 1558 24%
c - 275.23 47 75 102 61677 1575988 79667 29% 33 19948 1558 24%
c 
c  seconds    reductions         redundant   irredundant
c          MB       restarts            trail      variables
c           level         conflicts         glue        remaining
c 
c W 280.49 47 74 102 62488 1596110 99275 29% 33 19948 1558 24%
c - 283.32 47 74 103 62945 1606888 80669 29% 32 19948 1558 24%
c - 290.95 47 74 104 64465 1638089 81717 29% 32 19948 1558 24%
c # 294.75 47 74 104 65332 1653112 96376 29% 33 19948 1558 24%
c - 299.83 43 75 105 66390 1669590 83095 29% 33 19948 1558 24%
c - 309.18 56 75 106 68340 1701391 84114 29% 33 19948 1558 24%
c s 309.50 56 75 106 68340 1701391 83702 29% 33 19948 1558 24%
c w 309.96 56 75 106 68340 1701391 83677 29% 33 19948 1558 24%
c B 312.10 56 75 106 68673 1711114 93094 29% 33 19948 1558 24%
c - 318.06 45 74 107 69661 1733491 84995 29% 33 19948 1558 24%
c - 326.93 58 74 108 71396 1765892 86098 29% 33 19948 1558 24%
c W 328.66 58 74 108 71672 1770116 90194 29% 33 19948 1558 24%
c - 337.45 58 75 109 73671 1798594 87514 28% 33 19948 1558 24%
c F 345.69 58 74 109 75245 1830117 118206 28% 33 19948 1558 24%
c - 346.19 46 74 110 75300 1831594 88604 28% 33 19948 1558 24%
c - 356.16 59 75 111 77341 1864895 89803 28% 34 19948 1558 24%
c B 363.10 59 74 111 78611 1891118 115289 29% 33 19948 1558 24%
c - 365.00 47 74 112 78846 1898496 90724 29% 33 19948 1558 24%
c - 373.68 61 73 113 80101 1932397 91241 29% 33 19948 1558 24%
c W 380.65 61 73 113 81288 1953120 111388 29% 33 19948 1558 24%
c 
c  seconds    reductions         redundant   irredundant
c          MB       restarts            trail      variables
c           level         conflicts         glue        remaining
c 
c - 384.96 61 74 114 81985 1966599 92239 29% 33 19948 1558 24%
c - 395.71 60 74 115 83991 2001100 93568 29% 33 19948 1558 24%
c # 399.89 60 74 115 84770 2016122 108203 29% 33 19948 1558 24%
c - 405.74 73 73 116 85671 2035900 94747 29% 33 19948 1558 24%
c } 408.62 73 74 116 86244 2047009 105546 29% 33 19948 1558 24%
c [ 408.62 73 71 116 86244 2047009 105546 32% 38 19948 1558 24%
c - 412.90 74 70 117 86252 2071001 94127 32% 37 19948 1558 24%
c I 414.38 74 70 117 86259 2080123 103116 32% 37 19948 1558 24%
c - 417.66 76 70 118 86261 2106401 89779 32% 37 19948 1558 24%
c - 423.44 76 70 119 86277 2142101 86339 32% 38 19948 1558 24%
c B 423.87 76 70 119 86279 2145125 89333 32% 38 19948 1558 24%
c - 428.47 62 70 120 86292 2178101 84560 32% 37 19948 1558 24%
c s 428.74 62 70 120 86292 2178101 84374 32% 37 19948 1558 24%
c w 429.12 62 70 120 86292 2178101 84368 32% 37 19948 1558 24%
c W 434.45 62 68 120 86293 2211128 116476 31% 36 19948 1558 24%
c - 434.96 76 68 121 86293 2214402 84050 31% 36 19948 1558 24%
c - 440.93 76 66 122 86294 2251003 84475 31% 35 19948 1558 24%
c O 445.36 76 65 122 86294 2278129 110910 30% 36 19948 1558 24%
c - 446.96 77 66 123 86294 2287903 86493 30% 36 19948 1558 24%
c - 453.38 77 69 124 86295 2325104 86545 28% 37 19948 1558 24%
c 
c  seconds    reductions         redundant    irredundant
c          MB       restarts             trail      variables
c           level         conflicts          glue        remaining
c 
c B 457.01 77 70 124 86295 2346130 107073 28% 38 19948 1558 24%
c - 459.27 77 71 125 86295 2362605 87888 29% 38 19948 1558 24%
c - 465.28 91 90 126 86295 2400405 88400 40% 37 19948 1558 24%
c W 469.42 91 96 126 86295 2415132 102941 43% 37 19948 1558 24%
c - 473.50 91 90 127 86305 2438508 89468 41% 37 19948 1558 24%
c - 478.63 91 83 128 86324 2476908 90004 38% 36 19948 1558 24%
c I 479.71 91 82 128 86325 2485133 98066 37% 36 19948 1558 24%
c - 483.76 50 86 129 86333 2515608 90100 38% 36 19948 1558 24%
c - 489.26 66 86 130 86351 2554609 91688 38% 35 19948 1558 24%
c B 489.45 66 86 130 86353 2556134 93184 38% 35 19948 1558 24%
c - 495.47 50 88 131 86358 2593910 92890 36% 37 19948 1558 24%
c W 504.10 50 84 131 86364 2628136 125498 34% 41 19948 1558 24%
c - 505.06 66 84 132 86366 2633511 93967 34% 40 19948 1558 24%
c - 511.68 50 80 133 86386 2673413 92472 32% 40 19948 1558 24%
c s 512.00 51 80 133 86386 2673413 92296 32% 40 19948 1558 24%
c w 512.38 51 80 133 86386 2673413 92279 32% 40 19948 1558 24%
c O 517.30 51 78 133 86389 2701138 118948 32% 41 19948 1558 24%
c - 519.88 65 77 134 86396 2713613 93346 31% 41 19948 1558 24%
c - 528.61 65 74 135 86416 2754113 93546 31% 40 19948 1558 24%
c B 533.67 65 73 135 86420 2775139 113783 31% 40 19948 1558 24%
c 
c  seconds    reductions         redundant   irredundant
c          MB       restarts            trail      variables
c           level         conflicts         glue        remaining
c 
c - 537.62 81 71 136 86421 2794913 95174 31% 40 19948 1558 24%
c - 547.13 65 68 137 86422 2836013 95345 31% 40 19948 1558 24%
c W 551.83 65 67 137 86422 2850140 108933 31% 40 19948 1558 24%
c - 558.13 83 65 138 86422 2877414 96093 31% 39 19948 1558 24%
c - 566.65 65 65 139 86439 2919115 96772 31% 39 19948 1558 24%
c I 567.97 65 65 139 86443 2926141 103644 31% 39 19948 1558 24%
c - 574.58 83 67 140 86453 2961115 97025 30% 40 19948 1558 24%
c B 582.95 83 69 140 86471 3003142 138085 31% 40 19948 1558 24%
c - 583.07 65 69 141 86471 3003416 98687 31% 40 19948 1558 24%
c - 589.55 84 70 142 86484 3046018 99058 31% 39 19948 1558 24%
c W 597.31 84 86 142 86485 3081144 133790 38% 38 19948 1558 24%
c - 598.73 65 85 143 86490 3088918 100365 38% 38 19948 1558 24%
c - 606.72 70 81 144 86510 3132118 100910 36% 39 19948 1558 24%
c O 612.65 70 77 144 86516 3160146 127918 35% 39 19948 1558 24%
c - 616.62 70 76 145 86523 3175619 100229 34% 39 19948 1558 24%
c - 628.05 70 75 146 86545 3219419 99319 32% 42 19948 1558 24%
c s 628.43 70 75 146 86545 3219419 99164 32% 42 19948 1558 24%
c w 629.12 70 75 146 86545 3219419 99151 32% 42 19948 1558 24%
c B 634.15 70 73 146 86547 3240147 119233 32% 42 19948 1558 24%
c - 636.93 70 90 147 86548 3263520 100876 36% 41 19948 1558 24%
c 
c  seconds     reductions         redundant    irredundant
c          MB        restarts             trail      variables
c            level         conflicts          glue        remaining
c 
c - 642.71 70 103 148 86549 3307920 103856 36% 41 19948 1558 24%
c W 646.45 70 105 148 86549 3321149 116908 36% 40 19948 1558 24%
c - 651.88 89 95 149 86550 3352620 104408 34% 39 19948 1558 24%
c - 658.46 70 99 150 86550 3397620 104277 39% 39 19948 1558 24%
c I 659.42 70 101 150 86550 3403150 109726 40% 39 19948 1558 24%
c - 666.61 71 94 151 86550 3442920 105573 37% 38 19948 1558 24%
c B 677.35 71 87 151 86551 3486151 147771 35% 38 19948 1558 24%
c - 677.67 71 89 152 86551 3488520 108286 36% 37 19948 1558 24%
c - 684.74 91 93 153 86551 3534420 107301 41% 36 19948 1558 24%
c W 692.16 91 109 153 86551 3570152 142617 47% 38 19948 1558 24%
c - 694.18 71 109 154 86551 3580621 106864 46% 40 19948 1558 24%
c - 706.16 93 103 155 86551 3627121 107505 40% 45 19948 1558 24%
c O 713.96 93 101 155 86551 3655153 134961 38% 47 19948 1558 24%
c - 718.20 93 98 156 86551 3673921 111233 35% 48 19948 1558 24%
c - 731.11 74 91 157 86551 3721021 108759 32% 48 19948 1558 24%
c B 737.37 74 89 157 86551 3741154 127872 32% 48 19948 1558 24%
c - 740.91 93 90 158 86566 3768422 110469 33% 45 19948 1558 24%
c - 749.13 114 80 159 86582 3816122 110168 32% 42 19948 1558 24%
c s 749.64 114 80 159 86582 3816122 109930 32% 42 19948 1558 24%
c w 750.18 114 80 159 86582 3816122 109903 32% 42 19948 1558 24%
c 
c  seconds     reductions         redundant    irredundant
c           MB       restarts             trail      variables
c            level         conflicts          glue        remaining
c 
c W 754.54 114 85 159 86585 3828155 121765 35% 41 19948 1558 24%
c - 760.59 114 83 160 86601 3864122 112079 34% 40 19948 1558 24%
c - 768.98 114 88 161 86614 3912422 112041 35% 40 19948 1558 24%
c I 769.79 114 87 161 86614 3916157 115678 35% 40 19948 1558 24%
c - 775.58 114 87 162 86627 3961022 113100 39% 36 19948 1558 24%
c B 782.68 114 90 162 86644 4005160 156267 41% 35 19948 1558 24%
c - 783.42 114 89 163 86645 4009922 115337 40% 36 19948 1558 24%
c - 792.93 115 87 164 86662 4059123 115390 38% 38 19948 1558 24%
c ] 805.22 115 83 164 86676 4095010 150513 36% 39 19948 1558 24%
c { 805.22 115 74 164 86676 4095010 150513 29% 33 19948 1558 24%
c B 805.32 115 74 164 86688 4095161 150660 29% 33 19948 1558 24%
c - 810.00 115 73 165 87218 4108623 117428 29% 33 19948 1558 24%
c - 838.18 115 73 166 89137 4158423 119044 29% 33 19948 1558 24%
c W 859.75 115 74 166 90805 4186163 146013 29% 33 19948 1558 24%
c - 877.69 115 74 167 92046 4208523 121576 29% 33 19948 1558 24%
c - 903.55 115 79 168 93714 4258924 123849 36% 30 19948 1558 24%
c F 909.90 115 83 168 93714 4278165 142658 41% 28 19948 1558 24%
c - 932.26 115 81 169 97796 4309625 126599 37% 29 19948 1558 24%
c - 975.19 115 79 170 103506 4360626 123524 32% 30 19948 1558 24%
c B 981.83 115 79 170 104460 4371167 133713 32% 30 19948 1558 24%
c 
c   seconds     reductions          redundant    irredundant
c            MB       restarts              trail      variables
c             level          conflicts          glue        remaining
c 
c - 1015.74 115 79 171 108230 4411927 125601 30% 30 19948 1558 24%
c s 1017.54 115 79 171 108230 4411927 125261 30% 30 19948 1558 24%
c w 1018.92 115 79 171 108230 4411927 125234 30% 30 19948 1558 24%
c - 1049.04 115 83 172 111225 4463527 128500 32% 30 19948 1558 24%
c W 1053.37 115 83 172 111375 4465168 130084 32% 30 19948 1558 24%
c - 1077.67 115 90 173 112733 4515428 129596 37% 29 19948 1558 24%
c # 1122.13 115 85 173 119024 4560169 172858 33% 30 19948 1558 24%
c - 1130.24 115 85 174 119839 4567630 130780 32% 30 19948 1558 24%
c - 1173.93 115 83 175 124905 4620130 133697 31% 31 19948 1558 24%
c B 1199.99 115 81 175 127977 4656170 168668 29% 32 19948 1558 24%
c - 1209.12 115 84 176 128709 4672931 136538 30% 31 19948 1558 24%
c - 1246.15 115 80 177 132561 4726031 138945 29% 32 19948 1558 24%
c W 1260.39 115 85 177 133464 4753172 165345 32% 31 19948 1558 24%
c - 1284.97 115 83 178 136559 4779432 140717 30% 31 19948 1558 24%
c - 1328.71 115 80 179 141381 4833132 142967 29% 32 19948 1558 24%
c F 1337.74 115 78 179 142036 4851174 160584 29% 32 19948 1558 24%
c - 1369.78 115 77 180 144771 4887133 144210 28% 32 19948 1558 24%
c - 1412.69 115 76 181 148462 4941434 145698 27% 33 19948 1558 24%
c B 1419.21 115 76 181 149059 4950177 154187 27% 33 19948 1558 24%
c - 1444.29 115 86 182 149061 4996034 145256 35% 30 19948 1558 24%
c 
c   seconds     reductions          redundant    irredundant
c            MB       restarts              trail      variables
c             level          conflicts          glue        remaining
c 
c W 1495.40 115 88 182 152778 5050178 197712 36% 30 19948 1558 24%
c - 1496.25 115 88 183 152893 5050936 146870 36% 30 19948 1558 24%
c s 1497.26 115 88 183 152893 5050936 146463 36% 30 19948 1558 24%
c w 1498.48 115 88 183 152893 5050936 146438 36% 30 19948 1558 24%
c - 1546.57 115 85 184 159842 5106137 148120 33% 31 19948 1558 24%
c # 1587.41 115 81 184 164140 5151179 191906 31% 32 19948 1558 24%
c - 1598.70 115 81 185 165087 5161638 150594 30% 32 19948 1558 24%
c - 1637.61 115 82 186 168657 5217438 152943 31% 31 19948 1558 24%
c B 1660.67 115 81 186 171640 5253181 187450 30% 30 19948 1558 24%
c - 1681.22 115 80 187 174148 5273539 157309 30% 31 19948 1558 24%
c - 1745.81 115 78 188 180327 5329939 149349 29% 32 19948 1558 24%
c W 1766.32 115 77 188 182022 5356182 174900 29% 32 19948 1558 24%
c - 1790.37 118 76 189 183917 5386639 148774 29% 32 19948 1558 24%
c - 1835.17 118 75 190 187661 5443639 150047 29% 33 19948 1558 24%
c F 1845.99 118 75 190 188981 5460183 166131 29% 33 19948 1558 24%
c - 1875.85 118 75 191 191374 5500939 151775 29% 33 19948 1558 24%
c - 1912.88 121 74 192 194291 5558539 153391 29% 33 19948 1558 24%
c B 1916.51 121 74 192 194735 5565185 159828 29% 33 19948 1558 24%
c - 1956.81 121 73 193 197851 5616440 154819 29% 33 19948 1558 24%
c W 2002.93 121 73 193 200858 5671186 208102 29% 33 19948 1558 24%
c 
c   seconds     reductions          redundant    irredundant
c            MB       restarts              trail      variables
c             level          conflicts          glue        remaining
c 
c - 2004.50 121 72 194 200907 5674640 156278 29% 33 19948 1558 24%
c - 2045.49 123 75 195 203595 5733141 158615 35% 30 19948 1558 24%
c s 2048.45 123 75 195 203595 5733141 158221 35% 30 19948 1558 24%
c w 2050.50 123 75 195 203595 5733141 158197 35% 30 19948 1558 24%
c # 2078.70 123 75 195 208042 5778191 201966 32% 31 19948 1558 24%
c - 2091.06 123 75 196 209423 5791942 164156 31% 31 19948 1558 24%
c - 2135.11 123 74 197 213814 5851044 158934 29% 32 19948 1558 24%
c B 2157.29 123 74 197 216514 5886192 193109 28% 32 19948 1558 24%
c - 2183.04 123 74 198 218539 5910447 159636 28% 33 19948 1558 24%
c - 2228.63 123 73 199 221740 5970148 161580 27% 33 19948 1558 24%
c W 2250.13 123 74 199 223332 5995195 185942 27% 33 19948 1558 24%
c - 2277.97 123 74 200 225223 6030149 163333 27% 33 19948 1558 24%
c - 2311.95 123 74 201 228700 6090449 165239 27% 33 19948 1558 24%
c F 2320.92 123 74 201 229570 6105196 179591 27% 33 19948 1558 24%
c - 2356.13 123 77 202 232090 6151050 167003 28% 33 19948 1558 24%
c - 2400.19 80 75 203 235706 6211950 168810 28% 33 19948 1558 24%
c B 2403.76 80 75 203 236130 6216200 172942 28% 33 19948 1558 24%
c - 2446.34 81 73 204 239073 6273152 170128 27% 33 19948 1558 24%
c W 2496.19 81 73 204 242373 6328201 223710 27% 33 19948 1558 24%
c - 2502.52 83 73 205 242743 6334655 171511 27% 33 19948 1558 24%
c 
c   seconds    reductions          redundant    irredundant
c           MB       restarts              trail      variables
c            level          conflicts          glue        remaining
c 
c - 2559.00 89 82 206 246264 6396456 172554 33% 31 19948 1558 24%
c # 2606.32 89 81 206 251134 6441203 216060 31% 32 19948 1558 24%
c - 2626.15 83 80 207 252693 6458557 174260 30% 32 19948 1558 24%
c s 2629.27 85 80 207 252693 6458557 173804 30% 32 19948 1558 24%
c w 2631.11 85 80 207 252693 6458557 173786 30% 32 19948 1558 24%
c - 2692.57 108 78 208 258257 6520957 176426 29% 33 19948 1558 24%
c B 2723.00 108 77 208 261008 6555204 209694 28% 34 19948 1558 24%
c - 2748.87 132 77 209 262618 6583657 178018 28% 34 19948 1558 24%
c - 2801.62 132 75 210 266472 6646658 179535 28% 34 19948 1558 24%
c W 2824.03 132 75 210 268046 6670206 202473 28% 34 19948 1558 24%
c - 2860.14 132 74 211 270453 6709958 180870 27% 34 19948 1558 24%
c - 2912.38 85 73 212 273741 6773560 182099 27% 34 19948 1558 24%
c F 2918.69 85 74 212 274104 6786207 194406 28% 34 19948 1558 24%
c - 2962.22 86 74 213 277279 6837460 183500 28% 34 19948 1558 24%
c - 3015.72 111 73 214 280827 6901661 185077 27% 34 19948 1558 24%
c B 3016.73 111 73 214 280895 6903210 186598 27% 34 19948 1558 24%
c - 3051.73 86 91 215 285214 6966161 188215 36% 29 19948 1558 24%
c W 3140.31 86 86 215 294460 7021211 241543 32% 31 19948 1558 24%
c - 3155.21 109 85 216 295591 7030962 184541 32% 31 19948 1558 24%
c - 3235.11 134 80 217 302677 7096062 181779 30% 33 19948 1558 24%
c 
c   seconds     reductions          redundant    irredundant
c            MB       restarts              trail      variables
c             level          conflicts          glue        remaining
c 
c # 3279.58 134 78 217 306271 7140213 224769 29% 33 19948 1558 24%
c - 3298.66 134 76 218 307241 7161463 182610 29% 33 19948 1558 24%
c - 3364.90 134 74 219 311773 7227166 184036 29% 33 19948 1558 24%
c s 3368.52 134 74 219 311773 7227166 183681 29% 33 19948 1558 24%
c w 3371.12 134 74 219 311773 7227166 183668 29% 33 19948 1558 24%
c B 3393.42 134 74 219 313728 7260216 215814 29% 34 19948 1558 24%
c - 3425.61 159 73 220 315480 7293169 185268 29% 34 19948 1558 24%
c - 3479.11 159 73 221 318914 7359471 186759 29% 34 19948 1558 24%
c W 3504.46 159 73 221 320634 7381217 207933 29% 34 19948 1558 24%
c - 3550.83 159 74 222 323405 7426072 188458 29% 34 19948 1558 24%
c - 3603.16 110 73 223 327077 7492972 190049 29% 34 19948 1558 24%
c F 3610.36 110 73 223 327840 7503218 199987 29% 34 19948 1558 24%
c - 3656.98 109 72 224 330444 7560173 191293 29% 34 19948 1558 24%
c B 3722.02 109 72 224 334391 7626219 255601 29% 34 19948 1558 24%
c - 3724.19 109 72 225 334469 7627673 192819 29% 34 19948 1558 24%
c - 3793.87 136 72 226 338556 7695473 194227 29% 34 19948 1558 24%
c W 3844.99 136 72 226 341197 7750222 247618 29% 34 19948 1558 24%
c - 3859.65 109 72 227 341902 7763574 195620 29% 34 19948 1558 24%
c - 3925.83 136 73 228 345870 7831974 196960 29% 35 19948 1558 24%
c # 3959.99 136 72 228 347913 7875224 239161 29% 34 19948 1558 24%
c 
c   seconds     reductions          redundant    irredundant
c            MB       restarts              trail      variables
c             level          conflicts          glue        remaining
c 
c - 3985.81 109 72 229 349119 7900674 198164 29% 34 19948 1558 24%
c - 4054.18 136 73 230 353100 7969675 199605 29% 35 19948 1558 24%
c B 4080.02 136 72 230 354575 8001226 230429 29% 35 19948 1558 24%
c - 4114.64 137 72 231 356461 8038976 201192 29% 35 19948 1558 24%
c s 4118.38 137 72 231 356461 8038976 200796 29% 35 19948 1558 24%
c w 4122.40 137 72 231 356461 8038976 200789 29% 35 19948 1558 24%
c - 4176.42 109 71 232 358901 8108579 202277 32% 33 19948 1558 24%
c W 4188.15 109 72 232 358901 8128227 221435 38% 30 19948 1558 24%
c - 4232.92 121 73 233 366067 8178479 206983 33% 32 19948 1558 24%
c } 4239.23 121 76 233 366102 8191010 219289 35% 31 19948 1558 24%
c [ 4239.23 121 83 233 366102 8191010 219289 36% 39 19948 1558 24%
c - 4264.03 121 80 234 366104 8248681 200642 31% 39 19948 1558 24%
c W 4272.62 121 80 234 366104 8256228 207962 30% 39 19948 1558 24%
c - 4309.88 149 76 235 366115 8319181 194074 29% 42 19948 1558 24%
c O 4348.94 149 72 235 366136 8385229 256628 29% 43 19948 1558 24%
c - 4351.68 151 72 236 366140 8389981 188785 29% 43 19948 1558 24%
c - 4397.31 151 70 237 366166 8461082 187896 30% 41 19948 1558 24%
c B 4427.87 151 69 237 366177 8515230 240751 30% 41 19948 1558 24%
c - 4431.60 152 71 238 366182 8532482 190209 30% 41 19948 1558 24%
c - 4465.49 151 80 239 366212 8604185 191240 36% 39 19948 1558 24%
c 
c   seconds     reductions          redundant    irredundant
c            MB       restarts              trail      variables
c             level          conflicts          glue        remaining
c 
c W 4490.27 151 77 239 366228 8646231 232581 36% 37 19948 1558 24%
c - 4502.06 153 75 240 366230 8676186 191944 34% 38 19948 1558 24%
c - 4531.93 121 81 241 366231 8748487 194459 36% 38 19948 1558 24%
c I 4546.63 121 91 241 366232 8778232 223558 38% 40 19948 1558 24%
c - 4567.53 129 89 242 366232 8821087 194260 48% 33 19948 1558 24%
c - 4593.73 129 81 243 366232 8893989 194673 45% 32 19948 1558 24%
c s 4597.68 129 81 243 366232 8893989 194517 45% 32 19948 1558 24%
c w 4601.57 129 81 243 366232 8893989 194511 45% 32 19948 1558 24%
c B 4609.14 129 78 243 366242 8911233 211354 42% 33 19948 1558 24%
c - 4631.34 129 75 244 366263 8967189 194292 37% 37 19948 1558 24%
c - 4655.98 129 73 245 366293 9040693 194863 34% 38 19948 1558 24%
c W 4661.95 129 73 245 366294 9045234 199295 34% 39 19948 1558 24%
c - 4695.70 100 68 246 366308 9114495 194714 31% 40 19948 1558 24%
c O 4729.28 100 76 246 366329 9180238 258775 35% 40 19948 1558 24%
c - 4734.32 98 76 247 366333 9188596 196842 34% 40 19948 1558 24%
c - 4773.52 96 71 248 366358 9262997 196357 32% 41 19948 1558 24%
c B 4811.89 96 68 248 366359 9316239 248413 31% 42 19948 1558 24%
c - 4820.95 128 76 249 366359 9337698 197579 39% 37 19948 1558 24%
c - 4848.10 129 74 250 366388 9412699 197790 38% 36 19948 1558 24%
c W 4868.73 129 81 250 366398 9453241 237408 39% 38 19948 1558 24%
c 
c   seconds     reductions          redundant    irredundant
c            MB       restarts              trail      variables
c             level          conflicts          glue        remaining
c 
c - 4884.26 128 81 251 366415 9487999 199297 37% 38 19948 1558 24%
c - 4914.81 128 74 252 366428 9563599 198869 34% 39 19948 1558 24%
c I 4931.31 128 73 252 366440 9591242 225423 33% 39 19948 1558 24%
c - 4950.15 129 83 253 366454 9639499 199322 36% 40 19948 1558 24%
c - 4985.21 130 76 254 366484 9715700 199702 33% 40 19948 1558 24%
c B 4993.12 130 75 254 366485 9730243 213760 33% 40 19948 1558 24%
c - 5026.94 129 80 255 366486 9792202 201669 33% 40 19948 1558 24%
c s 5031.12 129 80 255 366486 9792202 201522 33% 40 19948 1558 24%
c w 5033.61 129 80 255 366486 9792202 201516 33% 40 19948 1558 24%
c - 5073.90 133 83 256 366487 9869003 201136 32% 42 19948 1558 24%
c W 5078.67 133 83 256 366487 9870244 202361 32% 42 19948 1558 24%
c - 5107.99 134 80 257 366487 9946103 200047 33% 43 19948 1558 24%
c O 5130.39 134 84 257 366488 10011245 264453 49% 31 19948 1558 24%
c - 5140.38 131 84 258 366488 10023503 202436 47% 33 19948 1558 24%
c - 5211.68 96 82 259 366488 10101203 203070 36% 41 19948 1558 24%
c B 5253.93 96 79 259 366488 10153247 253298 32% 43 19948 1558 24%
c - 5266.27 129 77 260 366488 10179206 204757 31% 41 19948 1558 24%
c - 5307.96 134 74 261 366489 10257509 205921 30% 41 19948 1558 24%
c W 5333.19 134 72 261 366489 10296249 244194 30% 41 19948 1558 24%
c - 5350.41 132 91 262 366489 10336109 209599 41% 40 19948 1558 24%
c 
c   seconds      reductions           redundant    irredundant
c            MB        restarts               trail      variables
c              level          conflicts           glue        remaining
c 
c - 5402.65 130 109 263 366489 10415009 208925 49% 42 19948 1558 24%
c I 5417.88 130 107 263 366489 10440250 233900 45% 42 19948 1558 24%
c - 5445.19 130 94 264 366489 10494209 210082 39% 38 19948 1558 24%
c - 5489.36 130 83 265 366489 10573712 210682 36% 34 19948 1558 24%
c B 5496.16 130 82 265 366489 10585251 222059 35% 34 19948 1558 24%
c - 5538.12 131 84 266 366489 10653512 211243 33% 41 19948 1558 24%
c W 5600.14 131 84 266 366489 10731252 286777 32% 46 19948 1558 24%
c - 5602.30 133 84 267 366489 10733612 214974 32% 46 19948 1558 24%
c s 5606.71 133 84 267 366489 10733612 214773 32% 46 19948 1558 24%
c w 5609.50 133 84 267 366489 10733612 214747 32% 46 19948 1558 24%
c - 5655.52 132 77 268 366520 10814012 210611 32% 45 19948 1558 24%
c O 5696.45 132 73 268 366548 10878253 272437 32% 45 19948 1558 24%
c - 5709.66 132 73 269 366551 10894712 210536 31% 45 19948 1558 24%
c - 5775.07 129 73 270 366569 10975712 209227 29% 47 19948 1558 24%
c B 5815.03 129 73 270 366586 11026254 256944 29% 48 19948 1558 24%
c - 5832.43 130 71 271 366598 11057012 210625 30% 46 19948 1558 24%
c - 5880.17 133 67 272 366615 11138612 210753 31% 43 19948 1558 24%
c W 5910.08 133 66 272 366616 11175255 246147 32% 42 19948 1558 24%
c - 5945.17 133 66 273 366626 11220512 212113 32% 42 19948 1558 24%
c - 6004.29 133 64 274 366657 11302712 213317 32% 43 19948 1558 24%
c 
c   seconds     reductions           redundant    irredundant
c            MB       restarts               trail      variables
c             level          conflicts           glue        remaining
c 
c I 6012.07 133 64 274 366666 11325258 235384 32% 41 19948 1558 24%
c - 6035.87 132 78 275 366679 11385213 213827 39% 39 19948 1558 24%
c - 6074.12 133 82 276 366709 11468013 214054 37% 40 19948 1558 24%
c B 6077.76 133 81 276 366710 11476259 222172 36% 40 19948 1558 24%
c - 6103.99 132 75 277 366740 11551114 215345 34% 38 19948 1558 24%
c W 6119.20 132 79 277 366743 11628260 291410 39% 36 19948 1558 24%
c - 6120.80 135 83 278 366743 11634514 216604 41% 36 19948 1558 24%
c - 6137.88 132 114 279 366744 11718214 216842 46% 40 19948 1558 24%
c s 6139.16 132 114 279 366744 11718214 216613 46% 40 19948 1558 24%
c w 6140.07 132 114 279 366744 11718214 216598 46% 40 19948 1558 24%
c O 6154.17 132 97 279 366744 11781261 277394 38% 45 19948 1558 24%
c - 6159.05 133 94 280 366747 11802215 215343 36% 46 19948 1558 24%
c - 6179.17 131 81 281 366779 11886515 213569 32% 46 19948 1558 24%
c B 6191.38 131 76 281 366803 11935263 260168 31% 46 19948 1558 24%
c - 6196.16 131 85 282 366807 11971116 216090 35% 42 19948 1558 24%
c - 6211.78 135 91 283 366837 12056016 219948 40% 40 19948 1558 24%
c W 6219.51 135 96 283 366845 12090266 253569 42% 39 19948 1558 24%
c - 6230.07 131 86 284 366868 12141216 221544 37% 39 19948 1558 24%
c - 6250.28 133 73 285 366871 12226716 221846 34% 40 19948 1558 24%
c I 6254.99 133 71 285 366871 12246268 240675 33% 40 19948 1558 24%
c 
c   seconds     reductions           redundant    irredundant
c            MB       restarts               trail      variables
c             level          conflicts           glue        remaining
c 
c - 6265.58 134 71 286 366898 12312516 222298 35% 37 19948 1558 24%
c - 6281.69 134 73 287 366931 12398618 223613 36% 37 19948 1558 24%
c B 6282.49 134 73 287 366932 12403269 228184 36% 37 19948 1558 24%
c - 6298.97 137 74 288 366949 12485018 223269 35% 41 19948 1558 24%
c W 6320.15 137 69 288 366978 12561271 297606 34% 40 19948 1558 24%
c - 6322.86 136 70 289 366980 12571718 224050 34% 41 19948 1558 24%
c - 6344.67 134 69 290 366998 12658718 223482 32% 41 19948 1558 24%
c O 6360.51 134 68 290 366998 12720272 283425 32% 41 19948 1558 24%
c - 6367.95 133 69 291 366999 12746019 226050 31% 41 19948 1558 24%
c s 6369.33 133 69 291 366999 12746019 225901 31% 41 19948 1558 24%
c w 6370.40 133 69 291 366999 12746019 225897 31% 41 19948 1558 24%
c - 6393.52 132 70 292 366999 12833620 224476 30% 42 19948 1558 24%
c B 6406.73 132 70 292 367000 12880273 268965 29% 43 19948 1558 24%
c - 6416.28 135 71 293 367000 12921521 226520 31% 43 19948 1558 24%
c - 6437.80 137 72 294 367000 13009722 227012 32% 42 19948 1558 24%
c W 6447.34 137 71 294 367000 13041275 258123 32% 41 19948 1558 24%
c ] 6454.64 137 72 294 367000 13072781 288987 34% 39 19948 1558 24%
c 1 6454.64 137 72 294 367000 13072781 288987 34% 39 19948 1558 24%
c 
c --- [ result ] -------------------------------------------------------------
c 
s SATISFIABLE
v 1 2 -3 -4 -5 6 7 8 9 10 11 -12 13 14 15 16 -17 -18 19 -20 21 22 -23 -24 -25
v 26 -27 28 29 30 31 32 33 34 35 36 37 -38 -39 40 -41 -42 -43 44 -45 46 -47 48
v -49 50 51 52 -53 -54 55 56 -57 -58 59 60 61 62 -63 64 -65 66 67 -68 69 -70
v 71 -72 -73 74 -75 76 -77 -78 -79 80 -81 -82 -83 -84 85 -86 -87 -88 89 90 -91
v 92 -93 -94 95 96 97 98 -99 -100 -101 102 -103 104 105 -106 -107 -108 109 110
v 111 112 -113 -114 -115 -116 117 -118 -119 -120 -121 122 123 124 -125 -126
v 127 -128 -129 130 -131 132 -133 134 -135 -136 137 138 -139 140 141 142 143
v 144 -145 146 147 -148 149 -150 -151 -152 153 154 155 156 -157 158 159 -160
v 161 162 163 164 -165 -166 167 -168 169 -170 -171 172 -173 -174 -175 -176 177
v -178 -179 180 181 182 183 184 -185 -186 187 -188 189 -190 191 -192 -193 -194
v -195 196 -197 198 199 -200 201 202 203 204 -205 -206 -207 -208 -209 210 211
v -212 213 -214 -215 -216 -217 218 -219 -220 221 -222 223 -224 225 -226 -227
v 228 -229 -230 -231 -232 -233 -234 -235 236 -237 238 239 240 -241 242 243 244
v 245 246 247 248 -249 -250 -251 252 253 254 -255 256 -257 258 -259 260 -261
v 262 263 -264 265 -266 267 268 269 270 271 272 -273 -274 275 -276 -277 -278
v -279 280 281 -282 -283 284 -285 286 287 -288 289 -290 291 292 293 294 -295
v -296 -297 -298 -299 300 301 -302 -303 304 -305 306 307 308 -309 -310 -311
v -312 -313 314 315 316 -317 318 319 320 321 -322 -323 -324 325 -326 -327 328
v -329 -330 331 332 -333 334 -335 -336 -337 -338 -339 -340 -341 342 -343 -344
v -345 -346 347 348 -349 350 -351 -352 353 354 -355 -356 -357 -358 -359 -360
v 361 -362 363 364 365 366 -367 -368 -369 370 371 372 373 -374 -375 376 -377
v 378 -379 380 381 -382 -383 384 -385 -386 -387 -388 -389 -390 -391 -392 -393
v -394 -395 -396 -397 -398 -399 -400 -401 -402 -403 -404 -405 -406 -407 -408
v -409 -410 -411 -412 -413 -414 -415 -416 -417 -418 -419 -420 -421 -422 -423
v -424 -425 -426 -427 -428 -429 -430 -431 -432 -433 -434 -435 -436 -437 -438
v -439 -440 -441 -442 -443 -444 -445 -446 -447 -448 -449 -450 -451 -452 -453
v -454 -455 -456 -457 -458 -459 -460 -461 -462 -463 -464 -465 -466 -467 -468
v -469 -470 -471 -472 -473 -474 -475 -476 -477 -478 -479 -480 -481 -482 -483
v -484 -485 -486 -487 488 -489 490 -491 492 -493 -494 -495 496 -497 -498 -499
v -500 -501 -502 -503 504 -505 506 507 508 -509 510 -511 -512 -513 -514 -515
v -516 -517 -518 -519 -520 -521 -522 -523 -524 -525 -526 -527 -528 -529 -530
v -531 -532 -533 -534 -535 -536 -537 -538 -539 -540 -541 -542 -543 -544 -545
v -546 -547 -548 -549 -550 -551 -552 -553 -554 -555 -556 -557 -558 -559 -560
v -561 -562 -563 -564 -565 -566 -567 -568 -569 -570 -571 -572 -573 -574 -575
v -576 -577 -578 -579 -580 -581 -582 -583 -584 -585 -586 -587 -588 -589 -590
v -591 -592 -593 -594 -595 -596 -597 -598 -599 -600 -601 -602 -603 -604 -605
v -606 -607 -608 -609 610 -611 612 -613 614 615 616 617 -618 619 -620 621 622
v 623 -624 -625 626 -627 -628 629 630 -631 -632 633 -634 635 636 -637 638 -639
v 640 -641 -642 -643 -644 -645 -646 -647 -648 -649 -650 -651 -652 -653 -654
v -655 -656 -657 -658 -659 -660 -661 -662 -663 -664 -665 -666 -667 -668 -669
v -670 -671 -672 -673 -674 -675 -676 -677 -678 -679 -680 -681 -682 -683 -684
v -685 -686 -687 -688 -689 -690 -691 -692 -693 -694 -695 -696 -697 -698 -699
v -700 -701 -702 -703 -704 -705 -706 -707 -708 -709 -710 -711 -712 -713 -714
v -715 -716 -717 -718 -719 -720 -721 -722 -723 -724 -725 -726 -727 -728 -729
v -730 -731 -732 -733 -734 -735 -736 -737 738 -739 740 741 -742 743 -744 745
v -746 747 -748 749 750 751 752 753 -754 -755 -756 757 758 759 760 761 762 763
v -764 -765 766 767 -768 -769 -770 771 -772 -773 -774 -775 -776 777 778 779
v 780 -781 -782 -783 -784 -785 786 -787 -788 -789 790 791 792 793 794 -795 796
v -797 -798 799 -800 -801 -802 803 -804 805 -806 807 808 809 810 -811 -812 813
v 814 815 -816 -817 -818 -819 820 821 -822 -823 824 -825 -826 827 828 -829
v -830 -831 832 833 -834 835 -836 837 838 -839 -840 -841 -842 -843 844 845 846
v 847 -848 -849 850 851 852 -853 854 855 -856 -857 -858 -859 -860 -861 862
v -863 -864 -865 866 -867 868 869 870 871 872 873 -874 875 876 -877 878 -879
v 880 -881 882 883 884 -885 -886 887 -888 889 -890 891 892 -893 894 895 -896
v 897 898 899 -900 901 -902 903 904 905 906 -907 908 909 -910 -911 912 913
v -914 -915 -916 917 918 919 920 921 -922 -923 924 925 -926 -927 -928 929 930
v -931 932 933 934 935 -936 937 -938 939 940 -941 942 943 944 945 946 -947
v -948 949 -950 951 952 -953 954 -955 -956 957 -958 -959 960 -961 -962 -963
v 964 965 -966 -967 -968 969 -970 -971 972 973 974 -975 976 977 978 -979 -980
v -981 -982 -983 -984 985 986 987 -988 -989 -990 -991 992 -993 994 995 -996
v -997 998 999 -1000 -1001 -1002 -1003 1004 1005 1006 1007 -1008 -1009 1010
v -1011 -1012 -1013 1014 -1015 -1016 1017 -1018 -1019 1020 -1021 1022 -1023
v -1024 1025 1026 -1027 1028 -1029 -1030 -1031 -1032 1033 1034 1035 1036 1037
v -1038 -1039 1040 -1041 1042 -1043 -1044 -1045 1046 1047 1048 -1049 1050 1051
v -1052 1053 -1054 -1055 1056 -1057 1058 1059 -1060 1061 1062 1063 -1064 -1065
v 1066 1067 1068 1069 -1070 -1071 1072 1073 1074 -1075 1076 -1077 1078 -1079
v 1080 1081 1082 -1083 1084 -1085 -1086 1087 1088 -1089 -1090 -1091 1092 -1093
v 1094 -1095 1096 1097 1098 -1099 1100 -1101 -1102 1103 -1104 1105 1106 -1107
v 1108 -1109 -1110 -1111 1112 -1113 1114 1115 1116 1117 1118 -1119 1120 1121
v 1122 -1123 -1124 1125 1126 1127 1128 -1129 1130 1131 1132 -1133 1134 -1135
v -1136 -1137 1138 -1139 -1140 1141 1142 -1143 -1144 -1145 -1146 1147 -1148
v 1149 1150 1151 1152 -1153 -1154 -1155 -1156 -1157 -1158 -1159 -1160 -1161
v -1162 -1163 -1164 -1165 -1166 -1167 -1168 -1169 -1170 -1171 -1172 -1173
v -1174 -1175 -1176 -1177 -1178 -1179 -1180 -1181 -1182 -1183 -1184 -1185
v -1186 -1187 -1188 -1189 -1190 -1191 -1192 -1193 -1194 -1195 -1196 -1197
v -1198 -1199 -1200 -1201 -1202 -1203 -1204 -1205 -1206 -1207 -1208 -1209
v -1210 -1211 -1212 -1213 -1214 -1215 -1216 -1217 -1218 -1219 -1220 -1221
v -1222 -1223 -1224 -1225 -1226 -1227 -1228 -1229 -1230 -1231 -1232 -1233
v -1234 -1235 -1236 -1237 -1238 -1239 -1240 -1241 -1242 -1243 -1244 -1245
v -1246 -1247 -1248 -1249 -1250 -1251 -1252 -1253 -1254 -1255 -1256 -1257
v -1258 -1259 -1260 -1261 -1262 -1263 -1264 -1265 -1266 -1267 -1268 -1269
v -1270 -1271 -1272 -1273 -1274 -1275 -1276 -1277 -1278 -1279 -1280 -1281
v -1282 -1283 -1284 -1285 -1286 -1287 -1288 -1289 -1290 -1291 -1292 -1293
v -1294 -1295 -1296 -1297 -1298 -1299 -1300 -1301 -1302 -1303 -1304 -1305
v -1306 -1307 -1308 -1309 -1310 -1311 -1312 -1313 -1314 -1315 -1316 -1317
v -1318 -1319 -1320 -1321 -1322 -1323 -1324 -1325 -1326 -1327 -1328 -1329
v -1330 -1331 -1332 -1333 -1334 -1335 -1336 -1337 -1338 -1339 -1340 -1341
v -1342 -1343 -1344 -1345 -1346 -1347 -1348 -1349 -1350 -1351 -1352 -1353
v -1354 -1355 -1356 -1357 -1358 -1359 -1360 -1361 -1362 -1363 -1364 -1365
v -1366 -1367 -1368 -1369 -1370 -1371 -1372 -1373 -1374 -1375 -1376 -1377
v -1378 -1379 -1380 1381 1382 1383 -1384 1385 1386 1387 -1388 1389 1390 -1391
v -1392 -1393 -1394 1395 1396 1397 1398 -1399 1400 1401 1402 1403 1404 -1405
v 1406 1407 1408 -1409 -1410 -1411 -1412 -1413 -1414 -1415 -1416 -1417 -1418
v -1419 -1420 -1421 -1422 -1423 -1424 -1425 -1426 -1427 -1428 -1429 -1430
v -1431 -1432 -1433 -1434 -1435 -1436 -1437 -1438 -1439 -1440 -1441 -1442
v -1443 -1444 -1445 -1446 -1447 -1448 -1449 -1450 -1451 -1452 -1453 -1454
v -1455 -1456 -1457 -1458 -1459 -1460 -1461 -1462 -1463 -1464 -1465 -1466
v -1467 -1468 -1469 -1470 -1471 -1472 -1473 -1474 -1475 -1476 -1477 -1478
v -1479 -1480 -1481 -1482 -1483 -1484 -1485 -1486 -1487 -1488 -1489 -1490
v -1491 -1492 -1493 -1494 -1495 -1496 -1497 -1498 -1499 -1500 -1501 -1502
v -1503 -1504 -1505 1506 1507 -1508 1509 -1510 1511 -1512 1513 1514 1515 1516
v 1517 1518 -1519 -1520 1521 -1522 -1523 -1524 -1525 -1526 -1527 -1528 1529
v 1530 1531 1532 1533 -1534 1535 -1536 -1537 1538 1539 -1540 -1541 1542 1543
v 1544 -1545 1546 -1547 1548 1549 1550 1551 -1552 -1553 -1554 -1555 1556 1557
v 1558 1559 1560 -1561 -1562 -1563 -1564 1565 -1566 -1567 1568 1569 -1570
v -1571 -1572 -1573 1574 -1575 1576 -1577 1578 -1579 -1580 -1581 -1582 -1583
v 1584 -1585 -1586 -1587 -1588 -1589 -1590 1591 1592 1593 1594 -1595 -1596
v 1597 1598 -1599 1600 -1601 -1602 -1603 -1604 -1605 1606 -1607 -1608 1609
v -1610 -1611 -1612 -1613 1614 -1615 -1616 -1617 -1618 -1619 1620 -1621 -1622
v 1623 1624 1625 -1626 1627 -1628 1629 1630 1631 -1632 1633 1634 -1635 1636
v 1637 -1638 1639 -1640 -1641 -1642 -1643 1644 -1645 1646 1647 1648 1649 -1650
v 1651 -1652 1653 1654 -1655 -1656 -1657 -1658 -1659 1660 -1661 -1662 1663
v -1664 -1665 1666 -1667 -1668 -1669 1670 -1671 -1672 -1673 1674 -1675 -1676
v 1677 1678 -1679 1680 1681 1682 -1683 1684 -1685 1686 -1687 1688 -1689 1690
v -1691 1692 -1693 -1694 1695 1696 -1697 -1698 -1699 1700 1701 1702 -1703 1704
v 1705 1706 -1707 -1708 1709 -1710 1711 -1712 1713 -1714 -1715 1716 -1717
v -1718 -1719 -1720 -1721 -1722 1723 1724 -1725 -1726 1727 1728 -1729 1730
v 1731 -1732 -1733 -1734 -1735 1736 -1737 -1738 -1739 -1740 -1741 -1742 -1743
v 1744 -1745 -1746 1747 -1748 -1749 -1750 -1751 -1752 1753 -1754 1755 1756
v -1757 -1758 1759 -1760 1761 -1762 -1763 -1764 -1765 -1766 -1767 -1768 1769
v 1770 1771 1772 1773 -1774 1775 -1776 1777 1778 -1779 -1780 -1781 1782 1783
v -1784 -1785 1786 -1787 -1788 -1789 -1790 1791 -1792 1793 -1794 1795 -1796
v 1797 -1798 -1799 -1800 -1801 -1802 1803 -1804 -1805 1806 1807 1808 -1809
v -1810 1811 -1812 -1813 -1814 -1815 -1816 1817 -1818 -1819 -1820 -1821 1822
v -1823 -1824 1825 1826 1827 1828 -1829 -1830 -1831 -1832 -1833 -1834 1835
v 1836 1837 1838 1839 1840 1841 -1842 -1843 -1844 1845 1846 1847 1848 1849
v -1850 1851 1852 -1853 -1854 1855 -1856 -1857 -1858 -1859 1860 -1861 -1862
v -1863 -1864 1865 -1866 1867 1868 1869 1870 1871 1872 -1873 1874 1875 1876
v 1877 1878 -1879 -1880 -1881 -1882 -1883 -1884 1885 -1886 1887 -1888 1889
v 1890 -1891 -1892 -1893 -1894 -1895 -1896 -1897 1898 -1899 -1900 -1901 1902
v -1903 -1904 1905 -1906 -1907 1908 -1909 -1910 1911 1912 -1913 1914 -1915
v -1916 -1917 -1918 -1919 -1920 -1921 -1922 -1923 -1924 -1925 -1926 -1927
v -1928 -1929 -1930 -1931 -1932 -1933 -1934 -1935 -1936 -1937 -1938 -1939
v -1940 -1941 -1942 -1943 -1944 -1945 -1946 -1947 -1948 -1949 -1950 -1951
v -1952 -1953 -1954 -1955 -1956 -1957 -1958 -1959 -1960 -1961 -1962 -1963
v -1964 -1965 -1966 -1967 -1968 -1969 -1970 -1971 -1972 -1973 -1974 -1975
v -1976 -1977 -1978 -1979 -1980 -1981 -1982 -1983 -1984 -1985 -1986 -1987
v -1988 -1989 -1990 -1991 -1992 -1993 -1994 -1995 -1996 -1997 -1998 -1999
v -2000 -2001 -2002 -2003 -2004 -2005 -2006 -2007 -2008 -2009 -2010 -2011
v -2012 -2013 -2014 -2015 -2016 2017 -2018 -2019 2020 -2021 -2022 2023 2024
v -2025 -2026 -2027 -2028 2029 -2030 2031 2032 -2033 2034 2035 2036 -2037 2038
v -2039 -2040 2041 -2042 2043 -2044 -2045 2046 2047 2048 -2049 -2050 -2051
v -2052 -2053 -2054 -2055 -2056 -2057 -2058 -2059 -2060 -2061 -2062 -2063
v -2064 -2065 -2066 -2067 -2068 -2069 -2070 -2071 -2072 -2073 -2074 -2075
v -2076 -2077 -2078 -2079 -2080 -2081 -2082 -2083 -2084 -2085 -2086 -2087
v -2088 -2089 -2090 -2091 -2092 -2093 -2094 -2095 -2096 -2097 -2098 -2099
v -2100 -2101 -2102 -2103 -2104 -2105 -2106 -2107 -2108 -2109 -2110 -2111
v -2112 -2113 -2114 -2115 -2116 -2117 -2118 -2119 -2120 -2121 -2122 -2123
v -2124 -2125 -2126 -2127 -2128 -2129 -2130 -2131 -2132 -2133 -2134 -2135
v -2136 -2137 -2138 -2139 -2140 -2141 -2142 -2143 -2144 2145 2146 -2147 -2148
v 2149 2150 2151 2152 2153 -2154 2155 -2156 2157 2158 2159 2160 -2161 -2162
v 2163 2164 -2165 2166 2167 -2168 -2169 -2170 -2171 -2172 2173 2174 2175 -2176
v -2177 -2178 -2179 -2180 -2181 -2182 -2183 -2184 -2185 -2186 -2187 -2188
v -2189 -2190 -2191 -2192 -2193 -2194 -2195 -2196 -2197 -2198 -2199 -2200
v -2201 -2202 -2203 -2204 -2205 -2206 -2207 -2208 -2209 -2210 -2211 -2212
v -2213 -2214 -2215 -2216 -2217 -2218 -2219 -2220 -2221 -2222 -2223 -2224
v -2225 -2226 -2227 -2228 -2229 -2230 -2231 -2232 -2233 -2234 -2235 -2236
v -2237 -2238 -2239 -2240 -2241 -2242 -2243 -2244 -2245 -2246 -2247 -2248
v -2249 -2250 -2251 -2252 -2253 -2254 -2255 -2256 -2257 -2258 -2259 -2260
v -2261 -2262 -2263 -2264 -2265 -2266 -2267 -2268 -2269 -2270 -2271 -2272
v -2273 -2274 -2275 2276 -2277 2278 2279 2280 2281 2282 -2283 -2284 2285 2286
v 2287 -2288 -2289 2290 -2291 -2292 -2293 2294 -2295 -2296 2297 2298 2299
v -2300 -2301 -2302 2303 2304 -2305 -2306 -2307 -2308 -2309 -2310 -2311 -2312
v 2313 -2314 -2315 -2316 -2317 2318 -2319 2320 -2321 2322 -2323 -2324 -2325
v 2326 2327 -2328 -2329 2330 2331 -2332 -2333 -2334 2335 -2336 2337 2338 2339
v -2340 2341 -2342 -2343 2344 2345 -2346 -2347 2348 -2349 -2350 -2351 2352
v -2353 -2354 2355 2356 -2357 -2358 2359 -2360 -2361 2362 -2363 2364 2365
v -2366 2367 -2368 -2369 2370 -2371 -2372 2373 -2374 -2375 2376 2377 -2378
v -2379 -2380 2381 2382 -2383 2384 2385 2386 2387 -2388 2389 2390 -2391 -2392
v 2393 -2394 -2395 2396 2397 -2398 2399 -2400 2401 2402 2403 -2404 -2405 -2406
v -2407 2408 -2409 -2410 2411 -2412 -2413 2414 -2415 -2416 2417 2418 2419
v -2420 2421 2422 -2423 -2424 -2425 -2426 2427 -2428 2429 -2430 2431 2432 2433
v -2434 -2435 -2436 2437 -2438 -2439 -2440 2441 -2442 2443 -2444 -2445 -2446
v 2447 -2448 2449 -2450 2451 2452 2453 -2454 2455 2456 -2457 2458 2459 2460
v 2461 2462 2463 -2464 -2465 -2466 2467 -2468 -2469 -2470 -2471 -2472 -2473
v -2474 -2475 2476 -2477 -2478 2479 -2480 2481 2482 -2483 -2484 2485 2486 2487
v 2488 -2489 -2490 -2491 2492 -2493 2494 2495 -2496 2497 -2498 -2499 2500
v -2501 2502 2503 2504 -2505 2506 2507 2508 2509 2510 -2511 -2512 2513 2514
v -2515 2516 -2517 -2518 -2519 2520 2521 -2522 -2523 2524 -2525 -2526 2527
v 2528 -2529 2530 -2531 2532 2533 2534 -2535 2536 -2537 -2538 -2539 2540 2541
v -2542 2543 -2544 -2545 -2546 2547 -2548 -2549 2550 2551 -2552 -2553 2554
v -2555 2556 -2557 2558 -2559 -2560 -2561 -2562 2563 -2564 -2565 -2566 -2567
v -2568 -2569 -2570 -2571 -2572 -2573 2574 -2575 -2576 -2577 -2578 -2579 2580
v -2581 -2582 -2583 2584 -2585 -2586 -2587 -2588 -2589 2590 -2591 2592 -2593
v -2594 2595 2596 2597 2598 -2599 2600 -2601 -2602 -2603 2604 2605 2606 2607
v 2608 2609 -2610 2611 -2612 2613 -2614 2615 2616 -2617 -2618 -2619 2620 2621
v 2622 -2623 -2624 2625 -2626 -2627 -2628 2629 -2630 -2631 -2632 -2633 2634
v -2635 -2636 -2637 -2638 -2639 -2640 -2641 -2642 -2643 2644 -2645 -2646 -2647
v -2648 -2649 -2650 -2651 -2652 -2653 -2654 -2655 2656 -2657 2658 2659 2660
v -2661 2662 2663 2664 2665 -2666 -2667 2668 2669 2670 2671 -2672 -2673 2674
v -2675 2676 2677 2678 2679 2680 -2681 -2682 2683 -2684 2685 -2686 2687 -2688
v -2689 -2690 -2691 -2692 -2693 -2694 -2695 -2696 -2697 -2698 -2699 -2700
v -2701 -2702 -2703 -2704 -2705 -2706 -2707 -2708 -2709 -2710 -2711 -2712
v -2713 -2714 -2715 -2716 -2717 -2718 -2719 -2720 -2721 -2722 -2723 -2724
v -2725 -2726 -2727 -2728 -2729 -2730 -2731 -2732 -2733 -2734 -2735 -2736
v -2737 -2738 -2739 -2740 -2741 -2742 -2743 -2744 -2745 -2746 -2747 -2748
v -2749 -2750 -2751 -2752 -2753 -2754 -2755 2756 -2757 -2758 -2759 2760 -2761
v -2762 -2763 -2764 2765 2766 -2767 2768 -2769 -2770 -2771 2772 -2773 -2774
v 2775 2776 -2777 2778 -2779 2780 2781 -2782 -2783 -2784 -2785 -2786 -2787
v -2788 -2789 -2790 -2791 -2792 -2793 -2794 -2795 -2796 -2797 -2798 -2799
v -2800 -2801 -2802 -2803 -2804 -2805 -2806 -2807 -2808 -2809 -2810 -2811
v -2812 -2813 -2814 -2815 -2816 -2817 -2818 -2819 -2820 -2821 -2822 -2823
v -2824 -2825 -2826 -2827 -2828 -2829 -2830 -2831 -2832 -2833 -2834 -2835
v -2836 -2837 -2838 -2839 -2840 -2841 -2842 -2843 -2844 -2845 -2846 -2847
v -2848 -2849 -2850 -2851 -2852 -2853 -2854 -2855 -2856 -2857 -2858 -2859
v -2860 -2861 -2862 -2863 -2864 -2865 -2866 -2867 -2868 -2869 -2870 -2871
v -2872 -2873 -2874 -2875 -2876 -2877 -2878 -2879 -2880 -2881 -2882 -2883
v -2884 -2885 -2886 -2887 -2888 -2889 -2890 -2891 -2892 -2893 -2894 -2895
v -2896 -2897 -2898 -2899 -2900 -2901 -2902 -2903 -2904 -2905 -2906 -2907
v -2908 -2909 -2910 -2911 -2912 -2913 -2914 -2915 -2916 -2917 -2918 -2919
v -2920 -2921 -2922 -2923 -2924 -2925 -2926 -2927 -2928 -2929 -2930 -2931
v -2932 -2933 -2934 -2935 -2936 -2937 -2938 -2939 -2940 -2941 -2942 -2943
v -2944 -2945 -2946 -2947 -2948 -2949 -2950 -2951 -2952 -2953 -2954 -2955
v -2956 -2957 -2958 -2959 -2960 -2961 -2962 -2963 -2964 -2965 -2966 -2967
v -2968 -2969 -2970 -2971 -2972 -2973 -2974 -2975 -2976 -2977 -2978 -2979
v -2980 -2981 -2982 -2983 -2984 -2985 -2986 -2987 -2988 -2989 -2990 -2991
v -2992 -2993 -2994 -2995 -2996 -2997 -2998 -2999 -3000 -3001 -3002 -3003
v -3004 -3005 -3006 -3007 -3008 -3009 -3010 -3011 -3012 -3013 -3014 -3015
v -3016 -3017 -3018 -3019 -3020 -3021 -3022 -3023 -3024 -3025 -3026 -3027
v -3028 -3029 -3030 -3031 -3032 -3033 -3034 -3035 -3036 -3037 -3038 -3039
v -3040 -3041 -3042 -3043 -3044 -3045 -3046 -3047 -3048 -3049 -3050 -3051
v -3052 -3053 -3054 -3055 -3056 -3057 -3058 -3059 -3060 -3061 -3062 -3063
v -3064 -3065 -3066 -3067 -3068 -3069 -3070 -3071 -3072 3073 -3074 -3075 -3076
v 3077 3078 3079 -3080 3081 -3082 3083 3084 -3085 -3086 3087 3088 -3089 3090
v -3091 -3092 3093 3094 3095 3096 -3097 -3098 -3099 -3100 3101 3102 3103 -3104
v 3105 -3106 -3107 -3108 3109 3110 3111 3112 3113 3114 3115 -3116 3117 -3118
v -3119 -3120 3121 3122 -3123 -3124 3125 -3126 -3127 -3128 -3129 3130 -3131
v 3132 3133 -3134 -3135 -3136 -3137 3138 -3139 3140 3141 -3142 -3143 3144 3145
v -3146 3147 3148 -3149 3150 -3151 3152 -3153 3154 -3155 3156 -3157 -3158 3159
v 3160 -3161 -3162 -3163 3164 3165 -3166 -3167 3168 -3169 3170 -3171 3172
v -3173 -3174 -3175 -3176 3177 -3178 3179 3180 -3181 -3182 3183 -3184 3185
v -3186 3187 3188 3189 3190 -3191 3192 -3193 -3194 3195 -3196 -3197 -3198
v -3199 -3200 -3201 3202 3203 -3204 3205 -3206 -3207 -3208 3209 -3210 3211
v -3212 -3213 -3214 -3215 3216 -3217 -3218 -3219 -3220 3221 -3222 3223 -3224
v 3225 3226 -3227 3228 3229 3230 3231 3232 -3233 3234 -3235 -3236 -3237 3238
v -3239 -3240 3241 -3242 3243 3244 3245 3246 -3247 3248 3249 -3250 3251 -3252
v 3253 3254 3255 -3256 -3257 3258 3259 3260 -3261 -3262 -3263 -3264 -3265
v -3266 -3267 -3268 -3269 -3270 3271 -3272 3273 3274 -3275 3276 -3277 -3278
v -3279 3280 -3281 3282 3283 -3284 3285 -3286 -3287 3288 -3289 -3290 -3291
v -3292 -3293 3294 -3295 3296 -3297 -3298 3299 3300 -3301 3302 -3303 3304
v -3305 -3306 3307 3308 3309 3310 -3311 3312 3313 -3314 -3315 3316 3317 -3318
v -3319 3320 -3321 -3322 -3323 -3324 -3325 3326 3327 3328 3329 -3330 -3331
v 3332 3333 3334 -3335 3336 -3337 3338 -3339 -3340 -3341 3342 -3343 3344 -3345
v 3346 3347 -3348 3349 3350 3351 -3352 3353 3354 -3355 -3356 -3357 -3358 3359
v 3360 3361 -3362 -3363 -3364 3365 3366 -3367 3368 3369 3370 3371 3372 3373
v -3374 -3375 3376 3377 -3378 -3379 -3380 3381 3382 -3383 3384 -3385 -3386
v 3387 -3388 -3389 3390 3391 -3392 3393 3394 3395 -3396 3397 -3398 3399 3400
v 3401 3402 -3403 3404 3405 3406 -3407 -3408 3409 -3410 -3411 3412 -3413 3414
v 3415 -3416 -3417 3418 -3419 -3420 3421 -3422 -3423 3424 -3425 -3426 -3427
v 3428 -3429 3430 3431 3432 3433 -3434 3435 -3436 -3437 -3438 -3439 -3440 3441
v -3442 -3443 -3444 -3445 3446 3447 3448 -3449 -3450 3451 3452 -3453 3454
v -3455 -3456 -3457 -3458 -3459 -3460 -3461 -3462 -3463 -3464 -3465 -3466
v -3467 -3468 -3469 -3470 -3471 -3472 -3473 -3474 -3475 -3476 -3477 -3478
v -3479 -3480 -3481 -3482 -3483 -3484 -3485 -3486 -3487 -3488 -3489 -3490
v -3491 -3492 -3493 -3494 -3495 -3496 -3497 -3498 -3499 -3500 -3501 -3502
v -3503 -3504 -3505 -3506 -3507 -3508 -3509 -3510 -3511 -3512 -3513 -3514
v -3515 -3516 -3517 -3518 -3519 -3520 -3521 -3522 -3523 -3524 -3525 -3526
v -3527 -3528 -3529 -3530 -3531 -3532 -3533 -3534 -3535 -3536 -3537 -3538 3539
v -3540 3541 -3542 -3543 3544 -3545 -3546 -3547 -3548 -3549 -3550 3551 -3552
v -3553 -3554 -3555 -3556 -3557 -3558 -3559 -3560 -3561 -3562 -3563 -3564
v -3565 -3566 -3567 -3568 -3569 -3570 -3571 -3572 -3573 -3574 -3575 -3576
v -3577 -3578 -3579 -3580 -3581 -3582 -3583 -3584 -3585 -3586 -3587 -3588
v -3589 -3590 -3591 -3592 -3593 -3594 -3595 -3596 -3597 -3598 -3599 -3600
v -3601 -3602 -3603 -3604 -3605 -3606 -3607 -3608 -3609 -3610 -3611 -3612
v -3613 -3614 -3615 -3616 -3617 -3618 -3619 -3620 -3621 -3622 -3623 -3624
v -3625 -3626 -3627 -3628 -3629 -3630 -3631 -3632 -3633 -3634 -3635 -3636
v -3637 -3638 -3639 -3640 -3641 -3642 -3643 -3644 -3645 -3646 -3647 -3648
v -3649 -3650 -3651 -3652 3653 3654 3655 3656 -3657 -3658 -3659 3660 -3661
v -3662 3663 -3664 3665 3666 3667 3668 3669 3670 -3671 -3672 -3673 -3674 -3675
v 3676 3677 -3678 -3679 3680 -3681 -3682 -3683 -3684 -3685 -3686 -3687 -3688
v -3689 -3690 -3691 -3692 -3693 -3694 -3695 -3696 -3697 -3698 -3699 -3700
v -3701 -3702 -3703 -3704 -3705 -3706 -3707 -3708 -3709 -3710 -3711 -3712
v -3713 -3714 -3715 -3716 -3717 -3718 -3719 -3720 -3721 -3722 -3723 -3724
v -3725 -3726 -3727 -3728 -3729 -3730 -3731 -3732 -3733 -3734 -3735 -3736
v -3737 -3738 -3739 -3740 -3741 -3742 -3743 -3744 -3745 -3746 -3747 -3748
v -3749 -3750 -3751 -3752 -3753 -3754 -3755 -3756 -3757 -3758 -3759 -3760
v -3761 -3762 -3763 -3764 -3765 -3766 -3767 -3768 -3769 -3770 -3771 -3772
v -3773 -3774 -3775 -3776 -3777 -3778 -3779 -3780 3781 3782 -3783 3784 -3785
v -3786 -3787 3788 -3789 -3790 3791 3792 -3793 3794 -3795 3796 3797 -3798
v -3799 -3800 -3801 -3802 -3803 3804 -3805 -3806 -3807 3808 -3809 -3810 -3811
v -3812 -3813 -3814 -3815 -3816 -3817 -3818 -3819 -3820 -3821 -3822 -3823
v -3824 -3825 -3826 -3827 -3828 -3829 -3830 -3831 -3832 -3833 -3834 -3835
v -3836 -3837 -3838 -3839 -3840 3841 3842 3843 3844 -3845 3846 3847 -3848 3849
v -3850 -3851 3852 -3853 -3854 -3855 3856 3857 -3858 3859 3860 3861 3862 3863
v -3864 -3865 3866 -3867 3868 -3869 3870 3871 -3872 3873 -3874 3875 3876 -3877
v -3878 -3879 -3880 3881 3882 -3883 3884 3885 -3886 3887 3888 3889 3890 -3891
v 3892 3893 -3894 -3895 -3896 3897 3898 3899 -3900 -3901 -3902 -3903 3904
v -3905 3906 3907 3908 3909 -3910 -3911 3912 -3913 3914 -3915 3916 3917 3918
v -3919 3920 3921 3922 -3923 3924 3925 3926 3927 3928 3929 3930 3931 3932 3933
v 3934 3935 3936 3937 -3938 -3939 -3940 -3941 3942 -3943 -3944 -3945 3946 3947
v -3948 3949 -3950 -3951 3952 -3953 -3954 -3955 3956 3957 -3958 -3959 3960
v 3961 3962 3963 3964 -3965 -3966 -3967 -3968 3969 -3970 -3971 -3972 -3973
v -3974 3975 3976 -3977 3978 -3979 3980 3981 3982 -3983 -3984 3985 3986 3987
v -3988 3989 -3990 -3991 3992 -3993 3994 3995 -3996 3997 3998 -3999 -4000 4001
v -4002 4003 -4004 -4005 4006 4007 -4008 -4009 -4010 -4011 4012 -4013 4014
v 4015 -4016 4017 4018 4019 -4020 4021 -4022 -4023 -4024 4025 -4026 -4027
v -4028 4029 4030 4031 4032 -4033 4034 -4035 -4036 4037 -4038 -4039 -4040
v -4041 -4042 4043 4044 4045 4046 -4047 4048 4049 -4050 4051 4052 4053 4054
v 4055 -4056 -4057 4058 -4059 -4060 -4061 -4062 -4063 4064 -4065 4066 4067
v -4068 4069 -4070 4071 -4072 4073 4074 4075 4076 4077 -4078 -4079 4080 -4081
v 4082 4083 -4084 4085 4086 -4087 4088 -4089 -4090 4091 -4092 -4093 4094 4095
v -4096 4097 4098 4099 4100 4101 4102 4103 -4104 4105 -4106 4107 -4108 4109
v 4110 -4111 -4112 4113 -4114 4115 -4116 4117 -4118 -4119 4120 4121 4122 -4123
v -4124 4125 4126 4127 4128 4129 -4130 4131 -4132 4133 4134 -4135 -4136 -4137
v -4138 4139 4140 4141 4142 -4143 -4144 4145 -4146 -4147 4148 4149 4150 -4151
v 4152 -4153 -4154 -4155 4156 4157 4158 -4159 4160 4161 4162 4163 -4164 -4165
v -4166 -4167 -4168 -4169 -4170 -4171 4172 4173 4174 -4175 4176 -4177 4178
v -4179 4180 -4181 -4182 4183 -4184 -4185 4186 4187 4188 4189 4190 -4191 4192
v 4193 -4194 4195 4196 4197 -4198 -4199 4200 4201 -4202 -4203 -4204 4205 4206
v -4207 4208 -4209 4210 -4211 -4212 -4213 -4214 4215 -4216 -4217 4218 -4219
v -4220 4221 -4222 4223 4224 -4225 -4226 -4227 -4228 -4229 -4230 -4231 -4232
v -4233 -4234 -4235 -4236 -4237 -4238 -4239 -4240 -4241 -4242 -4243 -4244
v -4245 -4246 -4247 -4248 -4249 -4250 -4251 -4252 -4253 -4254 -4255 -4256
v -4257 -4258 -4259 -4260 -4261 -4262 -4263 -4264 -4265 -4266 -4267 -4268
v -4269 -4270 -4271 -4272 -4273 -4274 -4275 -4276 -4277 -4278 -4279 -4280
v -4281 -4282 -4283 -4284 -4285 -4286 -4287 -4288 -4289 -4290 -4291 -4292
v -4293 -4294 -4295 -4296 -4297 -4298 -4299 -4300 -4301 -4302 -4303 -4304
v -4305 -4306 -4307 -4308 -4309 -4310 -4311 -4312 -4313 -4314 -4315 -4316
v -4317 -4318 -4319 -4320 -4321 -4322 -4323 -4324 -4325 -4326 -4327 -4328
v -4329 -4330 -4331 -4332 -4333 -4334 -4335 -4336 -4337 -4338 -4339 -4340
v -4341 -4342 -4343 -4344 -4345 -4346 -4347 -4348 -4349 -4350 -4351 -4352
v -4353 -4354 -4355 -4356 -4357 -4358 -4359 -4360 -4361 -4362 -4363 -4364
v -4365 -4366 -4367 -4368 -4369 -4370 -4371 -4372 -4373 -4374 -4375 -4376
v -4377 -4378 -4379 -4380 -4381 -4382 -4383 -4384 -4385 -4386 -4387 -4388
v -4389 -4390 -4391 -4392 -4393 -4394 -4395 -4396 -4397 -4398 -4399 -4400
v -4401 -4402 -4403 -4404 -4405 -4406 -4407 -4408 -4409 -4410 -4411 -4412
v -4413 -4414 -4415 -4416 -4417 -4418 -4419 -4420 4421 4422 -4423 -4424 4425
v -4426 4427 4428 4429 4430 4431 -4432 -4433 -4434 -4435 -4436 4437 -4438 4439
v 4440 -4441 4442 4443 4444 4445 4446 4447 -4448 -4449 -4450 -4451 -4452 -4453
v -4454 -4455 -4456 -4457 -4458 -4459 -4460 -4461 -4462 -4463 -4464 -4465
v -4466 -4467 -4468 -4469 -4470 -4471 -4472 -4473 -4474 -4475 -4476 -4477
v -4478 -4479 -4480 -4481 -4482 -4483 -4484 -4485 -4486 -4487 -4488 -4489
v -4490 -4491 -4492 -4493 -4494 -4495 -4496 -4497 -4498 -4499 -4500 -4501
v -4502 -4503 -4504 -4505 -4506 -4507 -4508 -4509 -4510 -4511 -4512 -4513
v -4514 -4515 -4516 -4517 -4518 -4519 -4520 -4521 -4522 -4523 -4524 -4525
v -4526 -4527 -4528 -4529 -4530 -4531 -4532 -4533 -4534 -4535 -4536 -4537
v -4538 -4539 -4540 -4541 -4542 -4543 -4544 -4545 -4546 -4547 -4548 -4549 4550
v -4551 4552 4553 -4554 4555 -4556 -4557 -4558 -4559 4560 -4561 -4562 4563
v -4564 4565 -4566 4567 -4568 -4569 -4570 -4571 4572 -4573 4574 4575 4576
v -4577 -4578 -4579 -4580 -4581 -4582 -4583 -4584 -4585 -4586 -4587 -4588
v -4589 -4590 -4591 -4592 -4593 -4594 -4595 -4596 -4597 -4598 -4599 -4600
v -4601 -4602 -4603 -4604 -4605 -4606 -4607 -4608 4609 4610 -4611 -4612 -4613
v -4614 -4615 -4616 4617 -4618 4619 -4620 4621 -4622 -4623 4624 4625 4626
v -4627 -4628 4629 4630 4631 4632 -4633 4634 4635 -4636 4637 -4638 -4639 4640
v -4641 -4642 4643 -4644 4645 -4646 4647 -4648 4649 -4650 -4651 4652 4653
v -4654 4655 -4656 -4657 -4658 -4659 4660 -4661 -4662 -4663 -4664 4665 4666
v 4667 -4668 4669 4670 -4671 4672 -4673 4674 -4675 4676 4677 -4678 4679 -4680
v 4681 4682 4683 -4684 4685 4686 -4687 4688 -4689 -4690 -4691 -4692 -4693 4694
v 4695 4696 -4697 4698 4699 4700 -4701 4702 -4703 4704 4705 4706 4707 -4708
v -4709 -4710 4711 4712 4713 -4714 -4715 4716 -4717 4718 -4719 4720 4721 -4722
v -4723 4724 -4725 4726 4727 -4728 -4729 4730 -4731 -4732 4733 4734 4735 4736
v -4737 4738 -4739 4740 4741 -4742 -4743 -4744 -4745 -4746 4747 -4748 -4749
v -4750 -4751 -4752 4753 -4754 -4755 -4756 -4757 4758 4759 4760 -4761 4762
v 4763 4764 4765 4766 -4767 4768 4769 4770 4771 -4772 -4773 -4774 4775 4776
v 4777 4778 4779 4780 -4781 4782 -4783 4784 4785 -4786 -4787 4788 -4789 4790
v -4791 -4792 -4793 -4794 -4795 4796 4797 -4798 4799 -4800 -4801 -4802 -4803
v -4804 -4805 -4806 4807 4808 4809 -4810 -4811 4812 -4813 4814 -4815 -4816
v -4817 -4818 -4819 4820 4821 4822 4823 -4824 -4825 -4826 -4827 4828 4829
v -4830 -4831 -4832 4833 -4834 -4835 -4836 -4837 4838 4839 -4840 4841 4842
v 4843 -4844 -4845 -4846 4847 -4848 -4849 4850 4851 4852 -4853 4854 -4855 4856
v -4857 4858 -4859 4860 -4861 4862 -4863 4864 4865 4866 -4867 -4868 -4869
v -4870 4871 4872 -4873 4874 4875 -4876 4877 -4878 -4879 -4880 -4881 -4882
v 4883 -4884 4885 -4886 -4887 -4888 -4889 -4890 -4891 -4892 -4893 -4894 -4895
v -4896 4897 -4898 -4899 -4900 4901 4902 -4903 -4904 4905 4906 -4907 -4908
v -4909 -4910 4911 -4912 4913 -4914 4915 -4916 4917 4918 -4919 4920 -4921 4922
v 4923 4924 4925 -4926 4927 4928 -4929 -4930 4931 -4932 -4933 4934 -4935 4936
v 4937 4938 -4939 4940 -4941 -4942 -4943 -4944 -4945 4946 -4947 4948 -4949
v -4950 4951 -4952 4953 4954 -4955 4956 -4957 -4958 -4959 -4960 -4961 -4962
v -4963 4964 -4965 -4966 -4967 4968 4969 -4970 -4971 4972 4973 4974 4975 -4976
v -4977 -4978 -4979 -4980 -4981 -4982 -4983 4984 4985 -4986 4987 -4988 -4989
v -4990 -4991 4992 -4993 -4994 -4995 -4996 -4997 -4998 -4999 -5000 -5001 -5002
v -5003 -5004 -5005 -5006 -5007 -5008 -5009 -5010 -5011 -5012 -5013 -5014
v -5015 -5016 -5017 -5018 -5019 -5020 -5021 -5022 -5023 -5024 -5025 -5026
v -5027 -5028 -5029 -5030 -5031 -5032 -5033 -5034 -5035 -5036 -5037 -5038
v -5039 -5040 -5041 -5042 -5043 -5044 -5045 -5046 -5047 -5048 -5049 -5050
v -5051 -5052 -5053 -5054 -5055 -5056 5057 -5058 5059 -5060 5061 5062 5063
v 5064 -5065 -5066 -5067 -5068 -5069 5070 5071 5072 5073 -5074 5075 5076 5077
v 5078 5079 5080 5081 -5082 5083 5084 -5085 -5086 5087 -5088 -5089 -5090 -5091
v -5092 -5093 -5094 -5095 -5096 -5097 -5098 -5099 -5100 -5101 -5102 -5103
v -5104 -5105 -5106 -5107 -5108 -5109 -5110 -5111 -5112 -5113 -5114 -5115
v -5116 -5117 -5118 -5119 -5120 -5121 -5122 -5123 -5124 -5125 -5126 -5127
v -5128 -5129 -5130 -5131 -5132 -5133 -5134 -5135 -5136 -5137 -5138 -5139
v -5140 -5141 -5142 -5143 -5144 -5145 -5146 -5147 -5148 -5149 -5150 -5151
v -5152 -5153 -5154 -5155 -5156 -5157 -5158 -5159 -5160 -5161 -5162 -5163
v -5164 -5165 -5166 -5167 -5168 -5169 -5170 -5171 -5172 -5173 -5174 -5175
v -5176 -5177 -5178 -5179 -5180 -5181 -5182 -5183 -5184 5185 -5186 5187 5188
v 5189 5190 5191 5192 -5193 5194 -5195 5196 -5197 5198 5199 -5200 -5201 5202
v -5203 5204 5205 -5206 5207 -5208 -5209 -5210 -5211 -5212 -5213 5214 5215
v 5216 -5217 -5218 -5219 -5220 -5221 -5222 -5223 -5224 -5225 -5226 -5227 -5228
v -5229 -5230 -5231 -5232 -5233 -5234 -5235 -5236 -5237 -5238 -5239 -5240
v -5241 -5242 -5243 -5244 -5245 -5246 -5247 -5248 -5249 -5250 -5251 -5252
v -5253 -5254 -5255 -5256 -5257 -5258 -5259 -5260 -5261 -5262 -5263 -5264
v -5265 -5266 -5267 -5268 -5269 -5270 -5271 -5272 -5273 -5274 -5275 -5276
v -5277 -5278 -5279 -5280 -5281 -5282 -5283 -5284 -5285 -5286 -5287 -5288
v -5289 -5290 -5291 -5292 -5293 -5294 -5295 -5296 -5297 -5298 -5299 -5300
v -5301 -5302 -5303 -5304 -5305 -5306 -5307 -5308 -5309 -5310 -5311 -5312
v -5313 -5314 -5315 -5316 5317 -5318 5319 5320 5321 5322 -5323 5324 -5325
v -5326 -5327 -5328 5329 5330 -5331 -5332 -5333 -5334 -5335 5336 5337 -5338
v -5339 -5340 5341 -5342 5343 5344 -5345 -5346 -5347 -5348 -5349 -5350 -5351
v -5352 -5353 -5354 -5355 -5356 -5357 -5358 -5359 -5360 -5361 -5362 -5363
v -5364 -5365 -5366 -5367 -5368 -5369 -5370 -5371 -5372 -5373 -5374 -5375
v -5376 -5377 5378 5379 -5380 5381 -5382 -5383 -5384 5385 5386 -5387 5388
v -5389 5390 -5391 5392 5393 -5394 5395 5396 5397 -5398 -5399 -5400 -5401 5402
v -5403 -5404 5405 -5406 5407 5408 5409 -5410 -5411 -5412 -5413 -5414 -5415
v -5416 5417 -5418 5419 5420 -5421 -5422 -5423 5424 -5425 5426 -5427 -5428
v 5429 -5430 5431 -5432 5433 -5434 5435 5436 -5437 -5438 -5439 -5440 -5441
v -5442 5443 -5444 5445 -5446 -5447 -5448 -5449 5450 -5451 5452 -5453 -5454
v -5455 5456 5457 -5458 5459 5460 -5461 -5462 -5463 -5464 5465 5466 -5467 5468
v 5469 5470 5471 -5472 5473 -5474 5475 -5476 5477 -5478 5479 5480 -5481 5482
v -5483 -5484 5485 5486 -5487 5488 -5489 -5490 5491 5492 5493 -5494 -5495
v -5496 5497 -5498 5499 5500 5501 5502 5503 5504 -5505 5506 5507 -5508 -5509
v -5510 5511 -5512 5513 -5514 -5515 5516 -5517 5518 -5519 -5520 5521 5522
v -5523 -5524 5525 5526 -5527 5528 -5529 5530 5531 -5532 -5533 -5534 5535 5536
v 5537 5538 -5539 5540 5541 -5542 -5543 -5544 -5545 -5546 -5547 -5548 5549
v -5550 -5551 -5552 -5553 5554 5555 -5556 -5557 -5558 -5559 5560 -5561 5562
v -5563 5564 5565 5566 -5567 5568 5569 -5570 -5571 5572 -5573 5574 5575 5576
v 5577 5578 5579 -5580 5581 5582 -5583 5584 -5585 -5586 -5587 -5588 -5589 5590
v -5591 -5592 5593 -5594 5595 5596 5597 -5598 -5599 -5600 -5601 5602 5603 5604
v -5605 5606 -5607 5608 5609 -5610 -5611 5612 5613 -5614 5615 -5616 -5617
v -5618 -5619 5620 5621 -5622 -5623 5624 -5625 -5626 5627 -5628 5629 -5630
v -5631 -5632 5633 5634 5635 -5636 5637 -5638 -5639 -5640 5641 5642 5643 5644
v -5645 -5646 -5647 5648 -5649 5650 5651 5652 5653 5654 -5655 5656 5657 5658
v -5659 -5660 -5661 -5662 -5663 -5664 5665 5666 -5667 5668 5669 5670 5671 5672
v -5673 5674 5675 -5676 -5677 -5678 -5679 5680 5681 -5682 -5683 5684 -5685
v -5686 -5687 5688 5689 -5690 -5691 -5692 -5693 5694 -5695 5696 5697 5698 5699
v 5700 5701 5702 5703 -5704 5705 5706 5707 -5708 5709 5710 5711 5712 -5713
v 5714 -5715 -5716 5717 5718 -5719 -5720 5721 -5722 5723 5724 -5725 -5726 5727
v -5728 5729 -5730 -5731 5732 5733 5734 -5735 5736 -5737 5738 5739 5740 5741
v -5742 -5743 5744 5745 5746 -5747 -5748 5749 5750 5751 5752 -5753 5754 5755
v 5756 5757 -5758 5759 5760 -5761 -5762 -5763 -5764 -5765 -5766 -5767 -5768
v -5769 -5770 -5771 -5772 -5773 -5774 -5775 -5776 -5777 -5778 -5779 -5780
v -5781 -5782 -5783 -5784 -5785 -5786 -5787 -5788 -5789 -5790 -5791 -5792
v -5793 -5794 -5795 -5796 -5797 -5798 -5799 -5800 -5801 -5802 -5803 -5804
v -5805 -5806 -5807 -5808 -5809 -5810 -5811 -5812 -5813 -5814 -5815 -5816
v -5817 -5818 -5819 -5820 -5821 -5822 -5823 -5824 -5825 -5826 -5827 -5828
v -5829 -5830 -5831 -5832 -5833 -5834 -5835 -5836 -5837 -5838 -5839 -5840
v -5841 -5842 -5843 -5844 -5845 -5846 -5847 -5848 -5849 -5850 -5851 -5852
v -5853 -5854 -5855 -5856 -5857 -5858 -5859 -5860 5861 -5862 -5863 -5864 5865
v 5866 -5867 -5868 5869 5870 5871 5872 5873 5874 5875 5876 5877 -5878 -5879
v 5880 5881 5882 5883 5884 -5885 5886 5887 -5888 -5889 -5890 -5891 -5892 -5893
v -5894 -5895 -5896 -5897 -5898 -5899 -5900 -5901 -5902 -5903 -5904 -5905
v -5906 -5907 -5908 -5909 -5910 -5911 -5912 -5913 -5914 -5915 -5916 -5917
v -5918 -5919 -5920 -5921 -5922 -5923 -5924 -5925 -5926 -5927 -5928 -5929
v -5930 -5931 -5932 -5933 -5934 -5935 -5936 -5937 -5938 -5939 -5940 -5941
v -5942 -5943 -5944 -5945 -5946 -5947 -5948 -5949 -5950 -5951 -5952 -5953
v -5954 -5955 -5956 -5957 -5958 -5959 -5960 -5961 -5962 -5963 -5964 -5965
v -5966 -5967 -5968 -5969 -5970 -5971 -5972 -5973 -5974 -5975 -5976 -5977
v -5978 -5979 -5980 -5981 -5982 -5983 -5984 -5985 -5986 -5987 -5988 -5989
v -5990 -5991 -5992 -5993 -5994 -5995 -5996 -5997 -5998 -5999 -6000 -6001
v -6002 -6003 -6004 -6005 -6006 -6007 -6008 -6009 -6010 -6011 -6012 -6013
v -6014 -6015 -6016 -6017 -6018 -6019 -6020 -6021 -6022 -6023 -6024 -6025
v -6026 -6027 -6028 -6029 -6030 -6031 -6032 -6033 -6034 -6035 -6036 -6037
v -6038 -6039 -6040 -6041 -6042 -6043 -6044 -6045 -6046 -6047 -6048 -6049
v -6050 -6051 -6052 -6053 -6054 -6055 -6056 -6057 -6058 -6059 -6060 -6061
v -6062 -6063 -6064 -6065 -6066 -6067 -6068 -6069 -6070 -6071 -6072 -6073
v -6074 -6075 -6076 -6077 -6078 -6079 -6080 -6081 -6082 -6083 -6084 -6085
v -6086 -6087 -6088 -6089 -6090 -6091 -6092 -6093 -6094 -6095 -6096 -6097
v -6098 -6099 -6100 -6101 -6102 -6103 -6104 -6105 -6106 -6107 -6108 -6109
v -6110 -6111 -6112 -6113 -6114 -6115 -6116 -6117 -6118 -6119 -6120 -6121
v -6122 -6123 -6124 -6125 -6126 -6127 -6128 -6129 -6130 -6131 -6132 -6133
v -6134 -6135 -6136 -6137 -6138 -6139 -6140 -6141 -6142 -6143 -6144 -6145 6146
v 6147 -6148 6149 6150 -6151 6152 -6153 -6154 -6155 6156 6157 -6158 6159 -6160
v -6161 6162 6163 6164 6165 -6166 -6167 6168 6169 6170 -6171 -6172 6173 6174
v -6175 -6176 -6177 6178 -6179 -6180 6181 -6182 6183 6184 -6185 6186 6187 6188
v -6189 6190 6191 -6192 -6193 -6194 6195 6196 6197 6198 6199 -6200 6201 6202
v 6203 -6204 6205 -6206 6207 -6208 -6209 -6210 -6211 -6212 6213 -6214 -6215
v 6216 6217 6218 -6219 -6220 -6221 6222 -6223 -6224 -6225 -6226 -6227 6228
v -6229 -6230 6231 6232 6233 6234 -6235 6236 -6237 6238 6239 -6240 6241 -6242
v 6243 -6244 6245 -6246 -6247 -6248 6249 -6250 6251 -6252 -6253 6254 -6255
v -6256 6257 -6258 6259 -6260 -6261 -6262 -6263 -6264 6265 6266 6267 6268
v -6269 -6270 -6271 -6272 -6273 -6274 -6275 6276 6277 -6278 6279 -6280 6281
v 6282 6283 6284 -6285 6286 -6287 6288 6289 -6290 6291 6292 6293 6294 6295
v -6296 6297 6298 6299 6300 6301 -6302 6303 -6304 -6305 6306 6307 -6308 -6309
v -6310 -6311 -6312 -6313 -6314 -6315 6316 -6317 -6318 6319 6320 -6321 6322
v 6323 -6324 6325 6326 -6327 -6328 -6329 6330 6331 6332 -6333 -6334 6335 -6336
v -6337 6338 6339 6340 -6341 -6342 6343 -6344 -6345 -6346 -6347 -6348 -6349
v 6350 -6351 -6352 6353 6354 -6355 -6356 -6357 6358 6359 6360 6361 6362 6363
v 6364 -6365 6366 6367 6368 6369 -6370 6371 6372 -6373 6374 6375 6376 6377
v -6378 6379 6380 6381 6382 6383 -6384 6385 -6386 -6387 -6388 6389 6390 -6391
v 6392 -6393 6394 -6395 6396 6397 -6398 6399 -6400 6401 -6402 -6403 -6404 6405
v -6406 -6407 6408 6409 6410 6411 -6412 6413 6414 -6415 -6416 6417 -6418 6419
v -6420 -6421 6422 6423 6424 6425 -6426 -6427 6428 6429 -6430 -6431 -6432 6433
v 6434 6435 6436 6437 6438 -6439 6440 -6441 6442 6443 -6444 -6445 -6446 6447
v -6448 -6449 6450 6451 6452 6453 -6454 -6455 -6456 -6457 6458 -6459 -6460
v -6461 -6462 6463 -6464 -6465 -6466 6467 6468 6469 -6470 -6471 6472 6473 6474
v -6475 6476 -6477 6478 -6479 6480 6481 -6482 6483 -6484 6485 -6486 -6487 6488
v -6489 6490 -6491 6492 -6493 -6494 -6495 6496 -6497 -6498 6499 -6500 -6501
v 6502 6503 -6504 6505 -6506 -6507 -6508 6509 -6510 6511 -6512 -6513 6514 6515
v -6516 6517 -6518 6519 6520 -6521 6522 -6523 6524 -6525 6526 -6527 -6528 6529
v 6530 6531 -6532 -6533 6534 6535 -6536 -6537 6538 -6539 6540 6541 -6542 6543
v -6544 6545 -6546 6547 -6548 6549 6550 6551 6552 6553 -6554 -6555 -6556 6557
v 6558 6559 0
c 
c --- [ run-time profiling ] -------------------------------------------------
c 
c process time taken by individual solving procedures
c (percentage relative to process time for solving)
c 
c      6385.61   98.93% search
c      3666.03   56.80% unstable
c      2619.39   40.58% stable
c       100.17    1.55% walk
c        68.97    1.07% simplify
c        34.09    0.53% subsume
c        27.35    0.42% vivify
c         2.21    0.03% ternary
c         1.44    0.02% probe
c         0.34    0.01% elim
c         0.05    0.00% parse
c         0.02    0.00% lucky
c   =================================
c      6454.58  100.00% solve
c 
c last line shows process time for solving
c (percentage relative to total process time)
c 
c --- [ statistics ] ---------------------------------------------------------
c 
c chronological:           1182184         9.04 %  of conflicts
c conflicts:              13072781      2025.35    per second
c decisions:              41036217      6357.69    per second
c eliminated:                 2369        36.12 %  of all variables
c fixed:                      2517        38.37 %  of all variables
c learned:                12908310        98.74 %  per conflict
c learned_lits:         1306187109       100.00 %  learned literals
c minimized:                     0         0.00 %  learned literals
c shrunken:              104214889         7.98 %  learned literals
c minishrunken:          173716428        13.30 %  learned literals
c propagations:         1523590924         0.24 M  per second
c reduced:                12434589        95.12 %  per conflict
c rephased:                    161     81197.40    interval
c restarts:                 367000        35.62    interval
c stabilizing:                   7        58.23 %  of conflicts
c substituted:                 115         1.75 %  of all variables
c subsumed:                 180635         0.70 %  of all clauses
c strengthened:              19206         0.07 %  of all clauses
c ternary:                      20         0.23 %  of resolved
c vivified:                   3152         0.01 %  of all clauses
c walked:                       53    246656.25    interval
c weakened:                  27471         4.34    average size
c 
c seconds are measured in process time for solving
c 
c --- [ resources ] ----------------------------------------------------------
c 
c total process time since initialization:      6454.64    seconds
c total real time since initialization:         6455.06    seconds
c maximum resident set size of process:          185.11    MB
c 
c --- [ shutting down ] ------------------------------------------------------
c 
c exit 10
