nohup: ignoring input
2022-07-11 22:34:48,906 - 128a_3rfinal - INFO - ##############################################
2022-07-11 22:34:48,906 - 128a_3rfinal - INFO - difference state at round 0: 
0000000000000001

0000000000000001

0000000000000000

0000000000000000

0000000000000000

2022-07-11 22:34:48,907 - 128a_3rfinal - INFO - ##############################################
2022-07-11 22:34:48,907 - 128a_3rfinal - INFO - input X state at round 0: 
30f78a1b80841d90

749dc43f87b6928d

a87e64223e33d3d3

99e546e5528e8c4f

67794a4a79d44a79

2022-07-11 22:34:48,907 - 128a_3rfinal - INFO - ##############################################
2022-07-11 22:34:48,907 - 128a_3rfinal - INFO - input Y state at round 0: 
30f78a1b80841d91

749dc43f87b6928c

a87e64223e33d3d3

99e546e5528e8c4f

67794a4a79d44a79

2022-07-11 22:34:48,908 - 128a_3rfinal - INFO - start round function
2022-07-11 22:34:48,909 - 128a_3rfinal - INFO - ##############################################
2022-07-11 22:34:48,909 - 128a_3rfinal - INFO - difference state at round 1: 
0000000000000000

0000000000000000

0000000000000001

0000000000000000

0000000000000000

2022-07-11 22:34:48,910 - 128a_3rfinal - INFO - ##############################################
2022-07-11 22:34:48,910 - 128a_3rfinal - INFO - input X state at round 1: 
0161e8d0ecad50f9

aa75628e04ed0807

450457e86f2afc61

221c2ea2125b9e18

de8d08812dfc4632

2022-07-11 22:34:48,911 - 128a_3rfinal - INFO - ##############################################
2022-07-11 22:34:48,911 - 128a_3rfinal - INFO - input Y state at round 1: 
0161e8d0ecad50f9

aa75628e04ed0807

450457e86f2afc60

221c2ea2125b9e18

de8d08812dfc4632

2022-07-11 22:34:48,913 - 128a_3rfinal - INFO - ##############################################
2022-07-11 22:34:48,913 - 128a_3rfinal - INFO - difference state at round 2: 
0000000000000000

0000000000000000

8400000000000001

8400000000000001

0000000000000000

2022-07-11 22:34:48,914 - 128a_3rfinal - INFO - ##############################################
2022-07-11 22:34:48,914 - 128a_3rfinal - INFO - input X state at round 2: 
6d61baeab7b54a17

15c2fe3224be93e7

e81c7a42386d8c69

76fa16d10a3d7254

f56cd03497d67b4f

2022-07-11 22:34:48,914 - 128a_3rfinal - INFO - ##############################################
2022-07-11 22:34:48,914 - 128a_3rfinal - INFO - input Y state at round 2: 
6d61baeab7b54a17

15c2fe3224be93e7

6c1c7a42386d8c68

f2fa16d10a3d7255

f56cd03497d67b4f

2022-07-11 22:34:48,917 - 128a_3rfinal - INFO - ##############################################
2022-07-11 22:34:48,917 - 128a_3rfinal - INFO - difference state at round 3: 
8461c20000000001

c041820000000001

4051c20000000000

4010000000000000

8461c20000000001

2022-07-11 22:34:48,917 - 128a_3rfinal - INFO - ##############################################
2022-07-11 22:34:48,917 - 128a_3rfinal - INFO - input X state at round 3: 
d59c0317037fb6e0

2ac5f136f40f2626

bbd1db7154248ba3

db59b3be1d2cce52

3a0413842c1511e7

2022-07-11 22:34:48,918 - 128a_3rfinal - INFO - ##############################################
2022-07-11 22:34:48,918 - 128a_3rfinal - INFO - input Y state at round 3: 
51fdc117037fb6e1

ea847336f40f2627

fb80197154248ba3

9b49b3be1d2cce52

be65d1842c1511e6

2022-07-11 22:34:48,919 - 128a_3rfinal - INFO - check over
