c --- [ banner ] -------------------------------------------------------------
c 
c CaDiCaL Radically Simplified CDCL SAT Solver
c Copyright (c) 2016-2021 A. Biere, M. Fleury, N. Froleyks
c 
c Version 1.5.2 ca9bff05c11bde5eae4912f9932871d1527e61d8
c g++-9.4.0 -fvisibility-inlines-hidden -std=c++17 -fmessage-length=0 -march=nocona -mtune=haswell -ftree-vectorize -fPIC -fstack-protector-strong -fno-plt -O2 -ffunction-sections -pipe -isystem /home/user/miniconda3/envs/algsat/include -W -O -DNDEBUG
c Wed Jul 13 11:27:14 CST 2022 Linux user-S2600WTTR 4.15.0-109-generic x86_64
c 
c --- [ parsing input ] ------------------------------------------------------
c 
c reading DIMACS file from '/home/user/lhn/bosphorus/gimli/6r/6rgimli.cnf'
c opening file to read '/home/user/lhn/bosphorus/gimli/6r/6rgimli.cnf'
c found 'p cnf 5025 39908' header
c parsed 39908 clauses in 0.03 seconds process time
c closing file '/home/user/lhn/bosphorus/gimli/6r/6rgimli.cnf'
c after reading 1005983 bytes 1.0 MB
c 
c --- [ options ] ------------------------------------------------------------
c 
c all options are set to their default value
c 
c --- [ solving ] ------------------------------------------------------------
c 
c time measured in process time since initialization
c 
c  seconds  reductions  redundant  irredundant
c         MB    restarts       trail     variables
c          level   conflicts       glue       remaining
c 
c *  0.03  7  0 0   0    0    0  0% 0 37450 3173 63%
c {  0.03  9  0 0   0    0    0  0% 0 37450 3173 63%
c -  0.05  9 415 1   1  301  288 67% 24 37450 3173 63%
c -  0.08 11 307 2   6  901  681 60% 19 37450 3173 63%
c }  0.08 11 286 2   6 1001  778 59% 19 37450 3173 63%
c [  0.08 11  0 2   6 1001  778  0% 0 37450 3173 63%
c O  0.08 11 272 2   6 1002  779 60% 6 37450 3173 63%
c -  0.16 11 242 3   6 1801 1183 57% 28 37450 3173 63%
c ]  0.28 11 150 3   7 3004 2347 22% 29 37450 3173 63%
c {  0.28 11 286 3   7 3004 2347 94% 19 37450 3173 63%
c -  0.28 11 286 4   7 3004 1615 94% 19 37450 3173 63%
c F  0.28 11 286 4   7 3005 1616 93% 19 37450 3173 63%
c -  0.37 11 159 5  77 4505 1905 48% 18 37450 3173 63%
c d  0.40 11 146 5  97 5000 2354 44% 18 36860 2878 57%
c 3  0.40 11 146 5  97 5000 2360 44% 18 36860 2878 57%
c 2  0.41 11 146 5  97 5000 2354 44% 18 36859 2877 57%
c #  0.46 11 127 5 141 6006 3264 36% 18 36859 2877 57%
c -  0.48 12 124 6 168 6306 2378 34% 18 36859 2877 57%
c }  0.52 12 117 6 195 7004 3035 31% 18 36859 2877 57%
c [  0.52 12 150 6 195 7004 3035 22% 29 36859 2877 57%
c 
c  seconds   reductions  redundant   irredundant
c         MB     restarts       trail      variables
c           level   conflicts       glue        remaining
c 
c s  0.56 12 145 6 196 7123 3142 21% 29 36136 2877 57%
c v  0.59 12 145 6 196 7123 3142 21% 29 36000 2877 57%
c w  0.60 12 145 6 196 7123 3142 21% 29 36000 2877 57%
c e  0.65 13 145 6 196 7123 2983 21% 29 14696 901 18%
c s  0.67 13 145 6 196 7123 2966 21% 29 14696 901 18%
c ^  0.67 13 145 6 196 7123 2966 21% 29 14696 901 18%
c -  0.76 12 119 7 196 8408 3052 48% 31 14696 901 18%
c I  0.87 12 104 7 197 10008 4612 48% 34 14696 901 18%
c -  0.93 13 97 8 198 10809 3745 48% 32 14696 901 18%
c -  1.12 13 83 9 200 13509 4110 47% 30 14696 901 18%
c ]  1.26 13 78 9 200 15006 5566 47% 29 14696 901 18%
c {  1.26 13 117 9 200 15006 5566 110% 18 14696 901 18%
c B  1.26 13 117 9 202 15010 5569 109% 18 14696 901 18%
c -  1.36 13 109 10 279 16512 4697 94% 17 14696 901 18%
c -  1.56 13 98 11 548 19812 5307 77% 18 14696 901 18%
c W  1.65 13 95 11 636 21012 6428 73% 18 14696 901 18%
c s  1.84 13 92 11 901 23235 8463 68% 18 14696 901 18%
c v  1.86 13 92 11 901 23235 8463 68% 18 14674 901 18%
c w  1.87 13 92 11 901 23235 8461 68% 18 14674 901 18%
c s  1.91 13 92 11 901 23235 8437 68% 18 14674 901 18%
c 
c  seconds  reductions    redundant   irredundant
c         MB     restarts        trail      variables
c          level     conflicts       glue       remaining
c 
c ^  1.92 13 92 11 901 23235 8437 68% 18 14674 901 18%
c -  1.93 13 92 12 905 23413 6172 68% 18 14674 901 18%
c -  2.17 13 88 13 1187 27317 6941 62% 18 14674 901 18%
c F  2.21 13 88 13 1244 28015 7595 61% 18 14674 901 18%
c }  2.41 13 86 13 1497 31008 10405 59% 18 14674 901 18%
c [  2.41 13 78 13 1497 31008 10405 47% 29 14674 901 18%
c -  2.45 14 78 14 1497 31518 7808 48% 29 14674 901 18%
c B  2.78 14 76 14 1500 36016 12176 49% 28 14674 901 18%
c -  2.79 14 76 15 1500 36021 8548 49% 28 14674 901 18%
c -  3.16 15 77 16 1503 40822 8683 50% 29 14674 901 18%
c W  3.60 15 77 16 1504 45019 12770 50% 31 14674 901 18%
c -  3.68 16 76 17 1505 45923 9278 50% 31 14674 901 18%
c s  3.83 16 76 17 1505 47390 10657 50% 31 14674 901 18%
c v  3.86 16 76 17 1505 47390 10657 50% 31 14608 901 18%
c w  3.87 16 76 17 1505 47390 10656 50% 31 14608 901 18%
c e  3.89 16 76 17 1505 47390 10656 50% 31 14584 899 18%
c s  3.90 16 76 17 1505 47390 10637 50% 31 14584 899 18%
c ^  3.90 16 76 17 1505 47390 10637 50% 31 14584 899 18%
c -  4.25 16 74 18 1505 51323 9740 51% 31 14584 899 18%
c O  4.60 16 73 18 1506 55020 13354 51% 31 14584 899 18%
c 
c  seconds  reductions      redundant   irredundant
c         MB     restarts          trail      variables
c          level      conflicts        glue       remaining
c 
c -  4.77 16 74 19 1508 57024 10504 51% 31 14584 899 18%
c ]  5.40 16 74 19 1512 63009 16265 51% 34 14584 899 18%
c {  5.40 16 86 19 1512 63009 16265 59% 18 14584 899 18%
c -  5.41 16 86 20 1515 63024 10909 59% 18 14584 899 18%
c B  5.66 16 84 20 1856 66021 13729 57% 18 14584 899 18%
c -  5.93 14 83 21 2155 69325 11252 55% 18 14584 899 18%
c -  6.55 14 82 22 2901 75926 12705 53% 19 14584 899 18%
c W  6.76 14 82 22 3114 78023 14663 52% 19 14584 899 18%
c s  6.93 14 81 22 3244 79552 15949 52% 19 14584 899 18%
c w  6.99 14 81 22 3244 79552 15942 52% 19 14584 899 18%
c s  7.05 14 81 22 3244 79552 15907 52% 19 14584 899 18%
c ^  7.05 14 81 22 3244 79552 15907 52% 19 14584 899 18%
c -  7.36 16 81 23 3538 82827 13904 51% 19 14584 899 18%
c -  8.01 16 80 24 4184 90028 15093 49% 19 14584 899 18%
c #  8.08 16 79 24 4258 91025 16028 49% 19 14584 899 18%
c -  8.73 16 79 25 4879 97529 16178 49% 19 14584 899 18%
c B  9.56 16 78 25 5717 105026 23267 48% 20 14584 899 18%
c -  9.62 16 78 26 5773 105329 17372 48% 20 14584 899 18%
c - 10.46 19 77 27 6480 113430 18468 47% 20 14584 899 18%
c s 11.30 19 77 27 7316 119753 24121 47% 20 14584 899 18%
c 
c  seconds  reductions       redundant   irredundant
c         MB     restarts           trail      variables
c          level      conflicts         glue       remaining
c 
c w 11.37 19 77 27 7316 119753 24108 47% 20 14584 899 18%
c e 11.40 19 77 27 7316 119753 23606 47% 20 14633 888 18%
c s 11.45 19 77 27 7316 119753 23530 47% 20 14616 888 18%
c W 11.55 19 77 27 7323 120029 23778 47% 20 14616 888 18%
c - 11.76 19 77 28 7500 121830 19070 47% 20 14616 888 18%
c } 12.33 19 77 28 8005 127009 24028 47% 20 14616 888 18%
c [ 12.33 19 74 28 8005 127009 24028 51% 34 14616 888 18%
c - 12.65 19 74 29 8006 130531 20210 51% 33 14616 888 18%
c B 13.25 19 74 29 8010 136031 25470 52% 34 14616 888 18%
c - 13.67 16 74 30 8012 139532 20291 52% 34 14616 888 18%
c - 14.96 16 73 31 8013 148833 19389 53% 36 14616 888 18%
c W 15.57 16 73 31 8014 153033 23425 53% 36 14616 888 18%
c - 16.37 16 72 32 8014 158433 19897 53% 37 14616 888 18%
c - 17.75 16 71 33 8015 168333 20558 54% 38 14616 888 18%
c I 18.12 16 71 33 8017 171037 23085 54% 38 14616 888 18%
c - 18.83 16 70 34 8021 178533 21227 54% 37 14616 888 18%
c - 19.93 16 69 35 8028 189034 21579 53% 37 14616 888 18%
c B 20.03 16 69 35 8028 190039 22551 53% 37 14616 888 18%
c - 21.16 20 70 36 8029 199836 21874 53% 38 14616 888 18%
c W 22.66 20 71 36 8036 210042 31395 53% 39 14616 888 18%
c 
c  seconds  reductions       redundant   irredundant
c         MB     restarts           trail      variables
c          level      conflicts         glue       remaining
c 
c - 22.79 20 71 37 8036 210938 22384 53% 39 14616 888 18%
c - 24.26 16 71 38 8043 222339 22514 53% 40 14616 888 18%
c O 25.40 16 71 38 8044 231043 30703 53% 40 14616 888 18%
c - 25.80 20 71 39 8045 234039 23360 53% 40 14616 888 18%
c - 27.28 25 72 40 8045 246041 23603 53% 41 14616 888 18%
c B 28.21 25 72 40 8046 253045 30280 53% 41 14616 888 18%
c ] 28.43 25 72 40 8046 255009 32150 52% 41 14616 888 18%
c { 28.43 25 77 40 8046 255009 32150 47% 20 14616 888 18%
c - 29.09 21 77 41 8460 258342 25365 47% 20 14616 888 18%
c - 30.99 23 77 42 9734 270945 26411 46% 20 14616 888 18%
c F 31.65 23 76 42 10200 276046 31203 46% 20 14616 888 18%
c - 32.91 23 76 43 11019 283846 28242 46% 21 14616 888 18%
c - 34.97 23 76 44 12308 297047 30081 46% 21 14616 888 18%
c B 35.39 23 76 44 12580 300048 32933 46% 21 14616 888 18%
c - 37.09 24 75 45 13643 310549 31648 46% 21 14616 888 18%
c - 39.19 28 75 46 14858 324350 33146 45% 21 14616 888 18%
c W 39.47 28 75 46 14965 325049 33831 45% 21 14616 888 18%
c - 41.79 28 75 47 16311 338452 34720 45% 21 14616 888 18%
c # 44.07 28 75 47 17769 351050 46731 45% 22 14616 888 18%
c - 44.37 28 75 48 17899 352853 36208 45% 21 14616 888 18%
c 
c  seconds  reductions        redundant   irredundant
c         MB      restarts           trail      variables
c          level       conflicts         glue       remaining
c 
c - 47.35 29 75 49 19710 367555 37704 45% 22 14616 888 18%
c s 47.48 29 75 49 19710 367555 36991 45% 22 14605 888 18%
c v 47.53 29 75 49 19710 367555 36991 45% 22 14595 888 18%
c w 47.68 29 75 49 19710 367555 36952 45% 22 14595 888 18%
c s 47.81 29 75 49 19710 367555 36757 45% 22 14595 888 18%
c B 49.47 29 75 49 20585 378052 46758 45% 22 14595 888 18%
c - 50.21 29 74 50 20922 382555 38629 45% 22 14595 888 18%
c - 53.28 29 74 51 22658 397855 40018 45% 22 14595 888 18%
c W 54.95 29 74 51 23529 406053 47852 45% 22 14595 888 18%
c - 56.55 29 74 52 24306 413457 41161 45% 22 14595 888 18%
c - 59.44 29 74 53 25755 429357 42477 45% 22 14595 888 18%
c F 60.38 29 74 53 26291 435054 47966 45% 23 14595 888 18%
c - 62.57 34 74 54 27218 445558 43717 46% 23 14595 888 18%
c - 66.07 29 74 55 29030 462059 44953 46% 23 14595 888 18%
c B 66.51 29 74 55 29261 465056 47813 46% 23 14595 888 18%
c - 69.66 34 74 56 30725 478859 46187 46% 23 14595 888 18%
c - 73.28 29 74 57 32411 495959 47468 46% 23 14595 888 18%
c W 73.52 29 74 57 32418 496057 47563 46% 23 14595 888 18%
c } 76.16 29 73 57 33407 511009 61911 46% 23 14595 888 18%
c [ 76.16 29 72 57 33407 511009 61911 52% 41 14595 888 18%
c 
c  seconds  reductions        redundant   irredundant
c         MB      restarts           trail      variables
c          level       conflicts         glue       remaining
c 
c - 76.40 24 72 58 33407 513359 48186 52% 40 14595 888 18%
c W 78.48 24 72 58 33407 528060 62600 52% 39 14595 888 18%
c - 78.98 25 72 59 33407 531060 47285 52% 39 14595 888 18%
c - 81.89 25 71 60 33414 549060 43725 53% 38 14595 888 18%
c I 83.83 25 71 60 33421 561061 55223 54% 38 14595 888 18%
c - 84.59 25 70 61 33422 567363 43252 54% 38 14595 888 18%
c - 87.08 25 69 62 33431 585963 43192 54% 37 14595 888 18%
c B 88.36 25 68 62 33436 595062 51839 54% 37 14595 888 18%
c - 89.96 31 67 63 33437 604865 43195 53% 37 14595 888 18%
c - 92.50 31 66 64 33440 624066 43921 53% 36 14595 888 18%
c W 93.61 31 66 64 33444 630063 49645 53% 36 14595 888 18%
c - 95.65 38 65 65 33452 643567 44763 53% 36 14595 888 18%
c - 99.02 38 63 66 33459 663367 44987 53% 36 14595 888 18%
c s 99.15 38 63 66 33459 663367 44604 53% 36 14593 888 18%
c w 99.37 38 63 66 33459 663367 44592 53% 36 14593 888 18%
c s 99.50 38 63 66 33459 663367 44437 53% 36 14593 888 18%
c ^ 99.51 38 63 66 33459 663367 44437 53% 36 14593 888 18%
c O 99.90 38 63 66 33460 666064 46973 53% 36 14593 888 18%
c - 102.93 31 66 67 33468 683468 44898 53% 38 14593 888 18%
c B 106.81 31 67 67 33469 703067 62888 54% 40 14593 888 18%
c 
c  seconds   reductions        redundant   irredundant
c          MB      restarts           trail      variables
c           level       conflicts         glue       remaining
c 
c - 106.95 38 67 68 33469 703869 45434 54% 40 14593 888 18%
c - 110.02 31 66 69 33470 724569 45781 54% 40 14593 888 18%
c s 110.68 31 66 69 33470 727987 48938 54% 40 14593 888 18%
c w 110.82 31 66 69 33470 727987 48933 54% 40 14593 888 18%
c e 110.85 31 66 69 33470 727987 47552 54% 40 14669 882 18%
c s 110.96 31 66 69 33470 727987 47534 54% 40 14667 882 18%
c W 113.34 31 65 69 33471 741068 60272 54% 39 14667 882 18%
c - 114.14 38 64 70 33471 745570 46274 54% 39 14667 882 18%
c - 117.65 31 63 71 33471 766875 47434 54% 38 14667 882 18%
c I 119.56 31 62 71 33471 780071 60106 54% 38 14667 882 18%
c - 120.64 33 61 72 33471 788475 48279 54% 37 14667 882 18%
c - 123.75 26 58 73 33477 810377 49114 53% 34 14667 882 18%
c B 124.95 26 57 73 33481 820073 58473 53% 34 14667 882 18%
c - 126.86 26 58 74 33486 832577 49637 53% 34 14667 882 18%
c - 130.91 34 58 75 33498 855077 49156 53% 36 14667 882 18%
c W 132.28 34 58 75 33500 861074 54614 53% 36 14667 882 18%
c - 135.04 26 58 76 33502 877881 49306 53% 36 14667 882 18%
c - 139.13 27 58 77 33512 900982 50472 53% 37 14667 882 18%
c O 139.49 27 58 77 33513 903076 52397 53% 37 14667 882 18%
c - 142.82 27 61 78 33521 924382 51268 53% 38 14667 882 18%
c 
c  seconds   reductions        redundant   irredundant
c          MB      restarts           trail      variables
c           level       conflicts         glue       remaining
c 
c B 146.88 27 63 78 33532 946078 71499 52% 39 14667 882 18%
c - 147.23 27 63 79 33532 948083 51824 52% 39 14667 882 18%
c - 151.07 35 62 80 33534 972083 52068 52% 39 14667 882 18%
c W 154.72 35 62 80 33534 990079 69088 52% 38 14667 882 18%
c - 155.59 27 61 81 33534 996384 53730 52% 37 14667 882 18%
c - 158.76 27 60 82 33547 1020984 53967 53% 35 14667 882 18%
c ] 159.07 27 60 82 33548 1023010 55926 53% 35 14667 882 18%
c { 159.07 27 73 82 33548 1023010 55926 46% 23 14667 882 18%
c # 161.99 27 74 82 34495 1035082 67565 46% 23 14667 882 18%
c - 165.27 38 73 83 35415 1045884 57368 46% 24 14667 882 18%
c - 171.94 39 73 84 37524 1071085 60253 46% 24 14667 882 18%
c B 174.42 39 73 84 38438 1081083 69827 46% 24 14667 882 18%
c - 178.47 39 73 85 39608 1096585 62602 46% 24 14667 882 18%
c s 178.79 39 73 85 39608 1096585 62255 46% 24 14667 882 18%
c v 178.85 39 73 85 39608 1096585 62255 46% 24 14603 882 18%
c w 179.26 39 73 85 39608 1096585 62235 46% 24 14603 882 18%
c s 179.61 39 73 85 39608 1096585 62101 46% 24 14603 882 18%
c - 186.51 39 73 86 41662 1122385 65602 46% 24 14603 882 18%
c W 188.26 39 73 86 42008 1128084 71079 46% 24 14603 882 18%
c - 194.64 39 73 87 43696 1148485 67255 46% 24 14603 882 18%
c 
c  seconds   reductions         redundant   irredundant
c          MB      restarts            trail      variables
c           level        conflicts         glue       remaining
c 
c - 202.85 47 73 88 46082 1174885 68983 46% 24 14603 882 18%
c F 203.24 47 73 88 46226 1176086 70149 46% 24 14603 882 18%
c - 210.74 47 72 89 48144 1201588 70503 46% 24 14603 882 18%
c B 217.65 47 72 89 50056 1225087 93208 47% 24 14603 882 18%
c - 218.57 47 72 90 50224 1228588 72212 46% 24 14603 882 18%
c - 226.02 54 72 91 52070 1255888 73607 46% 24 14603 882 18%
c W 232.23 54 72 91 53769 1275090 92076 46% 25 14603 882 18%
c - 235.33 54 72 92 54581 1283488 75494 46% 25 14603 882 18%
c - 243.69 54 72 93 56819 1311388 77145 46% 25 14603 882 18%
c # 247.34 54 72 93 57816 1326092 91317 46% 25 14603 882 18%
c - 251.94 56 72 94 58985 1339590 78798 46% 25 14603 882 18%
c - 260.71 56 72 95 61171 1368092 80351 46% 25 14603 882 18%
c B 262.84 56 71 95 61593 1378093 89988 46% 25 14603 882 18%
c - 269.96 56 72 96 63341 1396894 81825 47% 25 14603 882 18%
c - 278.75 40 72 97 65487 1425995 83439 46% 25 14603 882 18%
c W 280.38 40 72 97 65703 1431094 88361 46% 25 14603 882 18%
c - 295.21 40 72 98 67552 1455395 84871 47% 25 14603 882 18%
c - 312.26 40 72 99 69393 1485096 85991 46% 25 14603 882 18%
c F 312.27 40 72 99 69393 1485097 85992 46% 25 14603 882 18%
c - 332.62 40 72 100 71990 1515097 87548 46% 26 14603 882 18%
c 
c  seconds    reductions         redundant   irredundant
c          MB       restarts            trail      variables
c           level         conflicts         glue       remaining
c 
c s 334.09 41 72 100 71990 1515097 86710 46% 26 14603 882 18%
c w 335.43 41 72 100 71990 1515097 86672 46% 26 14603 882 18%
c B 352.54 41 72 100 73894 1540098 110773 46% 26 14603 882 18%
c - 356.57 41 72 101 74255 1545398 88912 46% 26 14603 882 18%
c - 376.53 41 72 102 76389 1575998 89800 46% 26 14603 882 18%
c W 391.47 41 71 102 77987 1596103 109205 46% 26 14603 882 18%
c - 400.19 42 71 103 78853 1606901 91120 47% 26 14603 882 18%
c - 424.14 42 71 104 81453 1638102 92531 47% 26 14603 882 18%
c # 433.70 42 71 104 82568 1653107 106995 47% 26 14603 882 18%
c - 445.68 42 71 105 83681 1669603 93574 47% 26 14603 882 18%
c - 468.31 42 71 106 85867 1701404 94926 47% 26 14603 882 18%
c B 474.51 42 71 106 86556 1711111 104284 47% 26 14603 882 18%
c - 490.08 42 70 107 88043 1733504 96258 47% 26 14603 882 18%
c - 514.00 43 71 108 90440 1765904 97810 47% 26 14603 882 18%
c W 518.08 43 71 108 90796 1770113 101869 47% 26 14603 882 18%
c - 537.27 43 70 109 92538 1798606 99096 47% 26 14603 882 18%
c F 560.90 43 71 109 94793 1830115 129507 47% 26 14603 882 18%
c - 562.46 44 71 110 94924 1831607 100485 47% 26 14603 882 18%
c - 586.93 44 71 111 97203 1864907 101697 47% 26 14603 882 18%
c B 606.20 44 71 111 99060 1891117 127040 47% 26 14603 882 18%
c 
c  seconds    reductions         redundant    irredundant
c          MB       restarts             trail      variables
c           level         conflicts          glue       remaining
c 
c - 614.58 45 71 112 99862 1898507 103389 47% 26 14603 882 18%
c - 640.85 46 71 113 102559 1932407 105098 47% 27 14603 882 18%
c W 652.47 46 71 113 103974 1953120 125101 47% 26 14603 882 18%
c - 661.10 47 71 114 104997 1966611 106194 47% 27 14603 882 18%
c s 662.07 47 71 114 104997 1966611 105167 47% 27 14603 882 18%
c w 663.07 47 71 114 104997 1966611 105128 47% 27 14603 882 18%
c - 683.37 47 71 115 107521 2001111 107299 47% 27 14603 882 18%
c # 691.08 47 71 115 108599 2016121 121832 47% 27 14603 882 18%
c - 705.28 47 71 116 110004 2035911 108332 47% 27 14603 882 18%
c } 713.04 47 71 116 110743 2047010 119066 47% 27 14603 882 18%
c [ 713.04 47 60 116 110743 2047010 119066 53% 35 14603 882 18%
c - 721.93 48 61 117 110751 2071012 107252 52% 35 14603 882 18%
c I 725.09 48 61 117 110758 2080122 116047 52% 34 14603 882 18%
c - 732.29 50 59 118 110760 2106412 101266 52% 33 14603 882 18%
c ] 733.12 50 59 118 110762 2110323 105091 52% 33 14603 882 18%
c 1 733.12 50 59 118 110762 2110323 105091 52% 33 14603 882 18%
c 
c --- [ result ] -------------------------------------------------------------
c 
s SATISFIABLE
v 1 -2 3 -4 5 -6 -7 -8 -9 -10 11 12 -13 -14 -15 16 -17 -18 19 20 -21 22 -23
v -24 25 26 -27 -28 -29 -30 -31 32 -33 34 35 36 37 38 39 -40 -41 -42 43 44 45
v -46 47 48 49 50 -51 52 -53 -54 55 -56 -57 -58 -59 60 -61 -62 63 -64 -65 66
v 67 -68 -69 -70 -71 -72 -73 -74 75 76 -77 78 79 80 81 82 -83 -84 85 86 87 88
v 89 90 -91 92 93 94 95 96 -97 98 -99 100 101 -102 103 -104 -105 -106 107 108
v 109 110 111 -112 -113 -114 -115 -116 117 -118 119 -120 -121 122 123 -124
v -125 126 -127 128 129 -130 -131 -132 133 134 -135 -136 137 -138 -139 140
v -141 142 143 -144 145 146 147 -148 149 150 -151 152 -153 -154 155 156 -157
v 158 -159 -160 161 162 -163 -164 -165 166 167 168 -169 -170 -171 172 -173
v -174 -175 176 -177 -178 179 180 181 182 -183 184 185 -186 -187 188 189 190
v 191 192 -193 194 195 196 -197 198 -199 200 201 -202 -203 204 -205 -206 -207
v -208 209 -210 211 212 213 -214 -215 216 217 -218 -219 -220 221 -222 -223
v -224 225 226 -227 -228 -229 230 231 232 -233 -234 -235 236 -237 -238 -239
v 240 -241 -242 243 244 245 246 -247 248 249 -250 -251 252 -253 254 -255 256
v 257 -258 -259 -260 -261 -262 -263 -264 -265 -266 -267 268 269 270 271 -272
v 273 -274 -275 -276 277 -278 279 -280 281 -282 -283 284 285 286 -287 288 -289
v 290 -291 292 293 294 295 296 -297 298 299 -300 301 302 -303 304 305 -306 307
v 308 -309 310 -311 312 -313 314 315 -316 -317 318 -319 320 321 322 -323 324
v 325 326 -327 -328 329 330 331 -332 -333 -334 335 336 337 338 -339 340 341
v -342 -343 -344 345 -346 -347 348 349 -350 351 352 -353 -354 -355 356 -357
v -358 359 -360 -361 362 363 -364 365 366 -367 368 369 -370 371 372 -373 374
v -375 376 -377 378 379 -380 -381 382 -383 384 -385 -386 -387 -388 -389 -390
v -391 -392 -393 -394 -395 -396 -397 -398 -399 -400 -401 -402 -403 -404 -405
v -406 -407 -408 -409 -410 -411 -412 -413 -414 -415 -416 -417 -418 -419 -420
v -421 -422 -423 -424 -425 -426 -427 -428 -429 -430 -431 -432 -433 -434 -435
v -436 -437 -438 -439 -440 -441 -442 -443 -444 -445 -446 -447 -448 -449 -450
v -451 -452 -453 -454 -455 -456 -457 -458 -459 -460 -461 -462 -463 -464 -465
v -466 -467 -468 -469 -470 -471 -472 -473 -474 -475 -476 -477 -478 -479 -480
v -481 -482 -483 -484 -485 -486 -487 -488 -489 -490 -491 -492 -493 -494 -495
v -496 -497 -498 -499 -500 -501 -502 -503 -504 -505 -506 -507 -508 -509 -510
v -511 -512 -513 -514 -515 -516 -517 -518 -519 -520 -521 -522 -523 -524 -525
v -526 -527 -528 -529 -530 -531 -532 -533 -534 -535 -536 -537 -538 -539 -540
v -541 -542 -543 -544 -545 -546 547 -548 -549 -550 -551 -552 -553 -554 -555
v 556 -557 -558 -559 -560 -561 562 -563 564 -565 566 567 -568 -569 -570 571
v -572 -573 574 -575 -576 -577 -578 -579 -580 -581 -582 -583 -584 -585 -586
v -587 -588 -589 -590 -591 -592 -593 -594 -595 -596 -597 -598 -599 -600 -601
v -602 -603 -604 -605 -606 -607 -608 -609 -610 611 -612 -613 -614 -615 -616
v -617 -618 -619 620 -621 -622 -623 -624 -625 626 -627 628 -629 630 631 -632
v -633 -634 635 -636 -637 638 -639 -640 -641 -642 -643 -644 -645 -646 -647
v -648 -649 -650 -651 -652 -653 -654 -655 -656 -657 -658 -659 -660 -661 -662
v -663 -664 -665 -666 -667 -668 -669 -670 -671 -672 -673 -674 675 676 -677
v -678 -679 -680 -681 -682 -683 684 685 -686 -687 -688 -689 690 691 692 -693
v 694 695 696 -697 -698 699 -700 -701 702 -703 -704 -705 -706 -707 -708 -709
v -710 -711 -712 -713 -714 -715 -716 -717 -718 -719 -720 -721 -722 -723 -724
v -725 -726 -727 -728 -729 -730 -731 -732 -733 -734 -735 -736 -737 -738 739
v 740 -741 -742 -743 -744 -745 -746 -747 748 749 -750 -751 -752 -753 754 755
v 756 -757 758 759 760 -761 -762 763 -764 -765 766 -767 -768 769 -770 -771
v -772 773 -774 -775 776 -777 778 779 -780 781 -782 -783 -784 785 -786 -787
v 788 -789 -790 -791 792 793 -794 -795 -796 -797 -798 -799 800 -801 -802 -803
v 804 805 -806 -807 -808 -809 810 -811 812 813 -814 -815 -816 -817 818 -819
v -820 821 -822 -823 824 825 826 -827 -828 829 830 831 832 833 834 -835 836
v 837 -838 -839 840 841 842 -843 -844 845 846 847 -848 -849 850 851 852 853
v 854 -855 856 857 858 859 860 861 -862 -863 -864 -865 -866 -867 868 869 -870
v -871 -872 -873 874 -875 876 877 -878 -879 -880 -881 882 -883 -884 885 -886
v -887 888 889 890 -891 -892 893 894 895 896 897 898 899 900 -901 -902 903 904
v 905 906 907 -908 909 910 -911 912 913 914 915 -916 917 918 919 920 -921 -922
v -923 -924 -925 -926 -927 -928 929 930 -931 -932 933 -934 935 936 937 938
v -939 -940 941 942 943 -944 -945 946 -947 -948 -949 -950 -951 952 -953 954
v -955 956 957 958 959 960 961 -962 -963 -964 965 966 -967 -968 -969 -970 -971
v -972 -973 -974 975 -976 977 978 979 980 981 -982 -983 -984 985 986 -987 -988
v -989 -990 -991 992 993 994 995 -996 997 -998 999 1000 1001 1002 -1003 1004
v 1005 1006 1007 -1008 -1009 -1010 -1011 1012 -1013 1014 1015 1016 -1017 1018
v 1019 1020 1021 -1022 1023 1024 -1025 1026 -1027 1028 -1029 -1030 -1031 1032
v -1033 -1034 1035 1036 1037 -1038 1039 -1040 -1041 -1042 -1043 -1044 -1045
v 1046 1047 -1048 -1049 1050 1051 -1052 -1053 -1054 1055 1056 -1057 -1058
v -1059 -1060 -1061 1062 1063 1064 1065 -1066 1067 1068 1069 1070 -1071 -1072
v 1073 -1074 1075 -1076 1077 -1078 -1079 -1080 1081 1082 -1083 -1084 1085 1086
v -1087 1088 -1089 1090 1091 -1092 1093 -1094 -1095 -1096 1097 -1098 1099 1100
v -1101 1102 1103 -1104 1105 -1106 -1107 -1108 -1109 -1110 -1111 1112 -1113
v -1114 1115 -1116 1117 -1118 1119 1120 -1121 -1122 1123 1124 -1125 1126 1127
v 1128 1129 -1130 1131 -1132 -1133 1134 -1135 -1136 1137 1138 -1139 1140 1141
v 1142 1143 1144 1145 1146 1147 -1148 1149 -1150 -1151 1152 -1153 -1154 -1155
v -1156 -1157 -1158 -1159 -1160 -1161 -1162 -1163 -1164 -1165 -1166 -1167
v -1168 -1169 -1170 -1171 -1172 -1173 -1174 -1175 -1176 -1177 -1178 -1179
v -1180 -1181 -1182 -1183 -1184 -1185 -1186 1187 -1188 -1189 -1190 -1191 -1192
v -1193 -1194 -1195 -1196 1197 -1198 -1199 -1200 -1201 1202 1203 1204 1205
v 1206 1207 -1208 -1209 -1210 -1211 -1212 1213 1214 1215 -1216 -1217 -1218
v -1219 -1220 -1221 -1222 -1223 -1224 -1225 -1226 -1227 -1228 -1229 -1230
v -1231 -1232 -1233 -1234 -1235 -1236 -1237 -1238 -1239 -1240 -1241 -1242
v -1243 -1244 -1245 -1246 -1247 -1248 -1249 -1250 1251 -1252 -1253 -1254 -1255
v -1256 -1257 -1258 -1259 -1260 1261 -1262 -1263 -1264 -1265 1266 1267 1268
v 1269 1270 1271 -1272 -1273 -1274 -1275 -1276 1277 1278 1279 -1280 -1281
v -1282 -1283 -1284 -1285 -1286 -1287 -1288 -1289 -1290 -1291 -1292 -1293
v -1294 -1295 -1296 -1297 -1298 -1299 -1300 -1301 -1302 -1303 -1304 -1305
v -1306 -1307 -1308 -1309 -1310 -1311 -1312 -1313 -1314 -1315 -1316 -1317
v -1318 1319 -1320 -1321 -1322 -1323 1324 1325 -1326 -1327 -1328 -1329 -1330
v -1331 1332 -1333 -1334 -1335 -1336 -1337 -1338 1339 1340 1341 -1342 -1343
v 1344 -1345 -1346 -1347 -1348 -1349 -1350 -1351 -1352 -1353 -1354 -1355 -1356
v -1357 -1358 -1359 -1360 -1361 -1362 -1363 -1364 -1365 -1366 -1367 -1368
v -1369 -1370 -1371 -1372 -1373 -1374 -1375 -1376 -1377 -1378 -1379 -1380
v -1381 -1382 1383 -1384 -1385 -1386 -1387 1388 1389 -1390 -1391 -1392 -1393
v -1394 -1395 1396 -1397 -1398 -1399 -1400 -1401 -1402 1403 1404 1405 -1406
v -1407 1408 -1409 -1410 -1411 -1412 -1413 -1414 -1415 -1416 -1417 -1418 -1419
v -1420 -1421 -1422 -1423 -1424 -1425 -1426 -1427 -1428 -1429 -1430 -1431
v -1432 -1433 -1434 -1435 -1436 -1437 -1438 -1439 -1440 -1441 -1442 -1443 1444
v -1445 1446 -1447 -1448 1449 -1450 -1451 -1452 1453 1454 -1455 -1456 -1457
v -1458 1459 -1460 -1461 -1462 -1463 -1464 -1465 1466 -1467 1468 -1469 -1470
v -1471 -1472 -1473 -1474 -1475 -1476 -1477 -1478 -1479 -1480 -1481 -1482
v -1483 -1484 -1485 -1486 -1487 -1488 -1489 -1490 -1491 -1492 -1493 -1494
v -1495 -1496 -1497 -1498 -1499 -1500 -1501 -1502 -1503 -1504 -1505 -1506
v -1507 1508 -1509 1510 -1511 -1512 1513 -1514 -1515 -1516 1517 1518 -1519
v -1520 -1521 -1522 1523 -1524 -1525 -1526 -1527 -1528 -1529 1530 -1531 1532
v -1533 -1534 -1535 -1536 1537 1538 -1539 1540 -1541 -1542 -1543 1544 -1545
v 1546 -1547 -1548 -1549 -1550 -1551 1552 1553 1554 -1555 -1556 -1557 -1558
v -1559 -1560 1561 -1562 -1563 -1564 -1565 1566 -1567 -1568 1569 -1570 1571
v -1572 1573 -1574 -1575 1576 -1577 1578 -1579 1580 -1581 -1582 -1583 1584
v -1585 1586 1587 1588 -1589 1590 1591 1592 -1593 -1594 -1595 -1596 1597 1598
v -1599 1600 -1601 -1602 -1603 -1604 -1605 -1606 -1607 -1608 -1609 1610 1611
v 1612 1613 -1614 -1615 -1616 -1617 -1618 -1619 -1620 -1621 -1622 -1623 -1624
v -1625 1626 -1627 1628 1629 1630 -1631 -1632 1633 -1634 -1635 -1636 1637
v -1638 -1639 1640 -1641 1642 -1643 1644 1645 -1646 -1647 1648 -1649 -1650
v -1651 -1652 1653 -1654 -1655 1656 -1657 -1658 -1659 -1660 -1661 -1662 1663
v 1664 1665 1666 -1667 1668 -1669 1670 -1671 -1672 -1673 -1674 1675 1676 -1677
v 1678 -1679 1680 1681 -1682 1683 1684 -1685 1686 -1687 -1688 1689 -1690 -1691
v -1692 1693 -1694 1695 1696 1697 1698 -1699 1700 1701 -1702 -1703 -1704 -1705
v 1706 -1707 1708 -1709 -1710 1711 -1712 1713 1714 -1715 1716 1717 1718 1719
v 1720 1721 1722 -1723 1724 -1725 1726 1727 -1728 1729 1730 -1731 1732 1733
v -1734 -1735 1736 1737 1738 -1739 -1740 -1741 1742 -1743 -1744 -1745 -1746
v -1747 -1748 -1749 1750 -1751 1752 -1753 1754 -1755 1756 1757 -1758 -1759
v -1760 1761 1762 -1763 1764 1765 -1766 1767 -1768 -1769 1770 -1771 -1772 1773
v -1774 1775 -1776 1777 1778 -1779 -1780 1781 1782 1783 1784 1785 1786 1787
v -1788 1789 1790 1791 1792 -1793 1794 -1795 -1796 -1797 -1798 -1799 -1800
v -1801 -1802 -1803 -1804 -1805 -1806 1807 -1808 1809 -1810 -1811 -1812 -1813
v -1814 1815 1816 -1817 -1818 1819 -1820 -1821 -1822 -1823 -1824 -1825 1826
v -1827 1828 1829 -1830 1831 -1832 -1833 1834 1835 1836 1837 1838 1839 -1840
v 1841 -1842 1843 1844 -1845 -1846 1847 1848 -1849 1850 1851 1852 1853 1854
v 1855 -1856 1857 1858 1859 -1860 -1861 -1862 1863 -1864 -1865 -1866 -1867
v -1868 -1869 1870 1871 1872 -1873 -1874 1875 1876 1877 -1878 -1879 -1880
v -1881 -1882 -1883 -1884 -1885 1886 1887 -1888 -1889 1890 -1891 -1892 1893
v 1894 1895 -1896 1897 1898 1899 1900 -1901 -1902 1903 -1904 1905 -1906 -1907
v 1908 -1909 -1910 1911 1912 -1913 -1914 1915 -1916 1917 1918 1919 -1920 -1921
v -1922 -1923 -1924 -1925 -1926 -1927 -1928 -1929 -1930 -1931 -1932 -1933
v -1934 -1935 -1936 -1937 -1938 -1939 -1940 -1941 -1942 -1943 -1944 -1945
v -1946 -1947 -1948 -1949 -1950 -1951 -1952 -1953 -1954 -1955 -1956 1957 -1958
v 1959 -1960 -1961 -1962 -1963 -1964 -1965 -1966 -1967 -1968 1969 -1970 -1971
v -1972 1973 1974 -1975 1976 -1977 1978 -1979 1980 1981 1982 -1983 1984 -1985
v -1986 -1987 -1988 -1989 -1990 -1991 -1992 -1993 -1994 -1995 -1996 -1997
v -1998 -1999 -2000 -2001 -2002 -2003 -2004 -2005 -2006 -2007 -2008 -2009
v -2010 -2011 -2012 -2013 -2014 -2015 -2016 -2017 -2018 -2019 -2020 2021 -2022
v 2023 -2024 -2025 -2026 -2027 -2028 -2029 -2030 -2031 -2032 2033 -2034 -2035
v -2036 2037 2038 -2039 2040 -2041 2042 -2043 2044 2045 2046 -2047 2048 -2049
v -2050 -2051 -2052 -2053 -2054 -2055 -2056 -2057 -2058 -2059 -2060 -2061
v -2062 -2063 -2064 -2065 -2066 -2067 -2068 -2069 -2070 -2071 -2072 -2073
v -2074 -2075 -2076 -2077 -2078 -2079 -2080 -2081 -2082 -2083 2084 -2085 2086
v 2087 -2088 2089 -2090 2091 2092 2093 2094 -2095 2096 -2097 -2098 -2099 2100
v -2101 2102 -2103 -2104 -2105 -2106 -2107 -2108 -2109 -2110 -2111 -2112 -2113
v -2114 -2115 -2116 -2117 -2118 -2119 -2120 -2121 -2122 -2123 -2124 -2125
v -2126 -2127 -2128 -2129 -2130 -2131 -2132 -2133 -2134 -2135 -2136 -2137
v -2138 -2139 -2140 -2141 -2142 -2143 -2144 -2145 -2146 -2147 2148 -2149 2150
v 2151 -2152 2153 -2154 2155 2156 2157 2158 -2159 2160 -2161 -2162 -2163 2164
v -2165 2166 -2167 -2168 -2169 -2170 -2171 -2172 -2173 -2174 -2175 -2176 -2177
v -2178 -2179 -2180 -2181 -2182 -2183 -2184 -2185 -2186 -2187 -2188 -2189
v -2190 -2191 -2192 -2193 -2194 -2195 -2196 -2197 -2198 -2199 -2200 -2201
v -2202 -2203 -2204 -2205 -2206 -2207 -2208 -2209 -2210 -2211 -2212 -2213
v -2214 -2215 2216 -2217 -2218 -2219 2220 2221 -2222 2223 2224 -2225 -2226
v -2227 2228 -2229 2230 2231 -2232 -2233 -2234 -2235 2236 2237 -2238 2239
v -2240 -2241 -2242 -2243 -2244 -2245 -2246 -2247 -2248 -2249 -2250 -2251
v -2252 -2253 -2254 -2255 -2256 -2257 -2258 -2259 -2260 -2261 -2262 -2263
v -2264 -2265 -2266 -2267 -2268 -2269 -2270 -2271 -2272 -2273 -2274 -2275
v -2276 -2277 -2278 -2279 2280 -2281 -2282 -2283 2284 2285 -2286 2287 2288
v -2289 -2290 -2291 2292 -2293 2294 2295 -2296 -2297 -2298 -2299 2300 2301
v -2302 2303 -2304 -2305 2306 -2307 -2308 2309 -2310 2311 2312 -2313 2314 2315
v -2316 2317 -2318 2319 2320 2321 2322 -2323 2324 -2325 -2326 2327 -2328 -2329
v -2330 -2331 -2332 -2333 2334 -2335 -2336 2337 -2338 2339 2340 -2341 -2342
v 2343 2344 -2345 -2346 2347 2348 2349 2350 2351 -2352 2353 -2354 -2355 2356
v -2357 2358 2359 -2360 -2361 2362 2363 -2364 2365 -2366 -2367 2368 -2369
v -2370 -2371 -2372 2373 2374 -2375 2376 2377 2378 -2379 2380 -2381 -2382
v -2383 -2384 2385 -2386 -2387 2388 2389 -2390 -2391 2392 2393 2394 2395 -2396
v -2397 -2398 -2399 -2400 2401 -2402 2403 2404 2405 -2406 -2407 2408 -2409
v -2410 2411 2412 2413 2414 2415 -2416 -2417 -2418 -2419 2420 2421 -2422 2423
v 2424 -2425 -2426 2427 2428 -2429 2430 -2431 -2432 -2433 -2434 2435 -2436
v -2437 2438 -2439 -2440 2441 2442 -2443 -2444 2445 -2446 2447 2448 2449 2450
v -2451 2452 2453 2454 -2455 2456 2457 2458 2459 2460 -2461 -2462 2463 2464
v 2465 -2466 -2467 2468 -2469 2470 2471 2472 2473 -2474 2475 -2476 -2477 2478
v -2479 -2480 2481 2482 2483 2484 2485 -2486 2487 2488 -2489 -2490 2491 2492
v 2493 -2494 -2495 2496 2497 -2498 2499 -2500 2501 -2502 -2503 2504 -2505 2506
v 2507 -2508 2509 2510 2511 2512 -2513 -2514 -2515 -2516 -2517 -2518 -2519
v -2520 -2521 -2522 -2523 -2524 -2525 -2526 -2527 2528 2529 -2530 -2531 -2532
v -2533 -2534 -2535 2536 -2537 -2538 -2539 2540 2541 -2542 -2543 2544 2545
v 2546 2547 -2548 2549 2550 2551 2552 -2553 -2554 2555 2556 2557 -2558 -2559
v 2560 -2561 2562 2563 2564 -2565 -2566 -2567 2568 2569 2570 -2571 -2572 -2573
v -2574 -2575 2576 -2577 2578 -2579 -2580 -2581 2582 -2583 2584 2585 2586
v -2587 -2588 -2589 -2590 -2591 2592 -2593 2594 2595 -2596 2597 2598 2599
v -2600 2601 2602 -2603 2604 -2605 -2606 2607 2608 -2609 2610 -2611 2612 2613
v 2614 -2615 -2616 -2617 2618 -2619 -2620 2621 2622 -2623 2624 -2625 -2626
v 2627 -2628 -2629 -2630 -2631 2632 -2633 -2634 -2635 -2636 -2637 -2638 2639
v -2640 2641 2642 -2643 -2644 2645 -2646 -2647 -2648 -2649 -2650 -2651 -2652
v -2653 -2654 2655 2656 -2657 2658 2659 -2660 2661 2662 2663 2664 2665 2666
v -2667 -2668 2669 -2670 -2671 -2672 -2673 2674 -2675 -2676 2677 -2678 2679
v -2680 -2681 2682 -2683 2684 -2685 2686 2687 2688 -2689 -2690 -2691 -2692
v -2693 -2694 -2695 -2696 -2697 -2698 -2699 -2700 -2701 -2702 -2703 -2704
v -2705 -2706 -2707 -2708 -2709 -2710 -2711 -2712 -2713 -2714 -2715 -2716
v -2717 -2718 -2719 -2720 -2721 -2722 -2723 -2724 -2725 -2726 -2727 2728 -2729
v -2730 -2731 -2732 -2733 -2734 -2735 -2736 -2737 -2738 -2739 -2740 -2741
v -2742 -2743 -2744 -2745 -2746 -2747 -2748 -2749 -2750 -2751 -2752 -2753
v -2754 -2755 -2756 -2757 -2758 -2759 -2760 -2761 -2762 -2763 -2764 -2765
v -2766 -2767 -2768 -2769 -2770 -2771 -2772 -2773 -2774 -2775 -2776 -2777
v -2778 -2779 -2780 -2781 -2782 -2783 -2784 -2785 -2786 -2787 -2788 -2789
v -2790 -2791 2792 -2793 -2794 -2795 -2796 -2797 -2798 -2799 -2800 -2801 -2802
v -2803 -2804 -2805 -2806 -2807 -2808 -2809 -2810 -2811 -2812 -2813 -2814
v -2815 -2816 -2817 -2818 -2819 -2820 -2821 -2822 -2823 -2824 -2825 -2826
v -2827 -2828 -2829 -2830 -2831 -2832 -2833 -2834 -2835 -2836 -2837 -2838
v -2839 -2840 -2841 -2842 -2843 -2844 -2845 -2846 -2847 -2848 -2849 -2850
v -2851 -2852 -2853 -2854 -2855 -2856 -2857 -2858 -2859 -2860 -2861 -2862
v -2863 -2864 -2865 -2866 -2867 -2868 -2869 -2870 2871 -2872 -2873 -2874 -2875
v -2876 -2877 -2878 -2879 -2880 -2881 -2882 -2883 -2884 -2885 -2886 -2887
v -2888 -2889 -2890 -2891 -2892 -2893 -2894 -2895 -2896 -2897 -2898 -2899
v -2900 -2901 -2902 -2903 -2904 -2905 -2906 -2907 -2908 -2909 -2910 -2911
v -2912 -2913 -2914 -2915 -2916 -2917 -2918 -2919 -2920 -2921 -2922 -2923
v -2924 -2925 -2926 -2927 -2928 -2929 -2930 -2931 -2932 -2933 -2934 2935 -2936
v -2937 -2938 -2939 -2940 -2941 -2942 -2943 -2944 -2945 -2946 -2947 -2948
v -2949 -2950 -2951 -2952 -2953 -2954 -2955 -2956 -2957 -2958 -2959 -2960
v -2961 -2962 -2963 -2964 -2965 -2966 -2967 -2968 -2969 -2970 -2971 -2972
v -2973 -2974 -2975 -2976 -2977 -2978 -2979 -2980 -2981 -2982 -2983 -2984
v -2985 -2986 -2987 -2988 -2989 -2990 -2991 -2992 -2993 -2994 -2995 -2996
v -2997 -2998 -2999 -3000 -3001 -3002 -3003 -3004 -3005 -3006 -3007 3008 -3009
v -3010 -3011 -3012 -3013 -3014 -3015 -3016 -3017 -3018 -3019 -3020 -3021
v -3022 -3023 -3024 -3025 -3026 -3027 -3028 -3029 -3030 -3031 -3032 -3033
v -3034 -3035 -3036 -3037 -3038 -3039 -3040 -3041 -3042 -3043 -3044 -3045
v -3046 -3047 -3048 -3049 -3050 -3051 -3052 -3053 -3054 -3055 -3056 -3057
v -3058 -3059 -3060 -3061 -3062 -3063 -3064 -3065 -3066 -3067 -3068 -3069
v -3070 -3071 3072 3073 -3074 -3075 -3076 -3077 3078 -3079 3080 -3081 3082
v 3083 -3084 -3085 -3086 -3087 3088 -3089 3090 3091 -3092 -3093 -3094 -3095
v -3096 3097 -3098 3099 -3100 -3101 3102 3103 -3104 3105 3106 3107 3108 -3109
v -3110 -3111 3112 3113 -3114 -3115 -3116 3117 -3118 -3119 -3120 3121 3122
v -3123 -3124 -3125 3126 3127 -3128 -3129 -3130 3131 3132 -3133 3134 3135
v -3136 -3137 -3138 3139 -3140 -3141 -3142 -3143 3144 3145 3146 -3147 -3148
v -3149 3150 -3151 -3152 -3153 3154 3155 -3156 3157 -3158 3159 3160 3161 -3162
v -3163 -3164 -3165 -3166 3167 3168 3169 3170 3171 3172 -3173 -3174 -3175
v -3176 3177 -3178 -3179 -3180 3181 -3182 -3183 -3184 3185 3186 -3187 -3188
v -3189 3190 3191 -3192 -3193 -3194 3195 3196 -3197 3198 3199 -3200 3201 -3202
v 3203 -3204 3205 3206 3207 3208 3209 -3210 3211 -3212 3213 -3214 -3215 3216
v 3217 3218 -3219 -3220 -3221 -3222 3223 3224 -3225 3226 -3227 -3228 -3229
v -3230 -3231 -3232 3233 -3234 -3235 3236 3237 3238 -3239 3240 -3241 -3242
v 3243 3244 -3245 3246 3247 -3248 -3249 -3250 -3251 -3252 -3253 3254 -3255
v 3256 -3257 -3258 3259 3260 -3261 -3262 -3263 3264 3265 -3266 3267 -3268 3269
v -3270 -3271 -3272 3273 -3274 -3275 -3276 -3277 -3278 -3279 -3280 3281 -3282
v 3283 -3284 -3285 -3286 3287 3288 3289 -3290 -3291 -3292 3293 -3294 3295
v -3296 3297 -3298 -3299 3300 3301 3302 -3303 3304 -3305 -3306 3307 3308 -3309
v 3310 3311 -3312 -3313 -3314 -3315 -3316 -3317 3318 3319 3320 -3321 -3322
v 3323 3324 -3325 -3326 -3327 3328 -3329 3330 -3331 -3332 3333 3334 3335 3336
v -3337 3338 -3339 3340 -3341 -3342 3343 -3344 3345 -3346 3347 3348 -3349 3350
v 3351 3352 3353 3354 -3355 3356 3357 -3358 3359 3360 -3361 -3362 -3363 -3364
v 3365 -3366 3367 -3368 3369 3370 -3371 -3372 3373 3374 3375 3376 -3377 -3378
v -3379 3380 -3381 -3382 3383 3384 3385 -3386 -3387 -3388 -3389 3390 3391
v -3392 3393 3394 -3395 -3396 -3397 -3398 -3399 -3400 -3401 -3402 -3403 3404
v 3405 -3406 -3407 -3408 3409 -3410 3411 -3412 -3413 3414 -3415 -3416 -3417
v -3418 -3419 -3420 3421 3422 -3423 -3424 -3425 -3426 -3427 -3428 3429 -3430
v 3431 -3432 3433 3434 -3435 -3436 3437 3438 3439 3440 -3441 -3442 -3443 3444
v -3445 -3446 3447 3448 3449 -3450 -3451 -3452 -3453 3454 3455 3456 -3457
v -3458 -3459 -3460 -3461 -3462 -3463 -3464 -3465 -3466 -3467 -3468 -3469
v -3470 -3471 -3472 -3473 -3474 -3475 -3476 -3477 -3478 -3479 -3480 -3481
v -3482 -3483 -3484 -3485 -3486 -3487 -3488 -3489 -3490 -3491 -3492 -3493
v -3494 -3495 -3496 -3497 -3498 -3499 -3500 -3501 -3502 -3503 -3504 -3505
v -3506 -3507 -3508 -3509 -3510 -3511 -3512 -3513 -3514 -3515 -3516 -3517
v -3518 -3519 -3520 -3521 -3522 -3523 -3524 -3525 -3526 -3527 -3528 -3529
v -3530 -3531 -3532 -3533 -3534 -3535 -3536 -3537 -3538 -3539 -3540 -3541
v -3542 -3543 -3544 -3545 -3546 -3547 -3548 -3549 -3550 -3551 -3552 -3553
v -3554 -3555 -3556 -3557 -3558 -3559 -3560 -3561 -3562 -3563 -3564 -3565
v -3566 -3567 -3568 -3569 -3570 -3571 -3572 -3573 -3574 -3575 -3576 -3577
v -3578 -3579 -3580 -3581 -3582 -3583 -3584 -3585 -3586 -3587 -3588 -3589
v -3590 -3591 -3592 -3593 -3594 -3595 -3596 -3597 -3598 -3599 -3600 -3601
v -3602 -3603 -3604 -3605 -3606 -3607 -3608 -3609 -3610 -3611 -3612 -3613
v -3614 -3615 -3616 -3617 -3618 -3619 -3620 -3621 -3622 -3623 -3624 -3625
v -3626 -3627 -3628 -3629 -3630 -3631 -3632 -3633 -3634 -3635 -3636 -3637
v -3638 -3639 -3640 -3641 -3642 -3643 -3644 -3645 -3646 -3647 -3648 -3649
v -3650 -3651 -3652 -3653 -3654 -3655 -3656 -3657 -3658 -3659 -3660 -3661
v -3662 -3663 -3664 -3665 -3666 -3667 -3668 -3669 -3670 -3671 -3672 -3673
v -3674 -3675 -3676 -3677 -3678 -3679 -3680 -3681 -3682 -3683 -3684 -3685
v -3686 -3687 -3688 -3689 -3690 -3691 -3692 -3693 -3694 -3695 -3696 -3697
v -3698 -3699 -3700 -3701 -3702 -3703 -3704 -3705 -3706 -3707 -3708 -3709
v -3710 -3711 -3712 -3713 -3714 -3715 -3716 -3717 -3718 -3719 -3720 -3721
v -3722 -3723 -3724 -3725 -3726 -3727 -3728 -3729 -3730 -3731 -3732 -3733
v -3734 -3735 -3736 -3737 -3738 -3739 -3740 -3741 -3742 -3743 -3744 -3745
v -3746 -3747 -3748 -3749 -3750 -3751 -3752 -3753 -3754 -3755 -3756 -3757
v -3758 -3759 -3760 -3761 -3762 -3763 -3764 -3765 -3766 -3767 -3768 -3769
v -3770 -3771 -3772 -3773 -3774 -3775 3776 -3777 -3778 -3779 -3780 -3781 -3782
v -3783 -3784 -3785 -3786 -3787 -3788 -3789 -3790 -3791 -3792 -3793 -3794
v -3795 -3796 -3797 -3798 -3799 -3800 -3801 -3802 -3803 -3804 -3805 -3806
v -3807 -3808 -3809 -3810 -3811 -3812 -3813 -3814 -3815 -3816 -3817 -3818
v -3819 -3820 -3821 -3822 -3823 -3824 -3825 -3826 -3827 -3828 -3829 -3830
v -3831 -3832 -3833 -3834 -3835 -3836 -3837 -3838 -3839 3840 3841 -3842 3843
v -3844 3845 -3846 3847 3848 3849 -3850 -3851 -3852 -3853 3854 3855 3856 3857
v -3858 3859 -3860 -3861 3862 3863 -3864 3865 -3866 3867 3868 3869 3870 -3871
v 3872 3873 3874 3875 -3876 3877 -3878 3879 3880 -3881 -3882 -3883 -3884 3885
v 3886 -3887 3888 -3889 3890 3891 3892 -3893 -3894 3895 3896 3897 -3898 3899
v -3900 3901 -3902 3903 -3904 3905 -3906 -3907 -3908 -3909 -3910 3911 3912
v -3913 -3914 -3915 3916 3917 -3918 -3919 3920 -3921 3922 -3923 -3924 3925
v -3926 3927 -3928 3929 3930 -3931 -3932 -3933 3934 -3935 -3936 -3937 -3938
v -3939 3940 3941 3942 -3943 3944 3945 3946 -3947 -3948 -3949 3950 -3951 -3952
v 3953 3954 3955 -3956 -3957 3958 -3959 -3960 -3961 3962 -3963 3964 3965 3966
v -3967 3968 3969 3970 3971 3972 -3973 3974 3975 -3976 3977 -3978 -3979 -3980
v 3981 3982 3983 -3984 -3985 -3986 3987 -3988 3989 -3990 -3991 3992 3993 -3994
v -3995 -3996 3997 -3998 3999 4000 -4001 4002 -4003 4004 -4005 4006 -4007 4008
v -4009 4010 4011 -4012 4013 4014 4015 4016 -4017 -4018 4019 4020 -4021 4022
v 4023 -4024 -4025 -4026 -4027 -4028 4029 -4030 -4031 -4032 -4033 4034 4035
v -4036 -4037 -4038 4039 4040 -4041 -4042 -4043 -4044 -4045 -4046 4047 -4048
v -4049 -4050 -4051 4052 -4053 -4054 -4055 -4056 4057 4058 4059 -4060 -4061
v 4062 4063 -4064 -4065 4066 -4067 4068 -4069 4070 -4071 4072 -4073 4074 4075
v -4076 4077 4078 4079 4080 -4081 -4082 4083 4084 -4085 4086 4087 -4088 -4089
v -4090 -4091 -4092 4093 -4094 -4095 -4096 -4097 4098 -4099 -4100 -4101 4102
v 4103 -4104 4105 4106 -4107 4108 4109 4110 -4111 4112 -4113 4114 -4115 4116
v 4117 -4118 -4119 -4120 -4121 4122 -4123 4124 4125 -4126 -4127 -4128 4129
v -4130 -4131 -4132 4133 4134 4135 4136 4137 -4138 -4139 4140 -4141 -4142 4143
v -4144 -4145 -4146 4147 4148 4149 -4150 4151 4152 4153 4154 4155 4156 -4157
v -4158 4159 -4160 4161 -4162 -4163 4164 -4165 4166 -4167 -4168 -4169 4170
v 4171 -4172 -4173 -4174 4175 4176 4177 4178 -4179 4180 -4181 -4182 -4183 4184
v -4185 -4186 4187 -4188 -4189 4190 4191 4192 4193 -4194 -4195 -4196 4197 4198
v 4199 4200 4201 -4202 -4203 4204 -4205 -4206 4207 -4208 -4209 -4210 4211 4212
v 4213 -4214 4215 4216 4217 4218 4219 4220 -4221 -4222 4223 4224 -4225 -4226
v -4227 -4228 -4229 -4230 -4231 -4232 -4233 -4234 -4235 -4236 -4237 -4238
v -4239 -4240 -4241 -4242 -4243 -4244 -4245 -4246 -4247 -4248 -4249 -4250
v -4251 -4252 -4253 -4254 -4255 -4256 -4257 -4258 -4259 -4260 -4261 -4262
v -4263 -4264 -4265 -4266 -4267 -4268 -4269 -4270 -4271 -4272 -4273 -4274
v -4275 -4276 -4277 -4278 -4279 -4280 -4281 -4282 -4283 -4284 -4285 -4286
v -4287 4288 -4289 -4290 -4291 -4292 -4293 -4294 -4295 -4296 -4297 -4298 -4299
v -4300 -4301 -4302 -4303 -4304 -4305 -4306 -4307 -4308 -4309 -4310 -4311
v -4312 -4313 -4314 -4315 -4316 -4317 -4318 -4319 -4320 -4321 -4322 -4323
v -4324 -4325 -4326 -4327 -4328 -4329 -4330 -4331 -4332 -4333 -4334 -4335
v -4336 -4337 -4338 -4339 -4340 -4341 -4342 -4343 -4344 -4345 -4346 -4347
v -4348 -4349 -4350 -4351 4352 -4353 -4354 -4355 -4356 -4357 -4358 -4359 -4360
v -4361 -4362 -4363 -4364 -4365 -4366 -4367 -4368 -4369 -4370 -4371 -4372
v -4373 -4374 -4375 -4376 -4377 -4378 -4379 -4380 -4381 -4382 -4383 -4384
v -4385 -4386 -4387 -4388 -4389 -4390 -4391 -4392 -4393 -4394 -4395 -4396
v -4397 -4398 -4399 -4400 -4401 -4402 -4403 -4404 -4405 -4406 -4407 -4408
v -4409 -4410 -4411 -4412 -4413 -4414 -4415 -4416 -4417 -4418 -4419 -4420
v -4421 -4422 -4423 -4424 -4425 -4426 -4427 -4428 -4429 -4430 -4431 -4432
v -4433 -4434 -4435 -4436 -4437 -4438 -4439 -4440 -4441 -4442 -4443 -4444
v -4445 -4446 -4447 -4448 -4449 -4450 -4451 -4452 -4453 -4454 -4455 -4456
v -4457 -4458 -4459 -4460 -4461 -4462 -4463 -4464 -4465 -4466 -4467 -4468
v -4469 -4470 -4471 -4472 -4473 -4474 -4475 -4476 -4477 -4478 -4479 -4480
v -4481 -4482 -4483 -4484 -4485 -4486 -4487 -4488 -4489 -4490 -4491 -4492
v -4493 -4494 -4495 -4496 -4497 -4498 -4499 -4500 -4501 -4502 -4503 -4504
v -4505 -4506 -4507 -4508 -4509 -4510 -4511 -4512 -4513 -4514 -4515 -4516
v -4517 -4518 -4519 -4520 -4521 -4522 -4523 -4524 -4525 -4526 -4527 -4528
v -4529 -4530 -4531 -4532 -4533 -4534 -4535 -4536 -4537 -4538 -4539 -4540
v -4541 -4542 -4543 -4544 -4545 -4546 -4547 -4548 -4549 -4550 -4551 -4552
v -4553 -4554 -4555 -4556 -4557 -4558 -4559 -4560 -4561 -4562 -4563 -4564
v -4565 -4566 -4567 -4568 -4569 -4570 -4571 -4572 -4573 -4574 -4575 -4576
v -4577 -4578 -4579 -4580 -4581 -4582 -4583 -4584 -4585 -4586 -4587 -4588
v -4589 -4590 -4591 -4592 -4593 -4594 -4595 -4596 -4597 -4598 -4599 -4600
v -4601 -4602 -4603 -4604 -4605 -4606 -4607 -4608 4609 -4610 -4611 4612 -4613
v -4614 4615 4616 4617 -4618 -4619 4620 -4621 -4622 4623 -4624 -4625 4626
v -4627 4628 4629 4630 4631 4632 4633 4634 4635 -4636 4637 4638 -4639 -4640
v 4641 -4642 -4643 -4644 4645 -4646 4647 4648 -4649 -4650 4651 4652 4653 4654
v -4655 -4656 4657 4658 -4659 4660 4661 -4662 -4663 -4664 -4665 -4666 4667
v 4668 4669 -4670 -4671 -4672 4673 4674 4675 -4676 -4677 4678 -4679 4680 -4681
v 4682 4683 4684 -4685 -4686 4687 -4688 -4689 4690 -4691 -4692 -4693 -4694
v -4695 -4696 -4697 -4698 4699 -4700 4701 4702 4703 4704 4705 -4706 -4707
v -4708 4709 -4710 4711 4712 -4713 -4714 4715 4716 4717 4718 -4719 -4720 4721
v -4722 -4723 -4724 4725 4726 4727 -4728 4729 4730 -4731 -4732 4733 -4734 4735
v 4736 -4737 -4738 4739 -4740 -4741 -4742 -4743 4744 4745 -4746 4747 -4748
v -4749 -4750 4751 -4752 -4753 -4754 -4755 -4756 -4757 4758 -4759 -4760 -4761
v 4762 -4763 -4764 -4765 -4766 4767 -4768 -4769 4770 -4771 -4772 4773 4774
v 4775 -4776 4777 -4778 4779 -4780 -4781 -4782 -4783 -4784 4785 4786 -4787
v -4788 -4789 -4790 -4791 -4792 4793 -4794 -4795 -4796 4797 4798 -4799 4800
v -4801 -4802 4803 -4804 -4805 4806 -4807 -4808 4809 4810 -4811 -4812 4813
v 4814 4815 -4816 4817 -4818 4819 -4820 4821 4822 4823 4824 -4825 4826 -4827
v 4828 4829 -4830 -4831 -4832 4833 -4834 4835 -4836 -4837 4838 4839 4840 -4841
v -4842 4843 4844 -4845 4846 -4847 4848 4849 4850 -4851 4852 -4853 4854 -4855
v 4856 -4857 4858 4859 4860 4861 -4862 -4863 4864 4865 -4866 4867 4868 -4869
v 4870 -4871 4872 4873 4874 4875 4876 4877 4878 4879 -4880 -4881 4882 -4883
v -4884 -4885 -4886 -4887 4888 4889 -4890 -4891 -4892 -4893 -4894 4895 4896
v -4897 4898 -4899 -4900 4901 -4902 4903 4904 4905 -4906 4907 4908 4909 -4910
v 4911 -4912 -4913 -4914 4915 4916 4917 -4918 4919 4920 4921 4922 4923 4924
v -4925 4926 4927 -4928 -4929 4930 -4931 4932 -4933 4934 4935 4936 -4937 4938
v 4939 4940 -4941 -4942 4943 4944 -4945 4946 -4947 -4948 4949 4950 -4951 -4952
v -4953 4954 -4955 4956 -4957 -4958 -4959 -4960 4961 -4962 -4963 -4964 -4965
v -4966 4967 -4968 -4969 -4970 4971 -4972 4973 4974 -4975 4976 4977 4978 -4979
v -4980 4981 4982 -4983 -4984 -4985 -4986 -4987 -4988 -4989 -4990 -4991 -4992
v -4993 -4994 4995 -4996 -4997 4998 -4999 -5000 -5001 -5002 5003 5004 -5005
v -5006 -5007 -5008 -5009 -5010 -5011 5012 5013 -5014 -5015 -5016 -5017 5018
v 5019 5020 -5021 5022 5023 5024 5025 0
c 
c --- [ run-time profiling ] -------------------------------------------------
c 
c process time taken by individual solving procedures
c (percentage relative to process time for solving)
c 
c       724.20   98.79% search
c       596.43   81.36% unstable
c       119.64   16.32% stable
c         8.89    1.21% simplify
c         8.12    1.11% walk
c         4.17    0.57% subsume
c         3.52    0.48% vivify
c         0.33    0.05% ternary
c         0.22    0.03% elim
c         0.13    0.02% probe
c         0.03    0.00% parse
c         0.01    0.00% lucky
c   =================================
c       733.09  100.00% solve
c 
c last line shows process time for solving
c (percentage relative to total process time)
c 
c --- [ statistics ] ---------------------------------------------------------
c 
c chronological:            404424        19.16 %  of conflicts
c conflicts:               2110323      2878.67    per second
c decisions:              10514339     14342.49    per second
c eliminated:                 1995        39.70 %  of all variables
c fixed:                      1852        36.86 %  of all variables
c learned:                 2072318        98.20 %  per conflict
c learned_lits:          135849324       100.00 %  learned literals
c minimized:                     0         0.00 %  learned literals
c shrunken:               10269389         7.56 %  learned literals
c minishrunken:           13382105         9.85 %  learned literals
c propagations:          228878180         0.31 M  per second
c reduced:                 1908555        90.44 %  per conflict
c rephased:                     64     32973.80    interval
c restarts:                 110762        19.05    interval
c stabilizing:                   6        35.32 %  of conflicts
c substituted:                 296         5.89 %  of all variables
c subsumed:                  57522         1.36 %  of all clauses
c strengthened:              13750         0.33 %  of all clauses
c ternary:                      19         0.12 %  of resolved
c vivified:                   1377         0.03 %  of all clauses
c walked:                       20    105516.15    interval
c weakened:                  22211         4.25    average size
c 
c seconds are measured in process time for solving
c 
c --- [ resources ] ----------------------------------------------------------
c 
c total process time since initialization:       733.12    seconds
c total real time since initialization:          733.19    seconds
c maximum resident set size of process:           64.12    MB
c 
c --- [ shutting down ] ------------------------------------------------------
c 
c exit 10
