nohup: ignoring input
2022-07-11 22:23:59,735 - 6rasconhash - INFO - ##############################################
2022-07-11 22:23:59,735 - 6rasconhash - INFO - difference state at round 0: 
0000000000000001

0000000000000000

0000000000000000

0000000000000000

0000000000000000

2022-07-11 22:23:59,736 - 6rasconhash - INFO - ##############################################
2022-07-11 22:23:59,736 - 6rasconhash - INFO - input X state at round 0: 
df63a162860c7ade

18201fba224f0c6d

a742e064fcafe921

644c3786e3445133

06692cbc49174b50

2022-07-11 22:23:59,736 - 6rasconhash - INFO - ##############################################
2022-07-11 22:23:59,736 - 6rasconhash - INFO - input Y state at round 0: 
df63a162860c7adf

18201fba224f0c6d

a742e064fcafe921

644c3786e3445133

06692cbc49174b50

2022-07-11 22:23:59,737 - 6rasconhash - INFO - start round function
2022-07-11 22:23:59,738 - 6rasconhash - INFO - ##############################################
2022-07-11 22:23:59,738 - 6rasconhash - INFO - difference state at round 1: 
0000000000000000

0000000000000001

0000000000000000

0000000000000000

0000000000000001

2022-07-11 22:23:59,739 - 6rasconhash - INFO - ##############################################
2022-07-11 22:23:59,739 - 6rasconhash - INFO - input X state at round 1: 
1c4d648099acc61c

2664722010f0cc70

42bc0819290c1003

400544a470bf9f43

6205091a8a171602

2022-07-11 22:23:59,740 - 6rasconhash - INFO - ##############################################
2022-07-11 22:23:59,740 - 6rasconhash - INFO - input Y state at round 1: 
1c4d648099acc61c

2664722010f0cc71

42bc0819290c1003

400544a470bf9f43

6205091a8a171603

2022-07-11 22:23:59,742 - 6rasconhash - INFO - ##############################################
2022-07-11 22:23:59,742 - 6rasconhash - INFO - difference state at round 2: 
0000000000000000

0200000000800000

0000000002000009

0000000002000008

0200000000800000

2022-07-11 22:23:59,743 - 6rasconhash - INFO - ##############################################
2022-07-11 22:23:59,743 - 6rasconhash - INFO - input X state at round 2: 
eb9e9f8ab23d5d6c

4e587184e1074874

e4f1097255e98249

057c11715bfff0c7

b4d0edc475e1f244

2022-07-11 22:23:59,744 - 6rasconhash - INFO - ##############################################
2022-07-11 22:23:59,744 - 6rasconhash - INFO - input Y state at round 2: 
eb9e9f8ab23d5d6c

4c587184e1874874

e4f1097257e98240

057c117159fff0cf

b6d0edc47561f244

2022-07-11 22:23:59,746 - 6rasconhash - INFO - ##############################################
2022-07-11 22:23:59,747 - 6rasconhash - INFO - difference state at round 3: 
9204400004888100

04014000070c810c

b4050000050c010d

b6010000050c0005

0000000002008108

2022-07-11 22:23:59,747 - 6rasconhash - INFO - ##############################################
2022-07-11 22:23:59,747 - 6rasconhash - INFO - input X state at round 3: 
ae22831261fe04e7

41a2d72cb88ef5a5

e8bd75069854f86e

77bc4ee26f8ea511

1245e30fd0c1ea33

2022-07-11 22:23:59,748 - 6rasconhash - INFO - ##############################################
2022-07-11 22:23:59,748 - 6rasconhash - INFO - input Y state at round 3: 
3c26c312657685e7

45a3972cbf8274a9

5cb875069d58f963

c1bd4ee26a82a514

1245e30fd2c16b3b

2022-07-11 22:23:59,749 - 6rasconhash - INFO - check over
