nohup: ignoring input
solve start time is: 2022/06/30/22:23:33:59
c Bosphorus SHA revision 47edb6b2cd98c6fbc3bffcc35dbf2569bc29f58e
c Executed with command line: /home/user/anonymous/bosphorus/build/bosphorus --anfread /home/user/anonymous/bosphorus/ascon/4rite/4r_2r.anf --anfwrite /home/user/anonymous/bosphorus/ascon/4rite/4r_2r_out.anf --cnfwrite /home/user/anonymous/bosphorus/ascon/4rite/4r_2r.cnf --solvewrite /home/user/anonymous/bosphorus/ascon/4rite/4r_2r_solution -t 1
c Compilation env CMAKE_CXX_COMPILER = /usr/bin/c++ | CMAKE_CXX_FLAGS =  -Wall -Wextra -Wunused -pedantic -Wsign-compare -fno-omit-frame-pointer -Wtype-limits -Wuninitialized -Wno-deprecated -Wstrict-aliasing -Wpointer-arith -mtune=native -Wall -Wextra -Wunused -Wsign-compare -fno-omit-frame-pointer -Wtype-limits -Wuninitialized -Wno-deprecated -Wstrict-aliasing -Wpointer-arith -Wpointer-arith -Wformat-nonliteral -Winit-self -Wparentheses -Wunreachable-code -ggdb3 | COMPILE_DEFINES =  | STATICCOMPILE = OFF | ONLY_SIMPLE =  | Boost_FOUND = 1 | STATS =  | SQLITE3_FOUND =  | ZLIB_FOUND = TRUE | VALGRIND_FOUND =  | ENABLE_TESTING =  | M4RI_FOUND = TRUE | SLOW_DEBUG =  | ENABLE_ASSERTIONS = ON | PYTHON_EXECUTABLE =  | PYTHON_LIBRARY =  | PYTHON_INCLUDE_DIRS =  | MY_TARGETS =  | LARGEMEM =  | LIMITMEM =  | compilation date time = Jun 29 2022 21:11:00
c --- Configuration --
c maxTime = 1.00e+20
c XL simp (deg = 1; s = 30.00+4.00): 1
c EL simp (s = 30.00): 1
c SAT simp (10000:100000): 1
 using 1 threads
c Cut num: 5
c Brickenstein cutoff: 10
c --------------------
c [ANF Input] read in T: 0.07
c ---- ANF stats -----
c Num total vars: 960
c Num free vars: 960
c Num equations: 1387
c Num monoms in eqs: 27140
c Max deg in eqs: 2
c Simple XORs: 747
c Num vars set: 0
c Num vars replaced: 0
c --------------------
c [ANF hash] Calculating ANF hash...
c [ANF hash] Done. T: 0.00
c Simplifying....
c [boshp] Running iterative simplification...
c [ANF prop] Running ANF propagation...
Replacer NOT OK
c [ANF prop] Left eqs: 1387 T: 0.05
c ANF is UNSAT after propagation
c Simplifying finished.
c ---- ANF stats -----
c Num total vars: 960
c Num free vars: 432
c Num equations: 1387
c Num monoms in eqs: 2770
c Max deg in eqs: 2
c Simple XORs: 269
c Num vars set: 435
c Num vars replaced: 142
c --------------------
c [CNF-out] added UNSAT to CNF
c [CNF-gen] Number of value assignments = 435
c Number of equiv assigments = 142
c [CNF conversion] in 0.03 seconds.
c ---- CNF stats -----
c Map sizes            : 1075/1168
c Clause Sets          : 1066
c Added as CNF         : 202
c Added as simple ANF  : 732
c Added as complex  ANF: 16
c --------------------
s ANF-UNSATISFIABLE
c Learnt 264 fact(s) in 0.18 seconds using 58.22MB.
solve end time is: 2022/06/30/22:23:33:59
solve exec time is: 0.212173s
