nohup: ignoring input
2022-07-11 22:31:42,714 - 6rasconhash - INFO - ##############################################
2022-07-11 22:31:42,715 - 6rasconhash - INFO - difference state at round 0: 
0000000000000001

0000000000000000

0000000000000000

0000000000000000

0000000000000000

2022-07-11 22:31:42,715 - 6rasconhash - INFO - ##############################################
2022-07-11 22:31:42,715 - 6rasconhash - INFO - input X state at round 0: 
bd2445510dbd4c88

5896c3af6f2ad294

17f30c7ea871c0b0

e615b4b418a723b3

ce94413027760a9c

2022-07-11 22:31:42,716 - 6rasconhash - INFO - ##############################################
2022-07-11 22:31:42,716 - 6rasconhash - INFO - input Y state at round 0: 
bd2445510dbd4c89

5896c3af6f2ad294

17f30c7ea871c0b0

e615b4b418a723b3

ce94413027760a9c

2022-07-11 22:31:42,717 - 6rasconhash - INFO - start round function
2022-07-11 22:31:42,718 - 6rasconhash - INFO - ##############################################
2022-07-11 22:31:42,718 - 6rasconhash - INFO - difference state at round 1: 
0000000000000001

0000000000000001

0000000000000000

0000000000000000

0000000000000000

2022-07-11 22:31:42,719 - 6rasconhash - INFO - ##############################################
2022-07-11 22:31:42,719 - 6rasconhash - INFO - input X state at round 1: 
54563e3bd06bfffb

8c57fbbadd14b5e3

b81a712e1ff4e527

f2c03a04f8a67f7b

2087360a7af1b9af

2022-07-11 22:31:42,720 - 6rasconhash - INFO - ##############################################
2022-07-11 22:31:42,720 - 6rasconhash - INFO - input Y state at round 1: 
54563e3bd06bfffa

8c57fbbadd14b5e2

b81a712e1ff4e527

f2c03a04f8a67f7b

2087360a7af1b9af

2022-07-11 22:31:42,722 - 6rasconhash - INFO - ##############################################
2022-07-11 22:31:42,723 - 6rasconhash - INFO - difference state at round 2: 
0000201000000000

0000201002000008

0000000002000009

0000000002000008

0000000000000000

2022-07-11 22:31:42,723 - 6rasconhash - INFO - ##############################################
2022-07-11 22:31:42,723 - 6rasconhash - INFO - input X state at round 2: 
d720fc172ea58c3d

bf1a94c135a080f3

f620d0153c231f76

0cdb94ae85178632

e16837d1cdaeb3f0

2022-07-11 22:31:42,724 - 6rasconhash - INFO - ##############################################
2022-07-11 22:31:42,724 - 6rasconhash - INFO - input Y state at round 2: 
d720dc072ea58c3d

bf1ab4d137a080fb

f620d0153e231f7f

0cdb94ae8717863a

e16837d1cdaeb3f0

2022-07-11 22:31:42,726 - 6rasconhash - INFO - ##############################################
2022-07-11 22:31:42,727 - 6rasconhash - INFO - difference state at round 3: 
0200000000008000

2000009004000000

840120900308000d

8605008005080005

0200000004008100

2022-07-11 22:31:42,727 - 6rasconhash - INFO - ##############################################
2022-07-11 22:31:42,727 - 6rasconhash - INFO - input X state at round 3: 
5cf26b1e8d5b25a3

f35e6a364e564d28

c4bea7a8e4e30b5e

3cb2dd797ab455fa

2a09d6c1d836db94

2022-07-11 22:31:42,728 - 6rasconhash - INFO - ##############################################
2022-07-11 22:31:42,728 - 6rasconhash - INFO - input Y state at round 3: 
5ef26b1e8d5ba5a3

d35e6aa64a564d28

40bf8738e7eb0b53

bab7ddf97fbc55ff

2809d6c1dc365a94

2022-07-11 22:31:42,731 - 6rasconhash - INFO - ##############################################
2022-07-11 22:31:42,731 - 6rasconhash - INFO - difference state at round 4: 
e56e62d28389e083

0722c60265816003

7239f24ae7c1a089

6011b00846802008

856042820100c081

2022-07-11 22:31:42,732 - 6rasconhash - INFO - ##############################################
2022-07-11 22:31:42,732 - 6rasconhash - INFO - input X state at round 4: 
5dc6aec8344b0ac2

72b67d49e1da2886

250c7603367dd713

3737e24b87dc6d59

0a41229cbac7ffee

2022-07-11 22:31:42,734 - 6rasconhash - INFO - ##############################################
2022-07-11 22:31:42,734 - 6rasconhash - INFO - input Y state at round 4: 
b8a8cc1ab7c2ea41

7594bb4b845b4885

57358449d1bc779a

57265243c15c4d51

8f21601ebbc73f6f

2022-07-11 22:31:42,735 - 6rasconhash - INFO - check over
