nohup: ignoring input
2022-08-02 11:09:25,097 - simple_example - INFO - start round function
2022-08-02 11:09:25,098 - simple_example - INFO - ##############################################
2022-08-02 11:09:25,098 - simple_example - INFO - difference state at round 0: 
2022-08-02 11:09:25,098 - simple_example - INFO - 0x0000000e 
2022-08-02 11:09:25,098 - simple_example - INFO - 0x0000000a 
2022-08-02 11:09:25,098 - simple_example - INFO - 0x0000000e 
2022-08-02 11:09:25,098 - simple_example - INFO - 0x0000000a 
2022-08-02 11:09:25,098 - simple_example - INFO - 0x00000001 
2022-08-02 11:09:25,098 - simple_example - INFO - 0x00000005 
2022-08-02 11:09:25,098 - simple_example - INFO - 0x00000001 
2022-08-02 11:09:25,098 - simple_example - INFO - 0x00000005 
2022-08-02 11:09:25,098 - simple_example - INFO - 0x00000000 
2022-08-02 11:09:25,098 - simple_example - INFO - 0x00000000 
2022-08-02 11:09:25,098 - simple_example - INFO - 0x00000000 
2022-08-02 11:09:25,098 - simple_example - INFO - 0x00000000 
2022-08-02 11:09:25,098 - simple_example - INFO - ##############################################
2022-08-02 11:09:25,098 - simple_example - INFO - input X state at round 0: 
2022-08-02 11:09:25,099 - simple_example - INFO - 0xa2cd7e45 
2022-08-02 11:09:25,099 - simple_example - INFO - 0xcd20443d 
2022-08-02 11:09:25,099 - simple_example - INFO - 0xdc07ec29 
2022-08-02 11:09:25,099 - simple_example - INFO - 0xf54c2747 
2022-08-02 11:09:25,099 - simple_example - INFO - 0x7bf33691 
2022-08-02 11:09:25,099 - simple_example - INFO - 0xb3816090 
2022-08-02 11:09:25,099 - simple_example - INFO - 0xe7a24d70 
2022-08-02 11:09:25,099 - simple_example - INFO - 0x8fa6c550 
2022-08-02 11:09:25,099 - simple_example - INFO - 0x5fb494b8 
2022-08-02 11:09:25,099 - simple_example - INFO - 0x76f2590a 
2022-08-02 11:09:25,099 - simple_example - INFO - 0x26a4b278 
2022-08-02 11:09:25,099 - simple_example - INFO - 0xbb762ada 
2022-08-02 11:09:25,099 - simple_example - INFO - ##############################################
2022-08-02 11:09:25,099 - simple_example - INFO - input Y state at round 0: 
2022-08-02 11:09:25,099 - simple_example - INFO - 0xa2cd7e4b 
2022-08-02 11:09:25,100 - simple_example - INFO - 0xcd204437 
2022-08-02 11:09:25,100 - simple_example - INFO - 0xdc07ec27 
2022-08-02 11:09:25,100 - simple_example - INFO - 0xf54c274d 
2022-08-02 11:09:25,100 - simple_example - INFO - 0x7bf33690 
2022-08-02 11:09:25,100 - simple_example - INFO - 0xb3816095 
2022-08-02 11:09:25,100 - simple_example - INFO - 0xe7a24d71 
2022-08-02 11:09:25,100 - simple_example - INFO - 0x8fa6c555 
2022-08-02 11:09:25,100 - simple_example - INFO - 0x5fb494b8 
2022-08-02 11:09:25,100 - simple_example - INFO - 0x76f2590a 
2022-08-02 11:09:25,100 - simple_example - INFO - 0x26a4b278 
2022-08-02 11:09:25,100 - simple_example - INFO - 0xbb762ada 
2022-08-02 11:09:25,102 - simple_example - INFO - ##############################################
2022-08-02 11:09:25,102 - simple_example - INFO - difference state at round a1: 
2022-08-02 11:09:25,102 - simple_example - INFO - 0x0000000e 
2022-08-02 11:09:25,102 - simple_example - INFO - 0x0000000a 
2022-08-02 11:09:25,102 - simple_example - INFO - 0x0000000e 
2022-08-02 11:09:25,102 - simple_example - INFO - 0x0000000a 
2022-08-02 11:09:25,102 - simple_example - INFO - 0x00000007 
2022-08-02 11:09:25,102 - simple_example - INFO - 0x00000005 
2022-08-02 11:09:25,102 - simple_example - INFO - 0x00000007 
2022-08-02 11:09:25,102 - simple_example - INFO - 0x00000005 
2022-08-02 11:09:25,102 - simple_example - INFO - 0x00000000 
2022-08-02 11:09:25,102 - simple_example - INFO - 0x00000000 
2022-08-02 11:09:25,103 - simple_example - INFO - 0x00000000 
2022-08-02 11:09:25,103 - simple_example - INFO - 0x00000000 
2022-08-02 11:09:25,103 - simple_example - INFO - ##############################################
2022-08-02 11:09:25,103 - simple_example - INFO - input X state at round a1: 
2022-08-02 11:09:25,103 - simple_example - INFO - 0xa6c9fe6d 
2022-08-02 11:09:25,103 - simple_example - INFO - 0x89525d37 
2022-08-02 11:09:25,103 - simple_example - INFO - 0xdc035e21 
2022-08-02 11:09:25,103 - simple_example - INFO - 0xc51c0dcd 
2022-08-02 11:09:25,103 - simple_example - INFO - 0xdbba5cd4 
2022-08-02 11:09:25,103 - simple_example - INFO - 0x3a8164a5 
2022-08-02 11:09:25,103 - simple_example - INFO - 0x3fa10171 
2022-08-02 11:09:25,103 - simple_example - INFO - 0xcbaec055 
2022-08-02 11:09:25,103 - simple_example - INFO - 0x06869428 
2022-08-02 11:09:25,103 - simple_example - INFO - 0x4473798a 
2022-08-02 11:09:25,103 - simple_example - INFO - 0x0504b328 
2022-08-02 11:09:25,104 - simple_example - INFO - 0xb1d4eaca 
2022-08-02 11:09:25,104 - simple_example - INFO - ##############################################
2022-08-02 11:09:25,104 - simple_example - INFO - input Y state at round a1: 
2022-08-02 11:09:25,104 - simple_example - INFO - 0xa6c9fe63 
2022-08-02 11:09:25,104 - simple_example - INFO - 0x89525d3d 
2022-08-02 11:09:25,104 - simple_example - INFO - 0xdc035e2f 
2022-08-02 11:09:25,104 - simple_example - INFO - 0xc51c0dc7 
2022-08-02 11:09:25,104 - simple_example - INFO - 0xdbba5cd3 
2022-08-02 11:09:25,104 - simple_example - INFO - 0x3a8164a0 
2022-08-02 11:09:25,104 - simple_example - INFO - 0x3fa10176 
2022-08-02 11:09:25,104 - simple_example - INFO - 0xcbaec050 
2022-08-02 11:09:25,104 - simple_example - INFO - 0x06869428 
2022-08-02 11:09:25,104 - simple_example - INFO - 0x4473798a 
2022-08-02 11:09:25,104 - simple_example - INFO - 0x0504b328 
2022-08-02 11:09:25,104 - simple_example - INFO - 0xb1d4eaca 
2022-08-02 11:09:25,106 - simple_example - INFO - ##############################################
2022-08-02 11:09:25,106 - simple_example - INFO - difference state at round b1: 
2022-08-02 11:09:25,106 - simple_example - INFO - 0x0000000e 
2022-08-02 11:09:25,106 - simple_example - INFO - 0x0000000a 
2022-08-02 11:09:25,106 - simple_example - INFO - 0x0000000e 
2022-08-02 11:09:25,106 - simple_example - INFO - 0x0000000a 
2022-08-02 11:09:25,106 - simple_example - INFO - 0x0000000a 
2022-08-02 11:09:25,106 - simple_example - INFO - 0x0000000e 
2022-08-02 11:09:25,107 - simple_example - INFO - 0x0000000a 
2022-08-02 11:09:25,107 - simple_example - INFO - 0x0000000e 
2022-08-02 11:09:25,107 - simple_example - INFO - 0x00000000 
2022-08-02 11:09:25,107 - simple_example - INFO - 0x00000000 
2022-08-02 11:09:25,107 - simple_example - INFO - 0x00000000 
2022-08-02 11:09:25,107 - simple_example - INFO - 0x00000000 
2022-08-02 11:09:25,107 - simple_example - INFO - ##############################################
2022-08-02 11:09:25,107 - simple_example - INFO - input X state at round b1: 
2022-08-02 11:09:25,107 - simple_example - INFO - 0x8001925f 
2022-08-02 11:09:25,107 - simple_example - INFO - 0xb36fe056 
2022-08-02 11:09:25,107 - simple_example - INFO - 0x5cfb8d8a 
2022-08-02 11:09:25,107 - simple_example - INFO - 0x2283dc1c 
2022-08-02 11:09:25,107 - simple_example - INFO - 0x70c2517a 
2022-08-02 11:09:25,107 - simple_example - INFO - 0x91bcd5a3 
2022-08-02 11:09:25,107 - simple_example - INFO - 0x4f3f742b 
2022-08-02 11:09:25,107 - simple_example - INFO - 0xffbad149 
2022-08-02 11:09:25,108 - simple_example - INFO - 0xda207913 
2022-08-02 11:09:25,108 - simple_example - INFO - 0xbbbe8776 
2022-08-02 11:09:25,108 - simple_example - INFO - 0x67dd6833 
2022-08-02 11:09:25,108 - simple_example - INFO - 0x32dcaca7 
2022-08-02 11:09:25,108 - simple_example - INFO - ##############################################
2022-08-02 11:09:25,108 - simple_example - INFO - input Y state at round b1: 
2022-08-02 11:09:25,108 - simple_example - INFO - 0x80019251 
2022-08-02 11:09:25,108 - simple_example - INFO - 0xb36fe05c 
2022-08-02 11:09:25,108 - simple_example - INFO - 0x5cfb8d84 
2022-08-02 11:09:25,108 - simple_example - INFO - 0x2283dc16 
2022-08-02 11:09:25,108 - simple_example - INFO - 0x70c25170 
2022-08-02 11:09:25,108 - simple_example - INFO - 0x91bcd5ad 
2022-08-02 11:09:25,108 - simple_example - INFO - 0x4f3f7421 
2022-08-02 11:09:25,108 - simple_example - INFO - 0xffbad147 
2022-08-02 11:09:25,108 - simple_example - INFO - 0xda207913 
2022-08-02 11:09:25,109 - simple_example - INFO - 0xbbbe8776 
2022-08-02 11:09:25,109 - simple_example - INFO - 0x67dd6833 
2022-08-02 11:09:25,109 - simple_example - INFO - 0x32dcaca7 
2022-08-02 11:09:25,110 - simple_example - INFO - ##############################################
2022-08-02 11:09:25,110 - simple_example - INFO - difference state at round a2: 
2022-08-02 11:09:25,110 - simple_example - INFO - 0x0000000c 
2022-08-02 11:09:25,110 - simple_example - INFO - 0x0000000c 
2022-08-02 11:09:25,110 - simple_example - INFO - 0x0000000c 
2022-08-02 11:09:25,110 - simple_example - INFO - 0x0000000c 
2022-08-02 11:09:25,110 - simple_example - INFO - 0x00000006 
2022-08-02 11:09:25,111 - simple_example - INFO - 0x00000006 
2022-08-02 11:09:25,111 - simple_example - INFO - 0x00000006 
2022-08-02 11:09:25,111 - simple_example - INFO - 0x00000006 
2022-08-02 11:09:25,111 - simple_example - INFO - 0x00000000 
2022-08-02 11:09:25,111 - simple_example - INFO - 0x00000000 
2022-08-02 11:09:25,111 - simple_example - INFO - 0x00000000 
2022-08-02 11:09:25,111 - simple_example - INFO - 0x00000000 
2022-08-02 11:09:25,111 - simple_example - INFO - ##############################################
2022-08-02 11:09:25,111 - simple_example - INFO - input X state at round a2: 
2022-08-02 11:09:25,111 - simple_example - INFO - 0x0a21ba5e 
2022-08-02 11:09:25,111 - simple_example - INFO - 0x996de202 
2022-08-02 11:09:25,111 - simple_example - INFO - 0x7c3b859a 
2022-08-02 11:09:25,111 - simple_example - INFO - 0x22c7f0ba 
2022-08-02 11:09:25,111 - simple_example - INFO - 0x70c3d336 
2022-08-02 11:09:25,111 - simple_example - INFO - 0x91fdb5a3 
2022-08-02 11:09:25,111 - simple_example - INFO - 0x571df1a3 
2022-08-02 11:09:25,112 - simple_example - INFO - 0xffb98151 
2022-08-02 11:09:25,112 - simple_example - INFO - 0xaae23833 
2022-08-02 11:09:25,112 - simple_example - INFO - 0xbb2e92d7 
2022-08-02 11:09:25,112 - simple_example - INFO - 0x64d91812 
2022-08-02 11:09:25,112 - simple_example - INFO - 0xefe4ade6 
2022-08-02 11:09:25,112 - simple_example - INFO - ##############################################
2022-08-02 11:09:25,112 - simple_example - INFO - input Y state at round a2: 
2022-08-02 11:09:25,112 - simple_example - INFO - 0x0a21ba52 
2022-08-02 11:09:25,112 - simple_example - INFO - 0x996de20e 
2022-08-02 11:09:25,112 - simple_example - INFO - 0x7c3b8596 
2022-08-02 11:09:25,112 - simple_example - INFO - 0x22c7f0b6 
2022-08-02 11:09:25,112 - simple_example - INFO - 0x70c3d330 
2022-08-02 11:09:25,112 - simple_example - INFO - 0x91fdb5a5 
2022-08-02 11:09:25,112 - simple_example - INFO - 0x571df1a5 
2022-08-02 11:09:25,112 - simple_example - INFO - 0xffb98157 
2022-08-02 11:09:25,113 - simple_example - INFO - 0xaae23833 
2022-08-02 11:09:25,113 - simple_example - INFO - 0xbb2e92d7 
2022-08-02 11:09:25,113 - simple_example - INFO - 0x64d91812 
2022-08-02 11:09:25,113 - simple_example - INFO - 0xefe4ade6 
2022-08-02 11:09:25,114 - simple_example - INFO - ##############################################
2022-08-02 11:09:25,114 - simple_example - INFO - difference state at round b2: 
2022-08-02 11:09:25,114 - simple_example - INFO - 0x0000000c 
2022-08-02 11:09:25,114 - simple_example - INFO - 0x0000000c 
2022-08-02 11:09:25,114 - simple_example - INFO - 0x0000000c 
2022-08-02 11:09:25,115 - simple_example - INFO - 0x0000000c 
2022-08-02 11:09:25,115 - simple_example - INFO - 0x0000000c 
2022-08-02 11:09:25,115 - simple_example - INFO - 0x0000000c 
2022-08-02 11:09:25,115 - simple_example - INFO - 0x0000000c 
2022-08-02 11:09:25,115 - simple_example - INFO - 0x0000000c 
2022-08-02 11:09:25,115 - simple_example - INFO - 0x00000000 
2022-08-02 11:09:25,115 - simple_example - INFO - 0x00000000 
2022-08-02 11:09:25,115 - simple_example - INFO - 0x00000000 
2022-08-02 11:09:25,115 - simple_example - INFO - 0x00000000 
2022-08-02 11:09:25,115 - simple_example - INFO - ##############################################
2022-08-02 11:09:25,115 - simple_example - INFO - input X state at round b2: 
2022-08-02 11:09:25,115 - simple_example - INFO - 0xe78db109 
2022-08-02 11:09:25,115 - simple_example - INFO - 0x4d39a46b 
2022-08-02 11:09:25,116 - simple_example - INFO - 0x60bce75f 
2022-08-02 11:09:25,116 - simple_example - INFO - 0x3090d272 
2022-08-02 11:09:25,116 - simple_example - INFO - 0xed24206b 
2022-08-02 11:09:25,116 - simple_example - INFO - 0x0c2baefb 
2022-08-02 11:09:25,116 - simple_example - INFO - 0xf7af2d2e 
2022-08-02 11:09:25,116 - simple_example - INFO - 0xb2bc8183 
2022-08-02 11:09:25,116 - simple_example - INFO - 0xa0d799a5 
2022-08-02 11:09:25,116 - simple_example - INFO - 0xcd043187 
2022-08-02 11:09:25,116 - simple_example - INFO - 0xfa8b7ff5 
2022-08-02 11:09:25,116 - simple_example - INFO - 0x2fab99e6 
2022-08-02 11:09:25,116 - simple_example - INFO - ##############################################
2022-08-02 11:09:25,116 - simple_example - INFO - input Y state at round b2: 
2022-08-02 11:09:25,116 - simple_example - INFO - 0xe78db105 
2022-08-02 11:09:25,116 - simple_example - INFO - 0x4d39a467 
2022-08-02 11:09:25,116 - simple_example - INFO - 0x60bce753 
2022-08-02 11:09:25,117 - simple_example - INFO - 0x3090d27e 
2022-08-02 11:09:25,117 - simple_example - INFO - 0xed242067 
2022-08-02 11:09:25,117 - simple_example - INFO - 0x0c2baef7 
2022-08-02 11:09:25,117 - simple_example - INFO - 0xf7af2d22 
2022-08-02 11:09:25,117 - simple_example - INFO - 0xb2bc818f 
2022-08-02 11:09:25,117 - simple_example - INFO - 0xa0d799a5 
2022-08-02 11:09:25,117 - simple_example - INFO - 0xcd043187 
2022-08-02 11:09:25,117 - simple_example - INFO - 0xfa8b7ff5 
2022-08-02 11:09:25,117 - simple_example - INFO - 0x2fab99e6 
2022-08-02 11:09:25,118 - simple_example - INFO - ##############################################
2022-08-02 11:09:25,119 - simple_example - INFO - difference state at round a3: 
2022-08-02 11:09:25,119 - simple_example - INFO - 0x00000008 
2022-08-02 11:09:25,119 - simple_example - INFO - 0x00000008 
2022-08-02 11:09:25,119 - simple_example - INFO - 0x00000008 
2022-08-02 11:09:25,119 - simple_example - INFO - 0x00000008 
2022-08-02 11:09:25,119 - simple_example - INFO - 0x00000004 
2022-08-02 11:09:25,119 - simple_example - INFO - 0x00000004 
2022-08-02 11:09:25,119 - simple_example - INFO - 0x00000004 
2022-08-02 11:09:25,119 - simple_example - INFO - 0x00000004 
2022-08-02 11:09:25,119 - simple_example - INFO - 0x00000000 
2022-08-02 11:09:25,119 - simple_example - INFO - 0x00000000 
2022-08-02 11:09:25,119 - simple_example - INFO - 0x00000000 
2022-08-02 11:09:25,119 - simple_example - INFO - 0x00000000 
2022-08-02 11:09:25,119 - simple_example - INFO - ##############################################
2022-08-02 11:09:25,119 - simple_example - INFO - input X state at round a3: 
2022-08-02 11:09:25,120 - simple_example - INFO - 0xe75e288d 
2022-08-02 11:09:25,120 - simple_example - INFO - 0x8c3db56f 
2022-08-02 11:09:25,120 - simple_example - INFO - 0x68bcb58e 
2022-08-02 11:09:25,120 - simple_example - INFO - 0x3d93ca16 
2022-08-02 11:09:25,120 - simple_example - INFO - 0xaa2c0063 
2022-08-02 11:09:25,120 - simple_example - INFO - 0x0c122a93 
2022-08-02 11:09:25,120 - simple_example - INFO - 0xf79bad24 
2022-08-02 11:09:25,120 - simple_example - INFO - 0xa2acc393 
2022-08-02 11:09:25,120 - simple_example - INFO - 0xa8f799c7 
2022-08-02 11:09:25,120 - simple_example - INFO - 0xcd063b17 
2022-08-02 11:09:25,120 - simple_example - INFO - 0x6d8877d5 
2022-08-02 11:09:25,120 - simple_example - INFO - 0xad879867 
2022-08-02 11:09:25,120 - simple_example - INFO - ##############################################
2022-08-02 11:09:25,120 - simple_example - INFO - input Y state at round a3: 
2022-08-02 11:09:25,120 - simple_example - INFO - 0xe75e2885 
2022-08-02 11:09:25,121 - simple_example - INFO - 0x8c3db567 
2022-08-02 11:09:25,121 - simple_example - INFO - 0x68bcb586 
2022-08-02 11:09:25,121 - simple_example - INFO - 0x3d93ca1e 
2022-08-02 11:09:25,121 - simple_example - INFO - 0xaa2c0067 
2022-08-02 11:09:25,121 - simple_example - INFO - 0x0c122a97 
2022-08-02 11:09:25,121 - simple_example - INFO - 0xf79bad20 
2022-08-02 11:09:25,121 - simple_example - INFO - 0xa2acc397 
2022-08-02 11:09:25,121 - simple_example - INFO - 0xa8f799c7 
2022-08-02 11:09:25,121 - simple_example - INFO - 0xcd063b17 
2022-08-02 11:09:25,121 - simple_example - INFO - 0x6d8877d5 
2022-08-02 11:09:25,121 - simple_example - INFO - 0xad879867 
2022-08-02 11:09:25,123 - simple_example - INFO - ##############################################
2022-08-02 11:09:25,123 - simple_example - INFO - difference state at round b3: 
2022-08-02 11:09:25,123 - simple_example - INFO - 0x00000008 
2022-08-02 11:09:25,123 - simple_example - INFO - 0x00000008 
2022-08-02 11:09:25,123 - simple_example - INFO - 0x00000008 
2022-08-02 11:09:25,123 - simple_example - INFO - 0x00000008 
2022-08-02 11:09:25,123 - simple_example - INFO - 0x00000008 
2022-08-02 11:09:25,123 - simple_example - INFO - 0x00000008 
2022-08-02 11:09:25,123 - simple_example - INFO - 0x00000008 
2022-08-02 11:09:25,123 - simple_example - INFO - 0x00000008 
2022-08-02 11:09:25,123 - simple_example - INFO - 0x00000000 
2022-08-02 11:09:25,123 - simple_example - INFO - 0x00000000 
2022-08-02 11:09:25,124 - simple_example - INFO - 0x00000000 
2022-08-02 11:09:25,124 - simple_example - INFO - 0x00000000 
2022-08-02 11:09:25,124 - simple_example - INFO - ##############################################
2022-08-02 11:09:25,124 - simple_example - INFO - input X state at round b3: 
2022-08-02 11:09:25,124 - simple_example - INFO - 0x6fca686e 
2022-08-02 11:09:25,124 - simple_example - INFO - 0x9d4bdf54 
2022-08-02 11:09:25,124 - simple_example - INFO - 0x79754dec 
2022-08-02 11:09:25,124 - simple_example - INFO - 0xb5cd1bfc 
2022-08-02 11:09:25,124 - simple_example - INFO - 0xcd0756cd 
2022-08-02 11:09:25,124 - simple_example - INFO - 0xdccc40f4 
2022-08-02 11:09:25,124 - simple_example - INFO - 0x09523f1d 
2022-08-02 11:09:25,124 - simple_example - INFO - 0xfefea22b 
2022-08-02 11:09:25,124 - simple_example - INFO - 0x1caaf007 
2022-08-02 11:09:25,124 - simple_example - INFO - 0x706cb4b7 
2022-08-02 11:09:25,124 - simple_example - INFO - 0x81fe5732 
2022-08-02 11:09:25,124 - simple_example - INFO - 0x2e313c73 
2022-08-02 11:09:25,125 - simple_example - INFO - ##############################################
2022-08-02 11:09:25,125 - simple_example - INFO - input Y state at round b3: 
2022-08-02 11:09:25,125 - simple_example - INFO - 0x6fca6866 
2022-08-02 11:09:25,125 - simple_example - INFO - 0x9d4bdf5c 
2022-08-02 11:09:25,125 - simple_example - INFO - 0x79754de4 
2022-08-02 11:09:25,125 - simple_example - INFO - 0xb5cd1bf4 
2022-08-02 11:09:25,125 - simple_example - INFO - 0xcd0756c5 
2022-08-02 11:09:25,125 - simple_example - INFO - 0xdccc40fc 
2022-08-02 11:09:25,125 - simple_example - INFO - 0x09523f15 
2022-08-02 11:09:25,125 - simple_example - INFO - 0xfefea223 
2022-08-02 11:09:25,125 - simple_example - INFO - 0x1caaf007 
2022-08-02 11:09:25,125 - simple_example - INFO - 0x706cb4b7 
2022-08-02 11:09:25,125 - simple_example - INFO - 0x81fe5732 
2022-08-02 11:09:25,125 - simple_example - INFO - 0x2e313c73 
2022-08-02 11:09:25,127 - simple_example - INFO - ##############################################
2022-08-02 11:09:25,127 - simple_example - INFO - difference state at round a4: 
2022-08-02 11:09:25,127 - simple_example - INFO - 0x00000008 
2022-08-02 11:09:25,127 - simple_example - INFO - 0x00000008 
2022-08-02 11:09:25,127 - simple_example - INFO - 0x00000008 
2022-08-02 11:09:25,127 - simple_example - INFO - 0x00000008 
2022-08-02 11:09:25,127 - simple_example - INFO - 0x00000000 
2022-08-02 11:09:25,127 - simple_example - INFO - 0x00000000 
2022-08-02 11:09:25,127 - simple_example - INFO - 0x00000000 
2022-08-02 11:09:25,127 - simple_example - INFO - 0x00000000 
2022-08-02 11:09:25,127 - simple_example - INFO - 0x00000000 
2022-08-02 11:09:25,128 - simple_example - INFO - 0x00000000 
2022-08-02 11:09:25,128 - simple_example - INFO - 0x00000000 
2022-08-02 11:09:25,128 - simple_example - INFO - 0x00000000 
2022-08-02 11:09:25,128 - simple_example - INFO - ##############################################
2022-08-02 11:09:25,128 - simple_example - INFO - input X state at round a4: 
2022-08-02 11:09:25,128 - simple_example - INFO - 0x7f62c86c 
2022-08-02 11:09:25,128 - simple_example - INFO - 0xbd6b6b57 
2022-08-02 11:09:25,128 - simple_example - INFO - 0xf9d90dce 
2022-08-02 11:09:25,128 - simple_example - INFO - 0xb5cc07ac 
2022-08-02 11:09:25,128 - simple_example - INFO - 0xae475ea5 
2022-08-02 11:09:25,128 - simple_example - INFO - 0x51cf0bb4 
2022-08-02 11:09:25,128 - simple_example - INFO - 0x715337d1 
2022-08-02 11:09:25,128 - simple_example - INFO - 0x6f32a1a7 
2022-08-02 11:09:25,128 - simple_example - INFO - 0x9cafe686 
2022-08-02 11:09:25,128 - simple_example - INFO - 0x30e8b417 
2022-08-02 11:09:25,129 - simple_example - INFO - 0x81fc6523 
2022-08-02 11:09:25,129 - simple_example - INFO - 0x64039c70 
2022-08-02 11:09:25,129 - simple_example - INFO - ##############################################
2022-08-02 11:09:25,129 - simple_example - INFO - input Y state at round a4: 
2022-08-02 11:09:25,129 - simple_example - INFO - 0x7f62c864 
2022-08-02 11:09:25,129 - simple_example - INFO - 0xbd6b6b5f 
2022-08-02 11:09:25,129 - simple_example - INFO - 0xf9d90dc6 
2022-08-02 11:09:25,129 - simple_example - INFO - 0xb5cc07a4 
2022-08-02 11:09:25,129 - simple_example - INFO - 0xae475ea5 
2022-08-02 11:09:25,129 - simple_example - INFO - 0x51cf0bb4 
2022-08-02 11:09:25,129 - simple_example - INFO - 0x715337d1 
2022-08-02 11:09:25,129 - simple_example - INFO - 0x6f32a1a7 
2022-08-02 11:09:25,129 - simple_example - INFO - 0x9cafe686 
2022-08-02 11:09:25,129 - simple_example - INFO - 0x30e8b417 
2022-08-02 11:09:25,129 - simple_example - INFO - 0x81fc6523 
2022-08-02 11:09:25,130 - simple_example - INFO - 0x64039c70 
2022-08-02 11:09:25,131 - simple_example - INFO - check over
