nohup: ignoring input
2022-07-11 22:40:49,644 - 128a_3rite - INFO - ##############################################
2022-07-11 22:40:49,644 - 128a_3rite - INFO - difference state at round 0: 
0040000400001004

0000000000000000

0000000000000000

0000000000000000

0000000000000000

2022-07-11 22:40:49,645 - 128a_3rite - INFO - ##############################################
2022-07-11 22:40:49,645 - 128a_3rite - INFO - input X state at round 0: 
7c5db1d57b1562b1

c4ff06bf3619df87

40078ce677be3196

7148974d0af4a995

6f85f592f9f630f0

2022-07-11 22:40:49,646 - 128a_3rite - INFO - ##############################################
2022-07-11 22:40:49,646 - 128a_3rite - INFO - input Y state at round 0: 
7c1db1d17b1572b5

c4ff06bf3619df87

40078ce677be3196

7148974d0af4a995

6f85f592f9f630f0

2022-07-11 22:40:49,646 - 128a_3rite - INFO - start round function
2022-07-11 22:40:49,648 - 128a_3rite - INFO - ##############################################
2022-07-11 22:40:49,648 - 128a_3rite - INFO - difference state at round 1: 
0000000000000000

0040000400001004

0000000000000000

0000000000000000

0040000400001004

2022-07-11 22:40:49,648 - 128a_3rite - INFO - ##############################################
2022-07-11 22:40:49,648 - 128a_3rite - INFO - input X state at round 1: 
c932ac60045f66c2

a627dfbcff0cacb2

758215344f5a017e

fa257986bab01514

daea6067c71a14e3

2022-07-11 22:40:49,649 - 128a_3rite - INFO - ##############################################
2022-07-11 22:40:49,649 - 128a_3rite - INFO - input Y state at round 1: 
c932ac60045f66c2

a667dfb8ff0cbcb6

758215344f5a017e

fa257986bab01514

daaa6063c71a04e7

2022-07-11 22:40:49,651 - 128a_3rite - INFO - ##############################################
2022-07-11 22:40:49,651 - 128a_3rite - INFO - difference state at round 2: 
0240000402001004

020080080a002024

0000000000000000

0000000000000000

0a00800800002004

2022-07-11 22:40:49,652 - 128a_3rite - INFO - ##############################################
2022-07-11 22:40:49,652 - 128a_3rite - INFO - input X state at round 2: 
65da0b587ccb2f2d

15d61e3f647f1a4e

ada1e3223c3001f0

a34f919705125e46

3b6aaf675e81b3bb

2022-07-11 22:40:49,653 - 128a_3rite - INFO - ##############################################
2022-07-11 22:40:49,653 - 128a_3rite - INFO - input Y state at round 2: 
679a0b5c7ecb3f29

17d69e376e7f3a6a

ada1e3223c3001f0

a34f919705125e46

316a2f6f5e8193bf

2022-07-11 22:40:49,655 - 128a_3rite - INFO - ##############################################
2022-07-11 22:40:49,655 - 128a_3rite - INFO - difference state at round 3: 
2655811c3605b004

2445011424009000

0000000000000000

0000000000000000

0000000000000000

2022-07-11 22:40:49,656 - 128a_3rite - INFO - ##############################################
2022-07-11 22:40:49,656 - 128a_3rite - INFO - input X state at round 3: 
2c88d2ce3a44e8b4

ce55e93a5e556d67

e1a55310cb2a5fa3

1396f9fa94cd382c

26f7391437b5f9d1

2022-07-11 22:40:49,656 - 128a_3rite - INFO - ##############################################
2022-07-11 22:40:49,656 - 128a_3rite - INFO - input Y state at round 3: 
0add53d20c4158b0

ea10e82e7a55fd67

e1a55310cb2a5fa3

1396f9fa94cd382c

26f7391437b5f9d1

2022-07-11 22:40:49,658 - 128a_3rite - INFO - check over
