c BreakID not compiled in, disabling
c CryptoMiniSat version 5.8.0
c CMS Copyright Mate Soos (soos.mate@gmail.com)
c CMS SHA revision 86d1c0dbd29d31efc5f99245dd70b82423f5084c
c CMS is MIT licensed
c Using VMTF code by Armin Biere from CaDiCaL
c Using Yalsat by Armin Biere, see Balint et al. Improving implementation of SLS solvers [...], SAT'14
c Using WalkSAT by Henry Kautz, see Kautz and Selman Pushing the envelope: planning, propositional logic, and stochastic search, AAAI'96,
c Using code from 'When Boolean Satisfiability Meets Gauss-E. in a Simplex Way'
c       by C.-S. Han and J.-H. Roland Jiang in CAV 2012. Fixes by M. Soos
c Using CCAnr from 'CCAnr: A Conf. Checking Based Local Search Solver [...]'
c       by Shaowei Cai, Chuan Luo, and Kaile Su, SAT 2015
c CMS compilation env CMAKE_CXX_COMPILER = /home/conda/feedstock_root/build_artifacts/cryptominisat_1636863108085/_build_env/bin/x86_64-conda-linux-gnu-c++ | CMAKE_CXX_FLAGS = -fvisibility-inlines-hidden -std=c++17 -fmessage-length=0 -march=nocona -mtune=haswell -ftree-vectorize -fPIC -fstack-protector-strong -fno-plt -O2 -ffunction-sections -pipe -isystem /home/user/miniconda3/envs/algsat/include -fdebug-prefix-map=/home/conda/feedstock_root/build_artifacts/cryptominisat_1636863108085/work=/usr/local/src/conda/cryptominisat-5.8.0 -fdebug-prefix-map=/home/user/miniconda3/envs/algsat=/usr/local/src/conda-prefix -fno-stack-protector -fvisibility=hidden -Wlogical-op -Wrestrict -Wnull-dereference -Wdouble-promotion -Wshadow -Wformat=2 -Wextra-semi -pedantic | COMPILE_DEFINES =  -DEXTENDED_FEATURES -DUSE_GAUSS -DNDEBUG -D_FORTIFY_SOURCE=0 -DBOOST_TEST_DYN_LINK -DUSE_SQLITE3 -DUSE_ZLIB -DYALSAT_FPU | STATICCOMPILE = OFF | ONLY_SIMPLE = OFF | Boost_FOUND = TRUE | STATS = OFF | SQLITE3_FOUND = TRUE | ZLIB_FOUND = TRUE | VALGRIND_FOUND =  | ENABLE_TESTING = OFF | M4RI_FOUND = FALSE | NOM4RI = OFF | SLOW_DEBUG = OFF | ENABLE_ASSERTIONS = OFF | PYTHON_EXECUTABLE = /home/user/miniconda3/envs/algsat/bin/python3 | PYTHON_LIBRARY = /home/user/miniconda3/envs/algsat/lib/libpython3.9.so | PYTHON_INCLUDE_DIRS = /home/user/miniconda3/envs/algsat/include/python3.9 | MY_TARGETS =  | LARGEMEM = OFF | LIMITMEM = OFF | BREAKID_LIBRARIES =  | BREAKID-VER = . | BOSPHORUS_LIBRARIES =  | BOSPH-VER = . | compilation date time = Nov 14 2021 04:14:30
c CMS compiled with gcc version 9.4.0
c Executed with command line: cryptominisat5 /home/user/lhn/bosphorus/ascon/2rhashZong/2rhash_Zong.cnf
c Reading file '/home/user/lhn/bosphorus/ascon/2rhashZong/2rhash_Zong.cnf'
c -- header says num vars:           7012
c -- header says num clauses:       80477
c -- clauses added: 80477
c -- xor clauses added: 0
c -- vars added 7012
c Sampling var set contains over 100 variables, not displaying
c Parsing time: 0.01 s
c ------- FINAL TOTAL SEARCH STATS ---------
c UIP search time          : 0.00        (0.00      % time)
c restarts                 : 0           (0.00      confls per restart)
c blocked restarts         : 0           (0.00      per normal restart)
c time                     : 0.00        
c decisions                : 0           (0.00      % random)
c propagations             : 0           (0         props/s)
c decisions/conflicts      : 0.00        
c conflicts                : 0           (0.00      / sec)
c conf lits non-minim      : 0           (0.00      lit/confl)
c conf lits final          : 0.00        
c red which0               : 0           (0.00      % of confl)
c props/decision           : 0.00        
c props/conflict           : 0.00        
c 0-depth assigns          : 0           (0.00      % vars)
c 0-depth assigns by CNF   : 0           (0.00      % vars)
c reduceDB time            : 0.00        (0.00      % time)
c OccSimplifier time       : 0.00        (0.00      % time)
c [occur] 0.00 is overhead
c [occur] link-in T: 0.00 cleanup T: 0.00
c [occ-substr] long subBySub: 0 subByStr: 0 lits-rem-str: 0 T: 0.00
c SCC time                 : 0.00        (0.00      % time)
c [scc] new: 0 BP 0M  T: 0.00
c vrep replace time        : 0.00        (0.00      % time)
c vrep tree roots          : 0           
c vrep trees' crown        : 0           (0.00      leafs/tree)
c distill time             : 0.00        (0.00      % time)
c strength cache-irred time: 0.00        (0.00      % time)
c strength cache-red time  : 0.00        (0.00      % time)
c Conflicts in UIP         : 0           (0.00      confl/time_this_thread)
c Mem used                 : 6.66        MB
c Total time (this thread) : 0.02        
s UNSATISFIABLE
