c --- [ banner ] -------------------------------------------------------------
c 
c CaDiCaL Radically Simplified CDCL SAT Solver
c Copyright (c) 2016-2021 A. Biere, M. Fleury, N. Froleyks
c 
c Version 1.5.2 ca9bff05c11bde5eae4912f9932871d1527e61d8
c g++-9.4.0 -fvisibility-inlines-hidden -std=c++17 -fmessage-length=0 -march=nocona -mtune=haswell -ftree-vectorize -fPIC -fstack-protector-strong -fno-plt -O2 -ffunction-sections -pipe -isystem /home/user/miniconda3/envs/algsat/include -W -O -DNDEBUG
c Wed Jul 13 11:27:14 CST 2022 Linux user-S2600WTTR 4.15.0-109-generic x86_64
c 
c --- [ parsing input ] ------------------------------------------------------
c 
c reading DIMACS file from '/home/user/lhn/bosphorus/ascon/2rhashZong/2rhash_Zong.cnf'
c opening file to read '/home/user/lhn/bosphorus/ascon/2rhashZong/2rhash_Zong.cnf'
c found 'p cnf 7012 80477' header
c parsed 80477 clauses in 0.04 seconds process time
c closing file '/home/user/lhn/bosphorus/ascon/2rhashZong/2rhash_Zong.cnf'
c after reading 2421355 bytes 2.3 MB
c 
c --- [ options ] ------------------------------------------------------------
c 
c all options are set to their default value
c 
c --- [ solving ] ------------------------------------------------------------
c 
c time measured in process time since initialization
c 
c  seconds  reductions  redundant irredundant
c         MB    restarts       trail    variables
c          level   conflicts       glue      remaining
c 
c 0  0.04  4  0 0   0    0    0  0% 0    0 7012 100%
c 
c --- [ result ] -------------------------------------------------------------
c 
s UNSATISFIABLE
c 
c --- [ run-time profiling ] -------------------------------------------------
c 
c process time taken by individual solving procedures
c (percentage relative to process time for solving)
c 
c         0.04 52518.06% parse
c         0.00    0.00% search
c         0.00    0.00% simplify
c   =================================
c         0.00    0.19% solve
c 
c last line shows process time for solving
c (percentage relative to total process time)
c 
c --- [ statistics ] ---------------------------------------------------------
c 
c minimized:                     0         0.00 %  learned literals
c shrunken:                      0         0.00 %  learned literals
c minishrunken:                  0         0.00 %  learned literals
c propagations:                  0         0.00 M  per second
c 
c seconds are measured in process time for solving
c 
c --- [ resources ] ----------------------------------------------------------
c 
c total process time since initialization:         0.04    seconds
c total real time since initialization:            0.04    seconds
c maximum resident set size of process:            4.59    MB
c 
c --- [ shutting down ] ------------------------------------------------------
c 
c exit 20
