c: 2022-11-02 16:47:09,777 - 4rkeccak_w133 - INFO - ##############################################
c: 2022-11-02 16:47:09,777 - 4rkeccak_w133 - INFO - difference state at round b0: 
c: 2022-11-02 16:47:09,777 - 4rkeccak_w133 - INFO - 0x0000000000000004 
c: 2022-11-02 16:47:09,777 - 4rkeccak_w133 - INFO - 0x0000000000000000 
c: 2022-11-02 16:47:09,777 - 4rkeccak_w133 - INFO - 0x0000000000000000 
c: 2022-11-02 16:47:09,777 - 4rkeccak_w133 - INFO - 0x0000000000000002 
c: 2022-11-02 16:47:09,777 - 4rkeccak_w133 - INFO - 0x0000000000000008 
c: 2022-11-02 16:47:09,777 - 4rkeccak_w133 - INFO - 0x0000000000000004 
c: 2022-11-02 16:47:09,777 - 4rkeccak_w133 - INFO - 0x0000000000000000 
c: 2022-11-02 16:47:09,777 - 4rkeccak_w133 - INFO - 0x0000000000000000 
c: 2022-11-02 16:47:09,777 - 4rkeccak_w133 - INFO - 0x0000000000000002 
c: 2022-11-02 16:47:09,777 - 4rkeccak_w133 - INFO - 0x0000000000000008 
c: 2022-11-02 16:47:09,778 - 4rkeccak_w133 - INFO - 0x0000000000000004 
c: 2022-11-02 16:47:09,778 - 4rkeccak_w133 - INFO - 0x0000000000000000 
c: 2022-11-02 16:47:09,778 - 4rkeccak_w133 - INFO - 0x0000000000000000 
c: 2022-11-02 16:47:09,778 - 4rkeccak_w133 - INFO - 0x0000000000000002 
c: 2022-11-02 16:47:09,778 - 4rkeccak_w133 - INFO - 0x0000000000000008 
c: 2022-11-02 16:47:09,778 - 4rkeccak_w133 - INFO - 0x0000000000000004 
c: 2022-11-02 16:47:09,778 - 4rkeccak_w133 - INFO - 0x0000000000000000 
c: 2022-11-02 16:47:09,778 - 4rkeccak_w133 - INFO - 0x1000000000000000 
c: 2022-11-02 16:47:09,778 - 4rkeccak_w133 - INFO - 0x0000000000000002 
c: 2022-11-02 16:47:09,778 - 4rkeccak_w133 - INFO - 0x0000000000000000 
c: 2022-11-02 16:47:09,778 - 4rkeccak_w133 - INFO - 0x0000000000000004 
c: 2022-11-02 16:47:09,778 - 4rkeccak_w133 - INFO - 0x0000000000000000 
c: 2022-11-02 16:47:09,778 - 4rkeccak_w133 - INFO - 0x1000000000000002 
c: 2022-11-02 16:47:09,778 - 4rkeccak_w133 - INFO - 0x0000000000000000 
c: 2022-11-02 16:47:09,778 - 4rkeccak_w133 - INFO - 0x0000000000000008 
c: 2022-11-02 16:47:09,779 - 4rkeccak_w133 - INFO - ##############################################
c: 2022-11-02 16:47:09,779 - 4rkeccak_w133 - INFO - input X state at round b0: 
c: 2022-11-02 16:47:09,779 - 4rkeccak_w133 - INFO - 0x5a67326f7a22de71 
c: 2022-11-02 16:47:09,779 - 4rkeccak_w133 - INFO - 0x6b678ab6d3e2c853 
c: 2022-11-02 16:47:09,779 - 4rkeccak_w133 - INFO - 0x739fea24f4fd4c82 
c: 2022-11-02 16:47:09,779 - 4rkeccak_w133 - INFO - 0xf10c0776cf92401e 
c: 2022-11-02 16:47:09,779 - 4rkeccak_w133 - INFO - 0x9bb8b572a7d843e7 
c: 2022-11-02 16:47:09,779 - 4rkeccak_w133 - INFO - 0xd68f2cef7b728bd1 
c: 2022-11-02 16:47:09,779 - 4rkeccak_w133 - INFO - 0x1c8655e162867910 
c: 2022-11-02 16:47:09,779 - 4rkeccak_w133 - INFO - 0xd5baf97beaeb21de 
c: 2022-11-02 16:47:09,780 - 4rkeccak_w133 - INFO - 0xfdd87938204bdd09 
c: 2022-11-02 16:47:09,780 - 4rkeccak_w133 - INFO - 0x9b87b0c096ec58c7 
c: 2022-11-02 16:47:09,780 - 4rkeccak_w133 - INFO - 0xf9ab8a1560dfca86 
c: 2022-11-02 16:47:09,780 - 4rkeccak_w133 - INFO - 0xc234b8f7cdd431c9 
c: 2022-11-02 16:47:09,780 - 4rkeccak_w133 - INFO - 0x030c84a1e212e454 
c: 2022-11-02 16:47:09,780 - 4rkeccak_w133 - INFO - 0x8bb026fa2fe4aaad 
c: 2022-11-02 16:47:09,780 - 4rkeccak_w133 - INFO - 0x892d923885c730d6 
c: 2022-11-02 16:47:09,780 - 4rkeccak_w133 - INFO - 0x871fe335f2f1e9d4 
c: 2022-11-02 16:47:09,780 - 4rkeccak_w133 - INFO - 0xd92880bf0bfdbb18 
c: 2022-11-02 16:47:09,780 - 4rkeccak_w133 - INFO - 0x5d8b43dffc0cf377 
c: 2022-11-02 16:47:09,781 - 4rkeccak_w133 - INFO - 0x227bc41b2f8e490c 
c: 2022-11-02 16:47:09,781 - 4rkeccak_w133 - INFO - 0xfd1ef9f52eafa6af 
c: 2022-11-02 16:47:09,781 - 4rkeccak_w133 - INFO - 0x320a251eac25b927 
c: 2022-11-02 16:47:09,781 - 4rkeccak_w133 - INFO - 0x7f0b50eb967b9fa3 
c: 2022-11-02 16:47:09,781 - 4rkeccak_w133 - INFO - 0x9083bf3f3fec183d 
c: 2022-11-02 16:47:09,781 - 4rkeccak_w133 - INFO - 0xe00f31b800bc6e88 
c: 2022-11-02 16:47:09,781 - 4rkeccak_w133 - INFO - 0x23556dcf063b50a4 
c: 2022-11-02 16:47:09,781 - 4rkeccak_w133 - INFO - ##############################################
c: 2022-11-02 16:47:09,781 - 4rkeccak_w133 - INFO - input Y state at round b0: 
c: 2022-11-02 16:47:09,781 - 4rkeccak_w133 - INFO - 0x5a67326f7a22de75 
c: 2022-11-02 16:47:09,782 - 4rkeccak_w133 - INFO - 0x6b678ab6d3e2c853 
c: 2022-11-02 16:47:09,782 - 4rkeccak_w133 - INFO - 0x739fea24f4fd4c82 
c: 2022-11-02 16:47:09,782 - 4rkeccak_w133 - INFO - 0xf10c0776cf92401c 
c: 2022-11-02 16:47:09,782 - 4rkeccak_w133 - INFO - 0x9bb8b572a7d843ef 
c: 2022-11-02 16:47:09,782 - 4rkeccak_w133 - INFO - 0xd68f2cef7b728bd5 
c: 2022-11-02 16:47:09,782 - 4rkeccak_w133 - INFO - 0x1c8655e162867910 
c: 2022-11-02 16:47:09,782 - 4rkeccak_w133 - INFO - 0xd5baf97beaeb21de 
c: 2022-11-02 16:47:09,782 - 4rkeccak_w133 - INFO - 0xfdd87938204bdd0b 
c: 2022-11-02 16:47:09,782 - 4rkeccak_w133 - INFO - 0x9b87b0c096ec58cf 
c: 2022-11-02 16:47:09,782 - 4rkeccak_w133 - INFO - 0xf9ab8a1560dfca82 
c: 2022-11-02 16:47:09,783 - 4rkeccak_w133 - INFO - 0xc234b8f7cdd431c9 
c: 2022-11-02 16:47:09,783 - 4rkeccak_w133 - INFO - 0x030c84a1e212e454 
c: 2022-11-02 16:47:09,783 - 4rkeccak_w133 - INFO - 0x8bb026fa2fe4aaaf 
c: 2022-11-02 16:47:09,783 - 4rkeccak_w133 - INFO - 0x892d923885c730de 
c: 2022-11-02 16:47:09,783 - 4rkeccak_w133 - INFO - 0x871fe335f2f1e9d0 
c: 2022-11-02 16:47:09,783 - 4rkeccak_w133 - INFO - 0xd92880bf0bfdbb18 
c: 2022-11-02 16:47:09,783 - 4rkeccak_w133 - INFO - 0x4d8b43dffc0cf377 
c: 2022-11-02 16:47:09,783 - 4rkeccak_w133 - INFO - 0x227bc41b2f8e490e 
c: 2022-11-02 16:47:09,783 - 4rkeccak_w133 - INFO - 0xfd1ef9f52eafa6af 
c: 2022-11-02 16:47:09,783 - 4rkeccak_w133 - INFO - 0x320a251eac25b923 
c: 2022-11-02 16:47:09,784 - 4rkeccak_w133 - INFO - 0x7f0b50eb967b9fa3 
c: 2022-11-02 16:47:09,784 - 4rkeccak_w133 - INFO - 0x8083bf3f3fec183f 
c: 2022-11-02 16:47:09,784 - 4rkeccak_w133 - INFO - 0xe00f31b800bc6e88 
c: 2022-11-02 16:47:09,784 - 4rkeccak_w133 - INFO - 0x23556dcf063b50ac 
c: 2022-11-02 16:47:09,784 - 4rkeccak_w133 - INFO - start round function
c: 2022-11-02 16:47:09,793 - 4rkeccak_w133 - INFO - ##############################################
c: 2022-11-02 16:47:09,793 - 4rkeccak_w133 - INFO - difference state at round a1: 
c: 2022-11-02 16:47:09,793 - 4rkeccak_w133 - INFO - 0x0000000000000004 
c: 2022-11-02 16:47:09,793 - 4rkeccak_w133 - INFO - 0x0000000000000000 
c: 2022-11-02 16:47:09,793 - 4rkeccak_w133 - INFO - 0x0000000000000002 
c: 2022-11-02 16:47:09,793 - 4rkeccak_w133 - INFO - 0x0000000000000002 
c: 2022-11-02 16:47:09,793 - 4rkeccak_w133 - INFO - 0x0000000000000008 
c: 2022-11-02 16:47:09,793 - 4rkeccak_w133 - INFO - 0x0000000000000004 
c: 2022-11-02 16:47:09,793 - 4rkeccak_w133 - INFO - 0x0000000000000000 
c: 2022-11-02 16:47:09,794 - 4rkeccak_w133 - INFO - 0x0000000000000002 
c: 2022-11-02 16:47:09,794 - 4rkeccak_w133 - INFO - 0x0000000000000002 
c: 2022-11-02 16:47:09,794 - 4rkeccak_w133 - INFO - 0x0000000000000008 
c: 2022-11-02 16:47:09,794 - 4rkeccak_w133 - INFO - 0x0000000000000004 
c: 2022-11-02 16:47:09,794 - 4rkeccak_w133 - INFO - 0x0000000000000002 
c: 2022-11-02 16:47:09,794 - 4rkeccak_w133 - INFO - 0x0000000000000002 
c: 2022-11-02 16:47:09,794 - 4rkeccak_w133 - INFO - 0x0000000000000002 
c: 2022-11-02 16:47:09,794 - 4rkeccak_w133 - INFO - 0x0000000000000008 
c: 2022-11-02 16:47:09,794 - 4rkeccak_w133 - INFO - 0x0000000000000004 
c: 2022-11-02 16:47:09,794 - 4rkeccak_w133 - INFO - 0x0000000000000000 
c: 2022-11-02 16:47:09,795 - 4rkeccak_w133 - INFO - 0x1000000000000002 
c: 2022-11-02 16:47:09,795 - 4rkeccak_w133 - INFO - 0x0000000000000002 
c: 2022-11-02 16:47:09,795 - 4rkeccak_w133 - INFO - 0x0000000000000000 
c: 2022-11-02 16:47:09,795 - 4rkeccak_w133 - INFO - 0x0000000000000004 
c: 2022-11-02 16:47:09,795 - 4rkeccak_w133 - INFO - 0x0000000000000000 
c: 2022-11-02 16:47:09,795 - 4rkeccak_w133 - INFO - 0x1000000000000002 
c: 2022-11-02 16:47:09,795 - 4rkeccak_w133 - INFO - 0x0000000000000000 
c: 2022-11-02 16:47:09,795 - 4rkeccak_w133 - INFO - 0x0000000000000008 
c: 2022-11-02 16:47:09,795 - 4rkeccak_w133 - INFO - ##############################################
c: 2022-11-02 16:47:09,795 - 4rkeccak_w133 - INFO - input X state at round a1: 
c: 2022-11-02 16:47:09,795 - 4rkeccak_w133 - INFO - 0x4aff526f5e3fdaf1 
c: 2022-11-02 16:47:09,796 - 4rkeccak_w133 - INFO - 0xeb678fe4d8e0c84f 
c: 2022-11-02 16:47:09,796 - 4rkeccak_w133 - INFO - 0x792f5a24d4b54f63 
c: 2022-11-02 16:47:09,796 - 4rkeccak_w133 - INFO - 0xb14b057b97b0dc0e 
c: 2022-11-02 16:47:09,796 - 4rkeccak_w133 - INFO - 0xbab83de2261843e5 
c: 2022-11-02 16:47:09,796 - 4rkeccak_w133 - INFO - 0x17b784f5f31b8b1f 
c: 2022-11-02 16:47:09,796 - 4rkeccak_w133 - INFO - 0x34c655e16286a511 
c: 2022-11-02 16:47:09,796 - 4rkeccak_w133 - INFO - 0xd7bd79bb7c4f2118 
c: 2022-11-02 16:47:09,796 - 4rkeccak_w133 - INFO - 0xb9d0751749595e19 
c: 2022-11-02 16:47:09,796 - 4rkeccak_w133 - INFO - 0x9387e1c0966828c7 
c: 2022-11-02 16:47:09,796 - 4rkeccak_w133 - INFO - 0xf8a38e1542dd0e92 
c: 2022-11-02 16:47:09,797 - 4rkeccak_w133 - INFO - 0x4a849aadc0303b60 
c: 2022-11-02 16:47:09,797 - 4rkeccak_w133 - INFO - 0x030114a16211f406 
c: 2022-11-02 16:47:09,797 - 4rkeccak_w133 - INFO - 0xfb322eff4ffc60ad 
c: 2022-11-02 16:47:09,797 - 4rkeccak_w133 - INFO - 0x8b39a2da08c7019f 
c: 2022-11-02 16:47:09,797 - 4rkeccak_w133 - INFO - 0x839ca07506f1a9b3 
c: 2022-11-02 16:47:09,797 - 4rkeccak_w133 - INFO - 0xfb5804bf087fb310 
c: 2022-11-02 16:47:09,797 - 4rkeccak_w133 - INFO - 0x808f7a3bfc2d55d4 
c: 2022-11-02 16:47:09,797 - 4rkeccak_w133 - INFO - 0x207ac61bffde005c 
c: 2022-11-02 16:47:09,797 - 4rkeccak_w133 - INFO - 0xa53ef97f27a3b4a7 
c: 2022-11-02 16:47:09,798 - 4rkeccak_w133 - INFO - 0xb28a8a0a85a1b93b 
c: 2022-11-02 16:47:09,798 - 4rkeccak_w133 - INFO - 0x1f07506b966bf923 
c: 2022-11-02 16:47:09,798 - 4rkeccak_w133 - INFO - 0x93d3f37839ef0819 
c: 2022-11-02 16:47:09,798 - 4rkeccak_w133 - INFO - 0xf00531a8a8b8c78b 
c: 2022-11-02 16:47:09,798 - 4rkeccak_w133 - INFO - 0x6e543d2e14615624 
c: 2022-11-02 16:47:09,798 - 4rkeccak_w133 - INFO - ##############################################
c: 2022-11-02 16:47:09,798 - 4rkeccak_w133 - INFO - input Y state at round a1: 
c: 2022-11-02 16:47:09,798 - 4rkeccak_w133 - INFO - 0x4aff526f5e3fdaf5 
c: 2022-11-02 16:47:09,798 - 4rkeccak_w133 - INFO - 0xeb678fe4d8e0c84f 
c: 2022-11-02 16:47:09,798 - 4rkeccak_w133 - INFO - 0x792f5a24d4b54f61 
c: 2022-11-02 16:47:09,798 - 4rkeccak_w133 - INFO - 0xb14b057b97b0dc0c 
c: 2022-11-02 16:47:09,799 - 4rkeccak_w133 - INFO - 0xbab83de2261843ed 
c: 2022-11-02 16:47:09,799 - 4rkeccak_w133 - INFO - 0x17b784f5f31b8b1b 
c: 2022-11-02 16:47:09,799 - 4rkeccak_w133 - INFO - 0x34c655e16286a511 
c: 2022-11-02 16:47:09,799 - 4rkeccak_w133 - INFO - 0xd7bd79bb7c4f211a 
c: 2022-11-02 16:47:09,799 - 4rkeccak_w133 - INFO - 0xb9d0751749595e1b 
c: 2022-11-02 16:47:09,799 - 4rkeccak_w133 - INFO - 0x9387e1c0966828cf 
c: 2022-11-02 16:47:09,799 - 4rkeccak_w133 - INFO - 0xf8a38e1542dd0e96 
c: 2022-11-02 16:47:09,799 - 4rkeccak_w133 - INFO - 0x4a849aadc0303b62 
c: 2022-11-02 16:47:09,799 - 4rkeccak_w133 - INFO - 0x030114a16211f404 
c: 2022-11-02 16:47:09,799 - 4rkeccak_w133 - INFO - 0xfb322eff4ffc60af 
c: 2022-11-02 16:47:09,800 - 4rkeccak_w133 - INFO - 0x8b39a2da08c70197 
c: 2022-11-02 16:47:09,800 - 4rkeccak_w133 - INFO - 0x839ca07506f1a9b7 
c: 2022-11-02 16:47:09,800 - 4rkeccak_w133 - INFO - 0xfb5804bf087fb310 
c: 2022-11-02 16:47:09,800 - 4rkeccak_w133 - INFO - 0x908f7a3bfc2d55d6 
c: 2022-11-02 16:47:09,800 - 4rkeccak_w133 - INFO - 0x207ac61bffde005e 
c: 2022-11-02 16:47:09,800 - 4rkeccak_w133 - INFO - 0xa53ef97f27a3b4a7 
c: 2022-11-02 16:47:09,800 - 4rkeccak_w133 - INFO - 0xb28a8a0a85a1b93f 
c: 2022-11-02 16:47:09,800 - 4rkeccak_w133 - INFO - 0x1f07506b966bf923 
c: 2022-11-02 16:47:09,800 - 4rkeccak_w133 - INFO - 0x83d3f37839ef081b 
c: 2022-11-02 16:47:09,801 - 4rkeccak_w133 - INFO - 0xf00531a8a8b8c78b 
c: 2022-11-02 16:47:09,801 - 4rkeccak_w133 - INFO - 0x6e543d2e1461562c 
c: 2022-11-02 16:47:09,810 - 4rkeccak_w133 - INFO - ##############################################
c: 2022-11-02 16:47:09,810 - 4rkeccak_w133 - INFO - difference state at round b1: 
c: 2022-11-02 16:47:09,810 - 4rkeccak_w133 - INFO - 0x0000000000000000 
c: 2022-11-02 16:47:09,810 - 4rkeccak_w133 - INFO - 0x0000000000000000 
c: 2022-11-02 16:47:09,810 - 4rkeccak_w133 - INFO - 0x0000000000000000 
c: 2022-11-02 16:47:09,810 - 4rkeccak_w133 - INFO - 0x0000000000000000 
c: 2022-11-02 16:47:09,810 - 4rkeccak_w133 - INFO - 0x0000000000000000 
c: 2022-11-02 16:47:09,810 - 4rkeccak_w133 - INFO - 0x0000000000000000 
c: 2022-11-02 16:47:09,810 - 4rkeccak_w133 - INFO - 0x0000000000000000 
c: 2022-11-02 16:47:09,811 - 4rkeccak_w133 - INFO - 0x0000000000000000 
c: 2022-11-02 16:47:09,811 - 4rkeccak_w133 - INFO - 0x0000000000000000 
c: 2022-11-02 16:47:09,811 - 4rkeccak_w133 - INFO - 0x0200000000000000 
c: 2022-11-02 16:47:09,811 - 4rkeccak_w133 - INFO - 0x0000000000000000 
c: 2022-11-02 16:47:09,811 - 4rkeccak_w133 - INFO - 0x0000000000000000 
c: 2022-11-02 16:47:09,811 - 4rkeccak_w133 - INFO - 0x0000000000000000 
c: 2022-11-02 16:47:09,811 - 4rkeccak_w133 - INFO - 0x0000000000000800 
c: 2022-11-02 16:47:09,811 - 4rkeccak_w133 - INFO - 0x0000000000000000 
c: 2022-11-02 16:47:09,811 - 4rkeccak_w133 - INFO - 0x0000000000000000 
c: 2022-11-02 16:47:09,811 - 4rkeccak_w133 - INFO - 0x0000000000000000 
c: 2022-11-02 16:47:09,812 - 4rkeccak_w133 - INFO - 0x0000000000000800 
c: 2022-11-02 16:47:09,812 - 4rkeccak_w133 - INFO - 0x0000000000000800 
c: 2022-11-02 16:47:09,812 - 4rkeccak_w133 - INFO - 0x0200000000000000 
c: 2022-11-02 16:47:09,812 - 4rkeccak_w133 - INFO - 0x0000000000000000 
c: 2022-11-02 16:47:09,812 - 4rkeccak_w133 - INFO - 0x0000000000000000 
c: 2022-11-02 16:47:09,812 - 4rkeccak_w133 - INFO - 0x0000000000000000 
c: 2022-11-02 16:47:09,812 - 4rkeccak_w133 - INFO - 0x0000000000000000 
c: 2022-11-02 16:47:09,812 - 4rkeccak_w133 - INFO - 0x0000000000000000 
c: 2022-11-02 16:47:09,812 - 4rkeccak_w133 - INFO - ##############################################
c: 2022-11-02 16:47:09,812 - 4rkeccak_w133 - INFO - input X state at round b1: 
c: 2022-11-02 16:47:09,812 - 4rkeccak_w133 - INFO - 0xc167c03f1dceea57 
c: 2022-11-02 16:47:09,813 - 4rkeccak_w133 - INFO - 0xce506dda45beb107 
c: 2022-11-02 16:47:09,813 - 4rkeccak_w133 - INFO - 0xad1689aeb294e055 
c: 2022-11-02 16:47:09,813 - 4rkeccak_w133 - INFO - 0xa6bcc39af2098d81 
c: 2022-11-02 16:47:09,813 - 4rkeccak_w133 - INFO - 0x1c7b82d07b69191e 
c: 2022-11-02 16:47:09,813 - 4rkeccak_w133 - INFO - 0x58e720bc2dd5dce5 
c: 2022-11-02 16:47:09,813 - 4rkeccak_w133 - INFO - 0xd008948934799aba 
c: 2022-11-02 16:47:09,813 - 4rkeccak_w133 - INFO - 0x99d8e2280965f5b3 
c: 2022-11-02 16:47:09,813 - 4rkeccak_w133 - INFO - 0xbe60e2474156af50 
c: 2022-11-02 16:47:09,813 - 4rkeccak_w133 - INFO - 0xd4a096a8aa296bd9 
c: 2022-11-02 16:47:09,813 - 4rkeccak_w133 - INFO - 0x040b03dd543510b0 
c: 2022-11-02 16:47:09,814 - 4rkeccak_w133 - INFO - 0x5a8fe1853addf3f8 
c: 2022-11-02 16:47:09,814 - 4rkeccak_w133 - INFO - 0xa2ac7d6ec32e49cb 
c: 2022-11-02 16:47:09,814 - 4rkeccak_w133 - INFO - 0x12b5bf38830f27af 
c: 2022-11-02 16:47:09,814 - 4rkeccak_w133 - INFO - 0x616b1940247ce448 
c: 2022-11-02 16:47:09,814 - 4rkeccak_w133 - INFO - 0x11c9c7c32d84a389 
c: 2022-11-02 16:47:09,814 - 4rkeccak_w133 - INFO - 0x0ea3b3b9c2f16a5b 
c: 2022-11-02 16:47:09,814 - 4rkeccak_w133 - INFO - 0x9a529ecb29edde8f 
c: 2022-11-02 16:47:09,814 - 4rkeccak_w133 - INFO - 0x1e034a448181db2c 
c: 2022-11-02 16:47:09,814 - 4rkeccak_w133 - INFO - 0x479c13fa86b17a10 
c: 2022-11-02 16:47:09,815 - 4rkeccak_w133 - INFO - 0x13fe07066f04466d 
c: 2022-11-02 16:47:09,815 - 4rkeccak_w133 - INFO - 0xeaeae35f1ca84dc4 
c: 2022-11-02 16:47:09,815 - 4rkeccak_w133 - INFO - 0xf3dd0fc08af70d0b 
c: 2022-11-02 16:47:09,815 - 4rkeccak_w133 - INFO - 0x00332e1008644a8a 
c: 2022-11-02 16:47:09,815 - 4rkeccak_w133 - INFO - 0xd99579879246e4d3 
c: 2022-11-02 16:47:09,815 - 4rkeccak_w133 - INFO - ##############################################
c: 2022-11-02 16:47:09,815 - 4rkeccak_w133 - INFO - input Y state at round b1: 
c: 2022-11-02 16:47:09,815 - 4rkeccak_w133 - INFO - 0xc167c03f1dceea57 
c: 2022-11-02 16:47:09,815 - 4rkeccak_w133 - INFO - 0xce506dda45beb107 
c: 2022-11-02 16:47:09,815 - 4rkeccak_w133 - INFO - 0xad1689aeb294e055 
c: 2022-11-02 16:47:09,815 - 4rkeccak_w133 - INFO - 0xa6bcc39af2098d81 
c: 2022-11-02 16:47:09,816 - 4rkeccak_w133 - INFO - 0x1c7b82d07b69191e 
c: 2022-11-02 16:47:09,816 - 4rkeccak_w133 - INFO - 0x58e720bc2dd5dce5 
c: 2022-11-02 16:47:09,816 - 4rkeccak_w133 - INFO - 0xd008948934799aba 
c: 2022-11-02 16:47:09,816 - 4rkeccak_w133 - INFO - 0x99d8e2280965f5b3 
c: 2022-11-02 16:47:09,816 - 4rkeccak_w133 - INFO - 0xbe60e2474156af50 
c: 2022-11-02 16:47:09,816 - 4rkeccak_w133 - INFO - 0xd6a096a8aa296bd9 
c: 2022-11-02 16:47:09,816 - 4rkeccak_w133 - INFO - 0x040b03dd543510b0 
c: 2022-11-02 16:47:09,816 - 4rkeccak_w133 - INFO - 0x5a8fe1853addf3f8 
c: 2022-11-02 16:47:09,816 - 4rkeccak_w133 - INFO - 0xa2ac7d6ec32e49cb 
c: 2022-11-02 16:47:09,816 - 4rkeccak_w133 - INFO - 0x12b5bf38830f2faf 
c: 2022-11-02 16:47:09,817 - 4rkeccak_w133 - INFO - 0x616b1940247ce448 
c: 2022-11-02 16:47:09,817 - 4rkeccak_w133 - INFO - 0x11c9c7c32d84a389 
c: 2022-11-02 16:47:09,817 - 4rkeccak_w133 - INFO - 0x0ea3b3b9c2f16a5b 
c: 2022-11-02 16:47:09,817 - 4rkeccak_w133 - INFO - 0x9a529ecb29edd68f 
c: 2022-11-02 16:47:09,817 - 4rkeccak_w133 - INFO - 0x1e034a448181d32c 
c: 2022-11-02 16:47:09,817 - 4rkeccak_w133 - INFO - 0x459c13fa86b17a10 
c: 2022-11-02 16:47:09,817 - 4rkeccak_w133 - INFO - 0x13fe07066f04466d 
c: 2022-11-02 16:47:09,817 - 4rkeccak_w133 - INFO - 0xeaeae35f1ca84dc4 
c: 2022-11-02 16:47:09,817 - 4rkeccak_w133 - INFO - 0xf3dd0fc08af70d0b 
c: 2022-11-02 16:47:09,817 - 4rkeccak_w133 - INFO - 0x00332e1008644a8a 
c: 2022-11-02 16:47:09,817 - 4rkeccak_w133 - INFO - 0xd99579879246e4d3 
c: 2022-11-02 16:47:09,822 - 4rkeccak_w133 - INFO - ##############################################
c: 2022-11-02 16:47:09,822 - 4rkeccak_w133 - INFO - difference state at round a2: 
c: 2022-11-02 16:47:09,822 - 4rkeccak_w133 - INFO - 0x0000000000000000 
c: 2022-11-02 16:47:09,822 - 4rkeccak_w133 - INFO - 0x0000000000000000 
c: 2022-11-02 16:47:09,822 - 4rkeccak_w133 - INFO - 0x0000000000000000 
c: 2022-11-02 16:47:09,822 - 4rkeccak_w133 - INFO - 0x0000000000000000 
c: 2022-11-02 16:47:09,823 - 4rkeccak_w133 - INFO - 0x0000000000000000 
c: 2022-11-02 16:47:09,823 - 4rkeccak_w133 - INFO - 0x0000000000000000 
c: 2022-11-02 16:47:09,823 - 4rkeccak_w133 - INFO - 0x0000000000000000 
c: 2022-11-02 16:47:09,823 - 4rkeccak_w133 - INFO - 0x0000000000000000 
c: 2022-11-02 16:47:09,823 - 4rkeccak_w133 - INFO - 0x0000000000000000 
c: 2022-11-02 16:47:09,823 - 4rkeccak_w133 - INFO - 0x0200000000000000 
c: 2022-11-02 16:47:09,823 - 4rkeccak_w133 - INFO - 0x0000000000000000 
c: 2022-11-02 16:47:09,823 - 4rkeccak_w133 - INFO - 0x0000000000000000 
c: 2022-11-02 16:47:09,823 - 4rkeccak_w133 - INFO - 0x0000000000000000 
c: 2022-11-02 16:47:09,823 - 4rkeccak_w133 - INFO - 0x0000000000000800 
c: 2022-11-02 16:47:09,823 - 4rkeccak_w133 - INFO - 0x0000000000000000 
c: 2022-11-02 16:47:09,823 - 4rkeccak_w133 - INFO - 0x0000000000000000 
c: 2022-11-02 16:47:09,823 - 4rkeccak_w133 - INFO - 0x0000000000000000 
c: 2022-11-02 16:47:09,823 - 4rkeccak_w133 - INFO - 0x0000000000000000 
c: 2022-11-02 16:47:09,823 - 4rkeccak_w133 - INFO - 0x0000000000000800 
c: 2022-11-02 16:47:09,823 - 4rkeccak_w133 - INFO - 0x0200000000000000 
c: 2022-11-02 16:47:09,823 - 4rkeccak_w133 - INFO - 0x0000000000000000 
c: 2022-11-02 16:47:09,823 - 4rkeccak_w133 - INFO - 0x0000000000000000 
c: 2022-11-02 16:47:09,823 - 4rkeccak_w133 - INFO - 0x0000000000000000 
c: 2022-11-02 16:47:09,824 - 4rkeccak_w133 - INFO - 0x0000000000000000 
c: 2022-11-02 16:47:09,824 - 4rkeccak_w133 - INFO - 0x0000000000000000 
c: 2022-11-02 16:47:09,824 - 4rkeccak_w133 - INFO - ##############################################
c: 2022-11-02 16:47:09,824 - 4rkeccak_w133 - INFO - input X state at round a2: 
c: 2022-11-02 16:47:09,824 - 4rkeccak_w133 - INFO - 0xe061401bafceaa07 
c: 2022-11-02 16:47:09,824 - 4rkeccak_w133 - INFO - 0xccf82fca05b7bc87 
c: 2022-11-02 16:47:09,824 - 4rkeccak_w133 - INFO - 0xb55589eebbf4f04b 
c: 2022-11-02 16:47:09,824 - 4rkeccak_w133 - INFO - 0x67b883b5f68f6fc0 
c: 2022-11-02 16:47:09,824 - 4rkeccak_w133 - INFO - 0x126baf103b59081e 
c: 2022-11-02 16:47:09,824 - 4rkeccak_w133 - INFO - 0x5137429c24d1b9e4 
c: 2022-11-02 16:47:09,824 - 4rkeccak_w133 - INFO - 0xf62894ce746b90fa 
c: 2022-11-02 16:47:09,824 - 4rkeccak_w133 - INFO - 0xd958f680a34cb53a 
c: 2022-11-02 16:47:09,824 - 4rkeccak_w133 - INFO - 0xb627c25344823b74 
c: 2022-11-02 16:47:09,824 - 4rkeccak_w133 - INFO - 0x54a802a9ba0169c3 
c: 2022-11-02 16:47:09,824 - 4rkeccak_w133 - INFO - 0xa42b1fb7951718b3 
c: 2022-11-02 16:47:09,824 - 4rkeccak_w133 - INFO - 0x4a9e63953adcd5dc 
c: 2022-11-02 16:47:09,824 - 4rkeccak_w133 - INFO - 0xc3e67d2ee75e898b 
c: 2022-11-02 16:47:09,824 - 4rkeccak_w133 - INFO - 0x16b5bda5d30e371f 
c: 2022-11-02 16:47:09,824 - 4rkeccak_w133 - INFO - 0x3beff9400eb40700 
c: 2022-11-02 16:47:09,824 - 4rkeccak_w133 - INFO - 0x8199cb810488370d 
c: 2022-11-02 16:47:09,825 - 4rkeccak_w133 - INFO - 0x0aa2f3bd42f16b7b 
c: 2022-11-02 16:47:09,825 - 4rkeccak_w133 - INFO - 0xdbce8f712fddfe9f 
c: 2022-11-02 16:47:09,825 - 4rkeccak_w133 - INFO - 0x0e428e45a8855aa5 
c: 2022-11-02 16:47:09,825 - 4rkeccak_w133 - INFO - 0x49be23c244c03242 
c: 2022-11-02 16:47:09,825 - 4rkeccak_w133 - INFO - 0x02eb0b86ed534666 
c: 2022-11-02 16:47:09,825 - 4rkeccak_w133 - INFO - 0xeac8c34f1ca80f44 
c: 2022-11-02 16:47:09,825 - 4rkeccak_w133 - INFO - 0x2a595e4718f5a95a 
c: 2022-11-02 16:47:09,825 - 4rkeccak_w133 - INFO - 0x02592810656448a6 
c: 2022-11-02 16:47:09,825 - 4rkeccak_w133 - INFO - 0x319599de82eeed53 
c: 2022-11-02 16:47:09,825 - 4rkeccak_w133 - INFO - ##############################################
c: 2022-11-02 16:47:09,825 - 4rkeccak_w133 - INFO - input Y state at round a2: 
c: 2022-11-02 16:47:09,825 - 4rkeccak_w133 - INFO - 0xe061401bafceaa07 
c: 2022-11-02 16:47:09,825 - 4rkeccak_w133 - INFO - 0xccf82fca05b7bc87 
c: 2022-11-02 16:47:09,825 - 4rkeccak_w133 - INFO - 0xb55589eebbf4f04b 
c: 2022-11-02 16:47:09,825 - 4rkeccak_w133 - INFO - 0x67b883b5f68f6fc0 
c: 2022-11-02 16:47:09,825 - 4rkeccak_w133 - INFO - 0x126baf103b59081e 
c: 2022-11-02 16:47:09,825 - 4rkeccak_w133 - INFO - 0x5137429c24d1b9e4 
c: 2022-11-02 16:47:09,825 - 4rkeccak_w133 - INFO - 0xf62894ce746b90fa 
c: 2022-11-02 16:47:09,825 - 4rkeccak_w133 - INFO - 0xd958f680a34cb53a 
c: 2022-11-02 16:47:09,825 - 4rkeccak_w133 - INFO - 0xb627c25344823b74 
c: 2022-11-02 16:47:09,826 - 4rkeccak_w133 - INFO - 0x56a802a9ba0169c3 
c: 2022-11-02 16:47:09,826 - 4rkeccak_w133 - INFO - 0xa42b1fb7951718b3 
c: 2022-11-02 16:47:09,826 - 4rkeccak_w133 - INFO - 0x4a9e63953adcd5dc 
c: 2022-11-02 16:47:09,826 - 4rkeccak_w133 - INFO - 0xc3e67d2ee75e898b 
c: 2022-11-02 16:47:09,826 - 4rkeccak_w133 - INFO - 0x16b5bda5d30e3f1f 
c: 2022-11-02 16:47:09,826 - 4rkeccak_w133 - INFO - 0x3beff9400eb40700 
c: 2022-11-02 16:47:09,826 - 4rkeccak_w133 - INFO - 0x8199cb810488370d 
c: 2022-11-02 16:47:09,826 - 4rkeccak_w133 - INFO - 0x0aa2f3bd42f16b7b 
c: 2022-11-02 16:47:09,826 - 4rkeccak_w133 - INFO - 0xdbce8f712fddfe9f 
c: 2022-11-02 16:47:09,826 - 4rkeccak_w133 - INFO - 0x0e428e45a88552a5 
c: 2022-11-02 16:47:09,826 - 4rkeccak_w133 - INFO - 0x4bbe23c244c03242 
c: 2022-11-02 16:47:09,826 - 4rkeccak_w133 - INFO - 0x02eb0b86ed534666 
c: 2022-11-02 16:47:09,826 - 4rkeccak_w133 - INFO - 0xeac8c34f1ca80f44 
c: 2022-11-02 16:47:09,826 - 4rkeccak_w133 - INFO - 0x2a595e4718f5a95a 
c: 2022-11-02 16:47:09,826 - 4rkeccak_w133 - INFO - 0x02592810656448a6 
c: 2022-11-02 16:47:09,826 - 4rkeccak_w133 - INFO - 0x319599de82eeed53 
c: 2022-11-02 16:47:09,831 - 4rkeccak_w133 - INFO - ##############################################
c: 2022-11-02 16:47:09,831 - 4rkeccak_w133 - INFO - difference state at round b2: 
c: 2022-11-02 16:47:09,831 - 4rkeccak_w133 - INFO - 0x0000000000000000 
c: 2022-11-02 16:47:09,831 - 4rkeccak_w133 - INFO - 0x0000000000000000 
c: 2022-11-02 16:47:09,831 - 4rkeccak_w133 - INFO - 0x0000000000000000 
c: 2022-11-02 16:47:09,831 - 4rkeccak_w133 - INFO - 0x0000000100000000 
c: 2022-11-02 16:47:09,831 - 4rkeccak_w133 - INFO - 0x0000000000000000 
c: 2022-11-02 16:47:09,831 - 4rkeccak_w133 - INFO - 0x0000000000000000 
c: 2022-11-02 16:47:09,832 - 4rkeccak_w133 - INFO - 0x0000000000002000 
c: 2022-11-02 16:47:09,832 - 4rkeccak_w133 - INFO - 0x0000000000000000 
c: 2022-11-02 16:47:09,832 - 4rkeccak_w133 - INFO - 0x0000000000000000 
c: 2022-11-02 16:47:09,832 - 4rkeccak_w133 - INFO - 0x0000000000000000 
c: 2022-11-02 16:47:09,832 - 4rkeccak_w133 - INFO - 0x0000000000000000 
c: 2022-11-02 16:47:09,832 - 4rkeccak_w133 - INFO - 0x0000000000000000 
c: 2022-11-02 16:47:09,832 - 4rkeccak_w133 - INFO - 0x0000001000000000 
c: 2022-11-02 16:47:09,832 - 4rkeccak_w133 - INFO - 0x0000000000000002 
c: 2022-11-02 16:47:09,832 - 4rkeccak_w133 - INFO - 0x0000000000000000 
c: 2022-11-02 16:47:09,832 - 4rkeccak_w133 - INFO - 0x0000000000000000 
c: 2022-11-02 16:47:09,832 - 4rkeccak_w133 - INFO - 0x0000000000000000 
c: 2022-11-02 16:47:09,832 - 4rkeccak_w133 - INFO - 0x0000000000000000 
c: 2022-11-02 16:47:09,832 - 4rkeccak_w133 - INFO - 0x0000000000000000 
c: 2022-11-02 16:47:09,832 - 4rkeccak_w133 - INFO - 0x0000000000000000 
c: 2022-11-02 16:47:09,832 - 4rkeccak_w133 - INFO - 0x0000000000000000 
c: 2022-11-02 16:47:09,832 - 4rkeccak_w133 - INFO - 0x0000000000000000 
c: 2022-11-02 16:47:09,832 - 4rkeccak_w133 - INFO - 0x0000000000000000 
c: 2022-11-02 16:47:09,832 - 4rkeccak_w133 - INFO - 0x0000000000000000 
c: 2022-11-02 16:47:09,832 - 4rkeccak_w133 - INFO - 0x0000000000000000 
c: 2022-11-02 16:47:09,832 - 4rkeccak_w133 - INFO - ##############################################
c: 2022-11-02 16:47:09,832 - 4rkeccak_w133 - INFO - input X state at round b2: 
c: 2022-11-02 16:47:09,833 - 4rkeccak_w133 - INFO - 0x452f7e38ccbfa87c 
c: 2022-11-02 16:47:09,833 - 4rkeccak_w133 - INFO - 0x55c355cdeef14122 
c: 2022-11-02 16:47:09,833 - 4rkeccak_w133 - INFO - 0x1fba262d010b055e 
c: 2022-11-02 16:47:09,833 - 4rkeccak_w133 - INFO - 0x1f3e79d6404b4630 
c: 2022-11-02 16:47:09,833 - 4rkeccak_w133 - INFO - 0xde69f06ada6675ae 
c: 2022-11-02 16:47:09,833 - 4rkeccak_w133 - INFO - 0x9adc4876733cb8d0 
c: 2022-11-02 16:47:09,833 - 4rkeccak_w133 - INFO - 0x2d0f944ed09b386e 
c: 2022-11-02 16:47:09,833 - 4rkeccak_w133 - INFO - 0x0b290ca7b334d214 
c: 2022-11-02 16:47:09,833 - 4rkeccak_w133 - INFO - 0xf4f6940a910ce497 
c: 2022-11-02 16:47:09,833 - 4rkeccak_w133 - INFO - 0xa583e0412a8d1af2 
c: 2022-11-02 16:47:09,833 - 4rkeccak_w133 - INFO - 0xcc1ca820c7f2e090 
c: 2022-11-02 16:47:09,833 - 4rkeccak_w133 - INFO - 0xc7aab3bbf472fd77 
c: 2022-11-02 16:47:09,833 - 4rkeccak_w133 - INFO - 0x33108bbf70858d66 
c: 2022-11-02 16:47:09,833 - 4rkeccak_w133 - INFO - 0x90c3bb0785b688ae 
c: 2022-11-02 16:47:09,833 - 4rkeccak_w133 - INFO - 0xd696388b125c9e94 
c: 2022-11-02 16:47:09,833 - 4rkeccak_w133 - INFO - 0x4bc0e466a7aa2a7b 
c: 2022-11-02 16:47:09,833 - 4rkeccak_w133 - INFO - 0x7a03b1574797cbf4 
c: 2022-11-02 16:47:09,833 - 4rkeccak_w133 - INFO - 0xa0613d7248644f81 
c: 2022-11-02 16:47:09,833 - 4rkeccak_w133 - INFO - 0x699fb1a040286ec4 
c: 2022-11-02 16:47:09,834 - 4rkeccak_w133 - INFO - 0x01562a26ac3e2fa0 
c: 2022-11-02 16:47:09,834 - 4rkeccak_w133 - INFO - 0x2cc4f5683dda63a1 
c: 2022-11-02 16:47:09,834 - 4rkeccak_w133 - INFO - 0xe9f12a66778fe4e9 
c: 2022-11-02 16:47:09,834 - 4rkeccak_w133 - INFO - 0xf8c1e56e608c9ca6 
c: 2022-11-02 16:47:09,834 - 4rkeccak_w133 - INFO - 0xf36bf949afeb44cf 
c: 2022-11-02 16:47:09,834 - 4rkeccak_w133 - INFO - 0x00fae255eb9b0e2d 
c: 2022-11-02 16:47:09,834 - 4rkeccak_w133 - INFO - ##############################################
c: 2022-11-02 16:47:09,834 - 4rkeccak_w133 - INFO - input Y state at round b2: 
c: 2022-11-02 16:47:09,834 - 4rkeccak_w133 - INFO - 0x452f7e38ccbfa87c 
c: 2022-11-02 16:47:09,834 - 4rkeccak_w133 - INFO - 0x55c355cdeef14122 
c: 2022-11-02 16:47:09,834 - 4rkeccak_w133 - INFO - 0x1fba262d010b055e 
c: 2022-11-02 16:47:09,834 - 4rkeccak_w133 - INFO - 0x1f3e79d7404b4630 
c: 2022-11-02 16:47:09,834 - 4rkeccak_w133 - INFO - 0xde69f06ada6675ae 
c: 2022-11-02 16:47:09,834 - 4rkeccak_w133 - INFO - 0x9adc4876733cb8d0 
c: 2022-11-02 16:47:09,834 - 4rkeccak_w133 - INFO - 0x2d0f944ed09b186e 
c: 2022-11-02 16:47:09,834 - 4rkeccak_w133 - INFO - 0x0b290ca7b334d214 
c: 2022-11-02 16:47:09,834 - 4rkeccak_w133 - INFO - 0xf4f6940a910ce497 
c: 2022-11-02 16:47:09,834 - 4rkeccak_w133 - INFO - 0xa583e0412a8d1af2 
c: 2022-11-02 16:47:09,834 - 4rkeccak_w133 - INFO - 0xcc1ca820c7f2e090 
c: 2022-11-02 16:47:09,834 - 4rkeccak_w133 - INFO - 0xc7aab3bbf472fd77 
c: 2022-11-02 16:47:09,834 - 4rkeccak_w133 - INFO - 0x33108baf70858d66 
c: 2022-11-02 16:47:09,835 - 4rkeccak_w133 - INFO - 0x90c3bb0785b688ac 
c: 2022-11-02 16:47:09,835 - 4rkeccak_w133 - INFO - 0xd696388b125c9e94 
c: 2022-11-02 16:47:09,835 - 4rkeccak_w133 - INFO - 0x4bc0e466a7aa2a7b 
c: 2022-11-02 16:47:09,835 - 4rkeccak_w133 - INFO - 0x7a03b1574797cbf4 
c: 2022-11-02 16:47:09,835 - 4rkeccak_w133 - INFO - 0xa0613d7248644f81 
c: 2022-11-02 16:47:09,835 - 4rkeccak_w133 - INFO - 0x699fb1a040286ec4 
c: 2022-11-02 16:47:09,835 - 4rkeccak_w133 - INFO - 0x01562a26ac3e2fa0 
c: 2022-11-02 16:47:09,835 - 4rkeccak_w133 - INFO - 0x2cc4f5683dda63a1 
c: 2022-11-02 16:47:09,835 - 4rkeccak_w133 - INFO - 0xe9f12a66778fe4e9 
c: 2022-11-02 16:47:09,835 - 4rkeccak_w133 - INFO - 0xf8c1e56e608c9ca6 
c: 2022-11-02 16:47:09,835 - 4rkeccak_w133 - INFO - 0xf36bf949afeb44cf 
c: 2022-11-02 16:47:09,835 - 4rkeccak_w133 - INFO - 0x00fae255eb9b0e2d 
c: 2022-11-02 16:47:09,840 - 4rkeccak_w133 - INFO - ##############################################
c: 2022-11-02 16:47:09,840 - 4rkeccak_w133 - INFO - difference state at round a3: 
c: 2022-11-02 16:47:09,840 - 4rkeccak_w133 - INFO - 0x0000000000000000 
c: 2022-11-02 16:47:09,840 - 4rkeccak_w133 - INFO - 0x0000000000000000 
c: 2022-11-02 16:47:09,840 - 4rkeccak_w133 - INFO - 0x0000000000000000 
c: 2022-11-02 16:47:09,840 - 4rkeccak_w133 - INFO - 0x0000000100000000 
c: 2022-11-02 16:47:09,840 - 4rkeccak_w133 - INFO - 0x0000000000000000 
c: 2022-11-02 16:47:09,840 - 4rkeccak_w133 - INFO - 0x0000000000000000 
c: 2022-11-02 16:47:09,840 - 4rkeccak_w133 - INFO - 0x0000000000002000 
c: 2022-11-02 16:47:09,840 - 4rkeccak_w133 - INFO - 0x0000000000000000 
c: 2022-11-02 16:47:09,840 - 4rkeccak_w133 - INFO - 0x0000000000000000 
c: 2022-11-02 16:47:09,840 - 4rkeccak_w133 - INFO - 0x0000000000000000 
c: 2022-11-02 16:47:09,840 - 4rkeccak_w133 - INFO - 0x0000000000000000 
c: 2022-11-02 16:47:09,840 - 4rkeccak_w133 - INFO - 0x0000000000000000 
c: 2022-11-02 16:47:09,840 - 4rkeccak_w133 - INFO - 0x0000001000000000 
c: 2022-11-02 16:47:09,840 - 4rkeccak_w133 - INFO - 0x0000000000000002 
c: 2022-11-02 16:47:09,840 - 4rkeccak_w133 - INFO - 0x0000000000000000 
c: 2022-11-02 16:47:09,840 - 4rkeccak_w133 - INFO - 0x0000000000000000 
c: 2022-11-02 16:47:09,841 - 4rkeccak_w133 - INFO - 0x0000000000000000 
c: 2022-11-02 16:47:09,841 - 4rkeccak_w133 - INFO - 0x0000000000000000 
c: 2022-11-02 16:47:09,841 - 4rkeccak_w133 - INFO - 0x0000000000000000 
c: 2022-11-02 16:47:09,841 - 4rkeccak_w133 - INFO - 0x0000000000000000 
c: 2022-11-02 16:47:09,841 - 4rkeccak_w133 - INFO - 0x0000000000000000 
c: 2022-11-02 16:47:09,841 - 4rkeccak_w133 - INFO - 0x0000000000000000 
c: 2022-11-02 16:47:09,841 - 4rkeccak_w133 - INFO - 0x0000000000000000 
c: 2022-11-02 16:47:09,841 - 4rkeccak_w133 - INFO - 0x0000000000000000 
c: 2022-11-02 16:47:09,841 - 4rkeccak_w133 - INFO - 0x0000000000000000 
c: 2022-11-02 16:47:09,841 - 4rkeccak_w133 - INFO - ##############################################
c: 2022-11-02 16:47:09,841 - 4rkeccak_w133 - INFO - input X state at round a3: 
c: 2022-11-02 16:47:09,841 - 4rkeccak_w133 - INFO - 0x4f175c18cdb5ac20 
c: 2022-11-02 16:47:09,841 - 4rkeccak_w133 - INFO - 0x55c70c1faeb10302 
c: 2022-11-02 16:47:09,841 - 4rkeccak_w133 - INFO - 0xdffba6059b2f34d0 
c: 2022-11-02 16:47:09,841 - 4rkeccak_w133 - INFO - 0x1e3877c644d2ce60 
c: 2022-11-02 16:47:09,841 - 4rkeccak_w133 - INFO - 0xcea9f1aff82634ac 
c: 2022-11-02 16:47:09,841 - 4rkeccak_w133 - INFO - 0x98fc40d750187ac0 
c: 2022-11-02 16:47:09,841 - 4rkeccak_w133 - INFO - 0xd9d90446d0931ced 
c: 2022-11-02 16:47:09,841 - 4rkeccak_w133 - INFO - 0x0a286ce699b5c874 
c: 2022-11-02 16:47:09,841 - 4rkeccak_w133 - INFO - 0xeeaa9c3cc03c4497 
c: 2022-11-02 16:47:09,842 - 4rkeccak_w133 - INFO - 0x80807449aa0e1adc 
c: 2022-11-02 16:47:09,842 - 4rkeccak_w133 - INFO - 0xfc0ca024c777e090 
c: 2022-11-02 16:47:09,842 - 4rkeccak_w133 - INFO - 0x476983bb7140fdff 
c: 2022-11-02 16:47:09,842 - 4rkeccak_w133 - INFO - 0x75048b3762cd9b76 
c: 2022-11-02 16:47:09,842 - 4rkeccak_w133 - INFO - 0x98cb3b274014e8ae 
c: 2022-11-02 16:47:09,842 - 4rkeccak_w133 - INFO - 0xd5342b10225c83f3 
c: 2022-11-02 16:47:09,842 - 4rkeccak_w133 - INFO - 0xcba0e846afca2e7a 
c: 2022-11-02 16:47:09,842 - 4rkeccak_w133 - INFO - 0x339d31d7479febb0 
c: 2022-11-02 16:47:09,842 - 4rkeccak_w133 - INFO - 0xa0213774e4724ea1 
c: 2022-11-02 16:47:09,842 - 4rkeccak_w133 - INFO - 0x231f75e043a86e9f 
c: 2022-11-02 16:47:09,842 - 4rkeccak_w133 - INFO - 0x31553b37ec2bee24 
c: 2022-11-02 16:47:09,842 - 4rkeccak_w133 - INFO - 0x3cc430603dda7ba7 
c: 2022-11-02 16:47:09,842 - 4rkeccak_w133 - INFO - 0xeadb3267f8eca4a0 
c: 2022-11-02 16:47:09,842 - 4rkeccak_w133 - INFO - 0xf851e77a209c9686 
c: 2022-11-02 16:47:09,842 - 4rkeccak_w133 - INFO - 0xdf6fec61bbab254f 
c: 2022-11-02 16:47:09,842 - 4rkeccak_w133 - INFO - 0xc1cbe853a99e8a65 
c: 2022-11-02 16:47:09,842 - 4rkeccak_w133 - INFO - ##############################################
c: 2022-11-02 16:47:09,842 - 4rkeccak_w133 - INFO - input Y state at round a3: 
c: 2022-11-02 16:47:09,842 - 4rkeccak_w133 - INFO - 0x4f175c18cdb5ac20 
c: 2022-11-02 16:47:09,842 - 4rkeccak_w133 - INFO - 0x55c70c1faeb10302 
c: 2022-11-02 16:47:09,843 - 4rkeccak_w133 - INFO - 0xdffba6059b2f34d0 
c: 2022-11-02 16:47:09,843 - 4rkeccak_w133 - INFO - 0x1e3877c744d2ce60 
c: 2022-11-02 16:47:09,843 - 4rkeccak_w133 - INFO - 0xcea9f1aff82634ac 
c: 2022-11-02 16:47:09,843 - 4rkeccak_w133 - INFO - 0x98fc40d750187ac0 
c: 2022-11-02 16:47:09,843 - 4rkeccak_w133 - INFO - 0xd9d90446d0933ced 
c: 2022-11-02 16:47:09,843 - 4rkeccak_w133 - INFO - 0x0a286ce699b5c874 
c: 2022-11-02 16:47:09,843 - 4rkeccak_w133 - INFO - 0xeeaa9c3cc03c4497 
c: 2022-11-02 16:47:09,843 - 4rkeccak_w133 - INFO - 0x80807449aa0e1adc 
c: 2022-11-02 16:47:09,843 - 4rkeccak_w133 - INFO - 0xfc0ca024c777e090 
c: 2022-11-02 16:47:09,843 - 4rkeccak_w133 - INFO - 0x476983bb7140fdff 
c: 2022-11-02 16:47:09,843 - 4rkeccak_w133 - INFO - 0x75048b2762cd9b76 
c: 2022-11-02 16:47:09,843 - 4rkeccak_w133 - INFO - 0x98cb3b274014e8ac 
c: 2022-11-02 16:47:09,843 - 4rkeccak_w133 - INFO - 0xd5342b10225c83f3 
c: 2022-11-02 16:47:09,843 - 4rkeccak_w133 - INFO - 0xcba0e846afca2e7a 
c: 2022-11-02 16:47:09,843 - 4rkeccak_w133 - INFO - 0x339d31d7479febb0 
c: 2022-11-02 16:47:09,843 - 4rkeccak_w133 - INFO - 0xa0213774e4724ea1 
c: 2022-11-02 16:47:09,843 - 4rkeccak_w133 - INFO - 0x231f75e043a86e9f 
c: 2022-11-02 16:47:09,843 - 4rkeccak_w133 - INFO - 0x31553b37ec2bee24 
c: 2022-11-02 16:47:09,843 - 4rkeccak_w133 - INFO - 0x3cc430603dda7ba7 
c: 2022-11-02 16:47:09,844 - 4rkeccak_w133 - INFO - 0xeadb3267f8eca4a0 
c: 2022-11-02 16:47:09,844 - 4rkeccak_w133 - INFO - 0xf851e77a209c9686 
c: 2022-11-02 16:47:09,844 - 4rkeccak_w133 - INFO - 0xdf6fec61bbab254f 
c: 2022-11-02 16:47:09,844 - 4rkeccak_w133 - INFO - 0xc1cbe853a99e8a65 
c: 2022-11-02 16:47:09,849 - 4rkeccak_w133 - INFO - ##############################################
c: 2022-11-02 16:47:09,849 - 4rkeccak_w133 - INFO - difference state at round b3: 
c: 2022-11-02 16:47:09,849 - 4rkeccak_w133 - INFO - 0x0000000000004000 
c: 2022-11-02 16:47:09,849 - 4rkeccak_w133 - INFO - 0x0200000000020000 
c: 2022-11-02 16:47:09,849 - 4rkeccak_w133 - INFO - 0x0100200000009000 
c: 2022-11-02 16:47:09,849 - 4rkeccak_w133 - INFO - 0x0200000000000000 
c: 2022-11-02 16:47:09,849 - 4rkeccak_w133 - INFO - 0x0000400000008000 
c: 2022-11-02 16:47:09,849 - 4rkeccak_w133 - INFO - 0x1000000000000001 
c: 2022-11-02 16:47:09,849 - 4rkeccak_w133 - INFO - 0x0010000000200000 
c: 2022-11-02 16:47:09,849 - 4rkeccak_w133 - INFO - 0x0000000000020000 
c: 2022-11-02 16:47:09,849 - 4rkeccak_w133 - INFO - 0x0000000000040000 
c: 2022-11-02 16:47:09,849 - 4rkeccak_w133 - INFO - 0x8000000040000400 
c: 2022-11-02 16:47:09,849 - 4rkeccak_w133 - INFO - 0x0000004000000000 
c: 2022-11-02 16:47:09,849 - 4rkeccak_w133 - INFO - 0x0000008000080100 
c: 2022-11-02 16:47:09,849 - 4rkeccak_w133 - INFO - 0x2000000004000000 
c: 2022-11-02 16:47:09,849 - 4rkeccak_w133 - INFO - 0x0000010000000200 
c: 2022-11-02 16:47:09,849 - 4rkeccak_w133 - INFO - 0x0000000100000000 
c: 2022-11-02 16:47:09,850 - 4rkeccak_w133 - INFO - 0x0800000010000000 
c: 2022-11-02 16:47:09,850 - 4rkeccak_w133 - INFO - 0x0004000000000000 
c: 2022-11-02 16:47:09,850 - 4rkeccak_w133 - INFO - 0x0000800000000000 
c: 2022-11-02 16:47:09,850 - 4rkeccak_w133 - INFO - 0x0001000010020000 
c: 2022-11-02 16:47:09,850 - 4rkeccak_w133 - INFO - 0x0000000010000000 
c: 2022-11-02 16:47:09,850 - 4rkeccak_w133 - INFO - 0x0000000080000801 
c: 2022-11-02 16:47:09,850 - 4rkeccak_w133 - INFO - 0x0000000008000000 
c: 2022-11-02 16:47:09,850 - 4rkeccak_w133 - INFO - 0x0000010000000080 
c: 2022-11-02 16:47:09,850 - 4rkeccak_w133 - INFO - 0x0080000000000000 
c: 2022-11-02 16:47:09,850 - 4rkeccak_w133 - INFO - 0x0000008000000000 
c: 2022-11-02 16:47:09,850 - 4rkeccak_w133 - INFO - ##############################################
c: 2022-11-02 16:47:09,850 - 4rkeccak_w133 - INFO - input X state at round b3: 
c: 2022-11-02 16:47:09,850 - 4rkeccak_w133 - INFO - 0x80f7312f1857bfe2 
c: 2022-11-02 16:47:09,850 - 4rkeccak_w133 - INFO - 0xa80ab7415433ed12 
c: 2022-11-02 16:47:09,850 - 4rkeccak_w133 - INFO - 0x732b2a7b3c8eed59 
c: 2022-11-02 16:47:09,850 - 4rkeccak_w133 - INFO - 0xe3d192485dc197c3 
c: 2022-11-02 16:47:09,850 - 4rkeccak_w133 - INFO - 0x1a25413c992dbb39 
c: 2022-11-02 16:47:09,850 - 4rkeccak_w133 - INFO - 0x88be8e21131991d3 
c: 2022-11-02 16:47:09,850 - 4rkeccak_w133 - INFO - 0x48f0762f40fadaff 
c: 2022-11-02 16:47:09,850 - 4rkeccak_w133 - INFO - 0x9f66689c94ab9a95 
c: 2022-11-02 16:47:09,850 - 4rkeccak_w133 - INFO - 0xcefed3ca2ed5e8c4 
c: 2022-11-02 16:47:09,851 - 4rkeccak_w133 - INFO - 0xb8465fb21d2fed12 
c: 2022-11-02 16:47:09,851 - 4rkeccak_w133 - INFO - 0xf01696cf5e113e89 
c: 2022-11-02 16:47:09,851 - 4rkeccak_w133 - INFO - 0x12dd8314158d99cc 
c: 2022-11-02 16:47:09,851 - 4rkeccak_w133 - INFO - 0xb31e5d89bf6ed4a3 
c: 2022-11-02 16:47:09,851 - 4rkeccak_w133 - INFO - 0x7abbf1414700f71c 
c: 2022-11-02 16:47:09,851 - 4rkeccak_w133 - INFO - 0x755da0e3a195cc91 
c: 2022-11-02 16:47:09,851 - 4rkeccak_w133 - INFO - 0x4aaa56d3ff1c338b 
c: 2022-11-02 16:47:09,851 - 4rkeccak_w133 - INFO - 0x5fae902d71c2de00 
c: 2022-11-02 16:47:09,851 - 4rkeccak_w133 - INFO - 0x97130dc3e586e7aa 
c: 2022-11-02 16:47:09,851 - 4rkeccak_w133 - INFO - 0x16cf16c8d8594d21 
c: 2022-11-02 16:47:09,851 - 4rkeccak_w133 - INFO - 0x3ef0ce869f749109 
c: 2022-11-02 16:47:09,851 - 4rkeccak_w133 - INFO - 0xf9662f3bd4b332b0 
c: 2022-11-02 16:47:09,851 - 4rkeccak_w133 - INFO - 0x736085fb61078334 
c: 2022-11-02 16:47:09,851 - 4rkeccak_w133 - INFO - 0x9836907c0dd5eb47 
c: 2022-11-02 16:47:09,851 - 4rkeccak_w133 - INFO - 0x517b7108810ae3f4 
c: 2022-11-02 16:47:09,851 - 4rkeccak_w133 - INFO - 0x1c5dd47fe554e399 
c: 2022-11-02 16:47:09,851 - 4rkeccak_w133 - INFO - ##############################################
c: 2022-11-02 16:47:09,851 - 4rkeccak_w133 - INFO - input Y state at round b3: 
c: 2022-11-02 16:47:09,851 - 4rkeccak_w133 - INFO - 0x80f7312f1857ffe2 
c: 2022-11-02 16:47:09,851 - 4rkeccak_w133 - INFO - 0xaa0ab7415431ed12 
c: 2022-11-02 16:47:09,852 - 4rkeccak_w133 - INFO - 0x722b0a7b3c8e7d59 
c: 2022-11-02 16:47:09,852 - 4rkeccak_w133 - INFO - 0xe1d192485dc197c3 
c: 2022-11-02 16:47:09,852 - 4rkeccak_w133 - INFO - 0x1a25013c992d3b39 
c: 2022-11-02 16:47:09,852 - 4rkeccak_w133 - INFO - 0x98be8e21131991d2 
c: 2022-11-02 16:47:09,852 - 4rkeccak_w133 - INFO - 0x48e0762f40dadaff 
c: 2022-11-02 16:47:09,852 - 4rkeccak_w133 - INFO - 0x9f66689c94a99a95 
c: 2022-11-02 16:47:09,852 - 4rkeccak_w133 - INFO - 0xcefed3ca2ed1e8c4 
c: 2022-11-02 16:47:09,852 - 4rkeccak_w133 - INFO - 0x38465fb25d2fe912 
c: 2022-11-02 16:47:09,852 - 4rkeccak_w133 - INFO - 0xf016968f5e113e89 
c: 2022-11-02 16:47:09,852 - 4rkeccak_w133 - INFO - 0x12dd8394158598cc 
c: 2022-11-02 16:47:09,852 - 4rkeccak_w133 - INFO - 0x931e5d89bb6ed4a3 
c: 2022-11-02 16:47:09,852 - 4rkeccak_w133 - INFO - 0x7abbf0414700f51c 
c: 2022-11-02 16:47:09,852 - 4rkeccak_w133 - INFO - 0x755da0e2a195cc91 
c: 2022-11-02 16:47:09,852 - 4rkeccak_w133 - INFO - 0x42aa56d3ef1c338b 
c: 2022-11-02 16:47:09,852 - 4rkeccak_w133 - INFO - 0x5faa902d71c2de00 
c: 2022-11-02 16:47:09,852 - 4rkeccak_w133 - INFO - 0x97138dc3e586e7aa 
c: 2022-11-02 16:47:09,852 - 4rkeccak_w133 - INFO - 0x16ce16c8c85b4d21 
c: 2022-11-02 16:47:09,852 - 4rkeccak_w133 - INFO - 0x3ef0ce868f749109 
c: 2022-11-02 16:47:09,852 - 4rkeccak_w133 - INFO - 0xf9662f3b54b33ab1 
c: 2022-11-02 16:47:09,852 - 4rkeccak_w133 - INFO - 0x736085fb69078334 
c: 2022-11-02 16:47:09,853 - 4rkeccak_w133 - INFO - 0x9836917c0dd5ebc7 
c: 2022-11-02 16:47:09,853 - 4rkeccak_w133 - INFO - 0x51fb7108810ae3f4 
c: 2022-11-02 16:47:09,853 - 4rkeccak_w133 - INFO - 0x1c5dd4ffe554e399 
c: 2022-11-02 16:47:09,855 - 4rkeccak_w133 - INFO - check over
