nohup: ignoring input
2022-08-03 16:58:19,252 - simple_example - INFO - start round function
2022-08-03 16:58:19,252 - simple_example - INFO - ##############################################
2022-08-03 16:58:19,252 - simple_example - INFO - difference state at round 0: 
2022-08-03 16:58:19,253 - simple_example - INFO - 0x01000100 
2022-08-03 16:58:19,253 - simple_example - INFO - 0x00000000 
2022-08-03 16:58:19,253 - simple_example - INFO - 0x00010001 
2022-08-03 16:58:19,253 - simple_example - INFO - 0x00000000 
2022-08-03 16:58:19,253 - simple_example - INFO - 0x00000000 
2022-08-03 16:58:19,253 - simple_example - INFO - 0x00000000 
2022-08-03 16:58:19,253 - simple_example - INFO - 0x00000000 
2022-08-03 16:58:19,253 - simple_example - INFO - 0x00000000 
2022-08-03 16:58:19,253 - simple_example - INFO - 0x00000000 
2022-08-03 16:58:19,253 - simple_example - INFO - 0x00000000 
2022-08-03 16:58:19,253 - simple_example - INFO - 0x00000000 
2022-08-03 16:58:19,253 - simple_example - INFO - 0x00000000 
2022-08-03 16:58:19,253 - simple_example - INFO - ##############################################
2022-08-03 16:58:19,253 - simple_example - INFO - input X state at round 0: 
2022-08-03 16:58:19,253 - simple_example - INFO - 0xaa905278 
2022-08-03 16:58:19,253 - simple_example - INFO - 0x534d4786 
2022-08-03 16:58:19,253 - simple_example - INFO - 0xe5529277 
2022-08-03 16:58:19,253 - simple_example - INFO - 0xd05ae961 
2022-08-03 16:58:19,253 - simple_example - INFO - 0xf769c55f 
2022-08-03 16:58:19,254 - simple_example - INFO - 0x713b44ed 
2022-08-03 16:58:19,254 - simple_example - INFO - 0xfe9746ef 
2022-08-03 16:58:19,254 - simple_example - INFO - 0x963b74af 
2022-08-03 16:58:19,254 - simple_example - INFO - 0xa7f0551a 
2022-08-03 16:58:19,254 - simple_example - INFO - 0x37132a00 
2022-08-03 16:58:19,254 - simple_example - INFO - 0xb013dab3 
2022-08-03 16:58:19,254 - simple_example - INFO - 0x87c73126 
2022-08-03 16:58:19,254 - simple_example - INFO - ##############################################
2022-08-03 16:58:19,254 - simple_example - INFO - input Y state at round 0: 
2022-08-03 16:58:19,254 - simple_example - INFO - 0xab905378 
2022-08-03 16:58:19,254 - simple_example - INFO - 0x534d4786 
2022-08-03 16:58:19,254 - simple_example - INFO - 0xe5539276 
2022-08-03 16:58:19,254 - simple_example - INFO - 0xd05ae961 
2022-08-03 16:58:19,254 - simple_example - INFO - 0xf769c55f 
2022-08-03 16:58:19,254 - simple_example - INFO - 0x713b44ed 
2022-08-03 16:58:19,255 - simple_example - INFO - 0xfe9746ef 
2022-08-03 16:58:19,255 - simple_example - INFO - 0x963b74af 
2022-08-03 16:58:19,255 - simple_example - INFO - 0xa7f0551a 
2022-08-03 16:58:19,255 - simple_example - INFO - 0x37132a00 
2022-08-03 16:58:19,255 - simple_example - INFO - 0xb013dab3 
2022-08-03 16:58:19,255 - simple_example - INFO - 0x87c73126 
2022-08-03 16:58:19,256 - simple_example - INFO - ##############################################
2022-08-03 16:58:19,256 - simple_example - INFO - difference state at round a1: 
2022-08-03 16:58:19,256 - simple_example - INFO - 0x01000100 
2022-08-03 16:58:19,256 - simple_example - INFO - 0x00000000 
2022-08-03 16:58:19,256 - simple_example - INFO - 0x00010001 
2022-08-03 16:58:19,256 - simple_example - INFO - 0x00000000 
2022-08-03 16:58:19,256 - simple_example - INFO - 0x00000000 
2022-08-03 16:58:19,257 - simple_example - INFO - 0x00000000 
2022-08-03 16:58:19,257 - simple_example - INFO - 0x00000000 
2022-08-03 16:58:19,257 - simple_example - INFO - 0x00000000 
2022-08-03 16:58:19,257 - simple_example - INFO - 0x01000100 
2022-08-03 16:58:19,257 - simple_example - INFO - 0x00000000 
2022-08-03 16:58:19,257 - simple_example - INFO - 0x00010001 
2022-08-03 16:58:19,257 - simple_example - INFO - 0x00000000 
2022-08-03 16:58:19,257 - simple_example - INFO - ##############################################
2022-08-03 16:58:19,257 - simple_example - INFO - input X state at round a1: 
2022-08-03 16:58:19,257 - simple_example - INFO - 0xaa004278 
2022-08-03 16:58:19,257 - simple_example - INFO - 0x554d6d86 
2022-08-03 16:58:19,257 - simple_example - INFO - 0xe5520a67 
2022-08-03 16:58:19,257 - simple_example - INFO - 0xd19ee861 
2022-08-03 16:58:19,257 - simple_example - INFO - 0xff69c73f 
2022-08-03 16:58:19,257 - simple_example - INFO - 0x3177016b 
2022-08-03 16:58:19,257 - simple_example - INFO - 0xbbd746ab 
2022-08-03 16:58:19,258 - simple_example - INFO - 0xc623bcee 
2022-08-03 16:58:19,258 - simple_example - INFO - 0xf299d01d 
2022-08-03 16:58:19,258 - simple_example - INFO - 0x17212a69 
2022-08-03 16:58:19,258 - simple_example - INFO - 0xaa969e3b 
2022-08-03 16:58:19,258 - simple_example - INFO - 0x81e625a8 
2022-08-03 16:58:19,258 - simple_example - INFO - ##############################################
2022-08-03 16:58:19,258 - simple_example - INFO - input Y state at round a1: 
2022-08-03 16:58:19,258 - simple_example - INFO - 0xab004378 
2022-08-03 16:58:19,258 - simple_example - INFO - 0x554d6d86 
2022-08-03 16:58:19,258 - simple_example - INFO - 0xe5530a66 
2022-08-03 16:58:19,258 - simple_example - INFO - 0xd19ee861 
2022-08-03 16:58:19,258 - simple_example - INFO - 0xff69c73f 
2022-08-03 16:58:19,258 - simple_example - INFO - 0x3177016b 
2022-08-03 16:58:19,258 - simple_example - INFO - 0xbbd746ab 
2022-08-03 16:58:19,258 - simple_example - INFO - 0xc623bcee 
2022-08-03 16:58:19,259 - simple_example - INFO - 0xf399d11d 
2022-08-03 16:58:19,259 - simple_example - INFO - 0x17212a69 
2022-08-03 16:58:19,259 - simple_example - INFO - 0xaa979e3a 
2022-08-03 16:58:19,259 - simple_example - INFO - 0x81e625a8 
2022-08-03 16:58:19,260 - simple_example - INFO - ##############################################
2022-08-03 16:58:19,260 - simple_example - INFO - difference state at round b1: 
2022-08-03 16:58:19,260 - simple_example - INFO - 0x01000100 
2022-08-03 16:58:19,260 - simple_example - INFO - 0x00000000 
2022-08-03 16:58:19,260 - simple_example - INFO - 0x00010001 
2022-08-03 16:58:19,260 - simple_example - INFO - 0x00000000 
2022-08-03 16:58:19,260 - simple_example - INFO - 0x00000000 
2022-08-03 16:58:19,260 - simple_example - INFO - 0x00000000 
2022-08-03 16:58:19,261 - simple_example - INFO - 0x00000000 
2022-08-03 16:58:19,261 - simple_example - INFO - 0x00000000 
2022-08-03 16:58:19,261 - simple_example - INFO - 0x00080008 
2022-08-03 16:58:19,261 - simple_example - INFO - 0x00000000 
2022-08-03 16:58:19,261 - simple_example - INFO - 0x08000800 
2022-08-03 16:58:19,261 - simple_example - INFO - 0x00000000 
2022-08-03 16:58:19,261 - simple_example - INFO - ##############################################
2022-08-03 16:58:19,261 - simple_example - INFO - input X state at round b1: 
2022-08-03 16:58:19,261 - simple_example - INFO - 0xca558813 
2022-08-03 16:58:19,261 - simple_example - INFO - 0x6118e8ad 
2022-08-03 16:58:19,261 - simple_example - INFO - 0x647e843c 
2022-08-03 16:58:19,261 - simple_example - INFO - 0x92bd32eb 
2022-08-03 16:58:19,261 - simple_example - INFO - 0xcf64a357 
2022-08-03 16:58:19,261 - simple_example - INFO - 0x9e86442c 
2022-08-03 16:58:19,261 - simple_example - INFO - 0x56bb87fd 
2022-08-03 16:58:19,261 - simple_example - INFO - 0xf682030c 
2022-08-03 16:58:19,262 - simple_example - INFO - 0x5f8fcfb6 
2022-08-03 16:58:19,262 - simple_example - INFO - 0x816d5693 
2022-08-03 16:58:19,262 - simple_example - INFO - 0xe49d48c7 
2022-08-03 16:58:19,262 - simple_example - INFO - 0x4d9ceb10 
2022-08-03 16:58:19,262 - simple_example - INFO - ##############################################
2022-08-03 16:58:19,262 - simple_example - INFO - input Y state at round b1: 
2022-08-03 16:58:19,262 - simple_example - INFO - 0xcb558913 
2022-08-03 16:58:19,262 - simple_example - INFO - 0x6118e8ad 
2022-08-03 16:58:19,262 - simple_example - INFO - 0x647f843d 
2022-08-03 16:58:19,262 - simple_example - INFO - 0x92bd32eb 
2022-08-03 16:58:19,262 - simple_example - INFO - 0xcf64a357 
2022-08-03 16:58:19,262 - simple_example - INFO - 0x9e86442c 
2022-08-03 16:58:19,262 - simple_example - INFO - 0x56bb87fd 
2022-08-03 16:58:19,262 - simple_example - INFO - 0xf682030c 
2022-08-03 16:58:19,262 - simple_example - INFO - 0x5f87cfbe 
2022-08-03 16:58:19,262 - simple_example - INFO - 0x816d5693 
2022-08-03 16:58:19,263 - simple_example - INFO - 0xec9d40c7 
2022-08-03 16:58:19,263 - simple_example - INFO - 0x4d9ceb10 
2022-08-03 16:58:19,264 - simple_example - INFO - ##############################################
2022-08-03 16:58:19,264 - simple_example - INFO - difference state at round a2: 
2022-08-03 16:58:19,264 - simple_example - INFO - 0x01080108 
2022-08-03 16:58:19,264 - simple_example - INFO - 0x00000000 
2022-08-03 16:58:19,264 - simple_example - INFO - 0x08010801 
2022-08-03 16:58:19,264 - simple_example - INFO - 0x00000000 
2022-08-03 16:58:19,264 - simple_example - INFO - 0x00000000 
2022-08-03 16:58:19,264 - simple_example - INFO - 0x00000000 
2022-08-03 16:58:19,264 - simple_example - INFO - 0x00000000 
2022-08-03 16:58:19,264 - simple_example - INFO - 0x00000000 
2022-08-03 16:58:19,264 - simple_example - INFO - 0x01080108 
2022-08-03 16:58:19,264 - simple_example - INFO - 0x00000000 
2022-08-03 16:58:19,265 - simple_example - INFO - 0x08010801 
2022-08-03 16:58:19,265 - simple_example - INFO - 0x00000000 
2022-08-03 16:58:19,265 - simple_example - INFO - ##############################################
2022-08-03 16:58:19,265 - simple_example - INFO - input X state at round a2: 
2022-08-03 16:58:19,265 - simple_example - INFO - 0xdadec4b3 
2022-08-03 16:58:19,265 - simple_example - INFO - 0x6071fa3e 
2022-08-03 16:58:19,265 - simple_example - INFO - 0xc47acc3e 
2022-08-03 16:58:19,265 - simple_example - INFO - 0x9ba1dafb 
2022-08-03 16:58:19,265 - simple_example - INFO - 0x4f34a356 
2022-08-03 16:58:19,265 - simple_example - INFO - 0xfe96ec00 
2022-08-03 16:58:19,265 - simple_example - INFO - 0x56d903c5 
2022-08-03 16:58:19,265 - simple_example - INFO - 0x64a313e7 
2022-08-03 16:58:19,265 - simple_example - INFO - 0x5aafecf2 
2022-08-03 16:58:19,265 - simple_example - INFO - 0x1feb5293 
2022-08-03 16:58:19,265 - simple_example - INFO - 0xf61c4b06 
2022-08-03 16:58:19,265 - simple_example - INFO - 0x299eea14 
2022-08-03 16:58:19,265 - simple_example - INFO - ##############################################
2022-08-03 16:58:19,266 - simple_example - INFO - input Y state at round a2: 
2022-08-03 16:58:19,266 - simple_example - INFO - 0xdbd6c5bb 
2022-08-03 16:58:19,266 - simple_example - INFO - 0x6071fa3e 
2022-08-03 16:58:19,266 - simple_example - INFO - 0xcc7bc43f 
2022-08-03 16:58:19,266 - simple_example - INFO - 0x9ba1dafb 
2022-08-03 16:58:19,266 - simple_example - INFO - 0x4f34a356 
2022-08-03 16:58:19,266 - simple_example - INFO - 0xfe96ec00 
2022-08-03 16:58:19,266 - simple_example - INFO - 0x56d903c5 
2022-08-03 16:58:19,266 - simple_example - INFO - 0x64a313e7 
2022-08-03 16:58:19,266 - simple_example - INFO - 0x5ba7edfa 
2022-08-03 16:58:19,266 - simple_example - INFO - 0x1feb5293 
2022-08-03 16:58:19,266 - simple_example - INFO - 0xfe1d4307 
2022-08-03 16:58:19,266 - simple_example - INFO - 0x299eea14 
2022-08-03 16:58:19,268 - simple_example - INFO - ##############################################
2022-08-03 16:58:19,268 - simple_example - INFO - difference state at round b2: 
2022-08-03 16:58:19,268 - simple_example - INFO - 0x01080108 
2022-08-03 16:58:19,268 - simple_example - INFO - 0x00000000 
2022-08-03 16:58:19,268 - simple_example - INFO - 0x08010801 
2022-08-03 16:58:19,268 - simple_example - INFO - 0x00000000 
2022-08-03 16:58:19,268 - simple_example - INFO - 0x00000000 
2022-08-03 16:58:19,268 - simple_example - INFO - 0x00000000 
2022-08-03 16:58:19,268 - simple_example - INFO - 0x00000000 
2022-08-03 16:58:19,268 - simple_example - INFO - 0x00000000 
2022-08-03 16:58:19,268 - simple_example - INFO - 0x40084008 
2022-08-03 16:58:19,268 - simple_example - INFO - 0x00000000 
2022-08-03 16:58:19,268 - simple_example - INFO - 0x08400840 
2022-08-03 16:58:19,268 - simple_example - INFO - 0x00000000 
2022-08-03 16:58:19,269 - simple_example - INFO - ##############################################
2022-08-03 16:58:19,269 - simple_example - INFO - input X state at round b2: 
2022-08-03 16:58:19,269 - simple_example - INFO - 0xb7f9ac49 
2022-08-03 16:58:19,269 - simple_example - INFO - 0x5edb312a 
2022-08-03 16:58:19,269 - simple_example - INFO - 0x3f398e13 
2022-08-03 16:58:19,269 - simple_example - INFO - 0x515d56aa 
2022-08-03 16:58:19,269 - simple_example - INFO - 0x03baab9f 
2022-08-03 16:58:19,269 - simple_example - INFO - 0xf34e2d96 
2022-08-03 16:58:19,269 - simple_example - INFO - 0xc3871315 
2022-08-03 16:58:19,269 - simple_example - INFO - 0x56f145a7 
2022-08-03 16:58:19,269 - simple_example - INFO - 0x636e638b 
2022-08-03 16:58:19,269 - simple_example - INFO - 0x06f9ed02 
2022-08-03 16:58:19,269 - simple_example - INFO - 0x7d83baa5 
2022-08-03 16:58:19,269 - simple_example - INFO - 0x70fa710d 
2022-08-03 16:58:19,269 - simple_example - INFO - ##############################################
2022-08-03 16:58:19,269 - simple_example - INFO - input Y state at round b2: 
2022-08-03 16:58:19,269 - simple_example - INFO - 0xb6f1ad41 
2022-08-03 16:58:19,270 - simple_example - INFO - 0x5edb312a 
2022-08-03 16:58:19,270 - simple_example - INFO - 0x37388612 
2022-08-03 16:58:19,270 - simple_example - INFO - 0x515d56aa 
2022-08-03 16:58:19,270 - simple_example - INFO - 0x03baab9f 
2022-08-03 16:58:19,270 - simple_example - INFO - 0xf34e2d96 
2022-08-03 16:58:19,270 - simple_example - INFO - 0xc3871315 
2022-08-03 16:58:19,270 - simple_example - INFO - 0x56f145a7 
2022-08-03 16:58:19,270 - simple_example - INFO - 0x23662383 
2022-08-03 16:58:19,270 - simple_example - INFO - 0x06f9ed02 
2022-08-03 16:58:19,270 - simple_example - INFO - 0x75c3b2e5 
2022-08-03 16:58:19,270 - simple_example - INFO - 0x70fa710d 
2022-08-03 16:58:19,271 - simple_example - INFO - ##############################################
2022-08-03 16:58:19,271 - simple_example - INFO - difference state at round a3: 
2022-08-03 16:58:19,272 - simple_example - INFO - 0x41084108 
2022-08-03 16:58:19,272 - simple_example - INFO - 0x00000000 
2022-08-03 16:58:19,272 - simple_example - INFO - 0x00410041 
2022-08-03 16:58:19,272 - simple_example - INFO - 0x00000000 
2022-08-03 16:58:19,272 - simple_example - INFO - 0x00000000 
2022-08-03 16:58:19,272 - simple_example - INFO - 0x00000000 
2022-08-03 16:58:19,272 - simple_example - INFO - 0x00000000 
2022-08-03 16:58:19,272 - simple_example - INFO - 0x00000000 
2022-08-03 16:58:19,272 - simple_example - INFO - 0x41004100 
2022-08-03 16:58:19,272 - simple_example - INFO - 0x00000000 
2022-08-03 16:58:19,272 - simple_example - INFO - 0x08410841 
2022-08-03 16:58:19,272 - simple_example - INFO - 0x00000000 
2022-08-03 16:58:19,272 - simple_example - INFO - ##############################################
2022-08-03 16:58:19,272 - simple_example - INFO - input X state at round a3: 
2022-08-03 16:58:19,272 - simple_example - INFO - 0xd7bdec49 
2022-08-03 16:58:19,272 - simple_example - INFO - 0x5a6af12a 
2022-08-03 16:58:19,273 - simple_example - INFO - 0x033926b3 
2022-08-03 16:58:19,273 - simple_example - INFO - 0x715766a2 
2022-08-03 16:58:19,273 - simple_example - INFO - 0x972b27df 
2022-08-03 16:58:19,273 - simple_example - INFO - 0xab4c3dbe 
2022-08-03 16:58:19,273 - simple_example - INFO - 0xc1bf1707 
2022-08-03 16:58:19,273 - simple_example - INFO - 0x57f44305 
2022-08-03 16:58:19,273 - simple_example - INFO - 0x636c601d 
2022-08-03 16:58:19,273 - simple_example - INFO - 0xa7fde196 
2022-08-03 16:58:19,273 - simple_example - INFO - 0xbd05aba1 
2022-08-03 16:58:19,273 - simple_example - INFO - 0x765a7008 
2022-08-03 16:58:19,273 - simple_example - INFO - ##############################################
2022-08-03 16:58:19,273 - simple_example - INFO - input Y state at round a3: 
2022-08-03 16:58:19,273 - simple_example - INFO - 0x96b5ad41 
2022-08-03 16:58:19,273 - simple_example - INFO - 0x5a6af12a 
2022-08-03 16:58:19,273 - simple_example - INFO - 0x037826f2 
2022-08-03 16:58:19,273 - simple_example - INFO - 0x715766a2 
2022-08-03 16:58:19,274 - simple_example - INFO - 0x972b27df 
2022-08-03 16:58:19,274 - simple_example - INFO - 0xab4c3dbe 
2022-08-03 16:58:19,274 - simple_example - INFO - 0xc1bf1707 
2022-08-03 16:58:19,274 - simple_example - INFO - 0x57f44305 
2022-08-03 16:58:19,274 - simple_example - INFO - 0x226c211d 
2022-08-03 16:58:19,274 - simple_example - INFO - 0xa7fde196 
2022-08-03 16:58:19,274 - simple_example - INFO - 0xb544a3e0 
2022-08-03 16:58:19,274 - simple_example - INFO - 0x765a7008 
2022-08-03 16:58:19,275 - simple_example - INFO - ##############################################
2022-08-03 16:58:19,275 - simple_example - INFO - difference state at round b3: 
2022-08-03 16:58:19,275 - simple_example - INFO - 0x41084108 
2022-08-03 16:58:19,275 - simple_example - INFO - 0x00000000 
2022-08-03 16:58:19,276 - simple_example - INFO - 0x00410041 
2022-08-03 16:58:19,276 - simple_example - INFO - 0x00000000 
2022-08-03 16:58:19,276 - simple_example - INFO - 0x00000000 
2022-08-03 16:58:19,276 - simple_example - INFO - 0x00000000 
2022-08-03 16:58:19,276 - simple_example - INFO - 0x00000000 
2022-08-03 16:58:19,276 - simple_example - INFO - 0x00000000 
2022-08-03 16:58:19,276 - simple_example - INFO - 0x42084208 
2022-08-03 16:58:19,276 - simple_example - INFO - 0x00000000 
2022-08-03 16:58:19,276 - simple_example - INFO - 0x08020802 
2022-08-03 16:58:19,276 - simple_example - INFO - 0x00000000 
2022-08-03 16:58:19,276 - simple_example - INFO - ##############################################
2022-08-03 16:58:19,276 - simple_example - INFO - input X state at round b3: 
2022-08-03 16:58:19,276 - simple_example - INFO - 0x21f0e5aa 
2022-08-03 16:58:19,276 - simple_example - INFO - 0xd2f84745 
2022-08-03 16:58:19,276 - simple_example - INFO - 0x73e13739 
2022-08-03 16:58:19,276 - simple_example - INFO - 0x30c22656 
2022-08-03 16:58:19,277 - simple_example - INFO - 0xee7dc6fe 
2022-08-03 16:58:19,277 - simple_example - INFO - 0xd81b468c 
2022-08-03 16:58:19,277 - simple_example - INFO - 0xde0acd12 
2022-08-03 16:58:19,277 - simple_example - INFO - 0xf3a63f85 
2022-08-03 16:58:19,277 - simple_example - INFO - 0x3544779f 
2022-08-03 16:58:19,277 - simple_example - INFO - 0x15f0ce97 
2022-08-03 16:58:19,277 - simple_example - INFO - 0xc06748e5 
2022-08-03 16:58:19,277 - simple_example - INFO - 0xa6b29de3 
2022-08-03 16:58:19,277 - simple_example - INFO - ##############################################
2022-08-03 16:58:19,277 - simple_example - INFO - input Y state at round b3: 
2022-08-03 16:58:19,277 - simple_example - INFO - 0x60f8a4a2 
2022-08-03 16:58:19,277 - simple_example - INFO - 0xd2f84745 
2022-08-03 16:58:19,277 - simple_example - INFO - 0x73a03778 
2022-08-03 16:58:19,277 - simple_example - INFO - 0x30c22656 
2022-08-03 16:58:19,277 - simple_example - INFO - 0xee7dc6fe 
2022-08-03 16:58:19,277 - simple_example - INFO - 0xd81b468c 
2022-08-03 16:58:19,277 - simple_example - INFO - 0xde0acd12 
2022-08-03 16:58:19,278 - simple_example - INFO - 0xf3a63f85 
2022-08-03 16:58:19,278 - simple_example - INFO - 0x774c3597 
2022-08-03 16:58:19,278 - simple_example - INFO - 0x15f0ce97 
2022-08-03 16:58:19,278 - simple_example - INFO - 0xc86540e7 
2022-08-03 16:58:19,278 - simple_example - INFO - 0xa6b29de3 
2022-08-03 16:58:19,279 - simple_example - INFO - ##############################################
2022-08-03 16:58:19,279 - simple_example - INFO - difference state at round a4: 
2022-08-03 16:58:19,279 - simple_example - INFO - 0x41084108 
2022-08-03 16:58:19,279 - simple_example - INFO - 0x00000000 
2022-08-03 16:58:19,279 - simple_example - INFO - 0x00410041 
2022-08-03 16:58:19,279 - simple_example - INFO - 0x00000000 
2022-08-03 16:58:19,279 - simple_example - INFO - 0x00000000 
2022-08-03 16:58:19,280 - simple_example - INFO - 0x00000000 
2022-08-03 16:58:19,280 - simple_example - INFO - 0x00000000 
2022-08-03 16:58:19,280 - simple_example - INFO - 0x00000000 
2022-08-03 16:58:19,280 - simple_example - INFO - 0x02000200 
2022-08-03 16:58:19,280 - simple_example - INFO - 0x00000000 
2022-08-03 16:58:19,280 - simple_example - INFO - 0x08020802 
2022-08-03 16:58:19,280 - simple_example - INFO - 0x00000000 
2022-08-03 16:58:19,280 - simple_example - INFO - ##############################################
2022-08-03 16:58:19,280 - simple_example - INFO - input X state at round a4: 
2022-08-03 16:58:19,280 - simple_example - INFO - 0x30f0d4ab 
2022-08-03 16:58:19,280 - simple_example - INFO - 0xd718cf56 
2022-08-03 16:58:19,280 - simple_example - INFO - 0x738437dc 
2022-08-03 16:58:19,280 - simple_example - INFO - 0x34d2a634 
2022-08-03 16:58:19,280 - simple_example - INFO - 0xeecd46de 
2022-08-03 16:58:19,280 - simple_example - INFO - 0x1a1347cc 
2022-08-03 16:58:19,280 - simple_example - INFO - 0xed8afa0a 
2022-08-03 16:58:19,281 - simple_example - INFO - 0xe3e61d91 
2022-08-03 16:58:19,281 - simple_example - INFO - 0xfb4975cb 
2022-08-03 16:58:19,281 - simple_example - INFO - 0x1df3ce1f 
2022-08-03 16:58:19,281 - simple_example - INFO - 0x4c6d80e7 
2022-08-03 16:58:19,281 - simple_example - INFO - 0x65968462 
2022-08-03 16:58:19,281 - simple_example - INFO - ##############################################
2022-08-03 16:58:19,281 - simple_example - INFO - input Y state at round a4: 
2022-08-03 16:58:19,281 - simple_example - INFO - 0x71f895a3 
2022-08-03 16:58:19,281 - simple_example - INFO - 0xd718cf56 
2022-08-03 16:58:19,281 - simple_example - INFO - 0x73c5379d 
2022-08-03 16:58:19,281 - simple_example - INFO - 0x34d2a634 
2022-08-03 16:58:19,281 - simple_example - INFO - 0xeecd46de 
2022-08-03 16:58:19,281 - simple_example - INFO - 0x1a1347cc 
2022-08-03 16:58:19,281 - simple_example - INFO - 0xed8afa0a 
2022-08-03 16:58:19,281 - simple_example - INFO - 0xe3e61d91 
2022-08-03 16:58:19,281 - simple_example - INFO - 0xf94977cb 
2022-08-03 16:58:19,282 - simple_example - INFO - 0x1df3ce1f 
2022-08-03 16:58:19,282 - simple_example - INFO - 0x446f88e5 
2022-08-03 16:58:19,282 - simple_example - INFO - 0x65968462 
2022-08-03 16:58:19,283 - simple_example - INFO - check over
