nohup: ignoring input
2022-08-03 17:00:53,512 - simple_example - INFO - start round function
2022-08-03 17:00:53,513 - simple_example - INFO - ##############################################
2022-08-03 17:00:53,513 - simple_example - INFO - difference state at round 0: 
2022-08-03 17:00:53,513 - simple_example - INFO - 0x01000100 
2022-08-03 17:00:53,513 - simple_example - INFO - 0x00000000 
2022-08-03 17:00:53,513 - simple_example - INFO - 0x00010001 
2022-08-03 17:00:53,513 - simple_example - INFO - 0x00000000 
2022-08-03 17:00:53,513 - simple_example - INFO - 0x00000000 
2022-08-03 17:00:53,513 - simple_example - INFO - 0x00000000 
2022-08-03 17:00:53,513 - simple_example - INFO - 0x00000000 
2022-08-03 17:00:53,513 - simple_example - INFO - 0x00000000 
2022-08-03 17:00:53,513 - simple_example - INFO - 0x00000000 
2022-08-03 17:00:53,513 - simple_example - INFO - 0x00000000 
2022-08-03 17:00:53,513 - simple_example - INFO - 0x00000000 
2022-08-03 17:00:53,513 - simple_example - INFO - 0x00000000 
2022-08-03 17:00:53,513 - simple_example - INFO - ##############################################
2022-08-03 17:00:53,513 - simple_example - INFO - input X state at round 0: 
2022-08-03 17:00:53,513 - simple_example - INFO - 0x75bb818b 
2022-08-03 17:00:53,513 - simple_example - INFO - 0x566f2118 
2022-08-03 17:00:53,514 - simple_example - INFO - 0x19861633 
2022-08-03 17:00:53,514 - simple_example - INFO - 0x020c4018 
2022-08-03 17:00:53,514 - simple_example - INFO - 0xb165f93e 
2022-08-03 17:00:53,514 - simple_example - INFO - 0x007bd8f6 
2022-08-03 17:00:53,514 - simple_example - INFO - 0xc2b3a741 
2022-08-03 17:00:53,514 - simple_example - INFO - 0xfe8eb1b6 
2022-08-03 17:00:53,514 - simple_example - INFO - 0xa52299b9 
2022-08-03 17:00:53,514 - simple_example - INFO - 0x44a359d1 
2022-08-03 17:00:53,514 - simple_example - INFO - 0x1c1dca29 
2022-08-03 17:00:53,514 - simple_example - INFO - 0xc3f32077 
2022-08-03 17:00:53,514 - simple_example - INFO - ##############################################
2022-08-03 17:00:53,514 - simple_example - INFO - input Y state at round 0: 
2022-08-03 17:00:53,514 - simple_example - INFO - 0x74bb808b 
2022-08-03 17:00:53,514 - simple_example - INFO - 0x566f2118 
2022-08-03 17:00:53,514 - simple_example - INFO - 0x19871632 
2022-08-03 17:00:53,515 - simple_example - INFO - 0x020c4018 
2022-08-03 17:00:53,515 - simple_example - INFO - 0xb165f93e 
2022-08-03 17:00:53,515 - simple_example - INFO - 0x007bd8f6 
2022-08-03 17:00:53,515 - simple_example - INFO - 0xc2b3a741 
2022-08-03 17:00:53,515 - simple_example - INFO - 0xfe8eb1b6 
2022-08-03 17:00:53,515 - simple_example - INFO - 0xa52299b9 
2022-08-03 17:00:53,515 - simple_example - INFO - 0x44a359d1 
2022-08-03 17:00:53,515 - simple_example - INFO - 0x1c1dca29 
2022-08-03 17:00:53,515 - simple_example - INFO - 0xc3f32077 
2022-08-03 17:00:53,516 - simple_example - INFO - ##############################################
2022-08-03 17:00:53,516 - simple_example - INFO - difference state at round a1: 
2022-08-03 17:00:53,516 - simple_example - INFO - 0x01000100 
2022-08-03 17:00:53,517 - simple_example - INFO - 0x00000000 
2022-08-03 17:00:53,517 - simple_example - INFO - 0x00010001 
2022-08-03 17:00:53,517 - simple_example - INFO - 0x00000000 
2022-08-03 17:00:53,517 - simple_example - INFO - 0x00000000 
2022-08-03 17:00:53,517 - simple_example - INFO - 0x00000000 
2022-08-03 17:00:53,517 - simple_example - INFO - 0x00000000 
2022-08-03 17:00:53,517 - simple_example - INFO - 0x00000000 
2022-08-03 17:00:53,517 - simple_example - INFO - 0x01000100 
2022-08-03 17:00:53,517 - simple_example - INFO - 0x00000000 
2022-08-03 17:00:53,517 - simple_example - INFO - 0x00010001 
2022-08-03 17:00:53,517 - simple_example - INFO - 0x00000000 
2022-08-03 17:00:53,517 - simple_example - INFO - ##############################################
2022-08-03 17:00:53,517 - simple_example - INFO - input X state at round a1: 
2022-08-03 17:00:53,517 - simple_example - INFO - 0x71b9810a 
2022-08-03 17:00:53,517 - simple_example - INFO - 0x12ef2019 
2022-08-03 17:00:53,517 - simple_example - INFO - 0x058a5e1b 
2022-08-03 17:00:53,518 - simple_example - INFO - 0x037d4059 
2022-08-03 17:00:53,518 - simple_example - INFO - 0xe1fcf93c 
2022-08-03 17:00:53,518 - simple_example - INFO - 0x1237f8fe 
2022-08-03 17:00:53,518 - simple_example - INFO - 0xc331b353 
2022-08-03 17:00:53,518 - simple_example - INFO - 0xfe82f1be 
2022-08-03 17:00:53,518 - simple_example - INFO - 0x2566e18d 
2022-08-03 17:00:53,518 - simple_example - INFO - 0x44b38137 
2022-08-03 17:00:53,518 - simple_example - INFO - 0xde2c6b69 
2022-08-03 17:00:53,518 - simple_example - INFO - 0x3f7191d1 
2022-08-03 17:00:53,518 - simple_example - INFO - ##############################################
2022-08-03 17:00:53,518 - simple_example - INFO - input Y state at round a1: 
2022-08-03 17:00:53,518 - simple_example - INFO - 0x70b9800a 
2022-08-03 17:00:53,518 - simple_example - INFO - 0x12ef2019 
2022-08-03 17:00:53,518 - simple_example - INFO - 0x058b5e1a 
2022-08-03 17:00:53,518 - simple_example - INFO - 0x037d4059 
2022-08-03 17:00:53,519 - simple_example - INFO - 0xe1fcf93c 
2022-08-03 17:00:53,519 - simple_example - INFO - 0x1237f8fe 
2022-08-03 17:00:53,519 - simple_example - INFO - 0xc331b353 
2022-08-03 17:00:53,519 - simple_example - INFO - 0xfe82f1be 
2022-08-03 17:00:53,519 - simple_example - INFO - 0x2466e08d 
2022-08-03 17:00:53,519 - simple_example - INFO - 0x44b38137 
2022-08-03 17:00:53,519 - simple_example - INFO - 0xde2d6b68 
2022-08-03 17:00:53,519 - simple_example - INFO - 0x3f7191d1 
2022-08-03 17:00:53,520 - simple_example - INFO - ##############################################
2022-08-03 17:00:53,520 - simple_example - INFO - difference state at round b1: 
2022-08-03 17:00:53,520 - simple_example - INFO - 0x01000100 
2022-08-03 17:00:53,521 - simple_example - INFO - 0x00000000 
2022-08-03 17:00:53,521 - simple_example - INFO - 0x00010001 
2022-08-03 17:00:53,521 - simple_example - INFO - 0x00000000 
2022-08-03 17:00:53,521 - simple_example - INFO - 0x00000000 
2022-08-03 17:00:53,521 - simple_example - INFO - 0x00000000 
2022-08-03 17:00:53,521 - simple_example - INFO - 0x00000000 
2022-08-03 17:00:53,521 - simple_example - INFO - 0x00000000 
2022-08-03 17:00:53,521 - simple_example - INFO - 0x00080008 
2022-08-03 17:00:53,521 - simple_example - INFO - 0x00000000 
2022-08-03 17:00:53,521 - simple_example - INFO - 0x08000800 
2022-08-03 17:00:53,521 - simple_example - INFO - 0x00000000 
2022-08-03 17:00:53,521 - simple_example - INFO - ##############################################
2022-08-03 17:00:53,521 - simple_example - INFO - input X state at round b1: 
2022-08-03 17:00:53,521 - simple_example - INFO - 0xab931e45 
2022-08-03 17:00:53,521 - simple_example - INFO - 0x11271220 
2022-08-03 17:00:53,521 - simple_example - INFO - 0xa79cd497 
2022-08-03 17:00:53,521 - simple_example - INFO - 0x8f0d8a27 
2022-08-03 17:00:53,522 - simple_example - INFO - 0x71752903 
2022-08-03 17:00:53,522 - simple_example - INFO - 0x19d36d0e 
2022-08-03 17:00:53,522 - simple_example - INFO - 0x27a7c3c5 
2022-08-03 17:00:53,522 - simple_example - INFO - 0x2475ec2b 
2022-08-03 17:00:53,522 - simple_example - INFO - 0x0fb54fb2 
2022-08-03 17:00:53,522 - simple_example - INFO - 0xcf183392 
2022-08-03 17:00:53,522 - simple_example - INFO - 0xb83d4e27 
2022-08-03 17:00:53,522 - simple_example - INFO - 0x8fe9d1ff 
2022-08-03 17:00:53,522 - simple_example - INFO - ##############################################
2022-08-03 17:00:53,522 - simple_example - INFO - input Y state at round b1: 
2022-08-03 17:00:53,522 - simple_example - INFO - 0xaa931f45 
2022-08-03 17:00:53,522 - simple_example - INFO - 0x11271220 
2022-08-03 17:00:53,522 - simple_example - INFO - 0xa79dd496 
2022-08-03 17:00:53,522 - simple_example - INFO - 0x8f0d8a27 
2022-08-03 17:00:53,522 - simple_example - INFO - 0x71752903 
2022-08-03 17:00:53,523 - simple_example - INFO - 0x19d36d0e 
2022-08-03 17:00:53,523 - simple_example - INFO - 0x27a7c3c5 
2022-08-03 17:00:53,523 - simple_example - INFO - 0x2475ec2b 
2022-08-03 17:00:53,523 - simple_example - INFO - 0x0fbd4fba 
2022-08-03 17:00:53,523 - simple_example - INFO - 0xcf183392 
2022-08-03 17:00:53,523 - simple_example - INFO - 0xb03d4627 
2022-08-03 17:00:53,523 - simple_example - INFO - 0x8fe9d1ff 
2022-08-03 17:00:53,524 - simple_example - INFO - ##############################################
2022-08-03 17:00:53,524 - simple_example - INFO - difference state at round a2: 
2022-08-03 17:00:53,524 - simple_example - INFO - 0x01080108 
2022-08-03 17:00:53,524 - simple_example - INFO - 0x00000000 
2022-08-03 17:00:53,524 - simple_example - INFO - 0x08010801 
2022-08-03 17:00:53,524 - simple_example - INFO - 0x00000000 
2022-08-03 17:00:53,525 - simple_example - INFO - 0x00000000 
2022-08-03 17:00:53,525 - simple_example - INFO - 0x00000000 
2022-08-03 17:00:53,525 - simple_example - INFO - 0x00000000 
2022-08-03 17:00:53,525 - simple_example - INFO - 0x00000000 
2022-08-03 17:00:53,525 - simple_example - INFO - 0x01080108 
2022-08-03 17:00:53,525 - simple_example - INFO - 0x00000000 
2022-08-03 17:00:53,525 - simple_example - INFO - 0x08010801 
2022-08-03 17:00:53,525 - simple_example - INFO - 0x00000000 
2022-08-03 17:00:53,525 - simple_example - INFO - ##############################################
2022-08-03 17:00:53,525 - simple_example - INFO - input X state at round a2: 
2022-08-03 17:00:53,525 - simple_example - INFO - 0xa51358f5 
2022-08-03 17:00:53,525 - simple_example - INFO - 0xd72f00b0 
2022-08-03 17:00:53,525 - simple_example - INFO - 0x3f84d8b5 
2022-08-03 17:00:53,525 - simple_example - INFO - 0x04859bf3 
2022-08-03 17:00:53,525 - simple_example - INFO - 0xd1773946 
2022-08-03 17:00:53,525 - simple_example - INFO - 0x09f46d2e 
2022-08-03 17:00:53,526 - simple_example - INFO - 0x20275355 
2022-08-03 17:00:53,526 - simple_example - INFO - 0x2471e62b 
2022-08-03 17:00:53,526 - simple_example - INFO - 0x5fd16eb0 
2022-08-03 17:00:53,526 - simple_example - INFO - 0xc7c85e9c 
2022-08-03 17:00:53,526 - simple_example - INFO - 0xb81e4d67 
2022-08-03 17:00:53,526 - simple_example - INFO - 0xaf99b5f7 
2022-08-03 17:00:53,526 - simple_example - INFO - ##############################################
2022-08-03 17:00:53,526 - simple_example - INFO - input Y state at round a2: 
2022-08-03 17:00:53,526 - simple_example - INFO - 0xa41b59fd 
2022-08-03 17:00:53,526 - simple_example - INFO - 0xd72f00b0 
2022-08-03 17:00:53,526 - simple_example - INFO - 0x3785d0b4 
2022-08-03 17:00:53,526 - simple_example - INFO - 0x04859bf3 
2022-08-03 17:00:53,526 - simple_example - INFO - 0xd1773946 
2022-08-03 17:00:53,526 - simple_example - INFO - 0x09f46d2e 
2022-08-03 17:00:53,526 - simple_example - INFO - 0x20275355 
2022-08-03 17:00:53,526 - simple_example - INFO - 0x2471e62b 
2022-08-03 17:00:53,527 - simple_example - INFO - 0x5ed96fb8 
2022-08-03 17:00:53,527 - simple_example - INFO - 0xc7c85e9c 
2022-08-03 17:00:53,527 - simple_example - INFO - 0xb01f4566 
2022-08-03 17:00:53,527 - simple_example - INFO - 0xaf99b5f7 
2022-08-03 17:00:53,528 - simple_example - INFO - ##############################################
2022-08-03 17:00:53,528 - simple_example - INFO - difference state at round b2: 
2022-08-03 17:00:53,528 - simple_example - INFO - 0x01080108 
2022-08-03 17:00:53,528 - simple_example - INFO - 0x00000000 
2022-08-03 17:00:53,528 - simple_example - INFO - 0x08010801 
2022-08-03 17:00:53,528 - simple_example - INFO - 0x00000000 
2022-08-03 17:00:53,528 - simple_example - INFO - 0x00000000 
2022-08-03 17:00:53,529 - simple_example - INFO - 0x00000000 
2022-08-03 17:00:53,529 - simple_example - INFO - 0x00000000 
2022-08-03 17:00:53,529 - simple_example - INFO - 0x00000000 
2022-08-03 17:00:53,529 - simple_example - INFO - 0x40084008 
2022-08-03 17:00:53,529 - simple_example - INFO - 0x00000000 
2022-08-03 17:00:53,529 - simple_example - INFO - 0x08400840 
2022-08-03 17:00:53,529 - simple_example - INFO - 0x00000000 
2022-08-03 17:00:53,529 - simple_example - INFO - ##############################################
2022-08-03 17:00:53,529 - simple_example - INFO - input X state at round b2: 
2022-08-03 17:00:53,529 - simple_example - INFO - 0x10d2966b 
2022-08-03 17:00:53,529 - simple_example - INFO - 0xf256bedf 
2022-08-03 17:00:53,529 - simple_example - INFO - 0x1a91a782 
2022-08-03 17:00:53,529 - simple_example - INFO - 0xe38c784f 
2022-08-03 17:00:53,529 - simple_example - INFO - 0xafea2fea 
2022-08-03 17:00:53,529 - simple_example - INFO - 0x172fbfd3 
2022-08-03 17:00:53,529 - simple_example - INFO - 0x36916433 
2022-08-03 17:00:53,530 - simple_example - INFO - 0x655bd99d 
2022-08-03 17:00:53,530 - simple_example - INFO - 0x6557355c 
2022-08-03 17:00:53,530 - simple_example - INFO - 0x624e05e6 
2022-08-03 17:00:53,530 - simple_example - INFO - 0xde7b47a3 
2022-08-03 17:00:53,530 - simple_example - INFO - 0xbbfbd97a 
2022-08-03 17:00:53,530 - simple_example - INFO - ##############################################
2022-08-03 17:00:53,530 - simple_example - INFO - input Y state at round b2: 
2022-08-03 17:00:53,530 - simple_example - INFO - 0x11da9763 
2022-08-03 17:00:53,530 - simple_example - INFO - 0xf256bedf 
2022-08-03 17:00:53,530 - simple_example - INFO - 0x1290af83 
2022-08-03 17:00:53,530 - simple_example - INFO - 0xe38c784f 
2022-08-03 17:00:53,530 - simple_example - INFO - 0xafea2fea 
2022-08-03 17:00:53,530 - simple_example - INFO - 0x172fbfd3 
2022-08-03 17:00:53,530 - simple_example - INFO - 0x36916433 
2022-08-03 17:00:53,530 - simple_example - INFO - 0x655bd99d 
2022-08-03 17:00:53,530 - simple_example - INFO - 0x255f7554 
2022-08-03 17:00:53,531 - simple_example - INFO - 0x624e05e6 
2022-08-03 17:00:53,531 - simple_example - INFO - 0xd63b4fe3 
2022-08-03 17:00:53,531 - simple_example - INFO - 0xbbfbd97a 
2022-08-03 17:00:53,532 - simple_example - INFO - ##############################################
2022-08-03 17:00:53,532 - simple_example - INFO - difference state at round a3: 
2022-08-03 17:00:53,532 - simple_example - INFO - 0x41084108 
2022-08-03 17:00:53,532 - simple_example - INFO - 0x00000000 
2022-08-03 17:00:53,532 - simple_example - INFO - 0x00410041 
2022-08-03 17:00:53,532 - simple_example - INFO - 0x00000000 
2022-08-03 17:00:53,532 - simple_example - INFO - 0x00000000 
2022-08-03 17:00:53,532 - simple_example - INFO - 0x00000000 
2022-08-03 17:00:53,532 - simple_example - INFO - 0x00000000 
2022-08-03 17:00:53,532 - simple_example - INFO - 0x00000000 
2022-08-03 17:00:53,533 - simple_example - INFO - 0x41004100 
2022-08-03 17:00:53,533 - simple_example - INFO - 0x00000000 
2022-08-03 17:00:53,533 - simple_example - INFO - 0x08410841 
2022-08-03 17:00:53,533 - simple_example - INFO - 0x00000000 
2022-08-03 17:00:53,533 - simple_example - INFO - ##############################################
2022-08-03 17:00:53,533 - simple_example - INFO - input X state at round a3: 
2022-08-03 17:00:53,533 - simple_example - INFO - 0x50c7867f 
2022-08-03 17:00:53,533 - simple_example - INFO - 0x9216befb 
2022-08-03 17:00:53,533 - simple_example - INFO - 0xd2fba402 
2022-08-03 17:00:53,533 - simple_example - INFO - 0x792c782d 
2022-08-03 17:00:53,533 - simple_example - INFO - 0xbf6aadc9 
2022-08-03 17:00:53,533 - simple_example - INFO - 0x873f05ca 
2022-08-03 17:00:53,533 - simple_example - INFO - 0x3611c433 
2022-08-03 17:00:53,533 - simple_example - INFO - 0x255ff998 
2022-08-03 17:00:53,533 - simple_example - INFO - 0xca7f1cdc 
2022-08-03 17:00:53,533 - simple_example - INFO - 0x676704e6 
2022-08-03 17:00:53,533 - simple_example - INFO - 0xfa7b0792 
2022-08-03 17:00:53,534 - simple_example - INFO - 0xbfa858ea 
2022-08-03 17:00:53,534 - simple_example - INFO - ##############################################
2022-08-03 17:00:53,534 - simple_example - INFO - input Y state at round a3: 
2022-08-03 17:00:53,534 - simple_example - INFO - 0x11cfc777 
2022-08-03 17:00:53,534 - simple_example - INFO - 0x9216befb 
2022-08-03 17:00:53,534 - simple_example - INFO - 0xd2baa443 
2022-08-03 17:00:53,534 - simple_example - INFO - 0x792c782d 
2022-08-03 17:00:53,534 - simple_example - INFO - 0xbf6aadc9 
2022-08-03 17:00:53,534 - simple_example - INFO - 0x873f05ca 
2022-08-03 17:00:53,534 - simple_example - INFO - 0x3611c433 
2022-08-03 17:00:53,534 - simple_example - INFO - 0x255ff998 
2022-08-03 17:00:53,534 - simple_example - INFO - 0x8b7f5ddc 
2022-08-03 17:00:53,534 - simple_example - INFO - 0x676704e6 
2022-08-03 17:00:53,534 - simple_example - INFO - 0xf23a0fd3 
2022-08-03 17:00:53,534 - simple_example - INFO - 0xbfa858ea 
2022-08-03 17:00:53,536 - simple_example - INFO - ##############################################
2022-08-03 17:00:53,536 - simple_example - INFO - difference state at round b3: 
2022-08-03 17:00:53,536 - simple_example - INFO - 0x41084108 
2022-08-03 17:00:53,536 - simple_example - INFO - 0x00000000 
2022-08-03 17:00:53,536 - simple_example - INFO - 0x00410041 
2022-08-03 17:00:53,536 - simple_example - INFO - 0x00000000 
2022-08-03 17:00:53,536 - simple_example - INFO - 0x00000000 
2022-08-03 17:00:53,536 - simple_example - INFO - 0x00000000 
2022-08-03 17:00:53,536 - simple_example - INFO - 0x00000000 
2022-08-03 17:00:53,536 - simple_example - INFO - 0x00000000 
2022-08-03 17:00:53,536 - simple_example - INFO - 0x42084208 
2022-08-03 17:00:53,536 - simple_example - INFO - 0x00000000 
2022-08-03 17:00:53,537 - simple_example - INFO - 0x08020802 
2022-08-03 17:00:53,537 - simple_example - INFO - 0x00000000 
2022-08-03 17:00:53,537 - simple_example - INFO - ##############################################
2022-08-03 17:00:53,537 - simple_example - INFO - input X state at round b3: 
2022-08-03 17:00:53,537 - simple_example - INFO - 0x1974bcc0 
2022-08-03 17:00:53,537 - simple_example - INFO - 0x637ac974 
2022-08-03 17:00:53,537 - simple_example - INFO - 0x43041328 
2022-08-03 17:00:53,537 - simple_example - INFO - 0x7d99dd84 
2022-08-03 17:00:53,537 - simple_example - INFO - 0x4e0a5699 
2022-08-03 17:00:53,537 - simple_example - INFO - 0x376661fc 
2022-08-03 17:00:53,537 - simple_example - INFO - 0xff127c1a 
2022-08-03 17:00:53,537 - simple_example - INFO - 0xfddc3f4c 
2022-08-03 17:00:53,537 - simple_example - INFO - 0xa544a995 
2022-08-03 17:00:53,537 - simple_example - INFO - 0xa4e982c9 
2022-08-03 17:00:53,537 - simple_example - INFO - 0x1b5f0777 
2022-08-03 17:00:53,537 - simple_example - INFO - 0x8a1e731d 
2022-08-03 17:00:53,538 - simple_example - INFO - ##############################################
2022-08-03 17:00:53,538 - simple_example - INFO - input Y state at round b3: 
2022-08-03 17:00:53,538 - simple_example - INFO - 0x587cfdc8 
2022-08-03 17:00:53,538 - simple_example - INFO - 0x637ac974 
2022-08-03 17:00:53,538 - simple_example - INFO - 0x43451369 
2022-08-03 17:00:53,538 - simple_example - INFO - 0x7d99dd84 
2022-08-03 17:00:53,538 - simple_example - INFO - 0x4e0a5699 
2022-08-03 17:00:53,538 - simple_example - INFO - 0x376661fc 
2022-08-03 17:00:53,538 - simple_example - INFO - 0xff127c1a 
2022-08-03 17:00:53,538 - simple_example - INFO - 0xfddc3f4c 
2022-08-03 17:00:53,538 - simple_example - INFO - 0xe74ceb9d 
2022-08-03 17:00:53,538 - simple_example - INFO - 0xa4e982c9 
2022-08-03 17:00:53,538 - simple_example - INFO - 0x135d0f75 
2022-08-03 17:00:53,538 - simple_example - INFO - 0x8a1e731d 
2022-08-03 17:00:53,540 - simple_example - INFO - ##############################################
2022-08-03 17:00:53,540 - simple_example - INFO - difference state at round a4: 
2022-08-03 17:00:53,540 - simple_example - INFO - 0x41084108 
2022-08-03 17:00:53,540 - simple_example - INFO - 0x00000000 
2022-08-03 17:00:53,540 - simple_example - INFO - 0x00410041 
2022-08-03 17:00:53,540 - simple_example - INFO - 0x00000000 
2022-08-03 17:00:53,540 - simple_example - INFO - 0x00000000 
2022-08-03 17:00:53,540 - simple_example - INFO - 0x00000000 
2022-08-03 17:00:53,540 - simple_example - INFO - 0x00000000 
2022-08-03 17:00:53,540 - simple_example - INFO - 0x00000000 
2022-08-03 17:00:53,540 - simple_example - INFO - 0x02000200 
2022-08-03 17:00:53,540 - simple_example - INFO - 0x00000000 
2022-08-03 17:00:53,540 - simple_example - INFO - 0x08020802 
2022-08-03 17:00:53,540 - simple_example - INFO - 0x00000000 
2022-08-03 17:00:53,540 - simple_example - INFO - ##############################################
2022-08-03 17:00:53,540 - simple_example - INFO - input X state at round a4: 
2022-08-03 17:00:53,541 - simple_example - INFO - 0xb83015c4 
2022-08-03 17:00:53,541 - simple_example - INFO - 0xe3f34b75 
2022-08-03 17:00:53,541 - simple_example - INFO - 0x4349104d 
2022-08-03 17:00:53,541 - simple_example - INFO - 0x7f9b9d95 
2022-08-03 17:00:53,541 - simple_example - INFO - 0x563a42d9 
2022-08-03 17:00:53,541 - simple_example - INFO - 0x747428c8 
2022-08-03 17:00:53,541 - simple_example - INFO - 0xbf126c12 
2022-08-03 17:00:53,541 - simple_example - INFO - 0x885db3cc 
2022-08-03 17:00:53,541 - simple_example - INFO - 0xe34eeb8c 
2022-08-03 17:00:53,541 - simple_example - INFO - 0xb0eda241 
2022-08-03 17:00:53,541 - simple_example - INFO - 0xa74d6b65 
2022-08-03 17:00:53,541 - simple_example - INFO - 0x0a5a5155 
2022-08-03 17:00:53,541 - simple_example - INFO - ##############################################
2022-08-03 17:00:53,541 - simple_example - INFO - input Y state at round a4: 
2022-08-03 17:00:53,541 - simple_example - INFO - 0xf93854cc 
2022-08-03 17:00:53,541 - simple_example - INFO - 0xe3f34b75 
2022-08-03 17:00:53,542 - simple_example - INFO - 0x4308100c 
2022-08-03 17:00:53,542 - simple_example - INFO - 0x7f9b9d95 
2022-08-03 17:00:53,542 - simple_example - INFO - 0x563a42d9 
2022-08-03 17:00:53,542 - simple_example - INFO - 0x747428c8 
2022-08-03 17:00:53,542 - simple_example - INFO - 0xbf126c12 
2022-08-03 17:00:53,542 - simple_example - INFO - 0x885db3cc 
2022-08-03 17:00:53,542 - simple_example - INFO - 0xe14ee98c 
2022-08-03 17:00:53,542 - simple_example - INFO - 0xb0eda241 
2022-08-03 17:00:53,542 - simple_example - INFO - 0xaf4f6367 
2022-08-03 17:00:53,542 - simple_example - INFO - 0x0a5a5155 
2022-08-03 17:00:53,543 - simple_example - INFO - check over
